Mplus VERSION 8.4
MUTHEN & MUTHEN
07/05/2022   2:28 PM

INPUT INSTRUCTIONS

  TITLE:
  FSC Perpetration - Tx only;
  DATA:
  FILE = "Mplus/Automatr/TX ONLY/CPS_TX_ONLY_37321ae22259e7490b1aa12d1e3e2dd1.dat";

  VARIABLE:
  NAMES = ID School Tx CPS_1 CPS_2 CPS_3 CPS_4;
   MISSING=.;
   IDVARIABLE = ID;
                            CLUSTER = School;
  ANALYSIS:
  TYPE = COMPLEX;
  MODEL:
  i s | CPS_1@0 CPS_2@1 CPS_3@2 CPS_4@3;
  i s ON Tx;
  [Tx];
  OUTPUT:
  STANDARDIZED CINTERVAL RESIDUAL TECH1 TECH4;



INPUT READING TERMINATED NORMALLY




FSC Perpetration - Tx only;

SUMMARY OF ANALYSIS

Number of groups                                                 1
Number of observations                                        6461

Number of dependent variables                                    4
Number of independent variables                                  1
Number of continuous latent variables                            2

Observed dependent variables

  Continuous
   CPS_1       CPS_2       CPS_3       CPS_4

Observed independent variables
   TX

Continuous latent variables
   I           S

Variables with special functions

  Cluster variable      SCHOOL
  ID variable           ID

Estimator                                                      MLR
Information matrix                                        OBSERVED
Maximum number of iterations                                  1000
Convergence criterion                                    0.500D-04
Maximum number of steepest descent iterations                   20
Maximum number of iterations for H1                           2000
Convergence criterion for H1                             0.100D-03

Input data file(s)
  Mplus/Automatr/TX ONLY/CPS_TX_ONLY_37321ae22259e7490b1aa12d1e3e2dd1.dat

Input data format  FREE


SUMMARY OF DATA

     Number of missing data patterns            16
     Number of clusters                         20



COVARIANCE COVERAGE OF DATA

Minimum covariance coverage value   0.100


     PROPORTION OF DATA PRESENT


           Covariance Coverage
              CPS_1         CPS_2         CPS_3         CPS_4         TX
              ________      ________      ________      ________      ________
 CPS_1          0.716
 CPS_2          0.529         0.656
 CPS_3          0.453         0.455         0.623
 CPS_4          0.370         0.374         0.399         0.512
 TX             0.716         0.656         0.623         0.512         1.000



UNIVARIATE SAMPLE STATISTICS


     UNIVARIATE HIGHER-ORDER MOMENT DESCRIPTIVE STATISTICS

         Variable/         Mean/     Skewness/   Minimum/ % with                Percentiles
        Sample Size      Variance    Kurtosis    Maximum  Min/Max      20%/60%    40%/80%    Median

     CPS_1                 0.034      11.493       0.000   93.81%       0.000      0.000      0.000
            4623.000       0.062     153.067       4.000    0.15%       0.000      0.000
     CPS_2                 0.055       8.785       0.000   93.25%       0.000      0.000      0.000
            4238.000       0.116      86.002       4.000    0.35%       0.000      0.000
     CPS_3                 0.059       8.446       0.000   94.49%       0.000      0.000      0.000
            4026.000       0.154      75.513       4.000    0.67%       0.000      0.000
     CPS_4                 0.089       6.765       0.000   92.41%       0.000      0.000      0.000
            3308.000       0.229      48.213       4.000    1.00%       0.000      0.000
     TX                    0.530      -0.122       0.000   46.96%       0.000      0.000      1.000
            6461.000       0.249      -1.985       1.000   53.04%       1.000      1.000


THE MODEL ESTIMATION TERMINATED NORMALLY

     THE STANDARD ERRORS OF THE MODEL PARAMETER ESTIMATES MAY NOT BE
     TRUSTWORTHY FOR SOME PARAMETERS DUE TO A NON-POSITIVE DEFINITE
     FIRST-ORDER DERIVATIVE PRODUCT MATRIX.  THIS MAY BE DUE TO THE STARTING
     VALUES BUT MAY ALSO BE AN INDICATION OF MODEL NONIDENTIFICATION.  THE
     CONDITION NUMBER IS       0.728D-15.  PROBLEM INVOLVING THE FOLLOWING PARAMETER:
     Parameter 13, TX




MODEL FIT INFORMATION

Number of Free Parameters                       13

Loglikelihood

          H0 Value                      -10057.329
          H0 Scaling Correction Factor     77.7086
            for MLR
          H1 Value                      -10049.169
          H1 Scaling Correction Factor     52.4794
            for MLR

Information Criteria

          Akaike (AIC)                   20140.658
          Bayesian (BIC)                 20228.714
          Sample-Size Adjusted BIC       20187.403
            (n* = (n + 2) / 24)

Chi-Square Test of Model Fit

          Value                              2.901*
          Degrees of Freedom                     7
          P-Value                           0.8940
          Scaling Correction Factor         5.6251
            for MLR

*   The chi-square value for MLM, MLMV, MLR, ULSMV, WLSM and WLSMV cannot be used
    for chi-square difference testing in the regular way.  MLM, MLR and WLSM
    chi-square difference testing is described on the Mplus website.  MLMV, WLSMV,
    and ULSMV difference testing is done using the DIFFTEST option.

RMSEA (Root Mean Square Error Of Approximation)

          Estimate                           0.000
          90 Percent C.I.                    0.000  0.007
          Probability RMSEA <= .05           1.000

CFI/TLI

          CFI                                1.000
          TLI                                1.000

Chi-Square Test of Model Fit for the Baseline Model

          Value                             98.601
          Degrees of Freedom                    10
          P-Value                           0.0000

SRMR (Standardized Root Mean Square Residual)

          Value                              0.014



MODEL RESULTS

                                                    Two-Tailed
                    Estimate       S.E.  Est./S.E.    P-Value

 I        |
    CPS_1              1.000      0.000    999.000    999.000
    CPS_2              1.000      0.000    999.000    999.000
    CPS_3              1.000      0.000    999.000    999.000
    CPS_4              1.000      0.000    999.000    999.000

 S        |
    CPS_1              0.000      0.000    999.000    999.000
    CPS_2              1.000      0.000    999.000    999.000
    CPS_3              2.000      0.000    999.000    999.000
    CPS_4              3.000      0.000    999.000    999.000

 I        ON
    TX                -0.024      0.012     -1.975      0.048

 S        ON
    TX                -0.004      0.010     -0.373      0.709

 S        WITH
    I                 -0.007      0.007     -0.968      0.333

 Means
    TX                 0.530      0.148      3.581      0.000

 Intercepts
    CPS_1              0.000      0.000    999.000    999.000
    CPS_2              0.000      0.000    999.000    999.000
    CPS_3              0.000      0.000    999.000    999.000
    CPS_4              0.000      0.000    999.000    999.000
    I                  0.047      0.012      4.076      0.000
    S                  0.019      0.009      2.074      0.038

 Variances
    TX                 0.249      0.009     27.645      0.000

 Residual Variances
    CPS_1              0.028      0.009      3.110      0.002
    CPS_2              0.089      0.019      4.557      0.000
    CPS_3              0.115      0.024      4.823      0.000
    CPS_4              0.157      0.031      4.995      0.000
    I                  0.033      0.018      1.873      0.061
    S                  0.009      0.004      2.252      0.024


STANDARDIZED MODEL RESULTS


STDYX Standardization

                                                    Two-Tailed
                    Estimate       S.E.  Est./S.E.    P-Value

 I        |
    CPS_1              0.739      0.119      6.182      0.000
    CPS_2              0.534      0.129      4.145      0.000
    CPS_3              0.463      0.115      4.040      0.000
    CPS_4              0.382      0.110      3.463      0.001

 S        |
    CPS_1              0.000      0.000    999.000    999.000
    CPS_2              0.275      0.045      6.085      0.000
    CPS_3              0.477      0.073      6.579      0.000
    CPS_4              0.590      0.128      4.594      0.000

 I        ON
    TX                -0.065      0.027     -2.464      0.014

 S        ON
    TX                -0.019      0.052     -0.372      0.710

 S        WITH
    I                 -0.401      0.261     -1.534      0.125

 Means
    TX                 1.063      0.316      3.363      0.001

 Intercepts
    CPS_1              0.000      0.000    999.000    999.000
    CPS_2              0.000      0.000    999.000    999.000
    CPS_3              0.000      0.000    999.000    999.000
    CPS_4              0.000      0.000    999.000    999.000
    I                  0.258      0.059      4.365      0.000
    S                  0.201      0.099      2.034      0.042

 Variances
    TX                 1.000      0.000    999.000    999.000

 Residual Variances
    CPS_1              0.454      0.177      2.574      0.010
    CPS_2              0.756      0.051     14.947      0.000
    CPS_3              0.734      0.049     15.101      0.000
    CPS_4              0.685      0.098      6.974      0.000
    I                  0.996      0.003    286.700      0.000
    S                  1.000      0.002    494.379      0.000


STDY Standardization

                                                    Two-Tailed
                    Estimate       S.E.  Est./S.E.    P-Value

 I        |
    CPS_1              0.739      0.119      6.182      0.000
    CPS_2              0.534      0.129      4.145      0.000
    CPS_3              0.463      0.115      4.040      0.000
    CPS_4              0.382      0.110      3.463      0.001

 S        |
    CPS_1              0.000      0.000    999.000    999.000
    CPS_2              0.275      0.045      6.085      0.000
    CPS_3              0.477      0.073      6.579      0.000
    CPS_4              0.590      0.128      4.594      0.000

 I        ON
    TX                -0.065      0.027     -2.464      0.014

 S        ON
    TX                -0.019      0.052     -0.372      0.710

 S        WITH
    I                 -0.401      0.261     -1.534      0.125

 Means
    TX                 1.063      0.316      3.363      0.001

 Intercepts
    CPS_1              0.000      0.000    999.000    999.000
    CPS_2              0.000      0.000    999.000    999.000
    CPS_3              0.000      0.000    999.000    999.000
    CPS_4              0.000      0.000    999.000    999.000
    I                  0.258      0.059      4.365      0.000
    S                  0.201      0.099      2.034      0.042

 Variances
    TX                 1.000      0.000    999.000    999.000

 Residual Variances
    CPS_1              0.454      0.177      2.574      0.010
    CPS_2              0.756      0.051     14.947      0.000
    CPS_3              0.734      0.049     15.101      0.000
    CPS_4              0.685      0.098      6.974      0.000
    I                  0.996      0.003    286.700      0.000
    S                  1.000      0.002    494.379      0.000


STD Standardization

                                                    Two-Tailed
                    Estimate       S.E.  Est./S.E.    P-Value

 I        |
    CPS_1              0.183      0.049      3.743      0.000
    CPS_2              0.183      0.049      3.743      0.000
    CPS_3              0.183      0.049      3.743      0.000
    CPS_4              0.183      0.049      3.743      0.000

 S        |
    CPS_1              0.000      0.000    999.000    999.000
    CPS_2              0.094      0.021      4.505      0.000
    CPS_3              0.188      0.042      4.505      0.000
    CPS_4              0.283      0.063      4.505      0.000

 I        ON
    TX                -0.131      0.054     -2.438      0.015

 S        ON
    TX                -0.039      0.105     -0.371      0.711

 S        WITH
    I                 -0.401      0.261     -1.534      0.125

 Means
    TX                 0.530      0.148      3.581      0.000

 Intercepts
    CPS_1              0.000      0.000    999.000    999.000
    CPS_2              0.000      0.000    999.000    999.000
    CPS_3              0.000      0.000    999.000    999.000
    CPS_4              0.000      0.000    999.000    999.000
    I                  0.258      0.059      4.365      0.000
    S                  0.201      0.099      2.034      0.042

 Variances
    TX                 0.249      0.009     27.645      0.000

 Residual Variances
    CPS_1              0.028      0.009      3.110      0.002
    CPS_2              0.089      0.019      4.557      0.000
    CPS_3              0.115      0.024      4.823      0.000
    CPS_4              0.157      0.031      4.995      0.000
    I                  0.996      0.003    286.700      0.000
    S                  1.000      0.002    494.379      0.000


R-SQUARE

    Observed                                        Two-Tailed
    Variable        Estimate       S.E.  Est./S.E.    P-Value

    CPS_1              0.546      0.177      3.091      0.002
    CPS_2              0.244      0.051      4.824      0.000
    CPS_3              0.266      0.049      5.471      0.000
    CPS_4              0.315      0.098      3.201      0.001

     Latent                                         Two-Tailed
    Variable        Estimate       S.E.  Est./S.E.    P-Value

    I                  0.004      0.003      1.232      0.218
    S                  0.000      0.002      0.186      0.853


QUALITY OF NUMERICAL RESULTS

     Condition Number for the Information Matrix              0.152E-02
       (ratio of smallest to largest eigenvalue)


CONFIDENCE INTERVALS OF MODEL RESULTS

                  Lower .5%  Lower 2.5%    Lower 5%    Estimate    Upper 5%  Upper 2.5%   Upper .5%

 I        |
    CPS_1            1.000       1.000       1.000       1.000       1.000       1.000       1.000
    CPS_2            1.000       1.000       1.000       1.000       1.000       1.000       1.000
    CPS_3            1.000       1.000       1.000       1.000       1.000       1.000       1.000
    CPS_4            1.000       1.000       1.000       1.000       1.000       1.000       1.000

 S        |
    CPS_1            0.000       0.000       0.000       0.000       0.000       0.000       0.000
    CPS_2            1.000       1.000       1.000       1.000       1.000       1.000       1.000
    CPS_3            2.000       2.000       2.000       2.000       2.000       2.000       2.000
    CPS_4            3.000       3.000       3.000       3.000       3.000       3.000       3.000

 I        ON
    TX              -0.055      -0.048      -0.044      -0.024      -0.004       0.000       0.007

 S        ON
    TX              -0.029      -0.023      -0.020      -0.004       0.012       0.016       0.022

 S        WITH
    I               -0.025      -0.021      -0.019      -0.007       0.005       0.007       0.011

 Means
    TX               0.149       0.240       0.287       0.530       0.774       0.821       0.912

 Intercepts
    CPS_1            0.000       0.000       0.000       0.000       0.000       0.000       0.000
    CPS_2            0.000       0.000       0.000       0.000       0.000       0.000       0.000
    CPS_3            0.000       0.000       0.000       0.000       0.000       0.000       0.000
    CPS_4            0.000       0.000       0.000       0.000       0.000       0.000       0.000
    I                0.017       0.024       0.028       0.047       0.066       0.070       0.077
    S               -0.005       0.001       0.004       0.019       0.034       0.037       0.042

 Variances
    TX               0.226       0.231       0.234       0.249       0.264       0.267       0.272

 Residual Variances
    CPS_1            0.005       0.010       0.013       0.028       0.043       0.045       0.051
    CPS_2            0.039       0.051       0.057       0.089       0.121       0.127       0.139
    CPS_3            0.053       0.068       0.075       0.115       0.154       0.161       0.176
    CPS_4            0.076       0.096       0.105       0.157       0.209       0.219       0.238
    I               -0.013      -0.002       0.004       0.033       0.063       0.068       0.079
    S               -0.001       0.001       0.002       0.009       0.015       0.017       0.019


CONFIDENCE INTERVALS OF STANDARDIZED MODEL RESULTS


STDYX Standardization

                  Lower .5%  Lower 2.5%    Lower 5%    Estimate    Upper 5%  Upper 2.5%   Upper .5%

 I        |
    CPS_1            0.431       0.504       0.542       0.739       0.935       0.973       1.046
    CPS_2            0.202       0.282       0.322       0.534       0.746       0.787       0.866
    CPS_3            0.168       0.238       0.275       0.463       0.652       0.688       0.758
    CPS_4            0.098       0.166       0.201       0.382       0.564       0.598       0.666

 S        |
    CPS_1            0.000       0.000       0.000       0.000       0.000       0.000       0.000
    CPS_2            0.159       0.186       0.201       0.275       0.349       0.364       0.392
    CPS_3            0.290       0.335       0.358       0.477       0.596       0.619       0.664
    CPS_4            0.259       0.338       0.379       0.590       0.802       0.842       0.921

 I        ON
    TX              -0.134      -0.117      -0.109      -0.065      -0.022      -0.013       0.003

 S        ON
    TX              -0.154      -0.122      -0.105      -0.019       0.066       0.083       0.115

 S        WITH
    I               -1.074      -0.913      -0.830      -0.401       0.029       0.111       0.272

 Means
    TX               0.249       0.443       0.543       1.063       1.583       1.682       1.877

 Intercepts
    CPS_1            0.000       0.000       0.000       0.000       0.000       0.000       0.000
    CPS_2            0.000       0.000       0.000       0.000       0.000       0.000       0.000
    CPS_3            0.000       0.000       0.000       0.000       0.000       0.000       0.000
    CPS_4            0.000       0.000       0.000       0.000       0.000       0.000       0.000
    I                0.106       0.142       0.161       0.258       0.355       0.374       0.410
    S               -0.054       0.007       0.038       0.201       0.364       0.395       0.456

 Variances
    TX               1.000       1.000       1.000       1.000       1.000       1.000       1.000

 Residual Variances
    CPS_1            0.000       0.108       0.164       0.454       0.745       0.800       0.909
    CPS_2            0.626       0.657       0.673       0.756       0.839       0.855       0.886
    CPS_3            0.609       0.639       0.654       0.734       0.814       0.829       0.859
    CPS_4            0.432       0.493       0.524       0.685       0.847       0.878       0.939
    I                0.987       0.989       0.990       0.996       1.001       1.003       1.005
    S                0.994       0.996       0.996       1.000       1.003       1.004       1.005


STDY Standardization

                  Lower .5%  Lower 2.5%    Lower 5%    Estimate    Upper 5%  Upper 2.5%   Upper .5%

 I        |
    CPS_1            0.431       0.504       0.542       0.739       0.935       0.973       1.046
    CPS_2            0.202       0.282       0.322       0.534       0.746       0.787       0.866
    CPS_3            0.168       0.238       0.275       0.463       0.652       0.688       0.758
    CPS_4            0.098       0.166       0.201       0.382       0.564       0.598       0.666

 S        |
    CPS_1            0.000       0.000       0.000       0.000       0.000       0.000       0.000
    CPS_2            0.159       0.186       0.201       0.275       0.349       0.364       0.392
    CPS_3            0.290       0.335       0.358       0.477       0.596       0.619       0.664
    CPS_4            0.259       0.338       0.379       0.590       0.802       0.842       0.921

 I        ON
    TX              -0.134      -0.117      -0.109      -0.065      -0.022      -0.013       0.003

 S        ON
    TX              -0.154      -0.122      -0.105      -0.019       0.066       0.083       0.115

 S        WITH
    I               -1.074      -0.913      -0.830      -0.401       0.029       0.111       0.272

 Means
    TX               0.249       0.443       0.543       1.063       1.583       1.682       1.877

 Intercepts
    CPS_1            0.000       0.000       0.000       0.000       0.000       0.000       0.000
    CPS_2            0.000       0.000       0.000       0.000       0.000       0.000       0.000
    CPS_3            0.000       0.000       0.000       0.000       0.000       0.000       0.000
    CPS_4            0.000       0.000       0.000       0.000       0.000       0.000       0.000
    I                0.106       0.142       0.161       0.258       0.355       0.374       0.410
    S               -0.054       0.007       0.038       0.201       0.364       0.395       0.456

 Variances
    TX               1.000       1.000       1.000       1.000       1.000       1.000       1.000

 Residual Variances
    CPS_1            0.000       0.108       0.164       0.454       0.745       0.800       0.909
    CPS_2            0.626       0.657       0.673       0.756       0.839       0.855       0.886
    CPS_3            0.609       0.639       0.654       0.734       0.814       0.829       0.859
    CPS_4            0.432       0.493       0.524       0.685       0.847       0.878       0.939
    I                0.987       0.989       0.990       0.996       1.001       1.003       1.005
    S                0.994       0.996       0.996       1.000       1.003       1.004       1.005


STD Standardization

                  Lower .5%  Lower 2.5%    Lower 5%    Estimate    Upper 5%  Upper 2.5%   Upper .5%

 I        |
    CPS_1            0.057       0.087       0.103       0.183       0.263       0.279       0.309
    CPS_2            0.057       0.087       0.103       0.183       0.263       0.279       0.309
    CPS_3            0.057       0.087       0.103       0.183       0.263       0.279       0.309
    CPS_4            0.057       0.087       0.103       0.183       0.263       0.279       0.309

 S        |
    CPS_1            0.000       0.000       0.000       0.000       0.000       0.000       0.000
    CPS_2            0.040       0.053       0.060       0.094       0.129       0.135       0.148
    CPS_3            0.081       0.106       0.120       0.188       0.257       0.270       0.296
    CPS_4            0.121       0.160       0.179       0.283       0.386       0.406       0.444

 I        ON
    TX              -0.270      -0.236      -0.220      -0.131      -0.043      -0.026       0.007

 S        ON
    TX              -0.309      -0.244      -0.211      -0.039       0.133       0.166       0.231

 S        WITH
    I               -1.074      -0.913      -0.830      -0.401       0.029       0.111       0.272

 Means
    TX               0.149       0.240       0.287       0.530       0.774       0.821       0.912

 Intercepts
    CPS_1            0.000       0.000       0.000       0.000       0.000       0.000       0.000
    CPS_2            0.000       0.000       0.000       0.000       0.000       0.000       0.000
    CPS_3            0.000       0.000       0.000       0.000       0.000       0.000       0.000
    CPS_4            0.000       0.000       0.000       0.000       0.000       0.000       0.000
    I                0.106       0.142       0.161       0.258       0.355       0.374       0.410
    S               -0.054       0.007       0.038       0.201       0.364       0.395       0.456

 Variances
    TX               0.226       0.231       0.234       0.249       0.264       0.267       0.272

 Residual Variances
    CPS_1            0.005       0.010       0.013       0.028       0.043       0.045       0.051
    CPS_2            0.039       0.051       0.057       0.089       0.121       0.127       0.139
    CPS_3            0.053       0.068       0.075       0.115       0.154       0.161       0.176
    CPS_4            0.076       0.096       0.105       0.157       0.209       0.219       0.238
    I                0.987       0.989       0.990       0.996       1.001       1.003       1.005
    S                0.994       0.996       0.996       1.000       1.003       1.004       1.005


RESIDUAL OUTPUT


     ESTIMATED MODEL AND RESIDUALS (OBSERVED - ESTIMATED)


           Model Estimated Means
              CPS_1         CPS_2         CPS_3         CPS_4         TX
              ________      ________      ________      ________      ________
                0.034         0.051         0.068         0.085         0.530


           Residuals for Means
              CPS_1         CPS_2         CPS_3         CPS_4         TX
              ________      ________      ________      ________      ________
                0.000         0.003        -0.007         0.006         0.000


           Standardized Residuals (z-scores) for Means
              CPS_1         CPS_2         CPS_3         CPS_4         TX
              ________      ________      ________      ________      ________
              999.000         0.524        -1.424       999.000         0.000


           Normalized Residuals for Means
              CPS_1         CPS_2         CPS_3         CPS_4         TX
              ________      ________      ________      ________      ________
               -0.011         0.367        -0.694         0.497         0.000


           Model Estimated Covariances
              CPS_1         CPS_2         CPS_3         CPS_4         TX
              ________      ________      ________      ________      ________
 CPS_1          0.061
 CPS_2          0.027         0.117
 CPS_3          0.020         0.031         0.156
 CPS_4          0.013         0.033         0.052         0.229
 TX            -0.006        -0.007        -0.008        -0.009         0.249


           Model Estimated Correlations
              CPS_1         CPS_2         CPS_3         CPS_4         TX
              ________      ________      ________      ________      ________
 CPS_1          1.000
 CPS_2          0.314         1.000
 CPS_3          0.202         0.226         1.000
 CPS_4          0.109         0.199         0.277         1.000
 TX            -0.048        -0.040        -0.040        -0.036         1.000


           Residuals for Covariances
              CPS_1         CPS_2         CPS_3         CPS_4         TX
              ________      ________      ________      ________      ________
 CPS_1          0.000
 CPS_2         -0.001        -0.001
 CPS_3          0.003        -0.005         0.000
 CPS_4          0.000         0.003         0.003         0.002
 TX             0.000         0.000        -0.003         0.003         0.000


           Residuals for Correlations
              CPS_1         CPS_2         CPS_3         CPS_4         TX
              ________      ________      ________      ________      ________
 CPS_1          0.000
 CPS_2         -0.005         0.000
 CPS_3          0.027        -0.037         0.000
 CPS_4         -0.001         0.016         0.014         0.000
 TX             0.002        -0.001        -0.014         0.014         0.000


           Standardized Residuals (z-scores) for Covariances
              CPS_1         CPS_2         CPS_3         CPS_4         TX
              ________      ________      ________      ________      ________
 CPS_1          0.548
 CPS_2         -0.152        -0.146
 CPS_3          0.655       999.000       999.000
 CPS_4        999.000         0.144       999.000         0.267
 TX           999.000        -0.070        -1.413         1.749         0.000


           Normalized Residuals for Covariances
              CPS_1         CPS_2         CPS_3         CPS_4         TX
              ________      ________      ________      ________      ________
 CPS_1          0.011
 CPS_2         -0.047        -0.048
 CPS_3          0.415        -1.052         0.003
 CPS_4         -0.027         0.129         0.204         0.059
 TX             0.093        -0.053        -0.713         0.570         0.000


TECHNICAL 1 OUTPUT


     PARAMETER SPECIFICATION


           NU
              CPS_1         CPS_2         CPS_3         CPS_4         TX
              ________      ________      ________      ________      ________
                  0             0             0             0             0


           LAMBDA
              I             S             TX
              ________      ________      ________
 CPS_1              0             0             0
 CPS_2              0             0             0
 CPS_3              0             0             0
 CPS_4              0             0             0
 TX                 0             0             0


           THETA
              CPS_1         CPS_2         CPS_3         CPS_4         TX
              ________      ________      ________      ________      ________
 CPS_1              1
 CPS_2              0             2
 CPS_3              0             0             3
 CPS_4              0             0             0             4
 TX                 0             0             0             0             0


           ALPHA
              I             S             TX
              ________      ________      ________
                  5             6             7


           BETA
              I             S             TX
              ________      ________      ________
 I                  0             0             8
 S                  0             0             9
 TX                 0             0             0


           PSI
              I             S             TX
              ________      ________      ________
 I                 10
 S                 11            12
 TX                 0             0            13


     STARTING VALUES


           NU
              CPS_1         CPS_2         CPS_3         CPS_4         TX
              ________      ________      ________      ________      ________
                0.000         0.000         0.000         0.000         0.000


           LAMBDA
              I             S             TX
              ________      ________      ________
 CPS_1          1.000         0.000         0.000
 CPS_2          1.000         1.000         0.000
 CPS_3          1.000         2.000         0.000
 CPS_4          1.000         3.000         0.000
 TX             0.000         0.000         1.000


           THETA
              CPS_1         CPS_2         CPS_3         CPS_4         TX
              ________      ________      ________      ________      ________
 CPS_1          0.031
 CPS_2          0.000         0.058
 CPS_3          0.000         0.000         0.077
 CPS_4          0.000         0.000         0.000         0.114
 TX             0.000         0.000         0.000         0.000         0.000


           ALPHA
              I             S             TX
              ________      ________      ________
                0.034         0.020         0.000


           BETA
              I             S             TX
              ________      ________      ________
 I              0.000         0.000         0.000
 S              0.000         0.000         0.000
 TX             0.000         0.000         0.000


           PSI
              I             S             TX
              ________      ________      ________
 I              0.075
 S              0.000         0.063
 TX             0.000         0.000         0.125


TECHNICAL 4 OUTPUT


     ESTIMATES DERIVED FROM THE MODEL


           ESTIMATED MEANS FOR THE LATENT VARIABLES
              I             S             TX
              ________      ________      ________
                0.034         0.017         0.530


           S.E. FOR ESTIMATED MEANS FOR THE LATENT VARIABLES
              I             S             TX
              ________      ________      ________
                0.007         0.005         0.148


           EST./S.E. FOR ESTIMATED MEANS FOR THE LATENT VARIABLES
              I             S             TX
              ________      ________      ________
                5.034         3.482         3.581


           TWO-TAILED P-VALUE FOR ESTIMATED MEANS FOR THE LATENT VARIABLES
              I             S             TX
              ________      ________      ________
                0.000         0.000         0.000


           ESTIMATED COVARIANCE MATRIX FOR THE LATENT VARIABLES
              I             S             TX
              ________      ________      ________
 I              0.033
 S             -0.007         0.009
 TX            -0.006        -0.001         0.249


           S.E. FOR ESTIMATED COVARIANCE MATRIX FOR THE LATENT VARIABLES
              I             S             TX
              ________      ________      ________
 I              0.018
 S              0.007         0.004
 TX             0.003         0.002         0.009


           EST./S.E. FOR ESTIMATED COVARIANCE MATRIX FOR THE LATENT VARIABLES
              I             S             TX
              ________      ________      ________
 I              1.872
 S             -0.963         2.253
 TX            -1.955        -0.374        27.645


           TWO-TAILED P-VALUE FOR ESTIMATED COVARIANCE MATRIX FOR THE LATENT VARIABLES
              I             S             TX
              ________      ________      ________
 I              0.061
 S              0.336         0.024
 TX             0.051         0.708         0.000


           ESTIMATED CORRELATION MATRIX FOR THE LATENT VARIABLES
              I             S             TX
              ________      ________      ________
 I              1.000
 S             -0.398         1.000
 TX            -0.065        -0.019         1.000


           S.E. FOR ESTIMATED CORRELATION MATRIX FOR THE LATENT VARIABLES
              I             S             TX
              ________      ________      ________
 I              0.000
 S              0.263         0.000
 TX             0.027         0.052         0.000


           EST./S.E. FOR ESTIMATED CORRELATION MATRIX FOR THE LATENT VARIABLES
              I             S             TX
              ________      ________      ________
 I            999.000
 S             -1.517       999.000
 TX            -2.464        -0.372       999.000


           TWO-TAILED P-VALUE FOR ESTIMATED CORRELATION MATRIX FOR THE LATENT VARIABLES
              I             S             TX
              ________      ________      ________
 I              0.000
 S              0.129         0.000
 TX             0.014         0.710         0.000


     Beginning Time:  14:28:00
        Ending Time:  14:28:00
       Elapsed Time:  00:00:00



MUTHEN & MUTHEN
3463 Stoner Ave.
Los Angeles, CA  90066

Tel: (310) 391-9971
Fax: (310) 391-8971
Web: www.StatModel.com
Support: Support@StatModel.com

Copyright (c) 1998-2019 Muthen & Muthen
