Mplus VERSION 8.4
MUTHEN & MUTHEN
07/05/2022   2:28 PM

INPUT INSTRUCTIONS

  TITLE:
  FCS Victimization - Tx only;
  DATA:
  FILE = "Mplus/Automatr/TX ONLY/CVS_TX_ONLY_5a51beb4705321969ad57ec4a772f8f3.dat";

  VARIABLE:
  NAMES = ID School Tx CVS_1 CVS_2 CVS_3 CVS_4;
   MISSING=.;
   IDVARIABLE = ID;
                            CLUSTER = School;
  ANALYSIS:
  TYPE = COMPLEX;
  MODEL:
  i s | CVS_1@0 CVS_2@1 CVS_3@2 CVS_4@3;
  i s ON Tx;
  [Tx];
  OUTPUT:
  STANDARDIZED CINTERVAL RESIDUAL TECH1 TECH4;



INPUT READING TERMINATED NORMALLY




FCS Victimization - Tx only;

SUMMARY OF ANALYSIS

Number of groups                                                 1
Number of observations                                        6461

Number of dependent variables                                    4
Number of independent variables                                  1
Number of continuous latent variables                            2

Observed dependent variables

  Continuous
   CVS_1       CVS_2       CVS_3       CVS_4

Observed independent variables
   TX

Continuous latent variables
   I           S

Variables with special functions

  Cluster variable      SCHOOL
  ID variable           ID

Estimator                                                      MLR
Information matrix                                        OBSERVED
Maximum number of iterations                                  1000
Convergence criterion                                    0.500D-04
Maximum number of steepest descent iterations                   20
Maximum number of iterations for H1                           2000
Convergence criterion for H1                             0.100D-03

Input data file(s)
  Mplus/Automatr/TX ONLY/CVS_TX_ONLY_5a51beb4705321969ad57ec4a772f8f3.dat

Input data format  FREE


SUMMARY OF DATA

     Number of missing data patterns            16
     Number of clusters                         20



COVARIANCE COVERAGE OF DATA

Minimum covariance coverage value   0.100


     PROPORTION OF DATA PRESENT


           Covariance Coverage
              CVS_1         CVS_2         CVS_3         CVS_4         TX
              ________      ________      ________      ________      ________
 CVS_1          0.713
 CVS_2          0.525         0.651
 CVS_3          0.453         0.453         0.623
 CVS_4          0.369         0.372         0.399         0.509
 TX             0.713         0.651         0.623         0.509         1.000



UNIVARIATE SAMPLE STATISTICS


     UNIVARIATE HIGHER-ORDER MOMENT DESCRIPTIVE STATISTICS

         Variable/         Mean/     Skewness/   Minimum/ % with                Percentiles
        Sample Size      Variance    Kurtosis    Maximum  Min/Max      20%/60%    40%/80%    Median

     CVS_1                 0.078       7.830       0.000   84.31%       0.000      0.000      0.000
            4609.000       0.108      76.231       4.000    0.30%       0.000      0.000
     CVS_2                 0.098       6.646       0.000   83.98%       0.000      0.000      0.000
            4208.000       0.163      51.571       4.000    0.45%       0.000      0.000
     CVS_3                 0.091       7.135       0.000   86.58%       0.000      0.000      0.000
            4023.000       0.182      56.386       4.000    0.72%       0.000      0.000
     CVS_4                 0.116       6.127       0.000   86.81%       0.000      0.000      0.000
            3291.000       0.258      40.104       4.000    1.00%       0.000      0.000
     TX                    0.530      -0.122       0.000   46.96%       0.000      0.000      1.000
            6461.000       0.249      -1.985       1.000   53.04%       1.000      1.000


THE MODEL ESTIMATION TERMINATED NORMALLY

     THE STANDARD ERRORS OF THE MODEL PARAMETER ESTIMATES MAY NOT BE
     TRUSTWORTHY FOR SOME PARAMETERS DUE TO A NON-POSITIVE DEFINITE
     FIRST-ORDER DERIVATIVE PRODUCT MATRIX.  THIS MAY BE DUE TO THE STARTING
     VALUES BUT MAY ALSO BE AN INDICATION OF MODEL NONIDENTIFICATION.  THE
     CONDITION NUMBER IS       0.279D-14.  PROBLEM INVOLVING THE FOLLOWING PARAMETER:
     Parameter 13, TX




MODEL FIT INFORMATION

Number of Free Parameters                       13

Loglikelihood

          H0 Value                      -12568.464
          H0 Scaling Correction Factor     68.3021
            for MLR
          H1 Value                      -12559.559
          H1 Scaling Correction Factor     46.2489
            for MLR

Information Criteria

          Akaike (AIC)                   25162.929
          Bayesian (BIC)                 25250.985
          Sample-Size Adjusted BIC       25209.674
            (n* = (n + 2) / 24)

Chi-Square Test of Model Fit

          Value                              3.365*
          Degrees of Freedom                     7
          P-Value                           0.8493
          Scaling Correction Factor         5.2928
            for MLR

*   The chi-square value for MLM, MLMV, MLR, ULSMV, WLSM and WLSMV cannot be used
    for chi-square difference testing in the regular way.  MLM, MLR and WLSM
    chi-square difference testing is described on the Mplus website.  MLMV, WLSMV,
    and ULSMV difference testing is done using the DIFFTEST option.

RMSEA (Root Mean Square Error Of Approximation)

          Estimate                           0.000
          90 Percent C.I.                    0.000  0.009
          Probability RMSEA <= .05           1.000

CFI/TLI

          CFI                                1.000
          TLI                                1.000

Chi-Square Test of Model Fit for the Baseline Model

          Value                            103.161
          Degrees of Freedom                    10
          P-Value                           0.0000

SRMR (Standardized Root Mean Square Residual)

          Value                              0.016



MODEL RESULTS

                                                    Two-Tailed
                    Estimate       S.E.  Est./S.E.    P-Value

 I        |
    CVS_1              1.000      0.000    999.000    999.000
    CVS_2              1.000      0.000    999.000    999.000
    CVS_3              1.000      0.000    999.000    999.000
    CVS_4              1.000      0.000    999.000    999.000

 S        |
    CVS_1              0.000      0.000    999.000    999.000
    CVS_2              1.000      0.000    999.000    999.000
    CVS_3              2.000      0.000    999.000    999.000
    CVS_4              3.000      0.000    999.000    999.000

 I        ON
    TX                -0.025      0.017     -1.475      0.140

 S        ON
    TX                -0.001      0.012     -0.059      0.953

 S        WITH
    I                 -0.013      0.007     -1.831      0.067

 Means
    TX                 0.530      0.148      3.581      0.000

 Intercepts
    CVS_1              0.000      0.000    999.000    999.000
    CVS_2              0.000      0.000    999.000    999.000
    CVS_3              0.000      0.000    999.000    999.000
    CVS_4              0.000      0.000    999.000    999.000
    I                  0.092      0.013      6.927      0.000
    S                  0.012      0.011      1.112      0.266

 Variances
    TX                 0.249      0.009     27.645      0.000

 Residual Variances
    CVS_1              0.052      0.022      2.371      0.018
    CVS_2              0.126      0.019      6.544      0.000
    CVS_3              0.131      0.019      6.751      0.000
    CVS_4              0.168      0.027      6.132      0.000
    I                  0.055      0.016      3.494      0.000
    S                  0.012      0.004      3.024      0.002


STANDARDIZED MODEL RESULTS


STDYX Standardization

                                                    Two-Tailed
                    Estimate       S.E.  Est./S.E.    P-Value

 I        |
    CVS_1              0.716      0.097      7.349      0.000
    CVS_2              0.572      0.079      7.233      0.000
    CVS_3              0.547      0.079      6.899      0.000
    CVS_4              0.462      0.085      5.435      0.000

 S        |
    CVS_1              0.000      0.000    999.000    999.000
    CVS_2              0.271      0.037      7.303      0.000
    CVS_3              0.518      0.073      7.085      0.000
    CVS_4              0.657      0.102      6.451      0.000

 I        ON
    TX                -0.053      0.036     -1.479      0.139

 S        ON
    TX                -0.003      0.053     -0.059      0.953

 S        WITH
    I                 -0.494      0.165     -2.993      0.003

 Means
    TX                 1.063      0.316      3.363      0.001

 Intercepts
    CVS_1              0.000      0.000    999.000    999.000
    CVS_2              0.000      0.000    999.000    999.000
    CVS_3              0.000      0.000    999.000    999.000
    CVS_4              0.000      0.000    999.000    999.000
    I                  0.394      0.072      5.477      0.000
    S                  0.107      0.097      1.098      0.272

 Variances
    TX                 1.000      0.000    999.000    999.000

 Residual Variances
    CVS_1              0.488      0.139      3.502      0.000
    CVS_2              0.752      0.032     23.290      0.000
    CVS_3              0.712      0.048     14.867      0.000
    CVS_4              0.654      0.068      9.587      0.000
    I                  0.997      0.004    263.528      0.000
    S                  1.000      0.000   2963.718      0.000


STDY Standardization

                                                    Two-Tailed
                    Estimate       S.E.  Est./S.E.    P-Value

 I        |
    CVS_1              0.716      0.097      7.349      0.000
    CVS_2              0.572      0.079      7.233      0.000
    CVS_3              0.547      0.079      6.899      0.000
    CVS_4              0.462      0.085      5.435      0.000

 S        |
    CVS_1              0.000      0.000    999.000    999.000
    CVS_2              0.271      0.037      7.303      0.000
    CVS_3              0.518      0.073      7.085      0.000
    CVS_4              0.657      0.102      6.451      0.000

 I        ON
    TX                -0.053      0.036     -1.479      0.139

 S        ON
    TX                -0.003      0.053     -0.059      0.953

 S        WITH
    I                 -0.494      0.165     -2.993      0.003

 Means
    TX                 1.063      0.316      3.363      0.001

 Intercepts
    CVS_1              0.000      0.000    999.000    999.000
    CVS_2              0.000      0.000    999.000    999.000
    CVS_3              0.000      0.000    999.000    999.000
    CVS_4              0.000      0.000    999.000    999.000
    I                  0.394      0.072      5.477      0.000
    S                  0.107      0.097      1.098      0.272

 Variances
    TX                 1.000      0.000    999.000    999.000

 Residual Variances
    CVS_1              0.488      0.139      3.502      0.000
    CVS_2              0.752      0.032     23.290      0.000
    CVS_3              0.712      0.048     14.867      0.000
    CVS_4              0.654      0.068      9.587      0.000
    I                  0.997      0.004    263.528      0.000
    S                  1.000      0.000   2963.718      0.000


STD Standardization

                                                    Two-Tailed
                    Estimate       S.E.  Est./S.E.    P-Value

 I        |
    CVS_1              0.234      0.033      6.993      0.000
    CVS_2              0.234      0.033      6.993      0.000
    CVS_3              0.234      0.033      6.993      0.000
    CVS_4              0.234      0.033      6.993      0.000

 S        |
    CVS_1              0.000      0.000    999.000    999.000
    CVS_2              0.111      0.018      6.050      0.000
    CVS_3              0.222      0.037      6.050      0.000
    CVS_4              0.333      0.055      6.050      0.000

 I        ON
    TX                -0.106      0.071     -1.487      0.137

 S        ON
    TX                -0.006      0.107     -0.059      0.953

 S        WITH
    I                 -0.494      0.165     -2.993      0.003

 Means
    TX                 0.530      0.148      3.581      0.000

 Intercepts
    CVS_1              0.000      0.000    999.000    999.000
    CVS_2              0.000      0.000    999.000    999.000
    CVS_3              0.000      0.000    999.000    999.000
    CVS_4              0.000      0.000    999.000    999.000
    I                  0.394      0.072      5.477      0.000
    S                  0.107      0.097      1.098      0.272

 Variances
    TX                 0.249      0.009     27.645      0.000

 Residual Variances
    CVS_1              0.052      0.022      2.371      0.018
    CVS_2              0.126      0.019      6.544      0.000
    CVS_3              0.131      0.019      6.751      0.000
    CVS_4              0.168      0.027      6.132      0.000
    I                  0.997      0.004    263.528      0.000
    S                  1.000      0.000   2963.718      0.000


R-SQUARE

    Observed                                        Two-Tailed
    Variable        Estimate       S.E.  Est./S.E.    P-Value

    CVS_1              0.512      0.139      3.674      0.000
    CVS_2              0.248      0.032      7.676      0.000
    CVS_3              0.288      0.048      6.015      0.000
    CVS_4              0.346      0.068      5.062      0.000

     Latent                                         Two-Tailed
    Variable        Estimate       S.E.  Est./S.E.    P-Value

    I                  0.003      0.004      0.740      0.460
    S                  0.000      0.000      0.030      0.976


QUALITY OF NUMERICAL RESULTS

     Condition Number for the Information Matrix              0.124E-02
       (ratio of smallest to largest eigenvalue)


CONFIDENCE INTERVALS OF MODEL RESULTS

                  Lower .5%  Lower 2.5%    Lower 5%    Estimate    Upper 5%  Upper 2.5%   Upper .5%

 I        |
    CVS_1            1.000       1.000       1.000       1.000       1.000       1.000       1.000
    CVS_2            1.000       1.000       1.000       1.000       1.000       1.000       1.000
    CVS_3            1.000       1.000       1.000       1.000       1.000       1.000       1.000
    CVS_4            1.000       1.000       1.000       1.000       1.000       1.000       1.000

 S        |
    CVS_1            0.000       0.000       0.000       0.000       0.000       0.000       0.000
    CVS_2            1.000       1.000       1.000       1.000       1.000       1.000       1.000
    CVS_3            2.000       2.000       2.000       2.000       2.000       2.000       2.000
    CVS_4            3.000       3.000       3.000       3.000       3.000       3.000       3.000

 I        ON
    TX              -0.068      -0.058      -0.053      -0.025       0.003       0.008       0.019

 S        ON
    TX              -0.031      -0.024      -0.020      -0.001       0.019       0.023       0.030

 S        WITH
    I               -0.031      -0.027      -0.024      -0.013      -0.001       0.001       0.005

 Means
    TX               0.149       0.240       0.287       0.530       0.774       0.821       0.912

 Intercepts
    CVS_1            0.000       0.000       0.000       0.000       0.000       0.000       0.000
    CVS_2            0.000       0.000       0.000       0.000       0.000       0.000       0.000
    CVS_3            0.000       0.000       0.000       0.000       0.000       0.000       0.000
    CVS_4            0.000       0.000       0.000       0.000       0.000       0.000       0.000
    I                0.058       0.066       0.070       0.092       0.114       0.118       0.127
    S               -0.016      -0.009      -0.006       0.012       0.029       0.033       0.039

 Variances
    TX               0.226       0.231       0.234       0.249       0.264       0.267       0.272

 Residual Variances
    CVS_1           -0.005       0.009       0.016       0.052       0.089       0.096       0.109
    CVS_2            0.076       0.088       0.094       0.126       0.158       0.164       0.176
    CVS_3            0.081       0.093       0.099       0.131       0.163       0.169       0.181
    CVS_4            0.098       0.115       0.123       0.168       0.214       0.222       0.239
    I                0.014       0.024       0.029       0.055       0.080       0.085       0.095
    S                0.002       0.004       0.006       0.012       0.019       0.020       0.023


CONFIDENCE INTERVALS OF STANDARDIZED MODEL RESULTS


STDYX Standardization

                  Lower .5%  Lower 2.5%    Lower 5%    Estimate    Upper 5%  Upper 2.5%   Upper .5%

 I        |
    CVS_1            0.465       0.525       0.555       0.716       0.876       0.906       0.966
    CVS_2            0.368       0.417       0.442       0.572       0.702       0.727       0.776
    CVS_3            0.343       0.391       0.416       0.547       0.677       0.702       0.751
    CVS_4            0.243       0.295       0.322       0.462       0.602       0.628       0.681

 S        |
    CVS_1            0.000       0.000       0.000       0.000       0.000       0.000       0.000
    CVS_2            0.176       0.199       0.210       0.271       0.332       0.344       0.367
    CVS_3            0.330       0.375       0.398       0.518       0.639       0.662       0.707
    CVS_4            0.395       0.457       0.489       0.657       0.824       0.857       0.919

 I        ON
    TX              -0.145      -0.123      -0.112      -0.053       0.006       0.017       0.039

 S        ON
    TX              -0.141      -0.108      -0.091      -0.003       0.085       0.102       0.134

 S        WITH
    I               -0.919      -0.818      -0.766      -0.494      -0.223      -0.171      -0.069

 Means
    TX               0.249       0.443       0.543       1.063       1.583       1.682       1.877

 Intercepts
    CVS_1            0.000       0.000       0.000       0.000       0.000       0.000       0.000
    CVS_2            0.000       0.000       0.000       0.000       0.000       0.000       0.000
    CVS_3            0.000       0.000       0.000       0.000       0.000       0.000       0.000
    CVS_4            0.000       0.000       0.000       0.000       0.000       0.000       0.000
    I                0.209       0.253       0.276       0.394       0.513       0.535       0.580
    S               -0.144      -0.084      -0.053       0.107       0.267       0.297       0.357

 Variances
    TX               1.000       1.000       1.000       1.000       1.000       1.000       1.000

 Residual Variances
    CVS_1            0.129       0.215       0.259       0.488       0.717       0.761       0.847
    CVS_2            0.669       0.689       0.699       0.752       0.805       0.815       0.835
    CVS_3            0.589       0.618       0.633       0.712       0.791       0.806       0.835
    CVS_4            0.479       0.521       0.542       0.654       0.767       0.788       0.830
    I                0.987       0.990       0.991       0.997       1.003       1.005       1.007
    S                0.999       0.999       0.999       1.000       1.001       1.001       1.001


STDY Standardization

                  Lower .5%  Lower 2.5%    Lower 5%    Estimate    Upper 5%  Upper 2.5%   Upper .5%

 I        |
    CVS_1            0.465       0.525       0.555       0.716       0.876       0.906       0.966
    CVS_2            0.368       0.417       0.442       0.572       0.702       0.727       0.776
    CVS_3            0.343       0.391       0.416       0.547       0.677       0.702       0.751
    CVS_4            0.243       0.295       0.322       0.462       0.602       0.628       0.681

 S        |
    CVS_1            0.000       0.000       0.000       0.000       0.000       0.000       0.000
    CVS_2            0.176       0.199       0.210       0.271       0.332       0.344       0.367
    CVS_3            0.330       0.375       0.398       0.518       0.639       0.662       0.707
    CVS_4            0.395       0.457       0.489       0.657       0.824       0.857       0.919

 I        ON
    TX              -0.145      -0.123      -0.112      -0.053       0.006       0.017       0.039

 S        ON
    TX              -0.141      -0.108      -0.091      -0.003       0.085       0.102       0.134

 S        WITH
    I               -0.919      -0.818      -0.766      -0.494      -0.223      -0.171      -0.069

 Means
    TX               0.249       0.443       0.543       1.063       1.583       1.682       1.877

 Intercepts
    CVS_1            0.000       0.000       0.000       0.000       0.000       0.000       0.000
    CVS_2            0.000       0.000       0.000       0.000       0.000       0.000       0.000
    CVS_3            0.000       0.000       0.000       0.000       0.000       0.000       0.000
    CVS_4            0.000       0.000       0.000       0.000       0.000       0.000       0.000
    I                0.209       0.253       0.276       0.394       0.513       0.535       0.580
    S               -0.144      -0.084      -0.053       0.107       0.267       0.297       0.357

 Variances
    TX               1.000       1.000       1.000       1.000       1.000       1.000       1.000

 Residual Variances
    CVS_1            0.129       0.215       0.259       0.488       0.717       0.761       0.847
    CVS_2            0.669       0.689       0.699       0.752       0.805       0.815       0.835
    CVS_3            0.589       0.618       0.633       0.712       0.791       0.806       0.835
    CVS_4            0.479       0.521       0.542       0.654       0.767       0.788       0.830
    I                0.987       0.990       0.991       0.997       1.003       1.005       1.007
    S                0.999       0.999       0.999       1.000       1.001       1.001       1.001


STD Standardization

                  Lower .5%  Lower 2.5%    Lower 5%    Estimate    Upper 5%  Upper 2.5%   Upper .5%

 I        |
    CVS_1            0.148       0.169       0.179       0.234       0.289       0.300       0.320
    CVS_2            0.148       0.169       0.179       0.234       0.289       0.300       0.320
    CVS_3            0.148       0.169       0.179       0.234       0.289       0.300       0.320
    CVS_4            0.148       0.169       0.179       0.234       0.289       0.300       0.320

 S        |
    CVS_1            0.000       0.000       0.000       0.000       0.000       0.000       0.000
    CVS_2            0.064       0.075       0.081       0.111       0.141       0.147       0.158
    CVS_3            0.128       0.150       0.162       0.222       0.283       0.294       0.317
    CVS_4            0.191       0.225       0.243       0.333       0.424       0.441       0.475

 I        ON
    TX              -0.290      -0.246      -0.223      -0.106       0.011       0.034       0.078

 S        ON
    TX              -0.282      -0.216      -0.182      -0.006       0.170       0.203       0.269

 S        WITH
    I               -0.919      -0.818      -0.766      -0.494      -0.223      -0.171      -0.069

 Means
    TX               0.149       0.240       0.287       0.530       0.774       0.821       0.912

 Intercepts
    CVS_1            0.000       0.000       0.000       0.000       0.000       0.000       0.000
    CVS_2            0.000       0.000       0.000       0.000       0.000       0.000       0.000
    CVS_3            0.000       0.000       0.000       0.000       0.000       0.000       0.000
    CVS_4            0.000       0.000       0.000       0.000       0.000       0.000       0.000
    I                0.209       0.253       0.276       0.394       0.513       0.535       0.580
    S               -0.144      -0.084      -0.053       0.107       0.267       0.297       0.357

 Variances
    TX               0.226       0.231       0.234       0.249       0.264       0.267       0.272

 Residual Variances
    CVS_1           -0.005       0.009       0.016       0.052       0.089       0.096       0.109
    CVS_2            0.076       0.088       0.094       0.126       0.158       0.164       0.176
    CVS_3            0.081       0.093       0.099       0.131       0.163       0.169       0.181
    CVS_4            0.098       0.115       0.123       0.168       0.214       0.222       0.239
    I                0.987       0.990       0.991       0.997       1.003       1.005       1.007
    S                0.999       0.999       0.999       1.000       1.001       1.001       1.001


RESIDUAL OUTPUT


     ESTIMATED MODEL AND RESIDUALS (OBSERVED - ESTIMATED)


           Model Estimated Means
              CVS_1         CVS_2         CVS_3         CVS_4         TX
              ________      ________      ________      ________      ________
                0.079         0.091         0.102         0.114         0.530


           Residuals for Means
              CVS_1         CVS_2         CVS_3         CVS_4         TX
              ________      ________      ________      ________      ________
               -0.002         0.010        -0.008         0.003         0.000


           Standardized Residuals (z-scores) for Means
              CVS_1         CVS_2         CVS_3         CVS_4         TX
              ________      ________      ________      ________      ________
              999.000         1.578        -5.867         0.618         0.000


           Normalized Residuals for Means
              CVS_1         CVS_2         CVS_3         CVS_4         TX
              ________      ________      ________      ________      ________
               -0.190         1.026        -0.817         0.215         0.000


           Model Estimated Covariances
              CVS_1         CVS_2         CVS_3         CVS_4         TX
              ________      ________      ________      ________      ________
 CVS_1          0.107
 CVS_2          0.042         0.168
 CVS_3          0.029         0.041         0.184
 CVS_4          0.016         0.041         0.065         0.257
 TX            -0.006        -0.006        -0.007        -0.007         0.249


           Model Estimated Correlations
              CVS_1         CVS_2         CVS_3         CVS_4         TX
              ________      ________      ________      ________      ________
 CVS_1          1.000
 CVS_2          0.314         1.000
 CVS_3          0.208         0.234         1.000
 CVS_4          0.099         0.195         0.298         1.000
 TX            -0.038        -0.031        -0.031        -0.027         1.000


           Residuals for Covariances
              CVS_1         CVS_2         CVS_3         CVS_4         TX
              ________      ________      ________      ________      ________
 CVS_1          0.000
 CVS_2          0.000        -0.002
 CVS_3          0.001        -0.008         0.000
 CVS_4          0.004        -0.006         0.006         0.002
 TX             0.000         0.000        -0.001         0.001         0.000


           Residuals for Correlations
              CVS_1         CVS_2         CVS_3         CVS_4         TX
              ________      ________      ________      ________      ________
 CVS_1          0.000
 CVS_2          0.004         0.000
 CVS_3          0.009        -0.043         0.000
 CVS_4          0.021        -0.028         0.027         0.000
 TX             0.001         0.000        -0.005         0.004         0.000


           Standardized Residuals (z-scores) for Covariances
              CVS_1         CVS_2         CVS_3         CVS_4         TX
              ________      ________      ________      ________      ________
 CVS_1          0.150
 CVS_2          0.074       999.000
 CVS_3          0.719        -1.174       999.000
 CVS_4        999.000        -0.355         0.647         0.150
 TX           999.000         0.044        -1.069         0.324         0.000


           Normalized Residuals for Covariances
              CVS_1         CVS_2         CVS_3         CVS_4         TX
              ________      ________      ________      ________      ________
 CVS_1          0.019
 CVS_2          0.027        -0.108
 CVS_3          0.242        -0.755         0.004
 CVS_4          0.542        -0.290         0.280         0.047
 TX             0.035         0.028        -0.213         0.132         0.000


TECHNICAL 1 OUTPUT


     PARAMETER SPECIFICATION


           NU
              CVS_1         CVS_2         CVS_3         CVS_4         TX
              ________      ________      ________      ________      ________
                  0             0             0             0             0


           LAMBDA
              I             S             TX
              ________      ________      ________
 CVS_1              0             0             0
 CVS_2              0             0             0
 CVS_3              0             0             0
 CVS_4              0             0             0
 TX                 0             0             0


           THETA
              CVS_1         CVS_2         CVS_3         CVS_4         TX
              ________      ________      ________      ________      ________
 CVS_1              1
 CVS_2              0             2
 CVS_3              0             0             3
 CVS_4              0             0             0             4
 TX                 0             0             0             0             0


           ALPHA
              I             S             TX
              ________      ________      ________
                  5             6             7


           BETA
              I             S             TX
              ________      ________      ________
 I                  0             0             8
 S                  0             0             9
 TX                 0             0             0


           PSI
              I             S             TX
              ________      ________      ________
 I                 10
 S                 11            12
 TX                 0             0            13


     STARTING VALUES


           NU
              CVS_1         CVS_2         CVS_3         CVS_4         TX
              ________      ________      ________      ________      ________
                0.000         0.000         0.000         0.000         0.000


           LAMBDA
              I             S             TX
              ________      ________      ________
 CVS_1          1.000         0.000         0.000
 CVS_2          1.000         1.000         0.000
 CVS_3          1.000         2.000         0.000
 CVS_4          1.000         3.000         0.000
 TX             0.000         0.000         1.000


           THETA
              CVS_1         CVS_2         CVS_3         CVS_4         TX
              ________      ________      ________      ________      ________
 CVS_1          0.054
 CVS_2          0.000         0.082
 CVS_3          0.000         0.000         0.091
 CVS_4          0.000         0.000         0.000         0.129
 TX             0.000         0.000         0.000         0.000         0.000


           ALPHA
              I             S             TX
              ________      ________      ________
                0.077         0.016         0.000


           BETA
              I             S             TX
              ________      ________      ________
 I              0.000         0.000         0.000
 S              0.000         0.000         0.000
 TX             0.000         0.000         0.000


           PSI
              I             S             TX
              ________      ________      ________
 I              0.119
 S              0.000         0.105
 TX             0.000         0.000         0.125


TECHNICAL 4 OUTPUT


     ESTIMATES DERIVED FROM THE MODEL


           ESTIMATED MEANS FOR THE LATENT VARIABLES
              I             S             TX
              ________      ________      ________
                0.079         0.011         0.530


           S.E. FOR ESTIMATED MEANS FOR THE LATENT VARIABLES
              I             S             TX
              ________      ________      ________
                0.009         0.006         0.148


           EST./S.E. FOR ESTIMATED MEANS FOR THE LATENT VARIABLES
              I             S             TX
              ________      ________      ________
                9.306         1.896         3.581


           TWO-TAILED P-VALUE FOR ESTIMATED MEANS FOR THE LATENT VARIABLES
              I             S             TX
              ________      ________      ________
                0.000         0.058         0.000


           ESTIMATED COVARIANCE MATRIX FOR THE LATENT VARIABLES
              I             S             TX
              ________      ________      ________
 I              0.055
 S             -0.013         0.012
 TX            -0.006         0.000         0.249


           S.E. FOR ESTIMATED COVARIANCE MATRIX FOR THE LATENT VARIABLES
              I             S             TX
              ________      ________      ________
 I              0.016
 S              0.007         0.004
 TX             0.004         0.003         0.009


           EST./S.E. FOR ESTIMATED COVARIANCE MATRIX FOR THE LATENT VARIABLES
              I             S             TX
              ________      ________      ________
 I              3.497
 S             -1.823         3.025
 TX            -1.452        -0.059        27.645


           TWO-TAILED P-VALUE FOR ESTIMATED COVARIANCE MATRIX FOR THE LATENT VARIABLES
              I             S             TX
              ________      ________      ________
 I              0.000
 S              0.068         0.002
 TX             0.147         0.953         0.000


           ESTIMATED CORRELATION MATRIX FOR THE LATENT VARIABLES
              I             S             TX
              ________      ________      ________
 I              1.000
 S             -0.493         1.000
 TX            -0.053        -0.003         1.000


           S.E. FOR ESTIMATED CORRELATION MATRIX FOR THE LATENT VARIABLES
              I             S             TX
              ________      ________      ________
 I              0.000
 S              0.166         0.000
 TX             0.036         0.053         0.000


           EST./S.E. FOR ESTIMATED CORRELATION MATRIX FOR THE LATENT VARIABLES
              I             S             TX
              ________      ________      ________
 I            999.000
 S             -2.973       999.000
 TX            -1.479        -0.059       999.000


           TWO-TAILED P-VALUE FOR ESTIMATED CORRELATION MATRIX FOR THE LATENT VARIABLES
              I             S             TX
              ________      ________      ________
 I              0.000
 S              0.003         0.000
 TX             0.139         0.953         0.000


     Beginning Time:  14:28:01
        Ending Time:  14:28:02
       Elapsed Time:  00:00:01



MUTHEN & MUTHEN
3463 Stoner Ave.
Los Angeles, CA  90066

Tel: (310) 391-9971
Fax: (310) 391-8971
Web: www.StatModel.com
Support: Support@StatModel.com

Copyright (c) 1998-2019 Muthen & Muthen
