Mplus VERSION 8.4
MUTHEN & MUTHEN
07/05/2022   2:28 PM

INPUT INSTRUCTIONS

  TITLE:
  SV Dismissiveness - Tx only;
  DATA:
  FILE = "Mplus/Automatr/TX ONLY/DSVS_TX_ONLY_e6081f1172e4062f98fd7107d28764ce.dat";

  VARIABLE:
  NAMES = ID School Tx DSVS_1 DSVS_2 DSVS_3 DSVS_4;
   MISSING=.;
   IDVARIABLE = ID;
                            CLUSTER = School;
  ANALYSIS:
  TYPE = COMPLEX;
  MODEL:
  i s | DSVS_1@0 DSVS_2@1 DSVS_3@2 DSVS_4@3;
  i s ON Tx;
  [Tx];
  OUTPUT:
  STANDARDIZED CINTERVAL RESIDUAL TECH1 TECH4;



INPUT READING TERMINATED NORMALLY




SV Dismissiveness - Tx only;

SUMMARY OF ANALYSIS

Number of groups                                                 1
Number of observations                                        6461

Number of dependent variables                                    4
Number of independent variables                                  1
Number of continuous latent variables                            2

Observed dependent variables

  Continuous
   DSVS_1      DSVS_2      DSVS_3      DSVS_4

Observed independent variables
   TX

Continuous latent variables
   I           S

Variables with special functions

  Cluster variable      SCHOOL
  ID variable           ID

Estimator                                                      MLR
Information matrix                                        OBSERVED
Maximum number of iterations                                  1000
Convergence criterion                                    0.500D-04
Maximum number of steepest descent iterations                   20
Maximum number of iterations for H1                           2000
Convergence criterion for H1                             0.100D-03

Input data file(s)
  Mplus/Automatr/TX ONLY/DSVS_TX_ONLY_e6081f1172e4062f98fd7107d28764ce.dat

Input data format  FREE


SUMMARY OF DATA

     Number of missing data patterns            16
     Number of clusters                         20



COVARIANCE COVERAGE OF DATA

Minimum covariance coverage value   0.100


     PROPORTION OF DATA PRESENT


           Covariance Coverage
              DSVS_1        DSVS_2        DSVS_3        DSVS_4        TX
              ________      ________      ________      ________      ________
 DSVS_1         0.713
 DSVS_2         0.525         0.655
 DSVS_3         0.451         0.453         0.622
 DSVS_4         0.366         0.371         0.397         0.509
 TX             0.713         0.655         0.622         0.509         1.000



UNIVARIATE SAMPLE STATISTICS


     UNIVARIATE HIGHER-ORDER MOMENT DESCRIPTIVE STATISTICS

         Variable/         Mean/     Skewness/   Minimum/ % with                Percentiles
        Sample Size      Variance    Kurtosis    Maximum  Min/Max      20%/60%    40%/80%    Median

     DSVS_1                0.609       0.796       0.000   17.18%       0.167      0.333      0.500
            4605.000       0.238       0.925       3.000    0.26%       0.667      1.000
     DSVS_2                0.582       1.170       0.000   20.38%       0.000      0.333      0.500
            4230.000       0.266       2.374       3.000    0.59%       0.667      1.000
     DSVS_3                0.562       1.321       0.000   23.35%       0.000      0.333      0.500
            4017.000       0.279       3.053       3.000    0.85%       0.667      1.000
     DSVS_4                0.545       1.522       0.000   25.80%       0.000      0.333      0.333
            3291.000       0.314       3.381       3.000    1.19%       0.500      1.000
     TX                    0.530      -0.122       0.000   46.96%       0.000      0.000      1.000
            6461.000       0.249      -1.985       1.000   53.04%       1.000      1.000


THE MODEL ESTIMATION TERMINATED NORMALLY

     THE STANDARD ERRORS OF THE MODEL PARAMETER ESTIMATES MAY NOT BE
     TRUSTWORTHY FOR SOME PARAMETERS DUE TO A NON-POSITIVE DEFINITE
     FIRST-ORDER DERIVATIVE PRODUCT MATRIX.  THIS MAY BE DUE TO THE STARTING
     VALUES BUT MAY ALSO BE AN INDICATION OF MODEL NONIDENTIFICATION.  THE
     CONDITION NUMBER IS       0.471D-14.  PROBLEM INVOLVING THE FOLLOWING PARAMETER:
     Parameter 13, TX




MODEL FIT INFORMATION

Number of Free Parameters                       13

Loglikelihood

          H0 Value                      -15429.525
          H0 Scaling Correction Factor     48.1915
            for MLR
          H1 Value                      -15421.722
          H1 Scaling Correction Factor     31.9662
            for MLR

Information Criteria

          Akaike (AIC)                   30885.049
          Bayesian (BIC)                 30973.105
          Sample-Size Adjusted BIC       30931.795
            (n* = (n + 2) / 24)

Chi-Square Test of Model Fit

          Value                              8.511*
          Degrees of Freedom                     7
          P-Value                           0.2897
          Scaling Correction Factor         1.8335
            for MLR

*   The chi-square value for MLM, MLMV, MLR, ULSMV, WLSM and WLSMV cannot be used
    for chi-square difference testing in the regular way.  MLM, MLR and WLSM
    chi-square difference testing is described on the Mplus website.  MLMV, WLSMV,
    and ULSMV difference testing is done using the DIFFTEST option.

RMSEA (Root Mean Square Error Of Approximation)

          Estimate                           0.006
          90 Percent C.I.                    0.000  0.017
          Probability RMSEA <= .05           1.000

CFI/TLI

          CFI                                0.999
          TLI                                0.998

Chi-Square Test of Model Fit for the Baseline Model

          Value                           1130.736
          Degrees of Freedom                    10
          P-Value                           0.0000

SRMR (Standardized Root Mean Square Residual)

          Value                              0.014



MODEL RESULTS

                                                    Two-Tailed
                    Estimate       S.E.  Est./S.E.    P-Value

 I        |
    DSVS_1             1.000      0.000    999.000    999.000
    DSVS_2             1.000      0.000    999.000    999.000
    DSVS_3             1.000      0.000    999.000    999.000
    DSVS_4             1.000      0.000    999.000    999.000

 S        |
    DSVS_1             0.000      0.000    999.000    999.000
    DSVS_2             1.000      0.000    999.000    999.000
    DSVS_3             2.000      0.000    999.000    999.000
    DSVS_4             3.000      0.000    999.000    999.000

 I        ON
    TX                -0.083      0.029     -2.803      0.005

 S        ON
    TX                 0.013      0.009      1.521      0.128

 S        WITH
    I                 -0.003      0.003     -1.043      0.297

 Means
    TX                 0.530      0.148      3.581      0.000

 Intercepts
    DSVS_1             0.000      0.000    999.000    999.000
    DSVS_2             0.000      0.000    999.000    999.000
    DSVS_3             0.000      0.000    999.000    999.000
    DSVS_4             0.000      0.000    999.000    999.000
    I                  0.657      0.015     44.798      0.000
    S                 -0.029      0.004     -7.760      0.000

 Variances
    TX                 0.249      0.009     27.645      0.000

 Residual Variances
    DSVS_1             0.114      0.007     15.591      0.000
    DSVS_2             0.132      0.011     12.265      0.000
    DSVS_3             0.142      0.015      9.813      0.000
    DSVS_4             0.148      0.016      9.190      0.000
    I                  0.124      0.007     18.219      0.000
    S                  0.007      0.002      3.375      0.001


STANDARDIZED MODEL RESULTS


STDYX Standardization

                                                    Two-Tailed
                    Estimate       S.E.  Est./S.E.    P-Value

 I        |
    DSVS_1             0.723      0.010     74.501      0.000
    DSVS_2             0.696      0.014     49.340      0.000
    DSVS_3             0.663      0.021     32.328      0.000
    DSVS_4             0.624      0.021     29.590      0.000

 S        |
    DSVS_1             0.000      0.000    999.000    999.000
    DSVS_2             0.169      0.024      6.984      0.000
    DSVS_3             0.322      0.044      7.309      0.000
    DSVS_4             0.455      0.067      6.764      0.000

 I        ON
    TX                -0.116      0.041     -2.818      0.005

 S        ON
    TX                 0.076      0.052      1.452      0.146

 S        WITH
    I                 -0.094      0.079     -1.184      0.236

 Means
    TX                 1.063      0.316      3.363      0.001

 Intercepts
    DSVS_1             0.000      0.000    999.000    999.000
    DSVS_2             0.000      0.000    999.000    999.000
    DSVS_3             0.000      0.000    999.000    999.000
    DSVS_4             0.000      0.000    999.000    999.000
    I                  1.856      0.048     39.084      0.000
    S                 -0.336      0.077     -4.397      0.000

 Variances
    TX                 1.000      0.000    999.000    999.000

 Residual Variances
    DSVS_1             0.477      0.014     33.984      0.000
    DSVS_2             0.511      0.016     31.300      0.000
    DSVS_3             0.500      0.026     19.480      0.000
    DSVS_4             0.460      0.041     11.164      0.000
    I                  0.986      0.010    102.569      0.000
    S                  0.994      0.008    126.140      0.000


STDY Standardization

                                                    Two-Tailed
                    Estimate       S.E.  Est./S.E.    P-Value

 I        |
    DSVS_1             0.723      0.010     74.501      0.000
    DSVS_2             0.696      0.014     49.340      0.000
    DSVS_3             0.663      0.021     32.328      0.000
    DSVS_4             0.624      0.021     29.590      0.000

 S        |
    DSVS_1             0.000      0.000    999.000    999.000
    DSVS_2             0.169      0.024      6.984      0.000
    DSVS_3             0.322      0.044      7.309      0.000
    DSVS_4             0.455      0.067      6.764      0.000

 I        ON
    TX                -0.116      0.041     -2.818      0.005

 S        ON
    TX                 0.076      0.052      1.452      0.146

 S        WITH
    I                 -0.094      0.079     -1.184      0.236

 Means
    TX                 1.063      0.316      3.363      0.001

 Intercepts
    DSVS_1             0.000      0.000    999.000    999.000
    DSVS_2             0.000      0.000    999.000    999.000
    DSVS_3             0.000      0.000    999.000    999.000
    DSVS_4             0.000      0.000    999.000    999.000
    I                  1.856      0.048     39.084      0.000
    S                 -0.336      0.077     -4.397      0.000

 Variances
    TX                 1.000      0.000    999.000    999.000

 Residual Variances
    DSVS_1             0.477      0.014     33.984      0.000
    DSVS_2             0.511      0.016     31.300      0.000
    DSVS_3             0.500      0.026     19.480      0.000
    DSVS_4             0.460      0.041     11.164      0.000
    I                  0.986      0.010    102.569      0.000
    S                  0.994      0.008    126.140      0.000


STD Standardization

                                                    Two-Tailed
                    Estimate       S.E.  Est./S.E.    P-Value

 I        |
    DSVS_1             0.354      0.010     35.255      0.000
    DSVS_2             0.354      0.010     35.255      0.000
    DSVS_3             0.354      0.010     35.255      0.000
    DSVS_4             0.354      0.010     35.255      0.000

 S        |
    DSVS_1             0.000      0.000    999.000    999.000
    DSVS_2             0.086      0.013      6.800      0.000
    DSVS_3             0.172      0.025      6.800      0.000
    DSVS_4             0.258      0.038      6.800      0.000

 I        ON
    TX                -0.233      0.081     -2.870      0.004

 S        ON
    TX                 0.152      0.103      1.468      0.142

 S        WITH
    I                 -0.094      0.079     -1.184      0.236

 Means
    TX                 0.530      0.148      3.581      0.000

 Intercepts
    DSVS_1             0.000      0.000    999.000    999.000
    DSVS_2             0.000      0.000    999.000    999.000
    DSVS_3             0.000      0.000    999.000    999.000
    DSVS_4             0.000      0.000    999.000    999.000
    I                  1.856      0.048     39.084      0.000
    S                 -0.336      0.077     -4.397      0.000

 Variances
    TX                 0.249      0.009     27.645      0.000

 Residual Variances
    DSVS_1             0.114      0.007     15.591      0.000
    DSVS_2             0.132      0.011     12.265      0.000
    DSVS_3             0.142      0.015      9.813      0.000
    DSVS_4             0.148      0.016      9.190      0.000
    I                  0.986      0.010    102.569      0.000
    S                  0.994      0.008    126.140      0.000


R-SQUARE

    Observed                                        Two-Tailed
    Variable        Estimate       S.E.  Est./S.E.    P-Value

    DSVS_1             0.523      0.014     37.251      0.000
    DSVS_2             0.489      0.016     29.967      0.000
    DSVS_3             0.500      0.026     19.485      0.000
    DSVS_4             0.540      0.041     13.082      0.000

     Latent                                         Two-Tailed
    Variable        Estimate       S.E.  Est./S.E.    P-Value

    I                  0.014      0.010      1.409      0.159
    S                  0.006      0.008      0.726      0.468


QUALITY OF NUMERICAL RESULTS

     Condition Number for the Information Matrix              0.143E-02
       (ratio of smallest to largest eigenvalue)


CONFIDENCE INTERVALS OF MODEL RESULTS

                  Lower .5%  Lower 2.5%    Lower 5%    Estimate    Upper 5%  Upper 2.5%   Upper .5%

 I        |
    DSVS_1           1.000       1.000       1.000       1.000       1.000       1.000       1.000
    DSVS_2           1.000       1.000       1.000       1.000       1.000       1.000       1.000
    DSVS_3           1.000       1.000       1.000       1.000       1.000       1.000       1.000
    DSVS_4           1.000       1.000       1.000       1.000       1.000       1.000       1.000

 S        |
    DSVS_1           0.000       0.000       0.000       0.000       0.000       0.000       0.000
    DSVS_2           1.000       1.000       1.000       1.000       1.000       1.000       1.000
    DSVS_3           2.000       2.000       2.000       2.000       2.000       2.000       2.000
    DSVS_4           3.000       3.000       3.000       3.000       3.000       3.000       3.000

 I        ON
    TX              -0.158      -0.140      -0.131      -0.083      -0.034      -0.025      -0.007

 S        ON
    TX              -0.009      -0.004      -0.001       0.013       0.027       0.030       0.035

 S        WITH
    I               -0.010      -0.008      -0.007      -0.003       0.002       0.002       0.004

 Means
    TX               0.149       0.240       0.287       0.530       0.774       0.821       0.912

 Intercepts
    DSVS_1           0.000       0.000       0.000       0.000       0.000       0.000       0.000
    DSVS_2           0.000       0.000       0.000       0.000       0.000       0.000       0.000
    DSVS_3           0.000       0.000       0.000       0.000       0.000       0.000       0.000
    DSVS_4           0.000       0.000       0.000       0.000       0.000       0.000       0.000
    I                0.619       0.628       0.633       0.657       0.681       0.686       0.695
    S               -0.039      -0.036      -0.035      -0.029      -0.023      -0.022      -0.019

 Variances
    TX               0.226       0.231       0.234       0.249       0.264       0.267       0.272

 Residual Variances
    DSVS_1           0.095       0.100       0.102       0.114       0.126       0.129       0.133
    DSVS_2           0.104       0.111       0.114       0.132       0.150       0.153       0.160
    DSVS_3           0.105       0.114       0.119       0.142       0.166       0.171       0.180
    DSVS_4           0.106       0.116       0.121       0.148       0.174       0.179       0.189
    I                0.106       0.110       0.112       0.124       0.135       0.137       0.141
    S                0.002       0.003       0.004       0.007       0.011       0.012       0.013


CONFIDENCE INTERVALS OF STANDARDIZED MODEL RESULTS


STDYX Standardization

                  Lower .5%  Lower 2.5%    Lower 5%    Estimate    Upper 5%  Upper 2.5%   Upper .5%

 I        |
    DSVS_1           0.698       0.704       0.707       0.723       0.739       0.742       0.748
    DSVS_2           0.660       0.668       0.673       0.696       0.719       0.724       0.732
    DSVS_3           0.610       0.623       0.629       0.663       0.697       0.703       0.716
    DSVS_4           0.570       0.583       0.590       0.624       0.659       0.666       0.679

 S        |
    DSVS_1           0.000       0.000       0.000       0.000       0.000       0.000       0.000
    DSVS_2           0.107       0.122       0.129       0.169       0.209       0.217       0.232
    DSVS_3           0.209       0.236       0.250       0.322       0.395       0.409       0.436
    DSVS_4           0.282       0.323       0.345       0.455       0.566       0.587       0.629

 I        ON
    TX              -0.223      -0.197      -0.184      -0.116      -0.048      -0.035      -0.010

 S        ON
    TX              -0.059      -0.026      -0.010       0.076       0.161       0.178       0.210

 S        WITH
    I               -0.298      -0.249      -0.224      -0.094       0.037       0.061       0.110

 Means
    TX               0.249       0.443       0.543       1.063       1.583       1.682       1.877

 Intercepts
    DSVS_1           0.000       0.000       0.000       0.000       0.000       0.000       0.000
    DSVS_2           0.000       0.000       0.000       0.000       0.000       0.000       0.000
    DSVS_3           0.000       0.000       0.000       0.000       0.000       0.000       0.000
    DSVS_4           0.000       0.000       0.000       0.000       0.000       0.000       0.000
    I                1.734       1.763       1.778       1.856       1.935       1.950       1.979
    S               -0.533      -0.486      -0.462      -0.336      -0.211      -0.186      -0.139

 Variances
    TX               1.000       1.000       1.000       1.000       1.000       1.000       1.000

 Residual Variances
    DSVS_1           0.441       0.450       0.454       0.477       0.500       0.505       0.513
    DSVS_2           0.469       0.479       0.484       0.511       0.538       0.543       0.553
    DSVS_3           0.434       0.450       0.458       0.500       0.542       0.550       0.566
    DSVS_4           0.354       0.380       0.393       0.460       0.528       0.541       0.567
    I                0.962       0.968       0.971       0.986       1.002       1.005       1.011
    S                0.974       0.979       0.981       0.994       1.007       1.010       1.015


STDY Standardization

                  Lower .5%  Lower 2.5%    Lower 5%    Estimate    Upper 5%  Upper 2.5%   Upper .5%

 I        |
    DSVS_1           0.698       0.704       0.707       0.723       0.739       0.742       0.748
    DSVS_2           0.660       0.668       0.673       0.696       0.719       0.724       0.732
    DSVS_3           0.610       0.623       0.629       0.663       0.697       0.703       0.716
    DSVS_4           0.570       0.583       0.590       0.624       0.659       0.666       0.679

 S        |
    DSVS_1           0.000       0.000       0.000       0.000       0.000       0.000       0.000
    DSVS_2           0.107       0.122       0.129       0.169       0.209       0.217       0.232
    DSVS_3           0.209       0.236       0.250       0.322       0.395       0.409       0.436
    DSVS_4           0.282       0.323       0.345       0.455       0.566       0.587       0.629

 I        ON
    TX              -0.223      -0.197      -0.184      -0.116      -0.048      -0.035      -0.010

 S        ON
    TX              -0.059      -0.026      -0.010       0.076       0.161       0.178       0.210

 S        WITH
    I               -0.298      -0.249      -0.224      -0.094       0.037       0.061       0.110

 Means
    TX               0.249       0.443       0.543       1.063       1.583       1.682       1.877

 Intercepts
    DSVS_1           0.000       0.000       0.000       0.000       0.000       0.000       0.000
    DSVS_2           0.000       0.000       0.000       0.000       0.000       0.000       0.000
    DSVS_3           0.000       0.000       0.000       0.000       0.000       0.000       0.000
    DSVS_4           0.000       0.000       0.000       0.000       0.000       0.000       0.000
    I                1.734       1.763       1.778       1.856       1.935       1.950       1.979
    S               -0.533      -0.486      -0.462      -0.336      -0.211      -0.186      -0.139

 Variances
    TX               1.000       1.000       1.000       1.000       1.000       1.000       1.000

 Residual Variances
    DSVS_1           0.441       0.450       0.454       0.477       0.500       0.505       0.513
    DSVS_2           0.469       0.479       0.484       0.511       0.538       0.543       0.553
    DSVS_3           0.434       0.450       0.458       0.500       0.542       0.550       0.566
    DSVS_4           0.354       0.380       0.393       0.460       0.528       0.541       0.567
    I                0.962       0.968       0.971       0.986       1.002       1.005       1.011
    S                0.974       0.979       0.981       0.994       1.007       1.010       1.015


STD Standardization

                  Lower .5%  Lower 2.5%    Lower 5%    Estimate    Upper 5%  Upper 2.5%   Upper .5%

 I        |
    DSVS_1           0.328       0.334       0.337       0.354       0.370       0.374       0.380
    DSVS_2           0.328       0.334       0.337       0.354       0.370       0.374       0.380
    DSVS_3           0.328       0.334       0.337       0.354       0.370       0.374       0.380
    DSVS_4           0.328       0.334       0.337       0.354       0.370       0.374       0.380

 S        |
    DSVS_1           0.000       0.000       0.000       0.000       0.000       0.000       0.000
    DSVS_2           0.053       0.061       0.065       0.086       0.107       0.111       0.119
    DSVS_3           0.107       0.122       0.130       0.172       0.214       0.222       0.237
    DSVS_4           0.160       0.184       0.196       0.258       0.320       0.332       0.356

 I        ON
    TX              -0.443      -0.393      -0.367      -0.233      -0.100      -0.074      -0.024

 S        ON
    TX              -0.114      -0.051      -0.018       0.152       0.321       0.354       0.418

 S        WITH
    I               -0.298      -0.249      -0.224      -0.094       0.037       0.061       0.110

 Means
    TX               0.149       0.240       0.287       0.530       0.774       0.821       0.912

 Intercepts
    DSVS_1           0.000       0.000       0.000       0.000       0.000       0.000       0.000
    DSVS_2           0.000       0.000       0.000       0.000       0.000       0.000       0.000
    DSVS_3           0.000       0.000       0.000       0.000       0.000       0.000       0.000
    DSVS_4           0.000       0.000       0.000       0.000       0.000       0.000       0.000
    I                1.734       1.763       1.778       1.856       1.935       1.950       1.979
    S               -0.533      -0.486      -0.462      -0.336      -0.211      -0.186      -0.139

 Variances
    TX               0.226       0.231       0.234       0.249       0.264       0.267       0.272

 Residual Variances
    DSVS_1           0.095       0.100       0.102       0.114       0.126       0.129       0.133
    DSVS_2           0.104       0.111       0.114       0.132       0.150       0.153       0.160
    DSVS_3           0.105       0.114       0.119       0.142       0.166       0.171       0.180
    DSVS_4           0.106       0.116       0.121       0.148       0.174       0.179       0.189
    I                0.962       0.968       0.971       0.986       1.002       1.005       1.011
    S                0.974       0.979       0.981       0.994       1.007       1.010       1.015


RESIDUAL OUTPUT


     ESTIMATED MODEL AND RESIDUALS (OBSERVED - ESTIMATED)


           Model Estimated Means
              DSVS_1        DSVS_2        DSVS_3        DSVS_4        TX
              ________      ________      ________      ________      ________
                0.613         0.591         0.569         0.547         0.530


           Residuals for Means
              DSVS_1        DSVS_2        DSVS_3        DSVS_4        TX
              ________      ________      ________      ________      ________
                0.002        -0.004         0.001         0.001         0.000


           Standardized Residuals (z-scores) for Means
              DSVS_1        DSVS_2        DSVS_3        DSVS_4        TX
              ________      ________      ________      ________      ________
                0.434        -0.603         0.199         0.114         0.000


           Normalized Residuals for Means
              DSVS_1        DSVS_2        DSVS_3        DSVS_4        TX
              ________      ________      ________      ________      ________
                0.108        -0.249         0.047         0.062         0.000


           Model Estimated Covariances
              DSVS_1        DSVS_2        DSVS_3        DSVS_4        TX
              ________      ________      ________      ________      ________
 DSVS_1         0.239
 DSVS_2         0.122         0.258
 DSVS_3         0.119         0.131         0.285
 DSVS_4         0.116         0.135         0.154         0.321
 TX            -0.021        -0.017        -0.014        -0.011         0.249


           Model Estimated Correlations
              DSVS_1        DSVS_2        DSVS_3        DSVS_4        TX
              ________      ________      ________      ________      ________
 DSVS_1         1.000
 DSVS_2         0.491         1.000
 DSVS_3         0.456         0.482         1.000
 DSVS_4         0.418         0.469         0.510         1.000
 TX            -0.084        -0.068        -0.053        -0.038         1.000


           Residuals for Covariances
              DSVS_1        DSVS_2        DSVS_3        DSVS_4        TX
              ________      ________      ________      ________      ________
 DSVS_1        -0.003
 DSVS_2         0.002         0.007
 DSVS_3        -0.005         0.007        -0.002
 DSVS_4        -0.005         0.006        -0.006        -0.003
 TX             0.000        -0.002         0.006        -0.004         0.000


           Residuals for Correlations
              DSVS_1        DSVS_2        DSVS_3        DSVS_4        TX
              ________      ________      ________      ________      ________
 DSVS_1         0.000
 DSVS_2         0.003         0.000
 DSVS_3        -0.015         0.022         0.000
 DSVS_4        -0.015         0.018        -0.015         0.000
 TX            -0.002        -0.008         0.021        -0.014         0.000


           Standardized Residuals (z-scores) for Covariances
              DSVS_1        DSVS_2        DSVS_3        DSVS_4        TX
              ________      ________      ________      ________      ________
 DSVS_1        -0.630
 DSVS_2         0.556       999.000
 DSVS_3        -2.694       999.000       999.000
 DSVS_4        -1.514         0.723        -3.577        -0.464
 TX            -0.130        -1.234         1.794        -0.983         0.000


           Normalized Residuals for Covariances
              DSVS_1        DSVS_2        DSVS_3        DSVS_4        TX
              ________      ________      ________      ________      ________
 DSVS_1        -0.211
 DSVS_2         0.245         0.499
 DSVS_3        -0.824         1.536        -0.126
 DSVS_4        -0.718         0.615        -0.680        -0.212
 TX            -0.038        -0.350         0.902        -0.566         0.000


TECHNICAL 1 OUTPUT


     PARAMETER SPECIFICATION


           NU
              DSVS_1        DSVS_2        DSVS_3        DSVS_4        TX
              ________      ________      ________      ________      ________
                  0             0             0             0             0


           LAMBDA
              I             S             TX
              ________      ________      ________
 DSVS_1             0             0             0
 DSVS_2             0             0             0
 DSVS_3             0             0             0
 DSVS_4             0             0             0
 TX                 0             0             0


           THETA
              DSVS_1        DSVS_2        DSVS_3        DSVS_4        TX
              ________      ________      ________      ________      ________
 DSVS_1             1
 DSVS_2             0             2
 DSVS_3             0             0             3
 DSVS_4             0             0             0             4
 TX                 0             0             0             0             0


           ALPHA
              I             S             TX
              ________      ________      ________
                  5             6             7


           BETA
              I             S             TX
              ________      ________      ________
 I                  0             0             8
 S                  0             0             9
 TX                 0             0             0


           PSI
              I             S             TX
              ________      ________      ________
 I                 10
 S                 11            12
 TX                 0             0            13


     STARTING VALUES


           NU
              DSVS_1        DSVS_2        DSVS_3        DSVS_4        TX
              ________      ________      ________      ________      ________
                0.000         0.000         0.000         0.000         0.000


           LAMBDA
              I             S             TX
              ________      ________      ________
 DSVS_1         1.000         0.000         0.000
 DSVS_2         1.000         1.000         0.000
 DSVS_3         1.000         2.000         0.000
 DSVS_4         1.000         3.000         0.000
 TX             0.000         0.000         1.000


           THETA
              DSVS_1        DSVS_2        DSVS_3        DSVS_4        TX
              ________      ________      ________      ________      ________
 DSVS_1         0.119
 DSVS_2         0.000         0.133
 DSVS_3         0.000         0.000         0.139
 DSVS_4         0.000         0.000         0.000         0.157
 TX             0.000         0.000         0.000         0.000         0.000


           ALPHA
              I             S             TX
              ________      ________      ________
                0.615        -0.032         0.000


           BETA
              I             S             TX
              ________      ________      ________
 I              0.000         0.000         0.000
 S              0.000         0.000         0.000
 TX             0.000         0.000         0.000


           PSI
              I             S             TX
              ________      ________      ________
 I              0.249
 S              0.000         0.120
 TX             0.000         0.000         0.125


TECHNICAL 4 OUTPUT


     ESTIMATES DERIVED FROM THE MODEL


           ESTIMATED MEANS FOR THE LATENT VARIABLES
              I             S             TX
              ________      ________      ________
                0.613        -0.022         0.530


           S.E. FOR ESTIMATED MEANS FOR THE LATENT VARIABLES
              I             S             TX
              ________      ________      ________
                0.017         0.004         0.148


           EST./S.E. FOR ESTIMATED MEANS FOR THE LATENT VARIABLES
              I             S             TX
              ________      ________      ________
               36.455        -5.046         3.581


           TWO-TAILED P-VALUE FOR ESTIMATED MEANS FOR THE LATENT VARIABLES
              I             S             TX
              ________      ________      ________
                0.000         0.000         0.000


           ESTIMATED COVARIANCE MATRIX FOR THE LATENT VARIABLES
              I             S             TX
              ________      ________      ________
 I              0.125
 S             -0.003         0.007
 TX            -0.021         0.003         0.249


           S.E. FOR ESTIMATED COVARIANCE MATRIX FOR THE LATENT VARIABLES
              I             S             TX
              ________      ________      ________
 I              0.007
 S              0.003         0.002
 TX             0.008         0.002         0.009


           EST./S.E. FOR ESTIMATED COVARIANCE MATRIX FOR THE LATENT VARIABLES
              I             S             TX
              ________      ________      ________
 I             17.628
 S             -1.152         3.400
 TX            -2.693         1.485        27.645


           TWO-TAILED P-VALUE FOR ESTIMATED COVARIANCE MATRIX FOR THE LATENT VARIABLES
              I             S             TX
              ________      ________      ________
 I              0.000
 S              0.249         0.001
 TX             0.007         0.138         0.000


           ESTIMATED CORRELATION MATRIX FOR THE LATENT VARIABLES
              I             S             TX
              ________      ________      ________
 I              1.000
 S             -0.102         1.000
 TX            -0.116         0.076         1.000


           S.E. FOR ESTIMATED CORRELATION MATRIX FOR THE LATENT VARIABLES
              I             S             TX
              ________      ________      ________
 I              0.000
 S              0.077         0.000
 TX             0.041         0.052         0.000


           EST./S.E. FOR ESTIMATED CORRELATION MATRIX FOR THE LATENT VARIABLES
              I             S             TX
              ________      ________      ________
 I            999.000
 S             -1.322       999.000
 TX            -2.818         1.452       999.000


           TWO-TAILED P-VALUE FOR ESTIMATED CORRELATION MATRIX FOR THE LATENT VARIABLES
              I             S             TX
              ________      ________      ________
 I              0.000
 S              0.186         0.000
 TX             0.005         0.146         0.000


     Beginning Time:  14:28:07
        Ending Time:  14:28:08
       Elapsed Time:  00:00:01



MUTHEN & MUTHEN
3463 Stoner Ave.
Los Angeles, CA  90066

Tel: (310) 391-9971
Fax: (310) 391-8971
Web: www.StatModel.com
Support: Support@StatModel.com

Copyright (c) 1998-2019 Muthen & Muthen
