Mplus VERSION 8.4
MUTHEN & MUTHEN
07/05/2022   2:27 PM

INPUT INSTRUCTIONS

  TITLE:
  SH Perpetration - Tx only;
  DATA:
  FILE = "Mplus/Automatr/TX ONLY/NCPS_TX_ONLY_1c00017f4dde947f0f10fe17fedddddf.dat";

  VARIABLE:
  NAMES = ID School Tx NCPS_1 NCPS_2 NCPS_3 NCPS_4;
   MISSING=.;
   IDVARIABLE = ID;
                            CLUSTER = School;
  ANALYSIS:
  TYPE = COMPLEX;
  MODEL:
  i s | NCPS_1@0 NCPS_2@1 NCPS_3@2 NCPS_4@3;
  i s ON Tx;
  [Tx];
  OUTPUT:
  STANDARDIZED CINTERVAL RESIDUAL TECH1 TECH4;



INPUT READING TERMINATED NORMALLY




SH Perpetration - Tx only;

SUMMARY OF ANALYSIS

Number of groups                                                 1
Number of observations                                        6461

Number of dependent variables                                    4
Number of independent variables                                  1
Number of continuous latent variables                            2

Observed dependent variables

  Continuous
   NCPS_1      NCPS_2      NCPS_3      NCPS_4

Observed independent variables
   TX

Continuous latent variables
   I           S

Variables with special functions

  Cluster variable      SCHOOL
  ID variable           ID

Estimator                                                      MLR
Information matrix                                        OBSERVED
Maximum number of iterations                                  1000
Convergence criterion                                    0.500D-04
Maximum number of steepest descent iterations                   20
Maximum number of iterations for H1                           2000
Convergence criterion for H1                             0.100D-03

Input data file(s)
  Mplus/Automatr/TX ONLY/NCPS_TX_ONLY_1c00017f4dde947f0f10fe17fedddddf.dat

Input data format  FREE


SUMMARY OF DATA

     Number of missing data patterns            16
     Number of clusters                         20



COVARIANCE COVERAGE OF DATA

Minimum covariance coverage value   0.100


     PROPORTION OF DATA PRESENT


           Covariance Coverage
              NCPS_1        NCPS_2        NCPS_3        NCPS_4        TX
              ________      ________      ________      ________      ________
 NCPS_1         0.721
 NCPS_2         0.535         0.660
 NCPS_3         0.459         0.460         0.628
 NCPS_4         0.374         0.377         0.404         0.516
 TX             0.721         0.660         0.628         0.516         1.000



UNIVARIATE SAMPLE STATISTICS


     UNIVARIATE HIGHER-ORDER MOMENT DESCRIPTIVE STATISTICS

         Variable/         Mean/     Skewness/   Minimum/ % with                Percentiles
        Sample Size      Variance    Kurtosis    Maximum  Min/Max      20%/60%    40%/80%    Median

     NCPS_1                0.137       5.112       0.000   79.21%       0.000      0.000      0.000
            4656.000       0.164      34.523       4.000    0.30%       0.000      0.250
     NCPS_2                0.152       5.190       0.000   80.52%       0.000      0.000      0.000
            4266.000       0.229      32.712       4.000    0.68%       0.000      0.000
     NCPS_3                0.132       5.772       0.000   83.46%       0.000      0.000      0.000
            4056.000       0.226      38.854       4.000    0.81%       0.000      0.000
     NCPS_4                0.168       4.938       0.000   82.08%       0.000      0.000      0.000
            3331.000       0.312      27.447       4.000    1.14%       0.000      0.000
     TX                    0.530      -0.122       0.000   46.96%       0.000      0.000      1.000
            6461.000       0.249      -1.985       1.000   53.04%       1.000      1.000


THE MODEL ESTIMATION TERMINATED NORMALLY

     THE STANDARD ERRORS OF THE MODEL PARAMETER ESTIMATES MAY NOT BE
     TRUSTWORTHY FOR SOME PARAMETERS DUE TO A NON-POSITIVE DEFINITE
     FIRST-ORDER DERIVATIVE PRODUCT MATRIX.  THIS MAY BE DUE TO THE STARTING
     VALUES BUT MAY ALSO BE AN INDICATION OF MODEL NONIDENTIFICATION.  THE
     CONDITION NUMBER IS       0.729D-16.  PROBLEM INVOLVING THE FOLLOWING PARAMETER:
     Parameter 13, TX




MODEL FIT INFORMATION

Number of Free Parameters                       13

Loglikelihood

          H0 Value                      -14869.819
          H0 Scaling Correction Factor     60.5107
            for MLR
          H1 Value                      -14854.957
          H1 Scaling Correction Factor     40.4808
            for MLR

Information Criteria

          Akaike (AIC)                   29765.638
          Bayesian (BIC)                 29853.694
          Sample-Size Adjusted BIC       29812.383
            (n* = (n + 2) / 24)

Chi-Square Test of Model Fit

          Value                              9.055*
          Degrees of Freedom                     7
          P-Value                           0.2487
          Scaling Correction Factor         3.2825
            for MLR

*   The chi-square value for MLM, MLMV, MLR, ULSMV, WLSM and WLSMV cannot be used
    for chi-square difference testing in the regular way.  MLM, MLR and WLSM
    chi-square difference testing is described on the Mplus website.  MLMV, WLSMV,
    and ULSMV difference testing is done using the DIFFTEST option.

RMSEA (Root Mean Square Error Of Approximation)

          Estimate                           0.007
          90 Percent C.I.                    0.000  0.018
          Probability RMSEA <= .05           1.000

CFI/TLI

          CFI                                0.994
          TLI                                0.991

Chi-Square Test of Model Fit for the Baseline Model

          Value                            331.735
          Degrees of Freedom                    10
          P-Value                           0.0000

SRMR (Standardized Root Mean Square Residual)

          Value                              0.020



MODEL RESULTS

                                                    Two-Tailed
                    Estimate       S.E.  Est./S.E.    P-Value

 I        |
    NCPS_1             1.000      0.000    999.000    999.000
    NCPS_2             1.000      0.000    999.000    999.000
    NCPS_3             1.000      0.000    999.000    999.000
    NCPS_4             1.000      0.000    999.000    999.000

 S        |
    NCPS_1             0.000      0.000    999.000    999.000
    NCPS_2             1.000      0.000    999.000    999.000
    NCPS_3             2.000      0.000    999.000    999.000
    NCPS_4             3.000      0.000    999.000    999.000

 I        ON
    TX                -0.044      0.020     -2.257      0.024

 S        ON
    TX                -0.002      0.013     -0.171      0.864

 S        WITH
    I                 -0.014      0.006     -2.309      0.021

 Means
    TX                 0.530      0.148      3.581      0.000

 Intercepts
    NCPS_1             0.000      0.000    999.000    999.000
    NCPS_2             0.000      0.000    999.000    999.000
    NCPS_3             0.000      0.000    999.000    999.000
    NCPS_4             0.000      0.000    999.000    999.000
    I                  0.160      0.018      8.869      0.000
    S                  0.009      0.011      0.807      0.420

 Variances
    TX                 0.249      0.009     27.645      0.000

 Residual Variances
    NCPS_1             0.080      0.015      5.232      0.000
    NCPS_2             0.153      0.025      6.148      0.000
    NCPS_3             0.154      0.028      5.546      0.000
    NCPS_4             0.202      0.035      5.764      0.000
    I                  0.084      0.018      4.740      0.000
    S                  0.013      0.004      3.358      0.001


STANDARDIZED MODEL RESULTS


STDYX Standardization

                                                    Two-Tailed
                    Estimate       S.E.  Est./S.E.    P-Value

 I        |
    NCPS_1             0.715      0.042     16.873      0.000
    NCPS_2             0.614      0.048     12.838      0.000
    NCPS_3             0.600      0.057     10.598      0.000
    NCPS_4             0.515      0.061      8.464      0.000

 S        |
    NCPS_1             0.000      0.000    999.000    999.000
    NCPS_2             0.238      0.030      7.984      0.000
    NCPS_3             0.465      0.046     10.154      0.000
    NCPS_4             0.599      0.082      7.267      0.000

 I        ON
    TX                -0.076      0.030     -2.565      0.010

 S        ON
    TX                -0.010      0.057     -0.171      0.864

 S        WITH
    I                 -0.425      0.113     -3.773      0.000

 Means
    TX                 1.063      0.316      3.363      0.001

 Intercepts
    NCPS_1             0.000      0.000    999.000    999.000
    NCPS_2             0.000      0.000    999.000    999.000
    NCPS_3             0.000      0.000    999.000    999.000
    NCPS_4             0.000      0.000    999.000    999.000
    I                  0.552      0.051     10.880      0.000
    S                  0.079      0.095      0.832      0.405

 Variances
    TX                 1.000      0.000    999.000    999.000

 Residual Variances
    NCPS_1             0.489      0.061      8.083      0.000
    NCPS_2             0.690      0.029     23.923      0.000
    NCPS_3             0.660      0.031     21.138      0.000
    NCPS_4             0.637      0.072      8.900      0.000
    I                  0.994      0.005    218.218      0.000
    S                  1.000      0.001    906.177      0.000


STDY Standardization

                                                    Two-Tailed
                    Estimate       S.E.  Est./S.E.    P-Value

 I        |
    NCPS_1             0.715      0.042     16.873      0.000
    NCPS_2             0.614      0.048     12.838      0.000
    NCPS_3             0.600      0.057     10.598      0.000
    NCPS_4             0.515      0.061      8.464      0.000

 S        |
    NCPS_1             0.000      0.000    999.000    999.000
    NCPS_2             0.238      0.030      7.984      0.000
    NCPS_3             0.465      0.046     10.154      0.000
    NCPS_4             0.599      0.082      7.267      0.000

 I        ON
    TX                -0.076      0.030     -2.565      0.010

 S        ON
    TX                -0.010      0.057     -0.171      0.864

 S        WITH
    I                 -0.425      0.113     -3.773      0.000

 Means
    TX                 1.063      0.316      3.363      0.001

 Intercepts
    NCPS_1             0.000      0.000    999.000    999.000
    NCPS_2             0.000      0.000    999.000    999.000
    NCPS_3             0.000      0.000    999.000    999.000
    NCPS_4             0.000      0.000    999.000    999.000
    I                  0.552      0.051     10.880      0.000
    S                  0.079      0.095      0.832      0.405

 Variances
    TX                 1.000      0.000    999.000    999.000

 Residual Variances
    NCPS_1             0.489      0.061      8.083      0.000
    NCPS_2             0.690      0.029     23.923      0.000
    NCPS_3             0.660      0.031     21.138      0.000
    NCPS_4             0.637      0.072      8.900      0.000
    I                  0.994      0.005    218.218      0.000
    S                  1.000      0.001    906.177      0.000


STD Standardization

                                                    Two-Tailed
                    Estimate       S.E.  Est./S.E.    P-Value

 I        |
    NCPS_1             0.290      0.031      9.394      0.000
    NCPS_2             0.290      0.031      9.394      0.000
    NCPS_3             0.290      0.031      9.394      0.000
    NCPS_4             0.290      0.031      9.394      0.000

 S        |
    NCPS_1             0.000      0.000    999.000    999.000
    NCPS_2             0.112      0.017      6.716      0.000
    NCPS_3             0.225      0.033      6.716      0.000
    NCPS_4             0.337      0.050      6.716      0.000

 I        ON
    TX                -0.153      0.060     -2.568      0.010

 S        ON
    TX                -0.019      0.114     -0.171      0.864

 S        WITH
    I                 -0.425      0.113     -3.773      0.000

 Means
    TX                 0.530      0.148      3.581      0.000

 Intercepts
    NCPS_1             0.000      0.000    999.000    999.000
    NCPS_2             0.000      0.000    999.000    999.000
    NCPS_3             0.000      0.000    999.000    999.000
    NCPS_4             0.000      0.000    999.000    999.000
    I                  0.552      0.051     10.880      0.000
    S                  0.079      0.095      0.832      0.405

 Variances
    TX                 0.249      0.009     27.645      0.000

 Residual Variances
    NCPS_1             0.080      0.015      5.232      0.000
    NCPS_2             0.153      0.025      6.148      0.000
    NCPS_3             0.154      0.028      5.546      0.000
    NCPS_4             0.202      0.035      5.764      0.000
    I                  0.994      0.005    218.218      0.000
    S                  1.000      0.001    906.177      0.000


R-SQUARE

    Observed                                        Two-Tailed
    Variable        Estimate       S.E.  Est./S.E.    P-Value

    NCPS_1             0.511      0.061      8.436      0.000
    NCPS_2             0.310      0.029     10.770      0.000
    NCPS_3             0.340      0.031     10.887      0.000
    NCPS_4             0.363      0.072      5.077      0.000

     Latent                                         Two-Tailed
    Variable        Estimate       S.E.  Est./S.E.    P-Value

    I                  0.006      0.005      1.282      0.200
    S                  0.000      0.001      0.085      0.932


QUALITY OF NUMERICAL RESULTS

     Condition Number for the Information Matrix              0.149E-02
       (ratio of smallest to largest eigenvalue)


CONFIDENCE INTERVALS OF MODEL RESULTS

                  Lower .5%  Lower 2.5%    Lower 5%    Estimate    Upper 5%  Upper 2.5%   Upper .5%

 I        |
    NCPS_1           1.000       1.000       1.000       1.000       1.000       1.000       1.000
    NCPS_2           1.000       1.000       1.000       1.000       1.000       1.000       1.000
    NCPS_3           1.000       1.000       1.000       1.000       1.000       1.000       1.000
    NCPS_4           1.000       1.000       1.000       1.000       1.000       1.000       1.000

 S        |
    NCPS_1           0.000       0.000       0.000       0.000       0.000       0.000       0.000
    NCPS_2           1.000       1.000       1.000       1.000       1.000       1.000       1.000
    NCPS_3           2.000       2.000       2.000       2.000       2.000       2.000       2.000
    NCPS_4           3.000       3.000       3.000       3.000       3.000       3.000       3.000

 I        ON
    TX              -0.095      -0.083      -0.077      -0.044      -0.012      -0.006       0.006

 S        ON
    TX              -0.035      -0.027      -0.023      -0.002       0.019       0.023       0.031

 S        WITH
    I               -0.029      -0.025      -0.024      -0.014      -0.004      -0.002       0.002

 Means
    TX               0.149       0.240       0.287       0.530       0.774       0.821       0.912

 Intercepts
    NCPS_1           0.000       0.000       0.000       0.000       0.000       0.000       0.000
    NCPS_2           0.000       0.000       0.000       0.000       0.000       0.000       0.000
    NCPS_3           0.000       0.000       0.000       0.000       0.000       0.000       0.000
    NCPS_4           0.000       0.000       0.000       0.000       0.000       0.000       0.000
    I                0.114       0.125       0.130       0.160       0.190       0.195       0.207
    S               -0.019      -0.013      -0.009       0.009       0.027       0.030       0.037

 Variances
    TX               0.226       0.231       0.234       0.249       0.264       0.267       0.272

 Residual Variances
    NCPS_1           0.041       0.050       0.055       0.080       0.106       0.111       0.120
    NCPS_2           0.089       0.105       0.112       0.153       0.195       0.202       0.218
    NCPS_3           0.083       0.100       0.108       0.154       0.200       0.209       0.226
    NCPS_4           0.112       0.133       0.144       0.202       0.259       0.270       0.292
    I                0.038       0.049       0.055       0.084       0.112       0.118       0.129
    S                0.003       0.005       0.006       0.013       0.019       0.020       0.022


CONFIDENCE INTERVALS OF STANDARDIZED MODEL RESULTS


STDYX Standardization

                  Lower .5%  Lower 2.5%    Lower 5%    Estimate    Upper 5%  Upper 2.5%   Upper .5%

 I        |
    NCPS_1           0.606       0.632       0.645       0.715       0.784       0.798       0.824
    NCPS_2           0.491       0.521       0.536       0.614       0.693       0.708       0.738
    NCPS_3           0.454       0.489       0.507       0.600       0.693       0.710       0.745
    NCPS_4           0.358       0.396       0.415       0.515       0.615       0.634       0.672

 S        |
    NCPS_1           0.000       0.000       0.000       0.000       0.000       0.000       0.000
    NCPS_2           0.161       0.180       0.189       0.238       0.287       0.297       0.315
    NCPS_3           0.347       0.375       0.390       0.465       0.540       0.555       0.583
    NCPS_4           0.387       0.437       0.463       0.599       0.735       0.761       0.811

 I        ON
    TX              -0.153      -0.135      -0.125      -0.076      -0.027      -0.018       0.000

 S        ON
    TX              -0.156      -0.121      -0.103      -0.010       0.084       0.102       0.137

 S        WITH
    I               -0.715      -0.645      -0.610      -0.425      -0.240      -0.204      -0.135

 Means
    TX               0.249       0.443       0.543       1.063       1.583       1.682       1.877

 Intercepts
    NCPS_1           0.000       0.000       0.000       0.000       0.000       0.000       0.000
    NCPS_2           0.000       0.000       0.000       0.000       0.000       0.000       0.000
    NCPS_3           0.000       0.000       0.000       0.000       0.000       0.000       0.000
    NCPS_4           0.000       0.000       0.000       0.000       0.000       0.000       0.000
    I                0.421       0.453       0.469       0.552       0.636       0.652       0.683
    S               -0.165      -0.107      -0.077       0.079       0.234       0.264       0.323

 Variances
    TX               1.000       1.000       1.000       1.000       1.000       1.000       1.000

 Residual Variances
    NCPS_1           0.333       0.371       0.390       0.489       0.589       0.608       0.645
    NCPS_2           0.615       0.633       0.642       0.690       0.737       0.746       0.764
    NCPS_3           0.580       0.599       0.609       0.660       0.711       0.721       0.740
    NCPS_4           0.452       0.497       0.519       0.637       0.754       0.777       0.821
    I                0.982       0.985       0.987       0.994       1.002       1.003       1.006
    S                0.997       0.998       0.998       1.000       1.002       1.002       1.003


STDY Standardization

                  Lower .5%  Lower 2.5%    Lower 5%    Estimate    Upper 5%  Upper 2.5%   Upper .5%

 I        |
    NCPS_1           0.606       0.632       0.645       0.715       0.784       0.798       0.824
    NCPS_2           0.491       0.521       0.536       0.614       0.693       0.708       0.738
    NCPS_3           0.454       0.489       0.507       0.600       0.693       0.710       0.745
    NCPS_4           0.358       0.396       0.415       0.515       0.615       0.634       0.672

 S        |
    NCPS_1           0.000       0.000       0.000       0.000       0.000       0.000       0.000
    NCPS_2           0.161       0.180       0.189       0.238       0.287       0.297       0.315
    NCPS_3           0.347       0.375       0.390       0.465       0.540       0.555       0.583
    NCPS_4           0.387       0.437       0.463       0.599       0.735       0.761       0.811

 I        ON
    TX              -0.153      -0.135      -0.125      -0.076      -0.027      -0.018       0.000

 S        ON
    TX              -0.156      -0.121      -0.103      -0.010       0.084       0.102       0.137

 S        WITH
    I               -0.715      -0.645      -0.610      -0.425      -0.240      -0.204      -0.135

 Means
    TX               0.249       0.443       0.543       1.063       1.583       1.682       1.877

 Intercepts
    NCPS_1           0.000       0.000       0.000       0.000       0.000       0.000       0.000
    NCPS_2           0.000       0.000       0.000       0.000       0.000       0.000       0.000
    NCPS_3           0.000       0.000       0.000       0.000       0.000       0.000       0.000
    NCPS_4           0.000       0.000       0.000       0.000       0.000       0.000       0.000
    I                0.421       0.453       0.469       0.552       0.636       0.652       0.683
    S               -0.165      -0.107      -0.077       0.079       0.234       0.264       0.323

 Variances
    TX               1.000       1.000       1.000       1.000       1.000       1.000       1.000

 Residual Variances
    NCPS_1           0.333       0.371       0.390       0.489       0.589       0.608       0.645
    NCPS_2           0.615       0.633       0.642       0.690       0.737       0.746       0.764
    NCPS_3           0.580       0.599       0.609       0.660       0.711       0.721       0.740
    NCPS_4           0.452       0.497       0.519       0.637       0.754       0.777       0.821
    I                0.982       0.985       0.987       0.994       1.002       1.003       1.006
    S                0.997       0.998       0.998       1.000       1.002       1.002       1.003


STD Standardization

                  Lower .5%  Lower 2.5%    Lower 5%    Estimate    Upper 5%  Upper 2.5%   Upper .5%

 I        |
    NCPS_1           0.210       0.229       0.239       0.290       0.341       0.350       0.369
    NCPS_2           0.210       0.229       0.239       0.290       0.341       0.350       0.369
    NCPS_3           0.210       0.229       0.239       0.290       0.341       0.350       0.369
    NCPS_4           0.210       0.229       0.239       0.290       0.341       0.350       0.369

 S        |
    NCPS_1           0.000       0.000       0.000       0.000       0.000       0.000       0.000
    NCPS_2           0.069       0.080       0.085       0.112       0.140       0.145       0.155
    NCPS_3           0.139       0.159       0.170       0.225       0.280       0.290       0.311
    NCPS_4           0.208       0.239       0.254       0.337       0.420       0.435       0.466

 I        ON
    TX              -0.307      -0.270      -0.251      -0.153      -0.055      -0.036       0.000

 S        ON
    TX              -0.313      -0.243      -0.207      -0.019       0.168       0.204       0.274

 S        WITH
    I               -0.715      -0.645      -0.610      -0.425      -0.240      -0.204      -0.135

 Means
    TX               0.149       0.240       0.287       0.530       0.774       0.821       0.912

 Intercepts
    NCPS_1           0.000       0.000       0.000       0.000       0.000       0.000       0.000
    NCPS_2           0.000       0.000       0.000       0.000       0.000       0.000       0.000
    NCPS_3           0.000       0.000       0.000       0.000       0.000       0.000       0.000
    NCPS_4           0.000       0.000       0.000       0.000       0.000       0.000       0.000
    I                0.421       0.453       0.469       0.552       0.636       0.652       0.683
    S               -0.165      -0.107      -0.077       0.079       0.234       0.264       0.323

 Variances
    TX               0.226       0.231       0.234       0.249       0.264       0.267       0.272

 Residual Variances
    NCPS_1           0.041       0.050       0.055       0.080       0.106       0.111       0.120
    NCPS_2           0.089       0.105       0.112       0.153       0.195       0.202       0.218
    NCPS_3           0.083       0.100       0.108       0.154       0.200       0.209       0.226
    NCPS_4           0.112       0.133       0.144       0.202       0.259       0.270       0.292
    I                0.982       0.985       0.987       0.994       1.002       1.003       1.006
    S                0.997       0.998       0.998       1.000       1.002       1.002       1.003


RESIDUAL OUTPUT


     ESTIMATED MODEL AND RESIDUALS (OBSERVED - ESTIMATED)


           Model Estimated Means
              NCPS_1        NCPS_2        NCPS_3        NCPS_4        TX
              ________      ________      ________      ________      ________
                0.136         0.144         0.152         0.160         0.530


           Residuals for Means
              NCPS_1        NCPS_2        NCPS_3        NCPS_4        TX
              ________      ________      ________      ________      ________
                0.000         0.007        -0.016         0.013         0.000


           Standardized Residuals (z-scores) for Means
              NCPS_1        NCPS_2        NCPS_3        NCPS_4        TX
              ________      ________      ________      ________      ________
              999.000         0.686        -6.356       999.000         0.000


           Normalized Residuals for Means
              NCPS_1        NCPS_2        NCPS_3        NCPS_4        TX
              ________      ________      ________      ________      ________
                0.018         0.470        -1.184         0.805         0.000


           Model Estimated Covariances
              NCPS_1        NCPS_2        NCPS_3        NCPS_4        TX
              ________      ________      ________      ________      ________
 NCPS_1         0.164
 NCPS_2         0.070         0.223
 NCPS_3         0.056         0.068         0.234
 NCPS_4         0.043         0.067         0.091         0.317
 TX            -0.011        -0.012        -0.012        -0.013         0.249


           Model Estimated Correlations
              NCPS_1        NCPS_2        NCPS_3        NCPS_4        TX
              ________      ________      ________      ________      ________
 NCPS_1         1.000
 NCPS_2         0.367         1.000
 NCPS_3         0.288         0.298         1.000
 NCPS_4         0.187         0.252         0.334         1.000
 TX            -0.055        -0.049        -0.050        -0.045         1.000


           Residuals for Covariances
              NCPS_1        NCPS_2        NCPS_3        NCPS_4        TX
              ________      ________      ________      ________      ________
 NCPS_1        -0.001
 NCPS_2         0.002         0.006
 NCPS_3        -0.007         0.004        -0.005
 NCPS_4         0.000         0.015        -0.010        -0.001
 TX             0.000        -0.001        -0.001         0.001         0.000


           Residuals for Correlations
              NCPS_1        NCPS_2        NCPS_3        NCPS_4        TX
              ________      ________      ________      ________      ________
 NCPS_1         0.000
 NCPS_2         0.009         0.000
 NCPS_3        -0.033         0.016         0.000
 NCPS_4        -0.001         0.051        -0.032         0.000
 TX             0.002        -0.003        -0.004         0.005         0.000


           Standardized Residuals (z-scores) for Covariances
              NCPS_1        NCPS_2        NCPS_3        NCPS_4        TX
              ________      ________      ________      ________      ________
 NCPS_1       999.000
 NCPS_2         0.302         0.389
 NCPS_3        -1.798         2.169       999.000
 NCPS_4        -0.101         0.923       999.000        -0.102
 TX             0.737        -0.192        -0.355       999.000         0.000


           Normalized Residuals for Covariances
              NCPS_1        NCPS_2        NCPS_3        NCPS_4        TX
              ________      ________      ________      ________      ________
 NCPS_1        -0.038
 NCPS_2         0.167         0.163
 NCPS_3        -0.856         0.456        -0.148
 NCPS_4        -0.065         0.794        -0.616        -0.018
 TX             0.091        -0.150        -0.147         0.212         0.000


TECHNICAL 1 OUTPUT


     PARAMETER SPECIFICATION


           NU
              NCPS_1        NCPS_2        NCPS_3        NCPS_4        TX
              ________      ________      ________      ________      ________
                  0             0             0             0             0


           LAMBDA
              I             S             TX
              ________      ________      ________
 NCPS_1             0             0             0
 NCPS_2             0             0             0
 NCPS_3             0             0             0
 NCPS_4             0             0             0
 TX                 0             0             0


           THETA
              NCPS_1        NCPS_2        NCPS_3        NCPS_4        TX
              ________      ________      ________      ________      ________
 NCPS_1             1
 NCPS_2             0             2
 NCPS_3             0             0             3
 NCPS_4             0             0             0             4
 TX                 0             0             0             0             0


           ALPHA
              I             S             TX
              ________      ________      ________
                  5             6             7


           BETA
              I             S             TX
              ________      ________      ________
 I                  0             0             8
 S                  0             0             9
 TX                 0             0             0


           PSI
              I             S             TX
              ________      ________      ________
 I                 10
 S                 11            12
 TX                 0             0            13


     STARTING VALUES


           NU
              NCPS_1        NCPS_2        NCPS_3        NCPS_4        TX
              ________      ________      ________      ________      ________
                0.000         0.000         0.000         0.000         0.000


           LAMBDA
              I             S             TX
              ________      ________      ________
 NCPS_1         1.000         0.000         0.000
 NCPS_2         1.000         1.000         0.000
 NCPS_3         1.000         2.000         0.000
 NCPS_4         1.000         3.000         0.000
 TX             0.000         0.000         1.000


           THETA
              NCPS_1        NCPS_2        NCPS_3        NCPS_4        TX
              ________      ________      ________      ________      ________
 NCPS_1         0.082
 NCPS_2         0.000         0.115
 NCPS_3         0.000         0.000         0.113
 NCPS_4         0.000         0.000         0.000         0.156
 TX             0.000         0.000         0.000         0.000         0.000


           ALPHA
              I             S             TX
              ________      ________      ________
                0.138         0.009         0.000


           BETA
              I             S             TX
              ________      ________      ________
 I              0.000         0.000         0.000
 S              0.000         0.000         0.000
 TX             0.000         0.000         0.000


           PSI
              I             S             TX
              ________      ________      ________
 I              0.182
 S              0.000         0.103
 TX             0.000         0.000         0.125


TECHNICAL 4 OUTPUT


     ESTIMATES DERIVED FROM THE MODEL


           ESTIMATED MEANS FOR THE LATENT VARIABLES
              I             S             TX
              ________      ________      ________
                0.136         0.008         0.530


           S.E. FOR ESTIMATED MEANS FOR THE LATENT VARIABLES
              I             S             TX
              ________      ________      ________
                0.012         0.006         0.148


           EST./S.E. FOR ESTIMATED MEANS FOR THE LATENT VARIABLES
              I             S             TX
              ________      ________      ________
               11.825         1.226         3.581


           TWO-TAILED P-VALUE FOR ESTIMATED MEANS FOR THE LATENT VARIABLES
              I             S             TX
              ________      ________      ________
                0.000         0.220         0.000


           ESTIMATED COVARIANCE MATRIX FOR THE LATENT VARIABLES
              I             S             TX
              ________      ________      ________
 I              0.084
 S             -0.014         0.013
 TX            -0.011        -0.001         0.249


           S.E. FOR ESTIMATED COVARIANCE MATRIX FOR THE LATENT VARIABLES
              I             S             TX
              ________      ________      ________
 I              0.018
 S              0.006         0.004
 TX             0.005         0.003         0.009


           EST./S.E. FOR ESTIMATED COVARIANCE MATRIX FOR THE LATENT VARIABLES
              I             S             TX
              ________      ________      ________
 I              4.697
 S             -2.293         3.358
 TX            -2.222        -0.171        27.645


           TWO-TAILED P-VALUE FOR ESTIMATED COVARIANCE MATRIX FOR THE LATENT VARIABLES
              I             S             TX
              ________      ________      ________
 I              0.000
 S              0.022         0.001
 TX             0.026         0.864         0.000


           ESTIMATED CORRELATION MATRIX FOR THE LATENT VARIABLES
              I             S             TX
              ________      ________      ________
 I              1.000
 S             -0.423         1.000
 TX            -0.076        -0.010         1.000


           S.E. FOR ESTIMATED CORRELATION MATRIX FOR THE LATENT VARIABLES
              I             S             TX
              ________      ________      ________
 I              0.000
 S              0.113         0.000
 TX             0.030         0.057         0.000


           EST./S.E. FOR ESTIMATED CORRELATION MATRIX FOR THE LATENT VARIABLES
              I             S             TX
              ________      ________      ________
 I            999.000
 S             -3.739       999.000
 TX            -2.565        -0.171       999.000


           TWO-TAILED P-VALUE FOR ESTIMATED CORRELATION MATRIX FOR THE LATENT VARIABLES
              I             S             TX
              ________      ________      ________
 I              0.000
 S              0.000         0.000
 TX             0.010         0.864         0.000


     Beginning Time:  14:27:56
        Ending Time:  14:27:57
       Elapsed Time:  00:00:01



MUTHEN & MUTHEN
3463 Stoner Ave.
Los Angeles, CA  90066

Tel: (310) 391-9971
Fax: (310) 391-8971
Web: www.StatModel.com
Support: Support@StatModel.com

Copyright (c) 1998-2019 Muthen & Muthen
