Mplus VERSION 8.4
MUTHEN & MUTHEN
09/28/2021   2:14 PM

INPUT INSTRUCTIONS

  TITLE: Contact Victimization - Scale Scores - LGM

  DATA: FILE = mpluswide.csv;

  VARIABLE:
  NAMES = ID School Tx srvy_1 srvy_2 srvy_3 srvy_4
  Grade TransG Gender Race SexOr
  Female Male OtherG
  White Latinx Black Asian MultiR Indigen POC
  Straight Bisexual GL Quest OtherSO LGBQ
  FGxTx MGxTx OGxTx
  WRxTx LRxTx BRxTx ARxTx MRxTx IRxTx POCxTx
  SSxTx BSxTx GLxTx QSxTx OSxTx LGBQxTx
  AGE_1 AGE_2 AGE_3 AGE_4
  SVP1_1 SVP1_2 SVP1_3 SVP1_4
  SVP10_1 SVP10_2 SVP10_3 SVP10_4
  SVP11_1 SVP11_2 SVP11_3 SVP11_4
  SVP12_1 SVP12_2 SVP12_3 SVP12_4
  SVP13_1 SVP13_2 SVP13_3 SVP13_4
  SVP2_1 SVP2_2 SVP2_3 SVP2_4
  SVP3_1 SVP3_2 SVP3_3 SVP3_4
  SVP4_1 SVP4_2 SVP4_3 SVP4_4
  SVP5_1 SVP5_2 SVP5_3 SVP5_4
  SVP6_1 SVP6_2 SVP6_3 SVP6_4
  SVP7_1 SVP7_2 SVP7_3 SVP7_4
  SVP8_1 SVP8_2 SVP8_3 SVP8_4
  SVP9_1 SVP9_2 SVP9_3 SVP9_4
  SVV1_1 SVV1_2 SVV1_3 SVV1_4
  SVV10_1 SVV10_2 SVV10_3 SVV10_4
  SVV11_1 SVV11_2 SVV11_3 SVV11_4
  SVV12_1 SVV12_2 SVV12_3 SVV12_4
  SVV13_1 SVV13_2 SVV13_3 SVV13_4
  SVV2_1 SVV2_2 SVV2_3 SVV2_4
  SVV3_1 SVV3_2 SVV3_3 SVV3_4
  SVV4_1 SVV4_2 SVV4_3 SVV4_4
  SVV5_1 SVV5_2 SVV5_3 SVV5_4
  SVV6_1 SVV6_2 SVV6_3 SVV6_4
  SVV7_1 SVV7_2 SVV7_3 SVV7_4
  SVV8_1 SVV8_2 SVV8_3 SVV8_4
  SVV9_1 SVV9_2 SVV9_3 SVV9_4
  CYP1_1 CYP1_2 CYP1_3 CYP1_4
  CYP2_1 CYP2_2 CYP2_3 CYP2_4
  CYP3_1 CYP3_2 CYP3_3 CYP3_4
  DSV1_1 DSV1_2 DSV1_3 DSV1_4
  DSV2_1 DSV2_2 DSV2_3 DSV2_4
  DSV3_1 DSV3_2 DSV3_3 DSV3_4
  DSV4_1 DSV4_2 DSV4_3 DSV4_4
  DSV5_1 DSV5_2 DSV5_3 DSV5_4
  DSV6_1 DSV6_2 DSV6_3 DSV6_4
  HOP1_1 HOP1_2 HOP1_3 HOP1_4
  HOP2_1 HOP2_2 HOP2_3 HOP2_4
  HOP3_1 HOP3_2 HOP3_3 HOP3_4
  HOP4_1 HOP4_2 HOP4_3 HOP4_4
  HOP5_1 HOP5_2 HOP5_3 HOP5_4
  HOV1_1 HOV1_2 HOV1_3 HOV1_4
  HOV2_1 HOV2_2 HOV2_3 HOV2_4
  HOV3_1 HOV3_2 HOV3_3 HOV3_4
  HOV4_1 HOV4_2 HOV4_3 HOV4_4
  HOV5_1 HOV5_2 HOV5_3 HOV5_4
  GWB1_1 GWB1_2 GWB1_3 GWB1_4
  GWB2_1 GWB2_2 GWB2_3 GWB2_4
  GWB3_1 GWB3_2 GWB3_3 GWB3_4
  GWB4_1 GWB4_2 GWB4_3 GWB4_4
  GWB5_1 GWB5_2 GWB5_3 GWB5_4
  GWB6_1 GWB6_2 GWB6_3 GWB6_4
  GWB7_1 GWB7_2 GWB7_3 GWB7_4
  GWB8_1 GWB8_2 GWB8_3 GWB8_4
  SHA1_1 SHA1_2 SHA1_3 SHA1_4
  SHA2_1 SHA2_2 SHA2_3 SHA2_4
  SHA3_1 SHA3_2 SHA3_3 SHA3_4
  SHA4_1 SHA4_2 SHA4_3 SHA4_4
  SHI1_1 SHI1_2 SHI1_3 SHI1_4
  SHI2_1 SHI2_2 SHI2_3 SHI2_4
  SHI3_1 SHI3_2 SHI3_3 SHI3_4
  SHI4_1 SHI4_2 SHI4_3 SHI4_4
  AEXS_1 AEXS_2 AEXS_3 AEXS_4
  PEXS_1 PEXS_2 PEXS_3 PEXS_4
  NCPS_1 NCPS_2 NCPS_3 NCPS_4
  NCVS_1 NCVS_2 NCVS_3 NCVS_4
  CPS_1 CPS_2 CPS_3 CPS_4
  CVS_1 CVS_2 CVS_3 CVS_4
  HOPS_1 HOPS_2 HOPS_3 HOPS_4
  HOVS_1 HOVS_2 HOVS_3 HOVS_4
  CYPS_1 CYPS_2 CYPS_3 CYPS_4
  DSVS_1 DSVS_2 DSVS_3 DSVS_4
  GWBS_1 GWBS_2 GWBS_3 GWBS_4
  SHAS_1 SHAS_2 SHAS_3 SHAS_4
  SHIS_1 SHIS_2 SHIS_3 SHIS_4
  NCPerp1 NCPerp2 NCPerp3 NCPerp4
  NCVict1 NCVict2 NCVict3 NCVict4
  ConPerp1 ConPerp2 ConPerp3 ConPerp4
  ConVict1 ConVict2 ConVict3 ConVict4
  HNCPerp1 HNCPerp2 HNCPerp3 HNCPerp4
  CSPerp1 CSPerp2 CSPerp3 CSPerp4
  Dismiss1 Dismiss2 Dismiss3 Dismiss4
  GenWB1 GenWB2 GenWB3 GenWB4
  SHHAtt1 SHHAtt2 SHHAtt3 SHHAtt4
  SHHSeek1 SHHSeek2 SHHSeek3 SHHSeek4
  Active2 Active3 Active4
  Passive2 Passive3 Passive4
  Funding Rural Teas_Per MHT_Per;

  USEVARIABLES = CVS_1-CVS_4;

  IDVARIABLE = ID;
  CLUSTER = School;

  MISSING = ALL(-999);

  ANALYSIS:
  TYPE = COMPLEX;

  MODEL:
  i s | CVS_1@0 CVS_2@1 CVS_3@2 CVS_4@3;

  OUTPUT:
  STANDARDIZED CINTERVAL RESIDUAL TECH1 TECH4;



*** WARNING
  Data set contains cases with missing on all variables.
  These cases were not included in the analysis.
  Number of cases with missing on all variables:  141
   1 WARNING(S) FOUND IN THE INPUT INSTRUCTIONS



Contact Victimization - Scale Scores - LGM

SUMMARY OF ANALYSIS

Number of groups                                                 1
Number of observations                                        6324

Number of dependent variables                                    4
Number of independent variables                                  0
Number of continuous latent variables                            2

Observed dependent variables

  Continuous
   CVS_1       CVS_2       CVS_3       CVS_4

Continuous latent variables
   I           S

Variables with special functions

  Cluster variable      SCHOOL
  ID variable           ID

Estimator                                                      MLR
Information matrix                                        OBSERVED
Maximum number of iterations                                  1000
Convergence criterion                                    0.500D-04
Maximum number of steepest descent iterations                   20
Maximum number of iterations for H1                           2000
Convergence criterion for H1                             0.100D-03

Input data file(s)
  mpluswide.csv

Input data format  FREE


SUMMARY OF DATA

     Number of missing data patterns            15
     Number of clusters                         20



COVARIANCE COVERAGE OF DATA

Minimum covariance coverage value   0.100


     PROPORTION OF DATA PRESENT


           Covariance Coverage
              CVS_1         CVS_2         CVS_3         CVS_4
              ________      ________      ________      ________
 CVS_1          0.732
 CVS_2          0.541         0.670
 CVS_3          0.467         0.467         0.639
 CVS_4          0.380         0.382         0.410         0.522



UNIVARIATE SAMPLE STATISTICS


     UNIVARIATE HIGHER-ORDER MOMENT DESCRIPTIVE STATISTICS

         Variable/         Mean/     Skewness/   Minimum/ % with                Percentiles
        Sample Size      Variance    Kurtosis    Maximum  Min/Max      20%/60%    40%/80%    Median

     CVS_1                 0.079       7.717       0.000   84.22%       0.000      0.000      0.000
            4631.000       0.109      74.287       4.000    0.30%       0.000      0.000
     CVS_2                 0.101       6.570       0.000   83.93%       0.000      0.000      0.000
            4237.000       0.171      50.112       4.000    0.50%       0.000      0.000
     CVS_3                 0.093       7.073       0.000   86.51%       0.000      0.000      0.000
            4041.000       0.183      55.556       4.000    0.72%       0.000      0.000
     CVS_4                 0.116       6.114       0.000   86.74%       0.000      0.000      0.000
            3304.000       0.258      40.009       4.000    1.00%       0.000      0.000


THE MODEL ESTIMATION TERMINATED NORMALLY



MODEL FIT INFORMATION

Number of Free Parameters                        9

Loglikelihood

          H0 Value                       -8076.901
          H0 Scaling Correction Factor     33.7064
            for MLR
          H1 Value                       -8069.818
          H1 Scaling Correction Factor     24.0066
            for MLR

Information Criteria

          Akaike (AIC)                   16171.803
          Bayesian (BIC)                 16232.572
          Sample-Size Adjusted BIC       16203.972
            (n* = (n + 2) / 24)

Chi-Square Test of Model Fit

          Value                              2.164*
          Degrees of Freedom                     5
          P-Value                           0.8260
          Scaling Correction Factor         6.5468
            for MLR

*   The chi-square value for MLM, MLMV, MLR, ULSMV, WLSM and WLSMV cannot be used
    for chi-square difference testing in the regular way.  MLM, MLR and WLSM
    chi-square difference testing is described on the Mplus website.  MLMV, WLSMV,
    and ULSMV difference testing is done using the DIFFTEST option.

RMSEA (Root Mean Square Error Of Approximation)

          Estimate                           0.000
          90 Percent C.I.                    0.000  0.010
          Probability RMSEA <= .05           1.000

CFI/TLI

          CFI                                1.000
          TLI                                1.000

Chi-Square Test of Model Fit for the Baseline Model

          Value                             69.626
          Degrees of Freedom                     6
          P-Value                           0.0000

SRMR (Standardized Root Mean Square Residual)

          Value                              0.017



MODEL RESULTS

                                                    Two-Tailed
                    Estimate       S.E.  Est./S.E.    P-Value

 I        |
    CVS_1              1.000      0.000    999.000    999.000
    CVS_2              1.000      0.000    999.000    999.000
    CVS_3              1.000      0.000    999.000    999.000
    CVS_4              1.000      0.000    999.000    999.000

 S        |
    CVS_1              0.000      0.000    999.000    999.000
    CVS_2              1.000      0.000    999.000    999.000
    CVS_3              2.000      0.000    999.000    999.000
    CVS_4              3.000      0.000    999.000    999.000

 S        WITH
    I                 -0.013      0.007     -1.824      0.068

 Means
    I                  0.080      0.009      9.261      0.000
    S                  0.012      0.006      1.861      0.063

 Intercepts
    CVS_1              0.000      0.000    999.000    999.000
    CVS_2              0.000      0.000    999.000    999.000
    CVS_3              0.000      0.000    999.000    999.000
    CVS_4              0.000      0.000    999.000    999.000

 Variances
    I                  0.054      0.016      3.503      0.000
    S                  0.013      0.004      3.041      0.002

 Residual Variances
    CVS_1              0.054      0.022      2.426      0.015
    CVS_2              0.133      0.019      7.086      0.000
    CVS_3              0.131      0.020      6.591      0.000
    CVS_4              0.166      0.028      6.019      0.000


STANDARDIZED MODEL RESULTS


STDYX Standardization

                                                    Two-Tailed
                    Estimate       S.E.  Est./S.E.    P-Value

 I        |
    CVS_1              0.709      0.096      7.355      0.000
    CVS_2              0.558      0.077      7.285      0.000
    CVS_3              0.543      0.077      7.026      0.000
    CVS_4              0.460      0.084      5.456      0.000

 S        |
    CVS_1              0.000      0.000    999.000    999.000
    CVS_2              0.268      0.036      7.425      0.000
    CVS_3              0.522      0.072      7.259      0.000
    CVS_4              0.663      0.101      6.560      0.000

 S        WITH
    I                 -0.485      0.164     -2.958      0.003

 Means
    I                  0.344      0.051      6.774      0.000
    S                  0.103      0.051      2.024      0.043

 Intercepts
    CVS_1              0.000      0.000    999.000    999.000
    CVS_2              0.000      0.000    999.000    999.000
    CVS_3              0.000      0.000    999.000    999.000
    CVS_4              0.000      0.000    999.000    999.000

 Variances
    I                  1.000      0.000    999.000    999.000
    S                  1.000      0.000    999.000    999.000

 Residual Variances
    CVS_1              0.497      0.137      3.641      0.000
    CVS_2              0.762      0.031     24.613      0.000
    CVS_3              0.708      0.049     14.460      0.000
    CVS_4              0.645      0.070      9.272      0.000


STDY Standardization

                                                    Two-Tailed
                    Estimate       S.E.  Est./S.E.    P-Value

 I        |
    CVS_1              0.709      0.096      7.355      0.000
    CVS_2              0.558      0.077      7.285      0.000
    CVS_3              0.543      0.077      7.026      0.000
    CVS_4              0.460      0.084      5.456      0.000

 S        |
    CVS_1              0.000      0.000    999.000    999.000
    CVS_2              0.268      0.036      7.425      0.000
    CVS_3              0.522      0.072      7.259      0.000
    CVS_4              0.663      0.101      6.560      0.000

 S        WITH
    I                 -0.485      0.164     -2.958      0.003

 Means
    I                  0.344      0.051      6.774      0.000
    S                  0.103      0.051      2.024      0.043

 Intercepts
    CVS_1              0.000      0.000    999.000    999.000
    CVS_2              0.000      0.000    999.000    999.000
    CVS_3              0.000      0.000    999.000    999.000
    CVS_4              0.000      0.000    999.000    999.000

 Variances
    I                  1.000      0.000    999.000    999.000
    S                  1.000      0.000    999.000    999.000

 Residual Variances
    CVS_1              0.497      0.137      3.641      0.000
    CVS_2              0.762      0.031     24.613      0.000
    CVS_3              0.708      0.049     14.460      0.000
    CVS_4              0.645      0.070      9.272      0.000


STD Standardization

                                                    Two-Tailed
                    Estimate       S.E.  Est./S.E.    P-Value

 I        |
    CVS_1              0.233      0.033      7.005      0.000
    CVS_2              0.233      0.033      7.005      0.000
    CVS_3              0.233      0.033      7.005      0.000
    CVS_4              0.233      0.033      7.005      0.000

 S        |
    CVS_1              0.000      0.000    999.000    999.000
    CVS_2              0.112      0.018      6.083      0.000
    CVS_3              0.224      0.037      6.083      0.000
    CVS_4              0.337      0.055      6.083      0.000

 S        WITH
    I                 -0.485      0.164     -2.958      0.003

 Means
    I                  0.344      0.051      6.774      0.000
    S                  0.103      0.051      2.024      0.043

 Intercepts
    CVS_1              0.000      0.000    999.000    999.000
    CVS_2              0.000      0.000    999.000    999.000
    CVS_3              0.000      0.000    999.000    999.000
    CVS_4              0.000      0.000    999.000    999.000

 Variances
    I                  1.000      0.000    999.000    999.000
    S                  1.000      0.000    999.000    999.000

 Residual Variances
    CVS_1              0.054      0.022      2.426      0.015
    CVS_2              0.133      0.019      7.086      0.000
    CVS_3              0.131      0.020      6.591      0.000
    CVS_4              0.166      0.028      6.019      0.000


R-SQUARE

    Observed                                        Two-Tailed
    Variable        Estimate       S.E.  Est./S.E.    P-Value

    CVS_1              0.503      0.137      3.678      0.000
    CVS_2              0.238      0.031      7.694      0.000
    CVS_3              0.292      0.049      5.964      0.000
    CVS_4              0.355      0.070      5.110      0.000


QUALITY OF NUMERICAL RESULTS

     Condition Number for the Information Matrix              0.320E-02
       (ratio of smallest to largest eigenvalue)


CONFIDENCE INTERVALS OF MODEL RESULTS

                  Lower .5%  Lower 2.5%    Lower 5%    Estimate    Upper 5%  Upper 2.5%   Upper .5%

 I        |
    CVS_1            1.000       1.000       1.000       1.000       1.000       1.000       1.000
    CVS_2            1.000       1.000       1.000       1.000       1.000       1.000       1.000
    CVS_3            1.000       1.000       1.000       1.000       1.000       1.000       1.000
    CVS_4            1.000       1.000       1.000       1.000       1.000       1.000       1.000

 S        |
    CVS_1            0.000       0.000       0.000       0.000       0.000       0.000       0.000
    CVS_2            1.000       1.000       1.000       1.000       1.000       1.000       1.000
    CVS_3            2.000       2.000       2.000       2.000       2.000       2.000       2.000
    CVS_4            3.000       3.000       3.000       3.000       3.000       3.000       3.000

 S        WITH
    I               -0.031      -0.026      -0.024      -0.013      -0.001       0.001       0.005

 Means
    I                0.058       0.063       0.066       0.080       0.095       0.097       0.103
    S               -0.004      -0.001       0.001       0.012       0.022       0.024       0.028

 Intercepts
    CVS_1            0.000       0.000       0.000       0.000       0.000       0.000       0.000
    CVS_2            0.000       0.000       0.000       0.000       0.000       0.000       0.000
    CVS_3            0.000       0.000       0.000       0.000       0.000       0.000       0.000
    CVS_4            0.000       0.000       0.000       0.000       0.000       0.000       0.000

 Variances
    I                0.014       0.024       0.029       0.054       0.080       0.085       0.094
    S                0.002       0.004       0.006       0.013       0.019       0.021       0.023

 Residual Variances
    CVS_1           -0.003       0.010       0.017       0.054       0.090       0.097       0.111
    CVS_2            0.085       0.096       0.102       0.133       0.164       0.170       0.182
    CVS_3            0.080       0.092       0.098       0.131       0.164       0.170       0.182
    CVS_4            0.095       0.112       0.121       0.166       0.211       0.220       0.237


CONFIDENCE INTERVALS OF STANDARDIZED MODEL RESULTS


STDYX Standardization

                  Lower .5%  Lower 2.5%    Lower 5%    Estimate    Upper 5%  Upper 2.5%   Upper .5%

 I        |
    CVS_1            0.461       0.520       0.550       0.709       0.867       0.898       0.957
    CVS_2            0.361       0.408       0.432       0.558       0.684       0.708       0.756
    CVS_3            0.344       0.391       0.416       0.543       0.670       0.694       0.742
    CVS_4            0.243       0.295       0.321       0.460       0.598       0.625       0.677

 S        |
    CVS_1            0.000       0.000       0.000       0.000       0.000       0.000       0.000
    CVS_2            0.175       0.198       0.209       0.268       0.328       0.339       0.362
    CVS_3            0.337       0.381       0.404       0.522       0.640       0.663       0.707
    CVS_4            0.403       0.465       0.497       0.663       0.830       0.862       0.924

 S        WITH
    I               -0.908      -0.807      -0.755      -0.485      -0.216      -0.164      -0.063

 Means
    I                0.213       0.245       0.261       0.344       0.428       0.444       0.475
    S               -0.028       0.003       0.019       0.103       0.188       0.204       0.235

 Intercepts
    CVS_1            0.000       0.000       0.000       0.000       0.000       0.000       0.000
    CVS_2            0.000       0.000       0.000       0.000       0.000       0.000       0.000
    CVS_3            0.000       0.000       0.000       0.000       0.000       0.000       0.000
    CVS_4            0.000       0.000       0.000       0.000       0.000       0.000       0.000

 Variances
    I                1.000       1.000       1.000       1.000       1.000       1.000       1.000
    S                1.000       1.000       1.000       1.000       1.000       1.000       1.000

 Residual Variances
    CVS_1            0.145       0.230       0.273       0.497       0.722       0.765       0.849
    CVS_2            0.682       0.701       0.711       0.762       0.813       0.823       0.842
    CVS_3            0.582       0.612       0.627       0.708       0.789       0.804       0.834
    CVS_4            0.466       0.508       0.530       0.645       0.759       0.781       0.824


STDY Standardization

                  Lower .5%  Lower 2.5%    Lower 5%    Estimate    Upper 5%  Upper 2.5%   Upper .5%

 I        |
    CVS_1            0.461       0.520       0.550       0.709       0.867       0.898       0.957
    CVS_2            0.361       0.408       0.432       0.558       0.684       0.708       0.756
    CVS_3            0.344       0.391       0.416       0.543       0.670       0.694       0.742
    CVS_4            0.243       0.295       0.321       0.460       0.598       0.625       0.677

 S        |
    CVS_1            0.000       0.000       0.000       0.000       0.000       0.000       0.000
    CVS_2            0.175       0.198       0.209       0.268       0.328       0.339       0.362
    CVS_3            0.337       0.381       0.404       0.522       0.640       0.663       0.707
    CVS_4            0.403       0.465       0.497       0.663       0.830       0.862       0.924

 S        WITH
    I               -0.908      -0.807      -0.755      -0.485      -0.216      -0.164      -0.063

 Means
    I                0.213       0.245       0.261       0.344       0.428       0.444       0.475
    S               -0.028       0.003       0.019       0.103       0.188       0.204       0.235

 Intercepts
    CVS_1            0.000       0.000       0.000       0.000       0.000       0.000       0.000
    CVS_2            0.000       0.000       0.000       0.000       0.000       0.000       0.000
    CVS_3            0.000       0.000       0.000       0.000       0.000       0.000       0.000
    CVS_4            0.000       0.000       0.000       0.000       0.000       0.000       0.000

 Variances
    I                1.000       1.000       1.000       1.000       1.000       1.000       1.000
    S                1.000       1.000       1.000       1.000       1.000       1.000       1.000

 Residual Variances
    CVS_1            0.145       0.230       0.273       0.497       0.722       0.765       0.849
    CVS_2            0.682       0.701       0.711       0.762       0.813       0.823       0.842
    CVS_3            0.582       0.612       0.627       0.708       0.789       0.804       0.834
    CVS_4            0.466       0.508       0.530       0.645       0.759       0.781       0.824


STD Standardization

                  Lower .5%  Lower 2.5%    Lower 5%    Estimate    Upper 5%  Upper 2.5%   Upper .5%

 I        |
    CVS_1            0.148       0.168       0.179       0.233       0.288       0.299       0.319
    CVS_2            0.148       0.168       0.179       0.233       0.288       0.299       0.319
    CVS_3            0.148       0.168       0.179       0.233       0.288       0.299       0.319
    CVS_4            0.148       0.168       0.179       0.233       0.288       0.299       0.319

 S        |
    CVS_1            0.000       0.000       0.000       0.000       0.000       0.000       0.000
    CVS_2            0.065       0.076       0.082       0.112       0.143       0.148       0.160
    CVS_3            0.129       0.152       0.164       0.224       0.285       0.297       0.320
    CVS_4            0.194       0.228       0.246       0.337       0.428       0.445       0.479

 S        WITH
    I               -0.908      -0.807      -0.755      -0.485      -0.216      -0.164      -0.063

 Means
    I                0.213       0.245       0.261       0.344       0.428       0.444       0.475
    S               -0.028       0.003       0.019       0.103       0.188       0.204       0.235

 Intercepts
    CVS_1            0.000       0.000       0.000       0.000       0.000       0.000       0.000
    CVS_2            0.000       0.000       0.000       0.000       0.000       0.000       0.000
    CVS_3            0.000       0.000       0.000       0.000       0.000       0.000       0.000
    CVS_4            0.000       0.000       0.000       0.000       0.000       0.000       0.000

 Variances
    I                1.000       1.000       1.000       1.000       1.000       1.000       1.000
    S                1.000       1.000       1.000       1.000       1.000       1.000       1.000

 Residual Variances
    CVS_1           -0.003       0.010       0.017       0.054       0.090       0.097       0.111
    CVS_2            0.085       0.096       0.102       0.133       0.164       0.170       0.182
    CVS_3            0.080       0.092       0.098       0.131       0.164       0.170       0.182
    CVS_4            0.095       0.112       0.121       0.166       0.211       0.220       0.237


RESIDUAL OUTPUT


     ESTIMATED MODEL AND RESIDUALS (OBSERVED - ESTIMATED)


           Model Estimated Means
              CVS_1         CVS_2         CVS_3         CVS_4
              ________      ________      ________      ________
                0.080         0.092         0.104         0.115


           Residuals for Means
              CVS_1         CVS_2         CVS_3         CVS_4
              ________      ________      ________      ________
               -0.002         0.011        -0.008         0.003


           Standardized Residuals (z-scores) for Means
              CVS_1         CVS_2         CVS_3         CVS_4
              ________      ________      ________      ________
              999.000         1.927        -3.692         0.497


           Normalized Residuals for Means
              CVS_1         CVS_2         CVS_3         CVS_4
              ________      ________      ________      ________
               -0.210         1.169        -0.771         0.165


           Model Estimated Covariances
              CVS_1         CVS_2         CVS_3         CVS_4
              ________      ________      ________      ________
 CVS_1          0.108
 CVS_2          0.042         0.175
 CVS_3          0.029         0.042         0.185
 CVS_4          0.016         0.041         0.066         0.258


           Model Estimated Correlations
              CVS_1         CVS_2         CVS_3         CVS_4
              ________      ________      ________      ________
 CVS_1          1.000
 CVS_2          0.303         1.000
 CVS_3          0.205         0.231         1.000
 CVS_4          0.098         0.195         0.305         1.000


           Residuals for Covariances
              CVS_1         CVS_2         CVS_3         CVS_4
              ________      ________      ________      ________
 CVS_1          0.000
 CVS_2          0.000        -0.002
 CVS_3          0.001        -0.007         0.000
 CVS_4          0.003        -0.005         0.005         0.002


           Residuals for Correlations
              CVS_1         CVS_2         CVS_3         CVS_4
              ________      ________      ________      ________
 CVS_1          0.000
 CVS_2          0.004         0.000
 CVS_3          0.006        -0.036         0.000
 CVS_4          0.018        -0.025         0.021         0.000


           Standardized Residuals (z-scores) for Covariances
              CVS_1         CVS_2         CVS_3         CVS_4
              ________      ________      ________      ________
 CVS_1          0.118
 CVS_2          0.097       999.000
 CVS_3          0.383        -1.113       999.000
 CVS_4        999.000        -0.314         0.540         0.125


           Normalized Residuals for Covariances
              CVS_1         CVS_2         CVS_3         CVS_4
              ________      ________      ________      ________
 CVS_1          0.016
 CVS_2          0.036        -0.093
 CVS_3          0.155        -0.679        -0.003
 CVS_4          0.465        -0.258         0.220         0.038


TECHNICAL 1 OUTPUT


     PARAMETER SPECIFICATION


           NU
              CVS_1         CVS_2         CVS_3         CVS_4
              ________      ________      ________      ________
                  0             0             0             0


           LAMBDA
              I             S
              ________      ________
 CVS_1              0             0
 CVS_2              0             0
 CVS_3              0             0
 CVS_4              0             0


           THETA
              CVS_1         CVS_2         CVS_3         CVS_4
              ________      ________      ________      ________
 CVS_1              1
 CVS_2              0             2
 CVS_3              0             0             3
 CVS_4              0             0             0             4


           ALPHA
              I             S
              ________      ________
                  5             6


           BETA
              I             S
              ________      ________
 I                  0             0
 S                  0             0


           PSI
              I             S
              ________      ________
 I                  7
 S                  8             9


     STARTING VALUES


           NU
              CVS_1         CVS_2         CVS_3         CVS_4
              ________      ________      ________      ________
                0.000         0.000         0.000         0.000


           LAMBDA
              I             S
              ________      ________
 CVS_1          1.000         0.000
 CVS_2          1.000         1.000
 CVS_3          1.000         2.000
 CVS_4          1.000         3.000


           THETA
              CVS_1         CVS_2         CVS_3         CVS_4
              ________      ________      ________      ________
 CVS_1          0.054
 CVS_2          0.000         0.086
 CVS_3          0.000         0.000         0.092
 CVS_4          0.000         0.000         0.000         0.129


           ALPHA
              I             S
              ________      ________
                0.079         0.018


           BETA
              I             S
              ________      ________
 I              0.000         0.000
 S              0.000         0.000


           PSI
              I             S
              ________      ________
 I              0.119
 S              0.000         0.117


TECHNICAL 4 OUTPUT


     ESTIMATES DERIVED FROM THE MODEL


           ESTIMATED MEANS FOR THE LATENT VARIABLES
              I             S
              ________      ________
                0.080         0.012


           S.E. FOR ESTIMATED MEANS FOR THE LATENT VARIABLES
              I             S
              ________      ________
                0.009         0.006


           EST./S.E. FOR ESTIMATED MEANS FOR THE LATENT VARIABLES
              I             S
              ________      ________
                9.261         1.861


           TWO-TAILED P-VALUE FOR ESTIMATED MEANS FOR THE LATENT VARIABLES
              I             S
              ________      ________
                0.000         0.063


           ESTIMATED COVARIANCE MATRIX FOR THE LATENT VARIABLES
              I             S
              ________      ________
 I              0.054
 S             -0.013         0.013


           S.E. FOR ESTIMATED COVARIANCE MATRIX FOR THE LATENT VARIABLES
              I             S
              ________      ________
 I              0.016
 S              0.007         0.004


           EST./S.E. FOR ESTIMATED COVARIANCE MATRIX FOR THE LATENT VARIABLES
              I             S
              ________      ________
 I              3.503
 S             -1.824         3.041


           TWO-TAILED P-VALUE FOR ESTIMATED COVARIANCE MATRIX FOR THE LATENT VARIABLES
              I             S
              ________      ________
 I              0.000
 S              0.068         0.002


           ESTIMATED CORRELATION MATRIX FOR THE LATENT VARIABLES
              I             S
              ________      ________
 I              1.000
 S             -0.485         1.000


           S.E. FOR ESTIMATED CORRELATION MATRIX FOR THE LATENT VARIABLES
              I             S
              ________      ________
 I              0.000
 S              0.164         0.000


           EST./S.E. FOR ESTIMATED CORRELATION MATRIX FOR THE LATENT VARIABLES
              I             S
              ________      ________
 I            999.000
 S             -2.958       999.000


           TWO-TAILED P-VALUE FOR ESTIMATED CORRELATION MATRIX FOR THE LATENT VARIABLES
              I             S
              ________      ________
 I              0.000
 S              0.003         0.000


DIAGRAM INFORMATION

  Use View Diagram under the Diagram menu in the Mplus Editor to view the diagram.
  If running Mplus from the Mplus Diagrammer, the diagram opens automatically.

  Diagram output
    c:\users\kylenick\onedrive - university of north carolina at chapel hill\dorothy\00 sources of strength data w1-w4 -

     Beginning Time:  14:14:51
        Ending Time:  14:14:51
       Elapsed Time:  00:00:00



MUTHEN & MUTHEN
3463 Stoner Ave.
Los Angeles, CA  90066

Tel: (310) 391-9971
Fax: (310) 391-8971
Web: www.StatModel.com
Support: Support@StatModel.com

Copyright (c) 1998-2019 Muthen & Muthen
