Mplus VERSION 8.4
MUTHEN & MUTHEN
09/28/2021   2:15 PM

INPUT INSTRUCTIONS

  TITLE: SV Dismissiveness - Scale Scores - LGM

  DATA: FILE = mpluswide.csv;

  VARIABLE:
  NAMES = ID School Tx srvy_1 srvy_2 srvy_3 srvy_4
  Grade TransG Gender Race SexOr
  Female Male OtherG
  White Latinx Black Asian MultiR Indigen POC
  Straight Bisexual GL Quest OtherSO LGBQ
  FGxTx MGxTx OGxTx
  WRxTx LRxTx BRxTx ARxTx MRxTx IRxTx POCxTx
  SSxTx BSxTx GLxTx QSxTx OSxTx LGBQxTx
  AGE_1 AGE_2 AGE_3 AGE_4
  SVP1_1 SVP1_2 SVP1_3 SVP1_4
  SVP10_1 SVP10_2 SVP10_3 SVP10_4
  SVP11_1 SVP11_2 SVP11_3 SVP11_4
  SVP12_1 SVP12_2 SVP12_3 SVP12_4
  SVP13_1 SVP13_2 SVP13_3 SVP13_4
  SVP2_1 SVP2_2 SVP2_3 SVP2_4
  SVP3_1 SVP3_2 SVP3_3 SVP3_4
  SVP4_1 SVP4_2 SVP4_3 SVP4_4
  SVP5_1 SVP5_2 SVP5_3 SVP5_4
  SVP6_1 SVP6_2 SVP6_3 SVP6_4
  SVP7_1 SVP7_2 SVP7_3 SVP7_4
  SVP8_1 SVP8_2 SVP8_3 SVP8_4
  SVP9_1 SVP9_2 SVP9_3 SVP9_4
  SVV1_1 SVV1_2 SVV1_3 SVV1_4
  SVV10_1 SVV10_2 SVV10_3 SVV10_4
  SVV11_1 SVV11_2 SVV11_3 SVV11_4
  SVV12_1 SVV12_2 SVV12_3 SVV12_4
  SVV13_1 SVV13_2 SVV13_3 SVV13_4
  SVV2_1 SVV2_2 SVV2_3 SVV2_4
  SVV3_1 SVV3_2 SVV3_3 SVV3_4
  SVV4_1 SVV4_2 SVV4_3 SVV4_4
  SVV5_1 SVV5_2 SVV5_3 SVV5_4
  SVV6_1 SVV6_2 SVV6_3 SVV6_4
  SVV7_1 SVV7_2 SVV7_3 SVV7_4
  SVV8_1 SVV8_2 SVV8_3 SVV8_4
  SVV9_1 SVV9_2 SVV9_3 SVV9_4
  CYP1_1 CYP1_2 CYP1_3 CYP1_4
  CYP2_1 CYP2_2 CYP2_3 CYP2_4
  CYP3_1 CYP3_2 CYP3_3 CYP3_4
  DSV1_1 DSV1_2 DSV1_3 DSV1_4
  DSV2_1 DSV2_2 DSV2_3 DSV2_4
  DSV3_1 DSV3_2 DSV3_3 DSV3_4
  DSV4_1 DSV4_2 DSV4_3 DSV4_4
  DSV5_1 DSV5_2 DSV5_3 DSV5_4
  DSV6_1 DSV6_2 DSV6_3 DSV6_4
  HOP1_1 HOP1_2 HOP1_3 HOP1_4
  HOP2_1 HOP2_2 HOP2_3 HOP2_4
  HOP3_1 HOP3_2 HOP3_3 HOP3_4
  HOP4_1 HOP4_2 HOP4_3 HOP4_4
  HOP5_1 HOP5_2 HOP5_3 HOP5_4
  HOV1_1 HOV1_2 HOV1_3 HOV1_4
  HOV2_1 HOV2_2 HOV2_3 HOV2_4
  HOV3_1 HOV3_2 HOV3_3 HOV3_4
  HOV4_1 HOV4_2 HOV4_3 HOV4_4
  HOV5_1 HOV5_2 HOV5_3 HOV5_4
  GWB1_1 GWB1_2 GWB1_3 GWB1_4
  GWB2_1 GWB2_2 GWB2_3 GWB2_4
  GWB3_1 GWB3_2 GWB3_3 GWB3_4
  GWB4_1 GWB4_2 GWB4_3 GWB4_4
  GWB5_1 GWB5_2 GWB5_3 GWB5_4
  GWB6_1 GWB6_2 GWB6_3 GWB6_4
  GWB7_1 GWB7_2 GWB7_3 GWB7_4
  GWB8_1 GWB8_2 GWB8_3 GWB8_4
  SHA1_1 SHA1_2 SHA1_3 SHA1_4
  SHA2_1 SHA2_2 SHA2_3 SHA2_4
  SHA3_1 SHA3_2 SHA3_3 SHA3_4
  SHA4_1 SHA4_2 SHA4_3 SHA4_4
  SHI1_1 SHI1_2 SHI1_3 SHI1_4
  SHI2_1 SHI2_2 SHI2_3 SHI2_4
  SHI3_1 SHI3_2 SHI3_3 SHI3_4
  SHI4_1 SHI4_2 SHI4_3 SHI4_4
  AEXS_1 AEXS_2 AEXS_3 AEXS_4
  PEXS_1 PEXS_2 PEXS_3 PEXS_4
  NCPS_1 NCPS_2 NCPS_3 NCPS_4
  NCVS_1 NCVS_2 NCVS_3 NCVS_4
  CPS_1 CPS_2 CPS_3 CPS_4
  CVS_1 CVS_2 CVS_3 CVS_4
  HOPS_1 HOPS_2 HOPS_3 HOPS_4
  HOVS_1 HOVS_2 HOVS_3 HOVS_4
  CYPS_1 CYPS_2 CYPS_3 CYPS_4
  DSVS_1 DSVS_2 DSVS_3 DSVS_4
  GWBS_1 GWBS_2 GWBS_3 GWBS_4
  SHAS_1 SHAS_2 SHAS_3 SHAS_4
  SHIS_1 SHIS_2 SHIS_3 SHIS_4
  NCPerp1 NCPerp2 NCPerp3 NCPerp4
  NCVict1 NCVict2 NCVict3 NCVict4
  ConPerp1 ConPerp2 ConPerp3 ConPerp4
  ConVict1 ConVict2 ConVict3 ConVict4
  HNCPerp1 HNCPerp2 HNCPerp3 HNCPerp4
  CSPerp1 CSPerp2 CSPerp3 CSPerp4
  Dismiss1 Dismiss2 Dismiss3 Dismiss4
  GenWB1 GenWB2 GenWB3 GenWB4
  SHHAtt1 SHHAtt2 SHHAtt3 SHHAtt4
  SHHSeek1 SHHSeek2 SHHSeek3 SHHSeek4
  Active2 Active3 Active4
  Passive2 Passive3 Passive4
  Funding Rural Teas_Per MHT_Per;

  USEVARIABLES = DSVS_1-DSVS_4;

  IDVARIABLE = ID;
  CLUSTER = School;

  MISSING = ALL(-999);

  ANALYSIS:
  TYPE = COMPLEX;

  MODEL:
  i s | DSVS_1@0 DSVS_2@1 DSVS_3@2 DSVS_4@3;

  OUTPUT:
  STANDARDIZED CINTERVAL RESIDUAL TECH1 TECH4;



*** WARNING
  Data set contains cases with missing on all variables.
  These cases were not included in the analysis.
  Number of cases with missing on all variables:  131
   1 WARNING(S) FOUND IN THE INPUT INSTRUCTIONS



SV Dismissiveness - Scale Scores - LGM

SUMMARY OF ANALYSIS

Number of groups                                                 1
Number of observations                                        6334

Number of dependent variables                                    4
Number of independent variables                                  0
Number of continuous latent variables                            2

Observed dependent variables

  Continuous
   DSVS_1      DSVS_2      DSVS_3      DSVS_4

Continuous latent variables
   I           S

Variables with special functions

  Cluster variable      SCHOOL
  ID variable           ID

Estimator                                                      MLR
Information matrix                                        OBSERVED
Maximum number of iterations                                  1000
Convergence criterion                                    0.500D-04
Maximum number of steepest descent iterations                   20
Maximum number of iterations for H1                           2000
Convergence criterion for H1                             0.100D-03

Input data file(s)
  mpluswide.csv

Input data format  FREE


SUMMARY OF DATA

     Number of missing data patterns            15
     Number of clusters                         20



COVARIANCE COVERAGE OF DATA

Minimum covariance coverage value   0.100


     PROPORTION OF DATA PRESENT


           Covariance Coverage
              DSVS_1        DSVS_2        DSVS_3        DSVS_4
              ________      ________      ________      ________
 DSVS_1         0.732
 DSVS_2         0.542         0.671
 DSVS_3         0.465         0.466         0.638
 DSVS_4         0.379         0.382         0.410         0.523



UNIVARIATE SAMPLE STATISTICS


     UNIVARIATE HIGHER-ORDER MOMENT DESCRIPTIVE STATISTICS

         Variable/         Mean/     Skewness/   Minimum/ % with                Percentiles
        Sample Size      Variance    Kurtosis    Maximum  Min/Max      20%/60%    40%/80%    Median

     DSVS_1                0.609       0.794       0.000   17.19%       0.167      0.333      0.500
            4637.000       0.238       0.920       3.000    0.26%       0.667      1.000
     DSVS_2                0.583       1.165       0.000   20.39%       0.000      0.333      0.500
            4252.000       0.265       2.363       3.000    0.59%       0.667      1.000
     DSVS_3                0.563       1.311       0.000   23.30%       0.000      0.333      0.500
            4039.000       0.279       3.025       3.000    0.84%       0.667      1.000
     DSVS_4                0.546       1.513       0.000   25.71%       0.000      0.333      0.333
            3314.000       0.313       3.356       3.000    1.18%       0.500      1.000


THE MODEL ESTIMATION TERMINATED NORMALLY



MODEL FIT INFORMATION

Number of Free Parameters                        9

Loglikelihood

          H0 Value                      -10829.168
          H0 Scaling Correction Factor      5.4477
            for MLR
          H1 Value                      -10823.835
          H1 Scaling Correction Factor      4.1883
            for MLR

Information Criteria

          Akaike (AIC)                   21676.336
          Bayesian (BIC)                 21737.119
          Sample-Size Adjusted BIC       21708.520
            (n* = (n + 2) / 24)

Chi-Square Test of Model Fit

          Value                              5.551*
          Degrees of Freedom                     5
          P-Value                           0.3524
          Scaling Correction Factor         1.9214
            for MLR

*   The chi-square value for MLM, MLMV, MLR, ULSMV, WLSM and WLSMV cannot be used
    for chi-square difference testing in the regular way.  MLM, MLR and WLSM
    chi-square difference testing is described on the Mplus website.  MLMV, WLSMV,
    and ULSMV difference testing is done using the DIFFTEST option.

RMSEA (Root Mean Square Error Of Approximation)

          Estimate                           0.004
          90 Percent C.I.                    0.000  0.018
          Probability RMSEA <= .05           1.000

CFI/TLI

          CFI                                0.999
          TLI                                0.999

Chi-Square Test of Model Fit for the Baseline Model

          Value                            916.290
          Degrees of Freedom                     6
          P-Value                           0.0000

SRMR (Standardized Root Mean Square Residual)

          Value                              0.015



MODEL RESULTS

                                                    Two-Tailed
                    Estimate       S.E.  Est./S.E.    P-Value

 I        |
    DSVS_1             1.000      0.000    999.000    999.000
    DSVS_2             1.000      0.000    999.000    999.000
    DSVS_3             1.000      0.000    999.000    999.000
    DSVS_4             1.000      0.000    999.000    999.000

 S        |
    DSVS_1             0.000      0.000    999.000    999.000
    DSVS_2             1.000      0.000    999.000    999.000
    DSVS_3             2.000      0.000    999.000    999.000
    DSVS_4             3.000      0.000    999.000    999.000

 S        WITH
    I                 -0.003      0.003     -1.269      0.204

 Means
    I                  0.613      0.017     37.166      0.000
    S                 -0.022      0.004     -5.159      0.000

 Intercepts
    DSVS_1             0.000      0.000    999.000    999.000
    DSVS_2             0.000      0.000    999.000    999.000
    DSVS_3             0.000      0.000    999.000    999.000
    DSVS_4             0.000      0.000    999.000    999.000

 Variances
    I                  0.126      0.007     18.042      0.000
    S                  0.008      0.002      3.457      0.001

 Residual Variances
    DSVS_1             0.114      0.008     15.114      0.000
    DSVS_2             0.132      0.011     12.404      0.000
    DSVS_3             0.142      0.015      9.778      0.000
    DSVS_4             0.146      0.016      8.982      0.000


STANDARDIZED MODEL RESULTS


STDYX Standardization

                                                    Two-Tailed
                    Estimate       S.E.  Est./S.E.    P-Value

 I        |
    DSVS_1             0.724      0.010     73.418      0.000
    DSVS_2             0.697      0.014     50.126      0.000
    DSVS_3             0.664      0.020     33.128      0.000
    DSVS_4             0.626      0.021     30.169      0.000

 S        |
    DSVS_1             0.000      0.000    999.000    999.000
    DSVS_2             0.173      0.024      7.119      0.000
    DSVS_3             0.330      0.044      7.465      0.000
    DSVS_4             0.466      0.068      6.900      0.000

 S        WITH
    I                 -0.111      0.075     -1.473      0.141

 Means
    I                  1.731      0.051     34.273      0.000
    S                 -0.246      0.065     -3.786      0.000

 Intercepts
    DSVS_1             0.000      0.000    999.000    999.000
    DSVS_2             0.000      0.000    999.000    999.000
    DSVS_3             0.000      0.000    999.000    999.000
    DSVS_4             0.000      0.000    999.000    999.000

 Variances
    I                  1.000      0.000    999.000    999.000
    S                  1.000      0.000    999.000    999.000

 Residual Variances
    DSVS_1             0.476      0.014     33.334      0.000
    DSVS_2             0.511      0.016     31.670      0.000
    DSVS_3             0.498      0.026     19.369      0.000
    DSVS_4             0.456      0.042     10.776      0.000


STDY Standardization

                                                    Two-Tailed
                    Estimate       S.E.  Est./S.E.    P-Value

 I        |
    DSVS_1             0.724      0.010     73.418      0.000
    DSVS_2             0.697      0.014     50.126      0.000
    DSVS_3             0.664      0.020     33.128      0.000
    DSVS_4             0.626      0.021     30.169      0.000

 S        |
    DSVS_1             0.000      0.000    999.000    999.000
    DSVS_2             0.173      0.024      7.119      0.000
    DSVS_3             0.330      0.044      7.465      0.000
    DSVS_4             0.466      0.068      6.900      0.000

 S        WITH
    I                 -0.111      0.075     -1.473      0.141

 Means
    I                  1.731      0.051     34.273      0.000
    S                 -0.246      0.065     -3.786      0.000

 Intercepts
    DSVS_1             0.000      0.000    999.000    999.000
    DSVS_2             0.000      0.000    999.000    999.000
    DSVS_3             0.000      0.000    999.000    999.000
    DSVS_4             0.000      0.000    999.000    999.000

 Variances
    I                  1.000      0.000    999.000    999.000
    S                  1.000      0.000    999.000    999.000

 Residual Variances
    DSVS_1             0.476      0.014     33.334      0.000
    DSVS_2             0.511      0.016     31.670      0.000
    DSVS_3             0.498      0.026     19.369      0.000
    DSVS_4             0.456      0.042     10.776      0.000


STD Standardization

                                                    Two-Tailed
                    Estimate       S.E.  Est./S.E.    P-Value

 I        |
    DSVS_1             0.354      0.010     36.084      0.000
    DSVS_2             0.354      0.010     36.084      0.000
    DSVS_3             0.354      0.010     36.084      0.000
    DSVS_4             0.354      0.010     36.084      0.000

 S        |
    DSVS_1             0.000      0.000    999.000    999.000
    DSVS_2             0.088      0.013      6.914      0.000
    DSVS_3             0.176      0.025      6.914      0.000
    DSVS_4             0.264      0.038      6.914      0.000

 S        WITH
    I                 -0.111      0.075     -1.473      0.141

 Means
    I                  1.731      0.051     34.273      0.000
    S                 -0.246      0.065     -3.786      0.000

 Intercepts
    DSVS_1             0.000      0.000    999.000    999.000
    DSVS_2             0.000      0.000    999.000    999.000
    DSVS_3             0.000      0.000    999.000    999.000
    DSVS_4             0.000      0.000    999.000    999.000

 Variances
    I                  1.000      0.000    999.000    999.000
    S                  1.000      0.000    999.000    999.000

 Residual Variances
    DSVS_1             0.114      0.008     15.114      0.000
    DSVS_2             0.132      0.011     12.404      0.000
    DSVS_3             0.142      0.015      9.778      0.000
    DSVS_4             0.146      0.016      8.982      0.000


R-SQUARE

    Observed                                        Two-Tailed
    Variable        Estimate       S.E.  Est./S.E.    P-Value

    DSVS_1             0.524      0.014     36.709      0.000
    DSVS_2             0.489      0.016     30.335      0.000
    DSVS_3             0.502      0.026     19.487      0.000
    DSVS_4             0.544      0.042     12.852      0.000


QUALITY OF NUMERICAL RESULTS

     Condition Number for the Information Matrix              0.510E-02
       (ratio of smallest to largest eigenvalue)


CONFIDENCE INTERVALS OF MODEL RESULTS

                  Lower .5%  Lower 2.5%    Lower 5%    Estimate    Upper 5%  Upper 2.5%   Upper .5%

 I        |
    DSVS_1           1.000       1.000       1.000       1.000       1.000       1.000       1.000
    DSVS_2           1.000       1.000       1.000       1.000       1.000       1.000       1.000
    DSVS_3           1.000       1.000       1.000       1.000       1.000       1.000       1.000
    DSVS_4           1.000       1.000       1.000       1.000       1.000       1.000       1.000

 S        |
    DSVS_1           0.000       0.000       0.000       0.000       0.000       0.000       0.000
    DSVS_2           1.000       1.000       1.000       1.000       1.000       1.000       1.000
    DSVS_3           2.000       2.000       2.000       2.000       2.000       2.000       2.000
    DSVS_4           3.000       3.000       3.000       3.000       3.000       3.000       3.000

 S        WITH
    I               -0.010      -0.009      -0.008      -0.003       0.001       0.002       0.004

 Means
    I                0.571       0.581       0.586       0.613       0.641       0.646       0.656
    S               -0.032      -0.030      -0.029      -0.022      -0.015      -0.013      -0.011

 Intercepts
    DSVS_1           0.000       0.000       0.000       0.000       0.000       0.000       0.000
    DSVS_2           0.000       0.000       0.000       0.000       0.000       0.000       0.000
    DSVS_3           0.000       0.000       0.000       0.000       0.000       0.000       0.000
    DSVS_4           0.000       0.000       0.000       0.000       0.000       0.000       0.000

 Variances
    I                0.108       0.112       0.114       0.126       0.137       0.139       0.143
    S                0.002       0.003       0.004       0.008       0.011       0.012       0.013

 Residual Variances
    DSVS_1           0.095       0.099       0.102       0.114       0.126       0.129       0.133
    DSVS_2           0.105       0.111       0.114       0.132       0.149       0.153       0.159
    DSVS_3           0.104       0.113       0.118       0.142       0.166       0.170       0.179
    DSVS_4           0.104       0.114       0.119       0.146       0.173       0.178       0.188


CONFIDENCE INTERVALS OF STANDARDIZED MODEL RESULTS


STDYX Standardization

                  Lower .5%  Lower 2.5%    Lower 5%    Estimate    Upper 5%  Upper 2.5%   Upper .5%

 I        |
    DSVS_1           0.699       0.705       0.708       0.724       0.740       0.743       0.749
    DSVS_2           0.661       0.670       0.674       0.697       0.720       0.724       0.733
    DSVS_3           0.613       0.625       0.631       0.664       0.697       0.704       0.716
    DSVS_4           0.572       0.585       0.592       0.626       0.660       0.666       0.679

 S        |
    DSVS_1           0.000       0.000       0.000       0.000       0.000       0.000       0.000
    DSVS_2           0.110       0.125       0.133       0.173       0.213       0.221       0.236
    DSVS_3           0.216       0.243       0.257       0.330       0.402       0.416       0.443
    DSVS_4           0.292       0.333       0.355       0.466       0.577       0.598       0.640

 S        WITH
    I               -0.304      -0.258      -0.234      -0.111       0.013       0.037       0.083

 Means
    I                1.601       1.632       1.648       1.731       1.814       1.830       1.861
    S               -0.414      -0.374      -0.354      -0.246      -0.139      -0.119      -0.079

 Intercepts
    DSVS_1           0.000       0.000       0.000       0.000       0.000       0.000       0.000
    DSVS_2           0.000       0.000       0.000       0.000       0.000       0.000       0.000
    DSVS_3           0.000       0.000       0.000       0.000       0.000       0.000       0.000
    DSVS_4           0.000       0.000       0.000       0.000       0.000       0.000       0.000

 Variances
    I                1.000       1.000       1.000       1.000       1.000       1.000       1.000
    S                1.000       1.000       1.000       1.000       1.000       1.000       1.000

 Residual Variances
    DSVS_1           0.439       0.448       0.452       0.476       0.499       0.504       0.513
    DSVS_2           0.469       0.479       0.484       0.511       0.537       0.542       0.552
    DSVS_3           0.432       0.448       0.456       0.498       0.541       0.549       0.565
    DSVS_4           0.347       0.373       0.386       0.456       0.526       0.539       0.565


STDY Standardization

                  Lower .5%  Lower 2.5%    Lower 5%    Estimate    Upper 5%  Upper 2.5%   Upper .5%

 I        |
    DSVS_1           0.699       0.705       0.708       0.724       0.740       0.743       0.749
    DSVS_2           0.661       0.670       0.674       0.697       0.720       0.724       0.733
    DSVS_3           0.613       0.625       0.631       0.664       0.697       0.704       0.716
    DSVS_4           0.572       0.585       0.592       0.626       0.660       0.666       0.679

 S        |
    DSVS_1           0.000       0.000       0.000       0.000       0.000       0.000       0.000
    DSVS_2           0.110       0.125       0.133       0.173       0.213       0.221       0.236
    DSVS_3           0.216       0.243       0.257       0.330       0.402       0.416       0.443
    DSVS_4           0.292       0.333       0.355       0.466       0.577       0.598       0.640

 S        WITH
    I               -0.304      -0.258      -0.234      -0.111       0.013       0.037       0.083

 Means
    I                1.601       1.632       1.648       1.731       1.814       1.830       1.861
    S               -0.414      -0.374      -0.354      -0.246      -0.139      -0.119      -0.079

 Intercepts
    DSVS_1           0.000       0.000       0.000       0.000       0.000       0.000       0.000
    DSVS_2           0.000       0.000       0.000       0.000       0.000       0.000       0.000
    DSVS_3           0.000       0.000       0.000       0.000       0.000       0.000       0.000
    DSVS_4           0.000       0.000       0.000       0.000       0.000       0.000       0.000

 Variances
    I                1.000       1.000       1.000       1.000       1.000       1.000       1.000
    S                1.000       1.000       1.000       1.000       1.000       1.000       1.000

 Residual Variances
    DSVS_1           0.439       0.448       0.452       0.476       0.499       0.504       0.513
    DSVS_2           0.469       0.479       0.484       0.511       0.537       0.542       0.552
    DSVS_3           0.432       0.448       0.456       0.498       0.541       0.549       0.565
    DSVS_4           0.347       0.373       0.386       0.456       0.526       0.539       0.565


STD Standardization

                  Lower .5%  Lower 2.5%    Lower 5%    Estimate    Upper 5%  Upper 2.5%   Upper .5%

 I        |
    DSVS_1           0.329       0.335       0.338       0.354       0.370       0.374       0.380
    DSVS_2           0.329       0.335       0.338       0.354       0.370       0.374       0.380
    DSVS_3           0.329       0.335       0.338       0.354       0.370       0.374       0.380
    DSVS_4           0.329       0.335       0.338       0.354       0.370       0.374       0.380

 S        |
    DSVS_1           0.000       0.000       0.000       0.000       0.000       0.000       0.000
    DSVS_2           0.055       0.063       0.067       0.088       0.109       0.113       0.121
    DSVS_3           0.110       0.126       0.134       0.176       0.218       0.226       0.241
    DSVS_4           0.165       0.189       0.201       0.264       0.326       0.338       0.362

 S        WITH
    I               -0.304      -0.258      -0.234      -0.111       0.013       0.037       0.083

 Means
    I                1.601       1.632       1.648       1.731       1.814       1.830       1.861
    S               -0.414      -0.374      -0.354      -0.246      -0.139      -0.119      -0.079

 Intercepts
    DSVS_1           0.000       0.000       0.000       0.000       0.000       0.000       0.000
    DSVS_2           0.000       0.000       0.000       0.000       0.000       0.000       0.000
    DSVS_3           0.000       0.000       0.000       0.000       0.000       0.000       0.000
    DSVS_4           0.000       0.000       0.000       0.000       0.000       0.000       0.000

 Variances
    I                1.000       1.000       1.000       1.000       1.000       1.000       1.000
    S                1.000       1.000       1.000       1.000       1.000       1.000       1.000

 Residual Variances
    DSVS_1           0.095       0.099       0.102       0.114       0.126       0.129       0.133
    DSVS_2           0.105       0.111       0.114       0.132       0.149       0.153       0.159
    DSVS_3           0.104       0.113       0.118       0.142       0.166       0.170       0.179
    DSVS_4           0.104       0.114       0.119       0.146       0.173       0.178       0.188


RESIDUAL OUTPUT


     ESTIMATED MODEL AND RESIDUALS (OBSERVED - ESTIMATED)


           Model Estimated Means
              DSVS_1        DSVS_2        DSVS_3        DSVS_4
              ________      ________      ________      ________
                0.613         0.592         0.570         0.548


           Residuals for Means
              DSVS_1        DSVS_2        DSVS_3        DSVS_4
              ________      ________      ________      ________
                0.001        -0.003         0.001         0.001


           Standardized Residuals (z-scores) for Means
              DSVS_1        DSVS_2        DSVS_3        DSVS_4
              ________      ________      ________      ________
                0.357        -0.470         0.225         0.086


           Normalized Residuals for Means
              DSVS_1        DSVS_2        DSVS_3        DSVS_4
              ________      ________      ________      ________
                0.084        -0.199         0.051         0.045


           Model Estimated Covariances
              DSVS_1        DSVS_2        DSVS_3        DSVS_4
              ________      ________      ________      ________
 DSVS_1         0.240
 DSVS_2         0.122         0.258
 DSVS_3         0.119         0.131         0.284
 DSVS_4         0.115         0.135         0.155         0.321


           Model Estimated Correlations
              DSVS_1        DSVS_2        DSVS_3        DSVS_4
              ________      ________      ________      ________
 DSVS_1         1.000
 DSVS_2         0.491         1.000
 DSVS_3         0.455         0.482         1.000
 DSVS_4         0.416         0.469         0.512         1.000


           Residuals for Covariances
              DSVS_1        DSVS_2        DSVS_3        DSVS_4
              ________      ________      ________      ________
 DSVS_1        -0.003
 DSVS_2         0.002         0.007
 DSVS_3        -0.005         0.007        -0.002
 DSVS_4        -0.005         0.006        -0.006        -0.003


           Residuals for Correlations
              DSVS_1        DSVS_2        DSVS_3        DSVS_4
              ________      ________      ________      ________
 DSVS_1         0.000
 DSVS_2         0.003         0.000
 DSVS_3        -0.015         0.022         0.000
 DSVS_4        -0.015         0.017        -0.016         0.000


           Standardized Residuals (z-scores) for Covariances
              DSVS_1        DSVS_2        DSVS_3        DSVS_4
              ________      ________      ________      ________
 DSVS_1        -0.675
 DSVS_2         0.539         5.825
 DSVS_3        -2.369       999.000       999.000
 DSVS_4        -1.591         0.708       999.000        -0.515


           Normalized Residuals for Covariances
              DSVS_1        DSVS_2        DSVS_3        DSVS_4
              ________      ________      ________      ________
 DSVS_1        -0.216
 DSVS_2         0.245         0.495
 DSVS_3        -0.846         1.548        -0.121
 DSVS_4        -0.735         0.598        -0.707        -0.228


TECHNICAL 1 OUTPUT


     PARAMETER SPECIFICATION


           NU
              DSVS_1        DSVS_2        DSVS_3        DSVS_4
              ________      ________      ________      ________
                  0             0             0             0


           LAMBDA
              I             S
              ________      ________
 DSVS_1             0             0
 DSVS_2             0             0
 DSVS_3             0             0
 DSVS_4             0             0


           THETA
              DSVS_1        DSVS_2        DSVS_3        DSVS_4
              ________      ________      ________      ________
 DSVS_1             1
 DSVS_2             0             2
 DSVS_3             0             0             3
 DSVS_4             0             0             0             4


           ALPHA
              I             S
              ________      ________
                  5             6


           BETA
              I             S
              ________      ________
 I                  0             0
 S                  0             0


           PSI
              I             S
              ________      ________
 I                  7
 S                  8             9


     STARTING VALUES


           NU
              DSVS_1        DSVS_2        DSVS_3        DSVS_4
              ________      ________      ________      ________
                0.000         0.000         0.000         0.000


           LAMBDA
              I             S
              ________      ________
 DSVS_1         1.000         0.000
 DSVS_2         1.000         1.000
 DSVS_3         1.000         2.000
 DSVS_4         1.000         3.000


           THETA
              DSVS_1        DSVS_2        DSVS_3        DSVS_4
              ________      ________      ________      ________
 DSVS_1         0.119
 DSVS_2         0.000         0.133
 DSVS_3         0.000         0.000         0.139
 DSVS_4         0.000         0.000         0.000         0.157


           ALPHA
              I             S
              ________      ________
                0.614        -0.032


           BETA
              I             S
              ________      ________
 I              0.000         0.000
 S              0.000         0.000


           PSI
              I             S
              ________      ________
 I              0.248
 S              0.000         0.119


TECHNICAL 4 OUTPUT


     ESTIMATES DERIVED FROM THE MODEL


           ESTIMATED MEANS FOR THE LATENT VARIABLES
              I             S
              ________      ________
                0.613        -0.022


           S.E. FOR ESTIMATED MEANS FOR THE LATENT VARIABLES
              I             S
              ________      ________
                0.017         0.004


           EST./S.E. FOR ESTIMATED MEANS FOR THE LATENT VARIABLES
              I             S
              ________      ________
               37.166        -5.159


           TWO-TAILED P-VALUE FOR ESTIMATED MEANS FOR THE LATENT VARIABLES
              I             S
              ________      ________
                0.000         0.000


           ESTIMATED COVARIANCE MATRIX FOR THE LATENT VARIABLES
              I             S
              ________      ________
 I              0.126
 S             -0.003         0.008


           S.E. FOR ESTIMATED COVARIANCE MATRIX FOR THE LATENT VARIABLES
              I             S
              ________      ________
 I              0.007
 S              0.003         0.002


           EST./S.E. FOR ESTIMATED COVARIANCE MATRIX FOR THE LATENT VARIABLES
              I             S
              ________      ________
 I             18.042
 S             -1.269         3.457


           TWO-TAILED P-VALUE FOR ESTIMATED COVARIANCE MATRIX FOR THE LATENT VARIABLES
              I             S
              ________      ________
 I              0.000
 S              0.204         0.001


           ESTIMATED CORRELATION MATRIX FOR THE LATENT VARIABLES
              I             S
              ________      ________
 I              1.000
 S             -0.111         1.000


           S.E. FOR ESTIMATED CORRELATION MATRIX FOR THE LATENT VARIABLES
              I             S
              ________      ________
 I              0.000
 S              0.075         0.000


           EST./S.E. FOR ESTIMATED CORRELATION MATRIX FOR THE LATENT VARIABLES
              I             S
              ________      ________
 I            999.000
 S             -1.473       999.000


           TWO-TAILED P-VALUE FOR ESTIMATED CORRELATION MATRIX FOR THE LATENT VARIABLES
              I             S
              ________      ________
 I              0.000
 S              0.141         0.000


DIAGRAM INFORMATION

  Use View Diagram under the Diagram menu in the Mplus Editor to view the diagram.
  If running Mplus from the Mplus Diagrammer, the diagram opens automatically.

  Diagram output
    c:\users\kylenick\onedrive - university of north carolina at chapel hill\dorothy\00 sources of strength data w1-w4 -

     Beginning Time:  14:15:59
        Ending Time:  14:15:59
       Elapsed Time:  00:00:00



MUTHEN & MUTHEN
3463 Stoner Ave.
Los Angeles, CA  90066

Tel: (310) 391-9971
Fax: (310) 391-8971
Web: www.StatModel.com
Support: Support@StatModel.com

Copyright (c) 1998-2019 Muthen & Muthen
