Mplus VERSION 8.4
MUTHEN & MUTHEN
09/28/2021   2:16 PM

INPUT INSTRUCTIONS

  TITLE: General Wellbeing - Scale Scores - LGM

  DATA: FILE = mpluswide.csv;

  VARIABLE:
  NAMES = ID School Tx srvy_1 srvy_2 srvy_3 srvy_4
  Grade TransG Gender Race SexOr
  Female Male OtherG
  White Latinx Black Asian MultiR Indigen POC
  Straight Bisexual GL Quest OtherSO LGBQ
  FGxTx MGxTx OGxTx
  WRxTx LRxTx BRxTx ARxTx MRxTx IRxTx POCxTx
  SSxTx BSxTx GLxTx QSxTx OSxTx LGBQxTx
  AGE_1 AGE_2 AGE_3 AGE_4
  SVP1_1 SVP1_2 SVP1_3 SVP1_4
  SVP10_1 SVP10_2 SVP10_3 SVP10_4
  SVP11_1 SVP11_2 SVP11_3 SVP11_4
  SVP12_1 SVP12_2 SVP12_3 SVP12_4
  SVP13_1 SVP13_2 SVP13_3 SVP13_4
  SVP2_1 SVP2_2 SVP2_3 SVP2_4
  SVP3_1 SVP3_2 SVP3_3 SVP3_4
  SVP4_1 SVP4_2 SVP4_3 SVP4_4
  SVP5_1 SVP5_2 SVP5_3 SVP5_4
  SVP6_1 SVP6_2 SVP6_3 SVP6_4
  SVP7_1 SVP7_2 SVP7_3 SVP7_4
  SVP8_1 SVP8_2 SVP8_3 SVP8_4
  SVP9_1 SVP9_2 SVP9_3 SVP9_4
  SVV1_1 SVV1_2 SVV1_3 SVV1_4
  SVV10_1 SVV10_2 SVV10_3 SVV10_4
  SVV11_1 SVV11_2 SVV11_3 SVV11_4
  SVV12_1 SVV12_2 SVV12_3 SVV12_4
  SVV13_1 SVV13_2 SVV13_3 SVV13_4
  SVV2_1 SVV2_2 SVV2_3 SVV2_4
  SVV3_1 SVV3_2 SVV3_3 SVV3_4
  SVV4_1 SVV4_2 SVV4_3 SVV4_4
  SVV5_1 SVV5_2 SVV5_3 SVV5_4
  SVV6_1 SVV6_2 SVV6_3 SVV6_4
  SVV7_1 SVV7_2 SVV7_3 SVV7_4
  SVV8_1 SVV8_2 SVV8_3 SVV8_4
  SVV9_1 SVV9_2 SVV9_3 SVV9_4
  CYP1_1 CYP1_2 CYP1_3 CYP1_4
  CYP2_1 CYP2_2 CYP2_3 CYP2_4
  CYP3_1 CYP3_2 CYP3_3 CYP3_4
  DSV1_1 DSV1_2 DSV1_3 DSV1_4
  DSV2_1 DSV2_2 DSV2_3 DSV2_4
  DSV3_1 DSV3_2 DSV3_3 DSV3_4
  DSV4_1 DSV4_2 DSV4_3 DSV4_4
  DSV5_1 DSV5_2 DSV5_3 DSV5_4
  DSV6_1 DSV6_2 DSV6_3 DSV6_4
  HOP1_1 HOP1_2 HOP1_3 HOP1_4
  HOP2_1 HOP2_2 HOP2_3 HOP2_4
  HOP3_1 HOP3_2 HOP3_3 HOP3_4
  HOP4_1 HOP4_2 HOP4_3 HOP4_4
  HOP5_1 HOP5_2 HOP5_3 HOP5_4
  HOV1_1 HOV1_2 HOV1_3 HOV1_4
  HOV2_1 HOV2_2 HOV2_3 HOV2_4
  HOV3_1 HOV3_2 HOV3_3 HOV3_4
  HOV4_1 HOV4_2 HOV4_3 HOV4_4
  HOV5_1 HOV5_2 HOV5_3 HOV5_4
  GWB1_1 GWB1_2 GWB1_3 GWB1_4
  GWB2_1 GWB2_2 GWB2_3 GWB2_4
  GWB3_1 GWB3_2 GWB3_3 GWB3_4
  GWB4_1 GWB4_2 GWB4_3 GWB4_4
  GWB5_1 GWB5_2 GWB5_3 GWB5_4
  GWB6_1 GWB6_2 GWB6_3 GWB6_4
  GWB7_1 GWB7_2 GWB7_3 GWB7_4
  GWB8_1 GWB8_2 GWB8_3 GWB8_4
  SHA1_1 SHA1_2 SHA1_3 SHA1_4
  SHA2_1 SHA2_2 SHA2_3 SHA2_4
  SHA3_1 SHA3_2 SHA3_3 SHA3_4
  SHA4_1 SHA4_2 SHA4_3 SHA4_4
  SHI1_1 SHI1_2 SHI1_3 SHI1_4
  SHI2_1 SHI2_2 SHI2_3 SHI2_4
  SHI3_1 SHI3_2 SHI3_3 SHI3_4
  SHI4_1 SHI4_2 SHI4_3 SHI4_4
  AEXS_1 AEXS_2 AEXS_3 AEXS_4
  PEXS_1 PEXS_2 PEXS_3 PEXS_4
  NCPS_1 NCPS_2 NCPS_3 NCPS_4
  NCVS_1 NCVS_2 NCVS_3 NCVS_4
  CPS_1 CPS_2 CPS_3 CPS_4
  CVS_1 CVS_2 CVS_3 CVS_4
  HOPS_1 HOPS_2 HOPS_3 HOPS_4
  HOVS_1 HOVS_2 HOVS_3 HOVS_4
  CYPS_1 CYPS_2 CYPS_3 CYPS_4
  DSVS_1 DSVS_2 DSVS_3 DSVS_4
  GWBS_1 GWBS_2 GWBS_3 GWBS_4
  SHAS_1 SHAS_2 SHAS_3 SHAS_4
  SHIS_1 SHIS_2 SHIS_3 SHIS_4
  NCPerp1 NCPerp2 NCPerp3 NCPerp4
  NCVict1 NCVict2 NCVict3 NCVict4
  ConPerp1 ConPerp2 ConPerp3 ConPerp4
  ConVict1 ConVict2 ConVict3 ConVict4
  HNCPerp1 HNCPerp2 HNCPerp3 HNCPerp4
  CSPerp1 CSPerp2 CSPerp3 CSPerp4
  Dismiss1 Dismiss2 Dismiss3 Dismiss4
  GenWB1 GenWB2 GenWB3 GenWB4
  SHHAtt1 SHHAtt2 SHHAtt3 SHHAtt4
  SHHSeek1 SHHSeek2 SHHSeek3 SHHSeek4
  Active2 Active3 Active4
  Passive2 Passive3 Passive4
  Funding Rural Teas_Per MHT_Per;

  USEVARIABLES = GWBS_1-GWBS_4;

  IDVARIABLE = ID;
  CLUSTER = School;

  MISSING = ALL(-999);

  ANALYSIS:
  TYPE = COMPLEX;

  MODEL:
  i s | GWBS_1@0 GWBS_2@1 GWBS_3@2 GWBS_4@3;

  OUTPUT:
  STANDARDIZED CINTERVAL RESIDUAL TECH1 TECH4;



*** WARNING
  Data set contains cases with missing on all variables.
  These cases were not included in the analysis.
  Number of cases with missing on all variables:  222
   1 WARNING(S) FOUND IN THE INPUT INSTRUCTIONS



General Wellbeing - Scale Scores - LGM

SUMMARY OF ANALYSIS

Number of groups                                                 1
Number of observations                                        6243

Number of dependent variables                                    4
Number of independent variables                                  0
Number of continuous latent variables                            2

Observed dependent variables

  Continuous
   GWBS_1      GWBS_2      GWBS_3      GWBS_4

Continuous latent variables
   I           S

Variables with special functions

  Cluster variable      SCHOOL
  ID variable           ID

Estimator                                                      MLR
Information matrix                                        OBSERVED
Maximum number of iterations                                  1000
Convergence criterion                                    0.500D-04
Maximum number of steepest descent iterations                   20
Maximum number of iterations for H1                           2000
Convergence criterion for H1                             0.100D-03

Input data file(s)
  mpluswide.csv

Input data format  FREE


SUMMARY OF DATA

     Number of missing data patterns            15
     Number of clusters                         20



COVARIANCE COVERAGE OF DATA

Minimum covariance coverage value   0.100


     PROPORTION OF DATA PRESENT


           Covariance Coverage
              GWBS_1        GWBS_2        GWBS_3        GWBS_4
              ________      ________      ________      ________
 GWBS_1         0.717
 GWBS_2         0.523         0.663
 GWBS_3         0.440         0.445         0.619
 GWBS_4         0.361         0.370         0.390         0.510



UNIVARIATE SAMPLE STATISTICS


     UNIVARIATE HIGHER-ORDER MOMENT DESCRIPTIVE STATISTICS

         Variable/         Mean/     Skewness/   Minimum/ % with                Percentiles
        Sample Size      Variance    Kurtosis    Maximum  Min/Max      20%/60%    40%/80%    Median

     GWBS_1                2.103      -0.828       0.000    2.12%       1.625      2.000      2.125
            4479.000       0.396       1.314       3.000   11.07%       2.250      2.750
     GWBS_2                2.100      -0.900       0.000    2.83%       1.714      2.000      2.000
            4138.000       0.431       1.412       3.000   13.00%       2.250      2.750
     GWBS_3                2.116      -0.968       0.000    3.29%       1.750      2.000      2.000
            3864.000       0.460       1.450       3.000   14.93%       2.250      2.750
     GWBS_4                2.094      -1.025       0.000    4.50%       1.750      2.000      2.000
            3181.000       0.513       1.382       3.000   15.88%       2.250      2.750


THE MODEL ESTIMATION TERMINATED NORMALLY



MODEL FIT INFORMATION

Number of Free Parameters                        9

Loglikelihood

          H0 Value                      -14473.905
          H0 Scaling Correction Factor      5.8685
            for MLR
          H1 Value                      -14463.772
          H1 Scaling Correction Factor      4.4932
            for MLR

Information Criteria

          Akaike (AIC)                   28965.810
          Bayesian (BIC)                 29026.462
          Sample-Size Adjusted BIC       28997.863
            (n* = (n + 2) / 24)

Chi-Square Test of Model Fit

          Value                             10.044*
          Degrees of Freedom                     5
          P-Value                           0.0740
          Scaling Correction Factor         2.0176
            for MLR

*   The chi-square value for MLM, MLMV, MLR, ULSMV, WLSM and WLSMV cannot be used
    for chi-square difference testing in the regular way.  MLM, MLR and WLSM
    chi-square difference testing is described on the Mplus website.  MLMV, WLSMV,
    and ULSMV difference testing is done using the DIFFTEST option.

RMSEA (Root Mean Square Error Of Approximation)

          Estimate                           0.013
          90 Percent C.I.                    0.000  0.024
          Probability RMSEA <= .05           1.000

CFI/TLI

          CFI                                0.992
          TLI                                0.990

Chi-Square Test of Model Fit for the Baseline Model

          Value                            632.117
          Degrees of Freedom                     6
          P-Value                           0.0000

SRMR (Standardized Root Mean Square Residual)

          Value                              0.026



MODEL RESULTS

                                                    Two-Tailed
                    Estimate       S.E.  Est./S.E.    P-Value

 I        |
    GWBS_1             1.000      0.000    999.000    999.000
    GWBS_2             1.000      0.000    999.000    999.000
    GWBS_3             1.000      0.000    999.000    999.000
    GWBS_4             1.000      0.000    999.000    999.000

 S        |
    GWBS_1             0.000      0.000    999.000    999.000
    GWBS_2             1.000      0.000    999.000    999.000
    GWBS_3             2.000      0.000    999.000    999.000
    GWBS_4             3.000      0.000    999.000    999.000

 S        WITH
    I                 -0.024      0.009     -2.686      0.007

 Means
    I                  2.094      0.020    104.857      0.000
    S                 -0.008      0.006     -1.340      0.180

 Intercepts
    GWBS_1             0.000      0.000    999.000    999.000
    GWBS_2             0.000      0.000    999.000    999.000
    GWBS_3             0.000      0.000    999.000    999.000
    GWBS_4             0.000      0.000    999.000    999.000

 Variances
    I                  0.247      0.022     11.366      0.000
    S                  0.020      0.005      4.344      0.000

 Residual Variances
    GWBS_1             0.160      0.013     12.171      0.000
    GWBS_2             0.210      0.015     14.254      0.000
    GWBS_3             0.237      0.025      9.439      0.000
    GWBS_4             0.258      0.034      7.667      0.000


STANDARDIZED MODEL RESULTS


STDYX Standardization

                                                    Two-Tailed
                    Estimate       S.E.  Est./S.E.    P-Value

 I        |
    GWBS_1             0.778      0.020     39.806      0.000
    GWBS_2             0.759      0.022     34.134      0.000
    GWBS_3             0.728      0.026     27.948      0.000
    GWBS_4             0.679      0.030     22.761      0.000

 S        |
    GWBS_1             0.000      0.000    999.000    999.000
    GWBS_2             0.214      0.021      9.991      0.000
    GWBS_3             0.411      0.044      9.334      0.000
    GWBS_4             0.574      0.063      9.086      0.000

 S        WITH
    I                 -0.350      0.087     -4.022      0.000

 Means
    I                  4.216      0.196     21.504      0.000
    S                 -0.057      0.045     -1.281      0.200

 Intercepts
    GWBS_1             0.000      0.000    999.000    999.000
    GWBS_2             0.000      0.000    999.000    999.000
    GWBS_3             0.000      0.000    999.000    999.000
    GWBS_4             0.000      0.000    999.000    999.000

 Variances
    I                  1.000      0.000    999.000    999.000
    S                  1.000      0.000    999.000    999.000

 Residual Variances
    GWBS_1             0.394      0.030     12.940      0.000
    GWBS_2             0.492      0.017     28.568      0.000
    GWBS_3             0.510      0.035     14.565      0.000
    GWBS_4             0.482      0.049      9.826      0.000


STDY Standardization

                                                    Two-Tailed
                    Estimate       S.E.  Est./S.E.    P-Value

 I        |
    GWBS_1             0.778      0.020     39.806      0.000
    GWBS_2             0.759      0.022     34.134      0.000
    GWBS_3             0.728      0.026     27.948      0.000
    GWBS_4             0.679      0.030     22.761      0.000

 S        |
    GWBS_1             0.000      0.000    999.000    999.000
    GWBS_2             0.214      0.021      9.991      0.000
    GWBS_3             0.411      0.044      9.334      0.000
    GWBS_4             0.574      0.063      9.086      0.000

 S        WITH
    I                 -0.350      0.087     -4.022      0.000

 Means
    I                  4.216      0.196     21.504      0.000
    S                 -0.057      0.045     -1.281      0.200

 Intercepts
    GWBS_1             0.000      0.000    999.000    999.000
    GWBS_2             0.000      0.000    999.000    999.000
    GWBS_3             0.000      0.000    999.000    999.000
    GWBS_4             0.000      0.000    999.000    999.000

 Variances
    I                  1.000      0.000    999.000    999.000
    S                  1.000      0.000    999.000    999.000

 Residual Variances
    GWBS_1             0.394      0.030     12.940      0.000
    GWBS_2             0.492      0.017     28.568      0.000
    GWBS_3             0.510      0.035     14.565      0.000
    GWBS_4             0.482      0.049      9.826      0.000


STD Standardization

                                                    Two-Tailed
                    Estimate       S.E.  Est./S.E.    P-Value

 I        |
    GWBS_1             0.497      0.022     22.733      0.000
    GWBS_2             0.497      0.022     22.733      0.000
    GWBS_3             0.497      0.022     22.733      0.000
    GWBS_4             0.497      0.022     22.733      0.000

 S        |
    GWBS_1             0.000      0.000    999.000    999.000
    GWBS_2             0.140      0.016      8.688      0.000
    GWBS_3             0.280      0.032      8.688      0.000
    GWBS_4             0.420      0.048      8.688      0.000

 S        WITH
    I                 -0.350      0.087     -4.022      0.000

 Means
    I                  4.216      0.196     21.504      0.000
    S                 -0.057      0.045     -1.281      0.200

 Intercepts
    GWBS_1             0.000      0.000    999.000    999.000
    GWBS_2             0.000      0.000    999.000    999.000
    GWBS_3             0.000      0.000    999.000    999.000
    GWBS_4             0.000      0.000    999.000    999.000

 Variances
    I                  1.000      0.000    999.000    999.000
    S                  1.000      0.000    999.000    999.000

 Residual Variances
    GWBS_1             0.160      0.013     12.171      0.000
    GWBS_2             0.210      0.015     14.254      0.000
    GWBS_3             0.237      0.025      9.439      0.000
    GWBS_4             0.258      0.034      7.667      0.000


R-SQUARE

    Observed                                        Two-Tailed
    Variable        Estimate       S.E.  Est./S.E.    P-Value

    GWBS_1             0.606      0.030     19.903      0.000
    GWBS_2             0.508      0.017     29.548      0.000
    GWBS_3             0.490      0.035     13.976      0.000
    GWBS_4             0.518      0.049     10.556      0.000


QUALITY OF NUMERICAL RESULTS

     Condition Number for the Information Matrix              0.478E-02
       (ratio of smallest to largest eigenvalue)


CONFIDENCE INTERVALS OF MODEL RESULTS

                  Lower .5%  Lower 2.5%    Lower 5%    Estimate    Upper 5%  Upper 2.5%   Upper .5%

 I        |
    GWBS_1           1.000       1.000       1.000       1.000       1.000       1.000       1.000
    GWBS_2           1.000       1.000       1.000       1.000       1.000       1.000       1.000
    GWBS_3           1.000       1.000       1.000       1.000       1.000       1.000       1.000
    GWBS_4           1.000       1.000       1.000       1.000       1.000       1.000       1.000

 S        |
    GWBS_1           0.000       0.000       0.000       0.000       0.000       0.000       0.000
    GWBS_2           1.000       1.000       1.000       1.000       1.000       1.000       1.000
    GWBS_3           2.000       2.000       2.000       2.000       2.000       2.000       2.000
    GWBS_4           3.000       3.000       3.000       3.000       3.000       3.000       3.000

 S        WITH
    I               -0.048      -0.042      -0.039      -0.024      -0.009      -0.007      -0.001

 Means
    I                2.043       2.055       2.061       2.094       2.127       2.133       2.145
    S               -0.023      -0.020      -0.018      -0.008       0.002       0.004       0.007

 Intercepts
    GWBS_1           0.000       0.000       0.000       0.000       0.000       0.000       0.000
    GWBS_2           0.000       0.000       0.000       0.000       0.000       0.000       0.000
    GWBS_3           0.000       0.000       0.000       0.000       0.000       0.000       0.000
    GWBS_4           0.000       0.000       0.000       0.000       0.000       0.000       0.000

 Variances
    I                0.191       0.204       0.211       0.247       0.282       0.289       0.303
    S                0.008       0.011       0.012       0.020       0.027       0.028       0.031

 Residual Variances
    GWBS_1           0.126       0.135       0.139       0.160       0.182       0.186       0.194
    GWBS_2           0.172       0.181       0.186       0.210       0.235       0.239       0.248
    GWBS_3           0.173       0.188       0.196       0.237       0.279       0.287       0.302
    GWBS_4           0.171       0.192       0.203       0.258       0.313       0.324       0.345


CONFIDENCE INTERVALS OF STANDARDIZED MODEL RESULTS


STDYX Standardization

                  Lower .5%  Lower 2.5%    Lower 5%    Estimate    Upper 5%  Upper 2.5%   Upper .5%

 I        |
    GWBS_1           0.728       0.740       0.746       0.778       0.811       0.817       0.829
    GWBS_2           0.702       0.716       0.723       0.759       0.796       0.803       0.816
    GWBS_3           0.661       0.677       0.685       0.728       0.771       0.779       0.795
    GWBS_4           0.602       0.621       0.630       0.679       0.728       0.738       0.756

 S        |
    GWBS_1           0.000       0.000       0.000       0.000       0.000       0.000       0.000
    GWBS_2           0.159       0.172       0.179       0.214       0.249       0.256       0.269
    GWBS_3           0.297       0.324       0.338       0.411       0.483       0.497       0.524
    GWBS_4           0.411       0.450       0.470       0.574       0.678       0.698       0.737

 S        WITH
    I               -0.574      -0.521      -0.493      -0.350      -0.207      -0.179      -0.126

 Means
    I                3.711       3.832       3.893       4.216       4.538       4.600       4.721
    S               -0.173      -0.145      -0.131      -0.057       0.016       0.030       0.058

 Intercepts
    GWBS_1           0.000       0.000       0.000       0.000       0.000       0.000       0.000
    GWBS_2           0.000       0.000       0.000       0.000       0.000       0.000       0.000
    GWBS_3           0.000       0.000       0.000       0.000       0.000       0.000       0.000
    GWBS_4           0.000       0.000       0.000       0.000       0.000       0.000       0.000

 Variances
    I                1.000       1.000       1.000       1.000       1.000       1.000       1.000
    S                1.000       1.000       1.000       1.000       1.000       1.000       1.000

 Residual Variances
    GWBS_1           0.316       0.334       0.344       0.394       0.444       0.454       0.472
    GWBS_2           0.447       0.458       0.463       0.492       0.520       0.525       0.536
    GWBS_3           0.420       0.442       0.453       0.510       0.568       0.579       0.601
    GWBS_4           0.356       0.386       0.401       0.482       0.563       0.578       0.608


STDY Standardization

                  Lower .5%  Lower 2.5%    Lower 5%    Estimate    Upper 5%  Upper 2.5%   Upper .5%

 I        |
    GWBS_1           0.728       0.740       0.746       0.778       0.811       0.817       0.829
    GWBS_2           0.702       0.716       0.723       0.759       0.796       0.803       0.816
    GWBS_3           0.661       0.677       0.685       0.728       0.771       0.779       0.795
    GWBS_4           0.602       0.621       0.630       0.679       0.728       0.738       0.756

 S        |
    GWBS_1           0.000       0.000       0.000       0.000       0.000       0.000       0.000
    GWBS_2           0.159       0.172       0.179       0.214       0.249       0.256       0.269
    GWBS_3           0.297       0.324       0.338       0.411       0.483       0.497       0.524
    GWBS_4           0.411       0.450       0.470       0.574       0.678       0.698       0.737

 S        WITH
    I               -0.574      -0.521      -0.493      -0.350      -0.207      -0.179      -0.126

 Means
    I                3.711       3.832       3.893       4.216       4.538       4.600       4.721
    S               -0.173      -0.145      -0.131      -0.057       0.016       0.030       0.058

 Intercepts
    GWBS_1           0.000       0.000       0.000       0.000       0.000       0.000       0.000
    GWBS_2           0.000       0.000       0.000       0.000       0.000       0.000       0.000
    GWBS_3           0.000       0.000       0.000       0.000       0.000       0.000       0.000
    GWBS_4           0.000       0.000       0.000       0.000       0.000       0.000       0.000

 Variances
    I                1.000       1.000       1.000       1.000       1.000       1.000       1.000
    S                1.000       1.000       1.000       1.000       1.000       1.000       1.000

 Residual Variances
    GWBS_1           0.316       0.334       0.344       0.394       0.444       0.454       0.472
    GWBS_2           0.447       0.458       0.463       0.492       0.520       0.525       0.536
    GWBS_3           0.420       0.442       0.453       0.510       0.568       0.579       0.601
    GWBS_4           0.356       0.386       0.401       0.482       0.563       0.578       0.608


STD Standardization

                  Lower .5%  Lower 2.5%    Lower 5%    Estimate    Upper 5%  Upper 2.5%   Upper .5%

 I        |
    GWBS_1           0.440       0.454       0.461       0.497       0.533       0.540       0.553
    GWBS_2           0.440       0.454       0.461       0.497       0.533       0.540       0.553
    GWBS_3           0.440       0.454       0.461       0.497       0.533       0.540       0.553
    GWBS_4           0.440       0.454       0.461       0.497       0.533       0.540       0.553

 S        |
    GWBS_1           0.000       0.000       0.000       0.000       0.000       0.000       0.000
    GWBS_2           0.098       0.108       0.113       0.140       0.167       0.172       0.182
    GWBS_3           0.197       0.217       0.227       0.280       0.333       0.343       0.363
    GWBS_4           0.295       0.325       0.340       0.420       0.500       0.515       0.545

 S        WITH
    I               -0.574      -0.521      -0.493      -0.350      -0.207      -0.179      -0.126

 Means
    I                3.711       3.832       3.893       4.216       4.538       4.600       4.721
    S               -0.173      -0.145      -0.131      -0.057       0.016       0.030       0.058

 Intercepts
    GWBS_1           0.000       0.000       0.000       0.000       0.000       0.000       0.000
    GWBS_2           0.000       0.000       0.000       0.000       0.000       0.000       0.000
    GWBS_3           0.000       0.000       0.000       0.000       0.000       0.000       0.000
    GWBS_4           0.000       0.000       0.000       0.000       0.000       0.000       0.000

 Variances
    I                1.000       1.000       1.000       1.000       1.000       1.000       1.000
    S                1.000       1.000       1.000       1.000       1.000       1.000       1.000

 Residual Variances
    GWBS_1           0.126       0.135       0.139       0.160       0.182       0.186       0.194
    GWBS_2           0.172       0.181       0.186       0.210       0.235       0.239       0.248
    GWBS_3           0.173       0.188       0.196       0.237       0.279       0.287       0.302
    GWBS_4           0.171       0.192       0.203       0.258       0.313       0.324       0.345


RESIDUAL OUTPUT


     ESTIMATED MODEL AND RESIDUALS (OBSERVED - ESTIMATED)


           Model Estimated Means
              GWBS_1        GWBS_2        GWBS_3        GWBS_4
              ________      ________      ________      ________
                2.094         2.086         2.078         2.070


           Residuals for Means
              GWBS_1        GWBS_2        GWBS_3        GWBS_4
              ________      ________      ________      ________
                0.001        -0.005         0.008        -0.004


           Standardized Residuals (z-scores) for Means
              GWBS_1        GWBS_2        GWBS_3        GWBS_4
              ________      ________      ________      ________
                0.057       999.000         1.115        -0.457


           Normalized Residuals for Means
              GWBS_1        GWBS_2        GWBS_3        GWBS_4
              ________      ________      ________      ________
                0.028        -0.350         0.376        -0.172


           Model Estimated Covariances
              GWBS_1        GWBS_2        GWBS_3        GWBS_4
              ________      ________      ________      ________
 GWBS_1         0.407
 GWBS_2         0.222         0.428
 GWBS_3         0.198         0.213         0.465
 GWBS_4         0.174         0.208         0.243         0.535


           Model Estimated Correlations
              GWBS_1        GWBS_2        GWBS_3        GWBS_4
              ________      ________      ________      ________
 GWBS_1         1.000
 GWBS_2         0.533         1.000
 GWBS_3         0.455         0.477         1.000
 GWBS_4         0.372         0.435         0.486         1.000


           Residuals for Covariances
              GWBS_1        GWBS_2        GWBS_3        GWBS_4
              ________      ________      ________      ________
 GWBS_1        -0.006
 GWBS_2        -0.001         0.011
 GWBS_3        -0.001         0.024         0.007
 GWBS_4        -0.017         0.003        -0.011        -0.014


           Residuals for Correlations
              GWBS_1        GWBS_2        GWBS_3        GWBS_4
              ________      ________      ________      ________
 GWBS_1         0.000
 GWBS_2        -0.004         0.000
 GWBS_3        -0.003         0.043         0.000
 GWBS_4        -0.030         0.006        -0.020         0.000


           Standardized Residuals (z-scores) for Covariances
              GWBS_1        GWBS_2        GWBS_3        GWBS_4
              ________      ________      ________      ________
 GWBS_1       999.000
 GWBS_2        -0.316       999.000
 GWBS_3        -0.290         1.620         1.206
 GWBS_4       999.000       999.000        -1.604        -2.191


           Normalized Residuals for Covariances
              GWBS_1        GWBS_2        GWBS_3        GWBS_4
              ________      ________      ________      ________
 GWBS_1        -0.272
 GWBS_2        -0.059         0.578
 GWBS_3        -0.147         1.419         0.320
 GWBS_4        -1.993         0.255        -0.596        -0.463


TECHNICAL 1 OUTPUT


     PARAMETER SPECIFICATION


           NU
              GWBS_1        GWBS_2        GWBS_3        GWBS_4
              ________      ________      ________      ________
                  0             0             0             0


           LAMBDA
              I             S
              ________      ________
 GWBS_1             0             0
 GWBS_2             0             0
 GWBS_3             0             0
 GWBS_4             0             0


           THETA
              GWBS_1        GWBS_2        GWBS_3        GWBS_4
              ________      ________      ________      ________
 GWBS_1             1
 GWBS_2             0             2
 GWBS_3             0             0             3
 GWBS_4             0             0             0             4


           ALPHA
              I             S
              ________      ________
                  5             6


           BETA
              I             S
              ________      ________
 I                  0             0
 S                  0             0


           PSI
              I             S
              ________      ________
 I                  7
 S                  8             9


     STARTING VALUES


           NU
              GWBS_1        GWBS_2        GWBS_3        GWBS_4
              ________      ________      ________      ________
                0.000         0.000         0.000         0.000


           LAMBDA
              I             S
              ________      ________
 GWBS_1         1.000         0.000
 GWBS_2         1.000         1.000
 GWBS_3         1.000         2.000
 GWBS_4         1.000         3.000


           THETA
              GWBS_1        GWBS_2        GWBS_3        GWBS_4
              ________      ________      ________      ________
 GWBS_1         0.198
 GWBS_2         0.000         0.215
 GWBS_3         0.000         0.000         0.230
 GWBS_4         0.000         0.000         0.000         0.256


           ALPHA
              I             S
              ________      ________
                2.124        -0.028


           BETA
              I             S
              ________      ________
 I              0.000         0.000
 S              0.000         0.000


           PSI
              I             S
              ________      ________
 I              0.400
 S              0.000         0.211


TECHNICAL 4 OUTPUT


     ESTIMATES DERIVED FROM THE MODEL


           ESTIMATED MEANS FOR THE LATENT VARIABLES
              I             S
              ________      ________
                2.094        -0.008


           S.E. FOR ESTIMATED MEANS FOR THE LATENT VARIABLES
              I             S
              ________      ________
                0.020         0.006


           EST./S.E. FOR ESTIMATED MEANS FOR THE LATENT VARIABLES
              I             S
              ________      ________
              104.857        -1.340


           TWO-TAILED P-VALUE FOR ESTIMATED MEANS FOR THE LATENT VARIABLES
              I             S
              ________      ________
                0.000         0.180


           ESTIMATED COVARIANCE MATRIX FOR THE LATENT VARIABLES
              I             S
              ________      ________
 I              0.247
 S             -0.024         0.020


           S.E. FOR ESTIMATED COVARIANCE MATRIX FOR THE LATENT VARIABLES
              I             S
              ________      ________
 I              0.022
 S              0.009         0.005


           EST./S.E. FOR ESTIMATED COVARIANCE MATRIX FOR THE LATENT VARIABLES
              I             S
              ________      ________
 I             11.366
 S             -2.686         4.344


           TWO-TAILED P-VALUE FOR ESTIMATED COVARIANCE MATRIX FOR THE LATENT VARIABLES
              I             S
              ________      ________
 I              0.000
 S              0.007         0.000


           ESTIMATED CORRELATION MATRIX FOR THE LATENT VARIABLES
              I             S
              ________      ________
 I              1.000
 S             -0.350         1.000


           S.E. FOR ESTIMATED CORRELATION MATRIX FOR THE LATENT VARIABLES
              I             S
              ________      ________
 I              0.000
 S              0.087         0.000


           EST./S.E. FOR ESTIMATED CORRELATION MATRIX FOR THE LATENT VARIABLES
              I             S
              ________      ________
 I            999.000
 S             -4.022       999.000


           TWO-TAILED P-VALUE FOR ESTIMATED CORRELATION MATRIX FOR THE LATENT VARIABLES
              I             S
              ________      ________
 I              0.000
 S              0.000         0.000


DIAGRAM INFORMATION

  Use View Diagram under the Diagram menu in the Mplus Editor to view the diagram.
  If running Mplus from the Mplus Diagrammer, the diagram opens automatically.

  Diagram output
    c:\users\kylenick\onedrive - university of north carolina at chapel hill\dorothy\00 sources of strength data w1-w4 -

     Beginning Time:  14:16:17
        Ending Time:  14:16:18
       Elapsed Time:  00:00:01



MUTHEN & MUTHEN
3463 Stoner Ave.
Los Angeles, CA  90066

Tel: (310) 391-9971
Fax: (310) 391-8971
Web: www.StatModel.com
Support: Support@StatModel.com

Copyright (c) 1998-2019 Muthen & Muthen
