Mplus VERSION 8.4
MUTHEN & MUTHEN
09/28/2021   2:16 PM

INPUT INSTRUCTIONS

  TITLE: Homophobic NC Perpetration - Scale Scores - LGM

  DATA: FILE = mpluswide.csv;

  VARIABLE:
  NAMES = ID School Tx srvy_1 srvy_2 srvy_3 srvy_4
  Grade TransG Gender Race SexOr
  Female Male OtherG
  White Latinx Black Asian MultiR Indigen POC
  Straight Bisexual GL Quest OtherSO LGBQ
  FGxTx MGxTx OGxTx
  WRxTx LRxTx BRxTx ARxTx MRxTx IRxTx POCxTx
  SSxTx BSxTx GLxTx QSxTx OSxTx LGBQxTx
  AGE_1 AGE_2 AGE_3 AGE_4
  SVP1_1 SVP1_2 SVP1_3 SVP1_4
  SVP10_1 SVP10_2 SVP10_3 SVP10_4
  SVP11_1 SVP11_2 SVP11_3 SVP11_4
  SVP12_1 SVP12_2 SVP12_3 SVP12_4
  SVP13_1 SVP13_2 SVP13_3 SVP13_4
  SVP2_1 SVP2_2 SVP2_3 SVP2_4
  SVP3_1 SVP3_2 SVP3_3 SVP3_4
  SVP4_1 SVP4_2 SVP4_3 SVP4_4
  SVP5_1 SVP5_2 SVP5_3 SVP5_4
  SVP6_1 SVP6_2 SVP6_3 SVP6_4
  SVP7_1 SVP7_2 SVP7_3 SVP7_4
  SVP8_1 SVP8_2 SVP8_3 SVP8_4
  SVP9_1 SVP9_2 SVP9_3 SVP9_4
  SVV1_1 SVV1_2 SVV1_3 SVV1_4
  SVV10_1 SVV10_2 SVV10_3 SVV10_4
  SVV11_1 SVV11_2 SVV11_3 SVV11_4
  SVV12_1 SVV12_2 SVV12_3 SVV12_4
  SVV13_1 SVV13_2 SVV13_3 SVV13_4
  SVV2_1 SVV2_2 SVV2_3 SVV2_4
  SVV3_1 SVV3_2 SVV3_3 SVV3_4
  SVV4_1 SVV4_2 SVV4_3 SVV4_4
  SVV5_1 SVV5_2 SVV5_3 SVV5_4
  SVV6_1 SVV6_2 SVV6_3 SVV6_4
  SVV7_1 SVV7_2 SVV7_3 SVV7_4
  SVV8_1 SVV8_2 SVV8_3 SVV8_4
  SVV9_1 SVV9_2 SVV9_3 SVV9_4
  CYP1_1 CYP1_2 CYP1_3 CYP1_4
  CYP2_1 CYP2_2 CYP2_3 CYP2_4
  CYP3_1 CYP3_2 CYP3_3 CYP3_4
  DSV1_1 DSV1_2 DSV1_3 DSV1_4
  DSV2_1 DSV2_2 DSV2_3 DSV2_4
  DSV3_1 DSV3_2 DSV3_3 DSV3_4
  DSV4_1 DSV4_2 DSV4_3 DSV4_4
  DSV5_1 DSV5_2 DSV5_3 DSV5_4
  DSV6_1 DSV6_2 DSV6_3 DSV6_4
  HOP1_1 HOP1_2 HOP1_3 HOP1_4
  HOP2_1 HOP2_2 HOP2_3 HOP2_4
  HOP3_1 HOP3_2 HOP3_3 HOP3_4
  HOP4_1 HOP4_2 HOP4_3 HOP4_4
  HOP5_1 HOP5_2 HOP5_3 HOP5_4
  HOV1_1 HOV1_2 HOV1_3 HOV1_4
  HOV2_1 HOV2_2 HOV2_3 HOV2_4
  HOV3_1 HOV3_2 HOV3_3 HOV3_4
  HOV4_1 HOV4_2 HOV4_3 HOV4_4
  HOV5_1 HOV5_2 HOV5_3 HOV5_4
  GWB1_1 GWB1_2 GWB1_3 GWB1_4
  GWB2_1 GWB2_2 GWB2_3 GWB2_4
  GWB3_1 GWB3_2 GWB3_3 GWB3_4
  GWB4_1 GWB4_2 GWB4_3 GWB4_4
  GWB5_1 GWB5_2 GWB5_3 GWB5_4
  GWB6_1 GWB6_2 GWB6_3 GWB6_4
  GWB7_1 GWB7_2 GWB7_3 GWB7_4
  GWB8_1 GWB8_2 GWB8_3 GWB8_4
  SHA1_1 SHA1_2 SHA1_3 SHA1_4
  SHA2_1 SHA2_2 SHA2_3 SHA2_4
  SHA3_1 SHA3_2 SHA3_3 SHA3_4
  SHA4_1 SHA4_2 SHA4_3 SHA4_4
  SHI1_1 SHI1_2 SHI1_3 SHI1_4
  SHI2_1 SHI2_2 SHI2_3 SHI2_4
  SHI3_1 SHI3_2 SHI3_3 SHI3_4
  SHI4_1 SHI4_2 SHI4_3 SHI4_4
  AEXS_1 AEXS_2 AEXS_3 AEXS_4
  PEXS_1 PEXS_2 PEXS_3 PEXS_4
  NCPS_1 NCPS_2 NCPS_3 NCPS_4
  NCVS_1 NCVS_2 NCVS_3 NCVS_4
  CPS_1 CPS_2 CPS_3 CPS_4
  CVS_1 CVS_2 CVS_3 CVS_4
  HOPS_1 HOPS_2 HOPS_3 HOPS_4
  HOVS_1 HOVS_2 HOVS_3 HOVS_4
  CYPS_1 CYPS_2 CYPS_3 CYPS_4
  DSVS_1 DSVS_2 DSVS_3 DSVS_4
  GWBS_1 GWBS_2 GWBS_3 GWBS_4
  SHAS_1 SHAS_2 SHAS_3 SHAS_4
  SHIS_1 SHIS_2 SHIS_3 SHIS_4
  NCPerp1 NCPerp2 NCPerp3 NCPerp4
  NCVict1 NCVict2 NCVict3 NCVict4
  ConPerp1 ConPerp2 ConPerp3 ConPerp4
  ConVict1 ConVict2 ConVict3 ConVict4
  HNCPerp1 HNCPerp2 HNCPerp3 HNCPerp4
  CSPerp1 CSPerp2 CSPerp3 CSPerp4
  Dismiss1 Dismiss2 Dismiss3 Dismiss4
  GenWB1 GenWB2 GenWB3 GenWB4
  SHHAtt1 SHHAtt2 SHHAtt3 SHHAtt4
  SHHSeek1 SHHSeek2 SHHSeek3 SHHSeek4
  Active2 Active3 Active4
  Passive2 Passive3 Passive4
  Funding Rural Teas_Per MHT_Per;

  USEVARIABLES = HOPS_1-HOPS_4;

  IDVARIABLE = ID;
  CLUSTER = School;

  MISSING = ALL(-999);

  ANALYSIS:
  TYPE = COMPLEX;

  MODEL:
  i s | HOPS_1@0 HOPS_2@1 HOPS_3@2 HOPS_4@3;

  OUTPUT:
  STANDARDIZED CINTERVAL RESIDUAL TECH1 TECH4;



*** WARNING
  Data set contains cases with missing on all variables.
  These cases were not included in the analysis.
  Number of cases with missing on all variables:  106
   1 WARNING(S) FOUND IN THE INPUT INSTRUCTIONS



Homophobic NC Perpetration - Scale Scores - LGM

SUMMARY OF ANALYSIS

Number of groups                                                 1
Number of observations                                        6359

Number of dependent variables                                    4
Number of independent variables                                  0
Number of continuous latent variables                            2

Observed dependent variables

  Continuous
   HOPS_1      HOPS_2      HOPS_3      HOPS_4

Continuous latent variables
   I           S

Variables with special functions

  Cluster variable      SCHOOL
  ID variable           ID

Estimator                                                      MLR
Information matrix                                        OBSERVED
Maximum number of iterations                                  1000
Convergence criterion                                    0.500D-04
Maximum number of steepest descent iterations                   20
Maximum number of iterations for H1                           2000
Convergence criterion for H1                             0.100D-03

Input data file(s)
  mpluswide.csv

Input data format  FREE


SUMMARY OF DATA

     Number of missing data patterns            15
     Number of clusters                         20



COVARIANCE COVERAGE OF DATA

Minimum covariance coverage value   0.100


     PROPORTION OF DATA PRESENT


           Covariance Coverage
              HOPS_1        HOPS_2        HOPS_3        HOPS_4
              ________      ________      ________      ________
 HOPS_1         0.732
 HOPS_2         0.542         0.671
 HOPS_3         0.472         0.473         0.646
 HOPS_4         0.382         0.386         0.417         0.529



UNIVARIATE SAMPLE STATISTICS


     UNIVARIATE HIGHER-ORDER MOMENT DESCRIPTIVE STATISTICS

         Variable/         Mean/     Skewness/   Minimum/ % with                Percentiles
        Sample Size      Variance    Kurtosis    Maximum  Min/Max      20%/60%    40%/80%    Median

     HOPS_1                0.390       2.892       0.000   50.23%       0.000      0.000      0.000
            4655.000       0.480       9.744       4.000    1.07%       0.200      0.800
     HOPS_2                0.462       2.667       0.000   48.59%       0.000      0.000      0.200
            4266.000       0.624       7.812       4.000    1.97%       0.200      0.800
     HOPS_3                0.423       2.766       0.000   52.81%       0.000      0.000      0.000
            4105.000       0.589       8.445       4.000    1.80%       0.200      0.800
     HOPS_4                0.482       2.497       0.000   52.07%       0.000      0.000      0.000
            3361.000       0.716       6.408       4.000    2.32%       0.200      0.800


THE MODEL ESTIMATION TERMINATED NORMALLY



MODEL FIT INFORMATION

Number of Free Parameters                        9

Loglikelihood

          H0 Value                      -17348.676
          H0 Scaling Correction Factor     10.4842
            for MLR
          H1 Value                      -17320.189
          H1 Scaling Correction Factor      7.7294
            for MLR

Information Criteria

          Akaike (AIC)                   34715.352
          Bayesian (BIC)                 34776.171
          Sample-Size Adjusted BIC       34747.571
            (n* = (n + 2) / 24)

Chi-Square Test of Model Fit

          Value                             20.562*
          Degrees of Freedom                     5
          P-Value                           0.0010
          Scaling Correction Factor         2.7708
            for MLR

*   The chi-square value for MLM, MLMV, MLR, ULSMV, WLSM and WLSMV cannot be used
    for chi-square difference testing in the regular way.  MLM, MLR and WLSM
    chi-square difference testing is described on the Mplus website.  MLMV, WLSMV,
    and ULSMV difference testing is done using the DIFFTEST option.

RMSEA (Root Mean Square Error Of Approximation)

          Estimate                           0.022
          90 Percent C.I.                    0.013  0.032
          Probability RMSEA <= .05           1.000

CFI/TLI

          CFI                                0.972
          TLI                                0.966

Chi-Square Test of Model Fit for the Baseline Model

          Value                            552.561
          Degrees of Freedom                     6
          P-Value                           0.0000

SRMR (Standardized Root Mean Square Residual)

          Value                              0.025



MODEL RESULTS

                                                    Two-Tailed
                    Estimate       S.E.  Est./S.E.    P-Value

 I        |
    HOPS_1             1.000      0.000    999.000    999.000
    HOPS_2             1.000      0.000    999.000    999.000
    HOPS_3             1.000      0.000    999.000    999.000
    HOPS_4             1.000      0.000    999.000    999.000

 S        |
    HOPS_1             0.000      0.000    999.000    999.000
    HOPS_2             1.000      0.000    999.000    999.000
    HOPS_3             2.000      0.000    999.000    999.000
    HOPS_4             3.000      0.000    999.000    999.000

 S        WITH
    I                  0.014      0.007      2.054      0.040

 Means
    I                  0.404      0.024     17.147      0.000
    S                  0.033      0.010      3.176      0.001

 Intercepts
    HOPS_1             0.000      0.000    999.000    999.000
    HOPS_2             0.000      0.000    999.000    999.000
    HOPS_3             0.000      0.000    999.000    999.000
    HOPS_4             0.000      0.000    999.000    999.000

 Variances
    I                  0.236      0.029      8.015      0.000
    S                  0.013      0.005      2.705      0.007

 Residual Variances
    HOPS_1             0.257      0.046      5.557      0.000
    HOPS_2             0.323      0.029     11.307      0.000
    HOPS_3             0.278      0.033      8.317      0.000
    HOPS_4             0.323      0.031     10.334      0.000


STANDARDIZED MODEL RESULTS


STDYX Standardization

                                                    Two-Tailed
                    Estimate       S.E.  Est./S.E.    P-Value

 I        |
    HOPS_1             0.692      0.041     17.020      0.000
    HOPS_2             0.627      0.023     27.801      0.000
    HOPS_3             0.616      0.029     21.111      0.000
    HOPS_4             0.557      0.032     17.287      0.000

 S        |
    HOPS_1             0.000      0.000    999.000    999.000
    HOPS_2             0.149      0.029      5.131      0.000
    HOPS_3             0.293      0.051      5.771      0.000
    HOPS_4             0.397      0.069      5.764      0.000

 S        WITH
    I                  0.245      0.150      1.629      0.103

 Means
    I                  0.831      0.049     16.814      0.000
    S                  0.283      0.067      4.210      0.000

 Intercepts
    HOPS_1             0.000      0.000    999.000    999.000
    HOPS_2             0.000      0.000    999.000    999.000
    HOPS_3             0.000      0.000    999.000    999.000
    HOPS_4             0.000      0.000    999.000    999.000

 Variances
    I                  1.000      0.000    999.000    999.000
    S                  1.000      0.000    999.000    999.000

 Residual Variances
    HOPS_1             0.521      0.056      9.250      0.000
    HOPS_2             0.539      0.018     29.383      0.000
    HOPS_3             0.447      0.025     17.975      0.000
    HOPS_4             0.424      0.032     13.202      0.000


STDY Standardization

                                                    Two-Tailed
                    Estimate       S.E.  Est./S.E.    P-Value

 I        |
    HOPS_1             0.692      0.041     17.020      0.000
    HOPS_2             0.627      0.023     27.801      0.000
    HOPS_3             0.616      0.029     21.111      0.000
    HOPS_4             0.557      0.032     17.287      0.000

 S        |
    HOPS_1             0.000      0.000    999.000    999.000
    HOPS_2             0.149      0.029      5.131      0.000
    HOPS_3             0.293      0.051      5.771      0.000
    HOPS_4             0.397      0.069      5.764      0.000

 S        WITH
    I                  0.245      0.150      1.629      0.103

 Means
    I                  0.831      0.049     16.814      0.000
    S                  0.283      0.067      4.210      0.000

 Intercepts
    HOPS_1             0.000      0.000    999.000    999.000
    HOPS_2             0.000      0.000    999.000    999.000
    HOPS_3             0.000      0.000    999.000    999.000
    HOPS_4             0.000      0.000    999.000    999.000

 Variances
    I                  1.000      0.000    999.000    999.000
    S                  1.000      0.000    999.000    999.000

 Residual Variances
    HOPS_1             0.521      0.056      9.250      0.000
    HOPS_2             0.539      0.018     29.383      0.000
    HOPS_3             0.447      0.025     17.975      0.000
    HOPS_4             0.424      0.032     13.202      0.000


STD Standardization

                                                    Two-Tailed
                    Estimate       S.E.  Est./S.E.    P-Value

 I        |
    HOPS_1             0.486      0.030     16.030      0.000
    HOPS_2             0.486      0.030     16.030      0.000
    HOPS_3             0.486      0.030     16.030      0.000
    HOPS_4             0.486      0.030     16.030      0.000

 S        |
    HOPS_1             0.000      0.000    999.000    999.000
    HOPS_2             0.116      0.021      5.411      0.000
    HOPS_3             0.231      0.043      5.411      0.000
    HOPS_4             0.347      0.064      5.411      0.000

 S        WITH
    I                  0.245      0.150      1.629      0.103

 Means
    I                  0.831      0.049     16.814      0.000
    S                  0.283      0.067      4.210      0.000

 Intercepts
    HOPS_1             0.000      0.000    999.000    999.000
    HOPS_2             0.000      0.000    999.000    999.000
    HOPS_3             0.000      0.000    999.000    999.000
    HOPS_4             0.000      0.000    999.000    999.000

 Variances
    I                  1.000      0.000    999.000    999.000
    S                  1.000      0.000    999.000    999.000

 Residual Variances
    HOPS_1             0.257      0.046      5.557      0.000
    HOPS_2             0.323      0.029     11.307      0.000
    HOPS_3             0.278      0.033      8.317      0.000
    HOPS_4             0.323      0.031     10.334      0.000


R-SQUARE

    Observed                                        Two-Tailed
    Variable        Estimate       S.E.  Est./S.E.    P-Value

    HOPS_1             0.479      0.056      8.510      0.000
    HOPS_2             0.461      0.018     25.150      0.000
    HOPS_3             0.553      0.025     22.264      0.000
    HOPS_4             0.576      0.032     17.903      0.000


QUALITY OF NUMERICAL RESULTS

     Condition Number for the Information Matrix              0.587E-02
       (ratio of smallest to largest eigenvalue)


CONFIDENCE INTERVALS OF MODEL RESULTS

                  Lower .5%  Lower 2.5%    Lower 5%    Estimate    Upper 5%  Upper 2.5%   Upper .5%

 I        |
    HOPS_1           1.000       1.000       1.000       1.000       1.000       1.000       1.000
    HOPS_2           1.000       1.000       1.000       1.000       1.000       1.000       1.000
    HOPS_3           1.000       1.000       1.000       1.000       1.000       1.000       1.000
    HOPS_4           1.000       1.000       1.000       1.000       1.000       1.000       1.000

 S        |
    HOPS_1           0.000       0.000       0.000       0.000       0.000       0.000       0.000
    HOPS_2           1.000       1.000       1.000       1.000       1.000       1.000       1.000
    HOPS_3           2.000       2.000       2.000       2.000       2.000       2.000       2.000
    HOPS_4           3.000       3.000       3.000       3.000       3.000       3.000       3.000

 S        WITH
    I               -0.003       0.001       0.003       0.014       0.025       0.027       0.031

 Means
    I                0.343       0.358       0.365       0.404       0.442       0.450       0.464
    S                0.006       0.013       0.016       0.033       0.050       0.053       0.059

 Intercepts
    HOPS_1           0.000       0.000       0.000       0.000       0.000       0.000       0.000
    HOPS_2           0.000       0.000       0.000       0.000       0.000       0.000       0.000
    HOPS_3           0.000       0.000       0.000       0.000       0.000       0.000       0.000
    HOPS_4           0.000       0.000       0.000       0.000       0.000       0.000       0.000

 Variances
    I                0.160       0.178       0.188       0.236       0.285       0.294       0.312
    S                0.001       0.004       0.005       0.013       0.021       0.023       0.026

 Residual Variances
    HOPS_1           0.138       0.166       0.181       0.257       0.333       0.347       0.376
    HOPS_2           0.250       0.267       0.276       0.323       0.371       0.380       0.397
    HOPS_3           0.192       0.213       0.223       0.278       0.333       0.344       0.364
    HOPS_4           0.243       0.262       0.272       0.323       0.375       0.385       0.404


CONFIDENCE INTERVALS OF STANDARDIZED MODEL RESULTS


STDYX Standardization

                  Lower .5%  Lower 2.5%    Lower 5%    Estimate    Upper 5%  Upper 2.5%   Upper .5%

 I        |
    HOPS_1           0.587       0.612       0.625       0.692       0.759       0.772       0.797
    HOPS_2           0.569       0.583       0.590       0.627       0.664       0.671       0.685
    HOPS_3           0.541       0.559       0.568       0.616       0.664       0.673       0.691
    HOPS_4           0.474       0.493       0.504       0.557       0.610       0.620       0.639

 S        |
    HOPS_1           0.000       0.000       0.000       0.000       0.000       0.000       0.000
    HOPS_2           0.074       0.092       0.101       0.149       0.197       0.206       0.224
    HOPS_3           0.162       0.193       0.209       0.293       0.376       0.392       0.424
    HOPS_4           0.220       0.262       0.284       0.397       0.510       0.532       0.575

 S        WITH
    I               -0.142      -0.050      -0.002       0.245       0.492       0.539       0.631

 Means
    I                0.704       0.734       0.750       0.831       0.912       0.928       0.958
    S                0.110       0.151       0.172       0.283       0.394       0.415       0.456

 Intercepts
    HOPS_1           0.000       0.000       0.000       0.000       0.000       0.000       0.000
    HOPS_2           0.000       0.000       0.000       0.000       0.000       0.000       0.000
    HOPS_3           0.000       0.000       0.000       0.000       0.000       0.000       0.000
    HOPS_4           0.000       0.000       0.000       0.000       0.000       0.000       0.000

 Variances
    I                1.000       1.000       1.000       1.000       1.000       1.000       1.000
    S                1.000       1.000       1.000       1.000       1.000       1.000       1.000

 Residual Variances
    HOPS_1           0.376       0.410       0.428       0.521       0.613       0.631       0.666
    HOPS_2           0.492       0.503       0.509       0.539       0.569       0.575       0.586
    HOPS_3           0.383       0.398       0.406       0.447       0.488       0.495       0.511
    HOPS_4           0.342       0.361       0.372       0.424       0.477       0.487       0.507


STDY Standardization

                  Lower .5%  Lower 2.5%    Lower 5%    Estimate    Upper 5%  Upper 2.5%   Upper .5%

 I        |
    HOPS_1           0.587       0.612       0.625       0.692       0.759       0.772       0.797
    HOPS_2           0.569       0.583       0.590       0.627       0.664       0.671       0.685
    HOPS_3           0.541       0.559       0.568       0.616       0.664       0.673       0.691
    HOPS_4           0.474       0.493       0.504       0.557       0.610       0.620       0.639

 S        |
    HOPS_1           0.000       0.000       0.000       0.000       0.000       0.000       0.000
    HOPS_2           0.074       0.092       0.101       0.149       0.197       0.206       0.224
    HOPS_3           0.162       0.193       0.209       0.293       0.376       0.392       0.424
    HOPS_4           0.220       0.262       0.284       0.397       0.510       0.532       0.575

 S        WITH
    I               -0.142      -0.050      -0.002       0.245       0.492       0.539       0.631

 Means
    I                0.704       0.734       0.750       0.831       0.912       0.928       0.958
    S                0.110       0.151       0.172       0.283       0.394       0.415       0.456

 Intercepts
    HOPS_1           0.000       0.000       0.000       0.000       0.000       0.000       0.000
    HOPS_2           0.000       0.000       0.000       0.000       0.000       0.000       0.000
    HOPS_3           0.000       0.000       0.000       0.000       0.000       0.000       0.000
    HOPS_4           0.000       0.000       0.000       0.000       0.000       0.000       0.000

 Variances
    I                1.000       1.000       1.000       1.000       1.000       1.000       1.000
    S                1.000       1.000       1.000       1.000       1.000       1.000       1.000

 Residual Variances
    HOPS_1           0.376       0.410       0.428       0.521       0.613       0.631       0.666
    HOPS_2           0.492       0.503       0.509       0.539       0.569       0.575       0.586
    HOPS_3           0.383       0.398       0.406       0.447       0.488       0.495       0.511
    HOPS_4           0.342       0.361       0.372       0.424       0.477       0.487       0.507


STD Standardization

                  Lower .5%  Lower 2.5%    Lower 5%    Estimate    Upper 5%  Upper 2.5%   Upper .5%

 I        |
    HOPS_1           0.408       0.426       0.436       0.486       0.536       0.545       0.564
    HOPS_2           0.408       0.426       0.436       0.486       0.536       0.545       0.564
    HOPS_3           0.408       0.426       0.436       0.486       0.536       0.545       0.564
    HOPS_4           0.408       0.426       0.436       0.486       0.536       0.545       0.564

 S        |
    HOPS_1           0.000       0.000       0.000       0.000       0.000       0.000       0.000
    HOPS_2           0.061       0.074       0.080       0.116       0.151       0.157       0.171
    HOPS_3           0.121       0.147       0.161       0.231       0.301       0.315       0.341
    HOPS_4           0.182       0.221       0.241       0.347       0.452       0.472       0.512

 S        WITH
    I               -0.142      -0.050      -0.002       0.245       0.492       0.539       0.631

 Means
    I                0.704       0.734       0.750       0.831       0.912       0.928       0.958
    S                0.110       0.151       0.172       0.283       0.394       0.415       0.456

 Intercepts
    HOPS_1           0.000       0.000       0.000       0.000       0.000       0.000       0.000
    HOPS_2           0.000       0.000       0.000       0.000       0.000       0.000       0.000
    HOPS_3           0.000       0.000       0.000       0.000       0.000       0.000       0.000
    HOPS_4           0.000       0.000       0.000       0.000       0.000       0.000       0.000

 Variances
    I                1.000       1.000       1.000       1.000       1.000       1.000       1.000
    S                1.000       1.000       1.000       1.000       1.000       1.000       1.000

 Residual Variances
    HOPS_1           0.138       0.166       0.181       0.257       0.333       0.347       0.376
    HOPS_2           0.250       0.267       0.276       0.323       0.371       0.380       0.397
    HOPS_3           0.192       0.213       0.223       0.278       0.333       0.344       0.364
    HOPS_4           0.243       0.262       0.272       0.323       0.375       0.385       0.404


RESIDUAL OUTPUT


     ESTIMATED MODEL AND RESIDUALS (OBSERVED - ESTIMATED)


           Model Estimated Means
              HOPS_1        HOPS_2        HOPS_3        HOPS_4
              ________      ________      ________      ________
                0.404         0.436         0.469         0.502


           Residuals for Means
              HOPS_1        HOPS_2        HOPS_3        HOPS_4
              ________      ________      ________      ________
               -0.010         0.036        -0.027         0.009


           Standardized Residuals (z-scores) for Means
              HOPS_1        HOPS_2        HOPS_3        HOPS_4
              ________      ________      ________      ________
               -0.936        15.728        -3.466       999.000


           Normalized Residuals for Means
              HOPS_1        HOPS_2        HOPS_3        HOPS_4
              ________      ________      ________      ________
               -0.385         1.774        -1.155         0.345


           Model Estimated Covariances
              HOPS_1        HOPS_2        HOPS_3        HOPS_4
              ________      ________      ________      ________
 HOPS_1         0.493
 HOPS_2         0.250         0.600
 HOPS_3         0.264         0.304         0.622
 HOPS_4         0.277         0.331         0.385         0.762


           Model Estimated Correlations
              HOPS_1        HOPS_2        HOPS_3        HOPS_4
              ________      ________      ________      ________
 HOPS_1         1.000
 HOPS_2         0.459         1.000
 HOPS_3         0.476         0.497         1.000
 HOPS_4         0.453         0.489         0.559         1.000


           Residuals for Covariances
              HOPS_1        HOPS_2        HOPS_3        HOPS_4
              ________      ________      ________      ________
 HOPS_1        -0.010
 HOPS_2         0.012         0.029
 HOPS_3        -0.027         0.025        -0.013
 HOPS_4        -0.008         0.023        -0.018        -0.006


           Residuals for Correlations
              HOPS_1        HOPS_2        HOPS_3        HOPS_4
              ________      ________      ________      ________
 HOPS_1         0.000
 HOPS_2         0.015         0.000
 HOPS_3        -0.039         0.035         0.000
 HOPS_4        -0.007         0.024        -0.018         0.000


           Standardized Residuals (z-scores) for Covariances
              HOPS_1        HOPS_2        HOPS_3        HOPS_4
              ________      ________      ________      ________
 HOPS_1       999.000
 HOPS_2         0.622         1.529
 HOPS_3       999.000         3.565       999.000
 HOPS_4        -0.385         0.865       999.000        -0.333


           Normalized Residuals for Covariances
              HOPS_1        HOPS_2        HOPS_3        HOPS_4
              ________      ________      ________      ________
 HOPS_1        -0.191
 HOPS_2         0.365         0.570
 HOPS_3        -1.370         1.108        -0.315
 HOPS_4        -0.263         0.655        -0.689        -0.113


TECHNICAL 1 OUTPUT


     PARAMETER SPECIFICATION


           NU
              HOPS_1        HOPS_2        HOPS_3        HOPS_4
              ________      ________      ________      ________
                  0             0             0             0


           LAMBDA
              I             S
              ________      ________
 HOPS_1             0             0
 HOPS_2             0             0
 HOPS_3             0             0
 HOPS_4             0             0


           THETA
              HOPS_1        HOPS_2        HOPS_3        HOPS_4
              ________      ________      ________      ________
 HOPS_1             1
 HOPS_2             0             2
 HOPS_3             0             0             3
 HOPS_4             0             0             0             4


           ALPHA
              I             S
              ________      ________
                  5             6


           BETA
              I             S
              ________      ________
 I                  0             0
 S                  0             0


           PSI
              I             S
              ________      ________
 I                  7
 S                  8             9


     STARTING VALUES


           NU
              HOPS_1        HOPS_2        HOPS_3        HOPS_4
              ________      ________      ________      ________
                0.000         0.000         0.000         0.000


           LAMBDA
              I             S
              ________      ________
 HOPS_1         1.000         0.000
 HOPS_2         1.000         1.000
 HOPS_3         1.000         2.000
 HOPS_4         1.000         3.000


           THETA
              HOPS_1        HOPS_2        HOPS_3        HOPS_4
              ________      ________      ________      ________
 HOPS_1         0.240
 HOPS_2         0.000         0.312
 HOPS_3         0.000         0.000         0.295
 HOPS_4         0.000         0.000         0.000         0.358


           ALPHA
              I             S
              ________      ________
                0.401         0.041


           BETA
              I             S
              ________      ________
 I              0.000         0.000
 S              0.000         0.000


           PSI
              I             S
              ________      ________
 I              0.492
 S              0.000         0.241


TECHNICAL 4 OUTPUT


     ESTIMATES DERIVED FROM THE MODEL


           ESTIMATED MEANS FOR THE LATENT VARIABLES
              I             S
              ________      ________
                0.404         0.033


           S.E. FOR ESTIMATED MEANS FOR THE LATENT VARIABLES
              I             S
              ________      ________
                0.024         0.010


           EST./S.E. FOR ESTIMATED MEANS FOR THE LATENT VARIABLES
              I             S
              ________      ________
               17.147         3.176


           TWO-TAILED P-VALUE FOR ESTIMATED MEANS FOR THE LATENT VARIABLES
              I             S
              ________      ________
                0.000         0.001


           ESTIMATED COVARIANCE MATRIX FOR THE LATENT VARIABLES
              I             S
              ________      ________
 I              0.236
 S              0.014         0.013


           S.E. FOR ESTIMATED COVARIANCE MATRIX FOR THE LATENT VARIABLES
              I             S
              ________      ________
 I              0.029
 S              0.007         0.005


           EST./S.E. FOR ESTIMATED COVARIANCE MATRIX FOR THE LATENT VARIABLES
              I             S
              ________      ________
 I              8.015
 S              2.054         2.705


           TWO-TAILED P-VALUE FOR ESTIMATED COVARIANCE MATRIX FOR THE LATENT VARIABLES
              I             S
              ________      ________
 I              0.000
 S              0.040         0.007


           ESTIMATED CORRELATION MATRIX FOR THE LATENT VARIABLES
              I             S
              ________      ________
 I              1.000
 S              0.245         1.000


           S.E. FOR ESTIMATED CORRELATION MATRIX FOR THE LATENT VARIABLES
              I             S
              ________      ________
 I              0.000
 S              0.150         0.000


           EST./S.E. FOR ESTIMATED CORRELATION MATRIX FOR THE LATENT VARIABLES
              I             S
              ________      ________
 I            999.000
 S              1.629       999.000


           TWO-TAILED P-VALUE FOR ESTIMATED CORRELATION MATRIX FOR THE LATENT VARIABLES
              I             S
              ________      ________
 I              0.000
 S              0.103         0.000


DIAGRAM INFORMATION

  Use View Diagram under the Diagram menu in the Mplus Editor to view the diagram.
  If running Mplus from the Mplus Diagrammer, the diagram opens automatically.

  Diagram output
    c:\users\kylenick\onedrive - university of north carolina at chapel hill\dorothy\00 sources of strength data w1-w4 -

     Beginning Time:  14:16:33
        Ending Time:  14:16:34
       Elapsed Time:  00:00:01



MUTHEN & MUTHEN
3463 Stoner Ave.
Los Angeles, CA  90066

Tel: (310) 391-9971
Fax: (310) 391-8971
Web: www.StatModel.com
Support: Support@StatModel.com

Copyright (c) 1998-2019 Muthen & Muthen
