Mplus VERSION 8.4
MUTHEN & MUTHEN
09/28/2021   2:16 PM

INPUT INSTRUCTIONS

  TITLE: Homophobic NC Victimization - Scale Scores - LGM

  DATA: FILE = mpluswide.csv;

  VARIABLE:
  NAMES = ID School Tx srvy_1 srvy_2 srvy_3 srvy_4
  Grade TransG Gender Race SexOr
  Female Male OtherG
  White Latinx Black Asian MultiR Indigen POC
  Straight Bisexual GL Quest OtherSO LGBQ
  FGxTx MGxTx OGxTx
  WRxTx LRxTx BRxTx ARxTx MRxTx IRxTx POCxTx
  SSxTx BSxTx GLxTx QSxTx OSxTx LGBQxTx
  AGE_1 AGE_2 AGE_3 AGE_4
  SVP1_1 SVP1_2 SVP1_3 SVP1_4
  SVP10_1 SVP10_2 SVP10_3 SVP10_4
  SVP11_1 SVP11_2 SVP11_3 SVP11_4
  SVP12_1 SVP12_2 SVP12_3 SVP12_4
  SVP13_1 SVP13_2 SVP13_3 SVP13_4
  SVP2_1 SVP2_2 SVP2_3 SVP2_4
  SVP3_1 SVP3_2 SVP3_3 SVP3_4
  SVP4_1 SVP4_2 SVP4_3 SVP4_4
  SVP5_1 SVP5_2 SVP5_3 SVP5_4
  SVP6_1 SVP6_2 SVP6_3 SVP6_4
  SVP7_1 SVP7_2 SVP7_3 SVP7_4
  SVP8_1 SVP8_2 SVP8_3 SVP8_4
  SVP9_1 SVP9_2 SVP9_3 SVP9_4
  SVV1_1 SVV1_2 SVV1_3 SVV1_4
  SVV10_1 SVV10_2 SVV10_3 SVV10_4
  SVV11_1 SVV11_2 SVV11_3 SVV11_4
  SVV12_1 SVV12_2 SVV12_3 SVV12_4
  SVV13_1 SVV13_2 SVV13_3 SVV13_4
  SVV2_1 SVV2_2 SVV2_3 SVV2_4
  SVV3_1 SVV3_2 SVV3_3 SVV3_4
  SVV4_1 SVV4_2 SVV4_3 SVV4_4
  SVV5_1 SVV5_2 SVV5_3 SVV5_4
  SVV6_1 SVV6_2 SVV6_3 SVV6_4
  SVV7_1 SVV7_2 SVV7_3 SVV7_4
  SVV8_1 SVV8_2 SVV8_3 SVV8_4
  SVV9_1 SVV9_2 SVV9_3 SVV9_4
  CYP1_1 CYP1_2 CYP1_3 CYP1_4
  CYP2_1 CYP2_2 CYP2_3 CYP2_4
  CYP3_1 CYP3_2 CYP3_3 CYP3_4
  DSV1_1 DSV1_2 DSV1_3 DSV1_4
  DSV2_1 DSV2_2 DSV2_3 DSV2_4
  DSV3_1 DSV3_2 DSV3_3 DSV3_4
  DSV4_1 DSV4_2 DSV4_3 DSV4_4
  DSV5_1 DSV5_2 DSV5_3 DSV5_4
  DSV6_1 DSV6_2 DSV6_3 DSV6_4
  HOP1_1 HOP1_2 HOP1_3 HOP1_4
  HOP2_1 HOP2_2 HOP2_3 HOP2_4
  HOP3_1 HOP3_2 HOP3_3 HOP3_4
  HOP4_1 HOP4_2 HOP4_3 HOP4_4
  HOP5_1 HOP5_2 HOP5_3 HOP5_4
  HOV1_1 HOV1_2 HOV1_3 HOV1_4
  HOV2_1 HOV2_2 HOV2_3 HOV2_4
  HOV3_1 HOV3_2 HOV3_3 HOV3_4
  HOV4_1 HOV4_2 HOV4_3 HOV4_4
  HOV5_1 HOV5_2 HOV5_3 HOV5_4
  GWB1_1 GWB1_2 GWB1_3 GWB1_4
  GWB2_1 GWB2_2 GWB2_3 GWB2_4
  GWB3_1 GWB3_2 GWB3_3 GWB3_4
  GWB4_1 GWB4_2 GWB4_3 GWB4_4
  GWB5_1 GWB5_2 GWB5_3 GWB5_4
  GWB6_1 GWB6_2 GWB6_3 GWB6_4
  GWB7_1 GWB7_2 GWB7_3 GWB7_4
  GWB8_1 GWB8_2 GWB8_3 GWB8_4
  SHA1_1 SHA1_2 SHA1_3 SHA1_4
  SHA2_1 SHA2_2 SHA2_3 SHA2_4
  SHA3_1 SHA3_2 SHA3_3 SHA3_4
  SHA4_1 SHA4_2 SHA4_3 SHA4_4
  SHI1_1 SHI1_2 SHI1_3 SHI1_4
  SHI2_1 SHI2_2 SHI2_3 SHI2_4
  SHI3_1 SHI3_2 SHI3_3 SHI3_4
  SHI4_1 SHI4_2 SHI4_3 SHI4_4
  AEXS_1 AEXS_2 AEXS_3 AEXS_4
  PEXS_1 PEXS_2 PEXS_3 PEXS_4
  NCPS_1 NCPS_2 NCPS_3 NCPS_4
  NCVS_1 NCVS_2 NCVS_3 NCVS_4
  CPS_1 CPS_2 CPS_3 CPS_4
  CVS_1 CVS_2 CVS_3 CVS_4
  HOPS_1 HOPS_2 HOPS_3 HOPS_4
  HOVS_1 HOVS_2 HOVS_3 HOVS_4
  CYPS_1 CYPS_2 CYPS_3 CYPS_4
  DSVS_1 DSVS_2 DSVS_3 DSVS_4
  GWBS_1 GWBS_2 GWBS_3 GWBS_4
  SHAS_1 SHAS_2 SHAS_3 SHAS_4
  SHIS_1 SHIS_2 SHIS_3 SHIS_4
  NCPerp1 NCPerp2 NCPerp3 NCPerp4
  NCVict1 NCVict2 NCVict3 NCVict4
  ConPerp1 ConPerp2 ConPerp3 ConPerp4
  ConVict1 ConVict2 ConVict3 ConVict4
  HNCPerp1 HNCPerp2 HNCPerp3 HNCPerp4
  CSPerp1 CSPerp2 CSPerp3 CSPerp4
  Dismiss1 Dismiss2 Dismiss3 Dismiss4
  GenWB1 GenWB2 GenWB3 GenWB4
  SHHAtt1 SHHAtt2 SHHAtt3 SHHAtt4
  SHHSeek1 SHHSeek2 SHHSeek3 SHHSeek4
  Active2 Active3 Active4
  Passive2 Passive3 Passive4
  Funding Rural Teas_Per MHT_Per;

  USEVARIABLES = HOVS_1-HOVS_4;

  IDVARIABLE = ID;
  CLUSTER = School;

  MISSING = ALL(-999);

  ANALYSIS:
  TYPE = COMPLEX;

  MODEL:
  i s | HOVS_1@0 HOVS_2@1 HOVS_3@2 HOVS_4@3;

  OUTPUT:
  STANDARDIZED CINTERVAL RESIDUAL TECH1 TECH4;



*** WARNING
  Data set contains cases with missing on all variables.
  These cases were not included in the analysis.
  Number of cases with missing on all variables:  119
   1 WARNING(S) FOUND IN THE INPUT INSTRUCTIONS



Homophobic NC Victimization - Scale Scores - LGM

SUMMARY OF ANALYSIS

Number of groups                                                 1
Number of observations                                        6346

Number of dependent variables                                    4
Number of independent variables                                  0
Number of continuous latent variables                            2

Observed dependent variables

  Continuous
   HOVS_1      HOVS_2      HOVS_3      HOVS_4

Continuous latent variables
   I           S

Variables with special functions

  Cluster variable      SCHOOL
  ID variable           ID

Estimator                                                      MLR
Information matrix                                        OBSERVED
Maximum number of iterations                                  1000
Convergence criterion                                    0.500D-04
Maximum number of steepest descent iterations                   20
Maximum number of iterations for H1                           2000
Convergence criterion for H1                             0.100D-03

Input data file(s)
  mpluswide.csv

Input data format  FREE


SUMMARY OF DATA

     Number of missing data patterns            15
     Number of clusters                         20



COVARIANCE COVERAGE OF DATA

Minimum covariance coverage value   0.100


     PROPORTION OF DATA PRESENT


           Covariance Coverage
              HOVS_1        HOVS_2        HOVS_3        HOVS_4
              ________      ________      ________      ________
 HOVS_1         0.731
 HOVS_2         0.538         0.668
 HOVS_3         0.467         0.467         0.641
 HOVS_4         0.380         0.383         0.413         0.526



UNIVARIATE SAMPLE STATISTICS


     UNIVARIATE HIGHER-ORDER MOMENT DESCRIPTIVE STATISTICS

         Variable/         Mean/     Skewness/   Minimum/ % with                Percentiles
        Sample Size      Variance    Kurtosis    Maximum  Min/Max      20%/60%    40%/80%    Median

     HOVS_1                0.384       2.926       0.000   50.71%       0.000      0.000      0.000
            4636.000       0.457      10.289       4.000    1.08%       0.200      0.800
     HOVS_2                0.423       2.867       0.000   50.14%       0.000      0.000      0.000
            4242.000       0.538       9.587       4.000    1.70%       0.200      0.800
     HOVS_3                0.393       2.953       0.000   54.38%       0.000      0.000      0.000
            4066.000       0.524      10.100       4.000    1.65%       0.200      0.800
     HOVS_4                0.440       2.765       0.000   52.23%       0.000      0.000      0.000
            3337.000       0.616       8.422       4.000    2.13%       0.200      0.800


THE MODEL ESTIMATION TERMINATED NORMALLY



MODEL FIT INFORMATION

Number of Free Parameters                        9

Loglikelihood

          H0 Value                      -16522.890
          H0 Scaling Correction Factor     10.0534
            for MLR
          H1 Value                      -16516.542
          H1 Scaling Correction Factor      7.9323
            for MLR

Information Criteria

          Akaike (AIC)                   33063.780
          Bayesian (BIC)                 33124.580
          Sample-Size Adjusted BIC       33095.980
            (n* = (n + 2) / 24)

Chi-Square Test of Model Fit

          Value                              3.086*
          Degrees of Freedom                     5
          P-Value                           0.6868
          Scaling Correction Factor         4.1143
            for MLR

*   The chi-square value for MLM, MLMV, MLR, ULSMV, WLSM and WLSMV cannot be used
    for chi-square difference testing in the regular way.  MLM, MLR and WLSM
    chi-square difference testing is described on the Mplus website.  MLMV, WLSMV,
    and ULSMV difference testing is done using the DIFFTEST option.

RMSEA (Root Mean Square Error Of Approximation)

          Estimate                           0.000
          90 Percent C.I.                    0.000  0.013
          Probability RMSEA <= .05           1.000

CFI/TLI

          CFI                                1.000
          TLI                                1.000

Chi-Square Test of Model Fit for the Baseline Model

          Value                            365.079
          Degrees of Freedom                     6
          P-Value                           0.0000

SRMR (Standardized Root Mean Square Residual)

          Value                              0.011



MODEL RESULTS

                                                    Two-Tailed
                    Estimate       S.E.  Est./S.E.    P-Value

 I        |
    HOVS_1             1.000      0.000    999.000    999.000
    HOVS_2             1.000      0.000    999.000    999.000
    HOVS_3             1.000      0.000    999.000    999.000
    HOVS_4             1.000      0.000    999.000    999.000

 S        |
    HOVS_1             0.000      0.000    999.000    999.000
    HOVS_2             1.000      0.000    999.000    999.000
    HOVS_3             2.000      0.000    999.000    999.000
    HOVS_4             3.000      0.000    999.000    999.000

 S        WITH
    I                 -0.018      0.009     -2.051      0.040

 Means
    I                  0.391      0.021     18.862      0.000
    S                  0.018      0.010      1.864      0.062

 Intercepts
    HOVS_1             0.000      0.000    999.000    999.000
    HOVS_2             0.000      0.000    999.000    999.000
    HOVS_3             0.000      0.000    999.000    999.000
    HOVS_4             0.000      0.000    999.000    999.000

 Variances
    I                  0.244      0.024     10.107      0.000
    S                  0.024      0.008      3.188      0.001

 Residual Variances
    HOVS_1             0.218      0.029      7.479      0.000
    HOVS_2             0.301      0.029     10.335      0.000
    HOVS_3             0.265      0.031      8.461      0.000
    HOVS_4             0.276      0.037      7.546      0.000


STANDARDIZED MODEL RESULTS


STDYX Standardization

                                                    Two-Tailed
                    Estimate       S.E.  Est./S.E.    P-Value

 I        |
    HOVS_1             0.727      0.024     29.685      0.000
    HOVS_2             0.677      0.027     25.029      0.000
    HOVS_3             0.676      0.031     22.122      0.000
    HOVS_4             0.623      0.034     18.120      0.000

 S        |
    HOVS_1             0.000      0.000    999.000    999.000
    HOVS_2             0.214      0.031      6.873      0.000
    HOVS_3             0.428      0.055      7.725      0.000
    HOVS_4             0.591      0.082      7.183      0.000

 S        WITH
    I                 -0.238      0.080     -2.961      0.003

 Means
    I                  0.792      0.032     24.617      0.000
    S                  0.114      0.056      2.045      0.041

 Intercepts
    HOVS_1             0.000      0.000    999.000    999.000
    HOVS_2             0.000      0.000    999.000    999.000
    HOVS_3             0.000      0.000    999.000    999.000
    HOVS_4             0.000      0.000    999.000    999.000

 Variances
    I                  1.000      0.000    999.000    999.000
    S                  1.000      0.000    999.000    999.000

 Residual Variances
    HOVS_1             0.472      0.036     13.246      0.000
    HOVS_2             0.565      0.025     23.009      0.000
    HOVS_3             0.497      0.027     18.296      0.000
    HOVS_4             0.438      0.050      8.783      0.000


STDY Standardization

                                                    Two-Tailed
                    Estimate       S.E.  Est./S.E.    P-Value

 I        |
    HOVS_1             0.727      0.024     29.685      0.000
    HOVS_2             0.677      0.027     25.029      0.000
    HOVS_3             0.676      0.031     22.122      0.000
    HOVS_4             0.623      0.034     18.120      0.000

 S        |
    HOVS_1             0.000      0.000    999.000    999.000
    HOVS_2             0.214      0.031      6.873      0.000
    HOVS_3             0.428      0.055      7.725      0.000
    HOVS_4             0.591      0.082      7.183      0.000

 S        WITH
    I                 -0.238      0.080     -2.961      0.003

 Means
    I                  0.792      0.032     24.617      0.000
    S                  0.114      0.056      2.045      0.041

 Intercepts
    HOVS_1             0.000      0.000    999.000    999.000
    HOVS_2             0.000      0.000    999.000    999.000
    HOVS_3             0.000      0.000    999.000    999.000
    HOVS_4             0.000      0.000    999.000    999.000

 Variances
    I                  1.000      0.000    999.000    999.000
    S                  1.000      0.000    999.000    999.000

 Residual Variances
    HOVS_1             0.472      0.036     13.246      0.000
    HOVS_2             0.565      0.025     23.009      0.000
    HOVS_3             0.497      0.027     18.296      0.000
    HOVS_4             0.438      0.050      8.783      0.000


STD Standardization

                                                    Two-Tailed
                    Estimate       S.E.  Est./S.E.    P-Value

 I        |
    HOVS_1             0.494      0.024     20.215      0.000
    HOVS_2             0.494      0.024     20.215      0.000
    HOVS_3             0.494      0.024     20.215      0.000
    HOVS_4             0.494      0.024     20.215      0.000

 S        |
    HOVS_1             0.000      0.000    999.000    999.000
    HOVS_2             0.156      0.024      6.376      0.000
    HOVS_3             0.312      0.049      6.376      0.000
    HOVS_4             0.469      0.073      6.376      0.000

 S        WITH
    I                 -0.238      0.080     -2.961      0.003

 Means
    I                  0.792      0.032     24.617      0.000
    S                  0.114      0.056      2.045      0.041

 Intercepts
    HOVS_1             0.000      0.000    999.000    999.000
    HOVS_2             0.000      0.000    999.000    999.000
    HOVS_3             0.000      0.000    999.000    999.000
    HOVS_4             0.000      0.000    999.000    999.000

 Variances
    I                  1.000      0.000    999.000    999.000
    S                  1.000      0.000    999.000    999.000

 Residual Variances
    HOVS_1             0.218      0.029      7.479      0.000
    HOVS_2             0.301      0.029     10.335      0.000
    HOVS_3             0.265      0.031      8.461      0.000
    HOVS_4             0.276      0.037      7.546      0.000


R-SQUARE

    Observed                                        Two-Tailed
    Variable        Estimate       S.E.  Est./S.E.    P-Value

    HOVS_1             0.528      0.036     14.843      0.000
    HOVS_2             0.435      0.025     17.695      0.000
    HOVS_3             0.503      0.027     18.511      0.000
    HOVS_4             0.562      0.050     11.258      0.000


QUALITY OF NUMERICAL RESULTS

     Condition Number for the Information Matrix              0.490E-02
       (ratio of smallest to largest eigenvalue)


CONFIDENCE INTERVALS OF MODEL RESULTS

                  Lower .5%  Lower 2.5%    Lower 5%    Estimate    Upper 5%  Upper 2.5%   Upper .5%

 I        |
    HOVS_1           1.000       1.000       1.000       1.000       1.000       1.000       1.000
    HOVS_2           1.000       1.000       1.000       1.000       1.000       1.000       1.000
    HOVS_3           1.000       1.000       1.000       1.000       1.000       1.000       1.000
    HOVS_4           1.000       1.000       1.000       1.000       1.000       1.000       1.000

 S        |
    HOVS_1           0.000       0.000       0.000       0.000       0.000       0.000       0.000
    HOVS_2           1.000       1.000       1.000       1.000       1.000       1.000       1.000
    HOVS_3           2.000       2.000       2.000       2.000       2.000       2.000       2.000
    HOVS_4           3.000       3.000       3.000       3.000       3.000       3.000       3.000

 S        WITH
    I               -0.041      -0.036      -0.033      -0.018      -0.004      -0.001       0.005

 Means
    I                0.338       0.351       0.357       0.391       0.425       0.432       0.445
    S               -0.007      -0.001       0.002       0.018       0.034       0.037       0.043

 Intercepts
    HOVS_1           0.000       0.000       0.000       0.000       0.000       0.000       0.000
    HOVS_2           0.000       0.000       0.000       0.000       0.000       0.000       0.000
    HOVS_3           0.000       0.000       0.000       0.000       0.000       0.000       0.000
    HOVS_4           0.000       0.000       0.000       0.000       0.000       0.000       0.000

 Variances
    I                0.182       0.197       0.204       0.244       0.283       0.291       0.306
    S                0.005       0.009       0.012       0.024       0.037       0.039       0.044

 Residual Variances
    HOVS_1           0.143       0.161       0.170       0.218       0.265       0.275       0.292
    HOVS_2           0.226       0.244       0.253       0.301       0.349       0.358       0.376
    HOVS_3           0.184       0.204       0.213       0.265       0.316       0.326       0.346
    HOVS_4           0.182       0.204       0.215       0.276       0.336       0.347       0.370


CONFIDENCE INTERVALS OF STANDARDIZED MODEL RESULTS


STDYX Standardization

                  Lower .5%  Lower 2.5%    Lower 5%    Estimate    Upper 5%  Upper 2.5%   Upper .5%

 I        |
    HOVS_1           0.664       0.679       0.687       0.727       0.767       0.775       0.790
    HOVS_2           0.607       0.624       0.632       0.677       0.721       0.730       0.746
    HOVS_3           0.598       0.616       0.626       0.676       0.727       0.736       0.755
    HOVS_4           0.534       0.555       0.566       0.623       0.679       0.690       0.711

 S        |
    HOVS_1           0.000       0.000       0.000       0.000       0.000       0.000       0.000
    HOVS_2           0.134       0.153       0.163       0.214       0.265       0.275       0.294
    HOVS_3           0.285       0.319       0.337       0.428       0.519       0.536       0.571
    HOVS_4           0.379       0.430       0.456       0.591       0.726       0.752       0.803

 S        WITH
    I               -0.445      -0.395      -0.370      -0.238      -0.106      -0.080      -0.031

 Means
    I                0.710       0.729       0.739       0.792       0.845       0.856       0.875
    S               -0.030       0.005       0.022       0.114       0.206       0.224       0.258

 Intercepts
    HOVS_1           0.000       0.000       0.000       0.000       0.000       0.000       0.000
    HOVS_2           0.000       0.000       0.000       0.000       0.000       0.000       0.000
    HOVS_3           0.000       0.000       0.000       0.000       0.000       0.000       0.000
    HOVS_4           0.000       0.000       0.000       0.000       0.000       0.000       0.000

 Variances
    I                1.000       1.000       1.000       1.000       1.000       1.000       1.000
    S                1.000       1.000       1.000       1.000       1.000       1.000       1.000

 Residual Variances
    HOVS_1           0.380       0.402       0.413       0.472       0.530       0.541       0.563
    HOVS_2           0.502       0.517       0.525       0.565       0.606       0.613       0.629
    HOVS_3           0.427       0.444       0.452       0.497       0.542       0.550       0.567
    HOVS_4           0.310       0.340       0.356       0.438       0.520       0.536       0.567


STDY Standardization

                  Lower .5%  Lower 2.5%    Lower 5%    Estimate    Upper 5%  Upper 2.5%   Upper .5%

 I        |
    HOVS_1           0.664       0.679       0.687       0.727       0.767       0.775       0.790
    HOVS_2           0.607       0.624       0.632       0.677       0.721       0.730       0.746
    HOVS_3           0.598       0.616       0.626       0.676       0.727       0.736       0.755
    HOVS_4           0.534       0.555       0.566       0.623       0.679       0.690       0.711

 S        |
    HOVS_1           0.000       0.000       0.000       0.000       0.000       0.000       0.000
    HOVS_2           0.134       0.153       0.163       0.214       0.265       0.275       0.294
    HOVS_3           0.285       0.319       0.337       0.428       0.519       0.536       0.571
    HOVS_4           0.379       0.430       0.456       0.591       0.726       0.752       0.803

 S        WITH
    I               -0.445      -0.395      -0.370      -0.238      -0.106      -0.080      -0.031

 Means
    I                0.710       0.729       0.739       0.792       0.845       0.856       0.875
    S               -0.030       0.005       0.022       0.114       0.206       0.224       0.258

 Intercepts
    HOVS_1           0.000       0.000       0.000       0.000       0.000       0.000       0.000
    HOVS_2           0.000       0.000       0.000       0.000       0.000       0.000       0.000
    HOVS_3           0.000       0.000       0.000       0.000       0.000       0.000       0.000
    HOVS_4           0.000       0.000       0.000       0.000       0.000       0.000       0.000

 Variances
    I                1.000       1.000       1.000       1.000       1.000       1.000       1.000
    S                1.000       1.000       1.000       1.000       1.000       1.000       1.000

 Residual Variances
    HOVS_1           0.380       0.402       0.413       0.472       0.530       0.541       0.563
    HOVS_2           0.502       0.517       0.525       0.565       0.606       0.613       0.629
    HOVS_3           0.427       0.444       0.452       0.497       0.542       0.550       0.567
    HOVS_4           0.310       0.340       0.356       0.438       0.520       0.536       0.567


STD Standardization

                  Lower .5%  Lower 2.5%    Lower 5%    Estimate    Upper 5%  Upper 2.5%   Upper .5%

 I        |
    HOVS_1           0.431       0.446       0.454       0.494       0.534       0.542       0.557
    HOVS_2           0.431       0.446       0.454       0.494       0.534       0.542       0.557
    HOVS_3           0.431       0.446       0.454       0.494       0.534       0.542       0.557
    HOVS_4           0.431       0.446       0.454       0.494       0.534       0.542       0.557

 S        |
    HOVS_1           0.000       0.000       0.000       0.000       0.000       0.000       0.000
    HOVS_2           0.093       0.108       0.116       0.156       0.196       0.204       0.219
    HOVS_3           0.186       0.216       0.232       0.312       0.393       0.408       0.439
    HOVS_4           0.279       0.325       0.348       0.469       0.589       0.613       0.658

 S        WITH
    I               -0.445      -0.395      -0.370      -0.238      -0.106      -0.080      -0.031

 Means
    I                0.710       0.729       0.739       0.792       0.845       0.856       0.875
    S               -0.030       0.005       0.022       0.114       0.206       0.224       0.258

 Intercepts
    HOVS_1           0.000       0.000       0.000       0.000       0.000       0.000       0.000
    HOVS_2           0.000       0.000       0.000       0.000       0.000       0.000       0.000
    HOVS_3           0.000       0.000       0.000       0.000       0.000       0.000       0.000
    HOVS_4           0.000       0.000       0.000       0.000       0.000       0.000       0.000

 Variances
    I                1.000       1.000       1.000       1.000       1.000       1.000       1.000
    S                1.000       1.000       1.000       1.000       1.000       1.000       1.000

 Residual Variances
    HOVS_1           0.143       0.161       0.170       0.218       0.265       0.275       0.292
    HOVS_2           0.226       0.244       0.253       0.301       0.349       0.358       0.376
    HOVS_3           0.184       0.204       0.213       0.265       0.316       0.326       0.346
    HOVS_4           0.182       0.204       0.215       0.276       0.336       0.347       0.370


RESIDUAL OUTPUT


     ESTIMATED MODEL AND RESIDUALS (OBSERVED - ESTIMATED)


           Model Estimated Means
              HOVS_1        HOVS_2        HOVS_3        HOVS_4
              ________      ________      ________      ________
                0.391         0.409         0.427         0.445


           Residuals for Means
              HOVS_1        HOVS_2        HOVS_3        HOVS_4
              ________      ________      ________      ________
               -0.003         0.018        -0.020         0.010


           Standardized Residuals (z-scores) for Means
              HOVS_1        HOVS_2        HOVS_3        HOVS_4
              ________      ________      ________      ________
               -0.370       999.000        -2.053       999.000


           Normalized Residuals for Means
              HOVS_1        HOVS_2        HOVS_3        HOVS_4
              ________      ________      ________      ________
               -0.140         1.033        -0.902         0.407


           Model Estimated Covariances
              HOVS_1        HOVS_2        HOVS_3        HOVS_4
              ________      ________      ________      ________
 HOVS_1         0.461
 HOVS_2         0.225         0.532
 HOVS_3         0.207         0.238         0.533
 HOVS_4         0.189         0.244         0.298         0.629


           Model Estimated Correlations
              HOVS_1        HOVS_2        HOVS_3        HOVS_4
              ________      ________      ________      ________
 HOVS_1         1.000
 HOVS_2         0.455         1.000
 HOVS_3         0.418         0.446         1.000
 HOVS_4         0.350         0.421         0.516         1.000


           Residuals for Covariances
              HOVS_1        HOVS_2        HOVS_3        HOVS_4
              ________      ________      ________      ________
 HOVS_1        -0.002
 HOVS_2        -0.001         0.003
 HOVS_3         0.001         0.003        -0.001
 HOVS_4        -0.007         0.008        -0.004        -0.002


           Residuals for Correlations
              HOVS_1        HOVS_2        HOVS_3        HOVS_4
              ________      ________      ________      ________
 HOVS_1         0.000
 HOVS_2        -0.002         0.000
 HOVS_3         0.003         0.005         0.000
 HOVS_4        -0.011         0.013        -0.006         0.000


           Standardized Residuals (z-scores) for Covariances
              HOVS_1        HOVS_2        HOVS_3        HOVS_4
              ________      ________      ________      ________
 HOVS_1        -0.166
 HOVS_2        -0.063         0.390
 HOVS_3         0.036         0.179       999.000
 HOVS_4        -0.671         0.414       999.000        -0.112


           Normalized Residuals for Covariances
              HOVS_1        HOVS_2        HOVS_3        HOVS_4
              ________      ________      ________      ________
 HOVS_1        -0.035
 HOVS_2        -0.032         0.095
 HOVS_3         0.029         0.147        -0.033
 HOVS_4        -0.387         0.331        -0.160        -0.034


TECHNICAL 1 OUTPUT


     PARAMETER SPECIFICATION


           NU
              HOVS_1        HOVS_2        HOVS_3        HOVS_4
              ________      ________      ________      ________
                  0             0             0             0


           LAMBDA
              I             S
              ________      ________
 HOVS_1             0             0
 HOVS_2             0             0
 HOVS_3             0             0
 HOVS_4             0             0


           THETA
              HOVS_1        HOVS_2        HOVS_3        HOVS_4
              ________      ________      ________      ________
 HOVS_1             1
 HOVS_2             0             2
 HOVS_3             0             0             3
 HOVS_4             0             0             0             4


           ALPHA
              I             S
              ________      ________
                  5             6


           BETA
              I             S
              ________      ________
 I                  0             0
 S                  0             0


           PSI
              I             S
              ________      ________
 I                  7
 S                  8             9


     STARTING VALUES


           NU
              HOVS_1        HOVS_2        HOVS_3        HOVS_4
              ________      ________      ________      ________
                0.000         0.000         0.000         0.000


           LAMBDA
              I             S
              ________      ________
 HOVS_1         1.000         0.000
 HOVS_2         1.000         1.000
 HOVS_3         1.000         2.000
 HOVS_4         1.000         3.000


           THETA
              HOVS_1        HOVS_2        HOVS_3        HOVS_4
              ________      ________      ________      ________
 HOVS_1         0.228
 HOVS_2         0.000         0.269
 HOVS_3         0.000         0.000         0.262
 HOVS_4         0.000         0.000         0.000         0.308


           ALPHA
              I             S
              ________      ________
                0.388         0.016


           BETA
              I             S
              ________      ________
 I              0.000         0.000
 S              0.000         0.000


           PSI
              I             S
              ________      ________
 I              0.476
 S              0.000         0.234


TECHNICAL 4 OUTPUT


     ESTIMATES DERIVED FROM THE MODEL


           ESTIMATED MEANS FOR THE LATENT VARIABLES
              I             S
              ________      ________
                0.391         0.018


           S.E. FOR ESTIMATED MEANS FOR THE LATENT VARIABLES
              I             S
              ________      ________
                0.021         0.010


           EST./S.E. FOR ESTIMATED MEANS FOR THE LATENT VARIABLES
              I             S
              ________      ________
               18.862         1.864


           TWO-TAILED P-VALUE FOR ESTIMATED MEANS FOR THE LATENT VARIABLES
              I             S
              ________      ________
                0.000         0.062


           ESTIMATED COVARIANCE MATRIX FOR THE LATENT VARIABLES
              I             S
              ________      ________
 I              0.244
 S             -0.018         0.024


           S.E. FOR ESTIMATED COVARIANCE MATRIX FOR THE LATENT VARIABLES
              I             S
              ________      ________
 I              0.024
 S              0.009         0.008


           EST./S.E. FOR ESTIMATED COVARIANCE MATRIX FOR THE LATENT VARIABLES
              I             S
              ________      ________
 I             10.107
 S             -2.051         3.188


           TWO-TAILED P-VALUE FOR ESTIMATED COVARIANCE MATRIX FOR THE LATENT VARIABLES
              I             S
              ________      ________
 I              0.000
 S              0.040         0.001


           ESTIMATED CORRELATION MATRIX FOR THE LATENT VARIABLES
              I             S
              ________      ________
 I              1.000
 S             -0.238         1.000


           S.E. FOR ESTIMATED CORRELATION MATRIX FOR THE LATENT VARIABLES
              I             S
              ________      ________
 I              0.000
 S              0.080         0.000


           EST./S.E. FOR ESTIMATED CORRELATION MATRIX FOR THE LATENT VARIABLES
              I             S
              ________      ________
 I            999.000
 S             -2.961       999.000


           TWO-TAILED P-VALUE FOR ESTIMATED CORRELATION MATRIX FOR THE LATENT VARIABLES
              I             S
              ________      ________
 I              0.000
 S              0.003         0.000


DIAGRAM INFORMATION

  Use View Diagram under the Diagram menu in the Mplus Editor to view the diagram.
  If running Mplus from the Mplus Diagrammer, the diagram opens automatically.

  Diagram output
    c:\users\kylenick\onedrive - university of north carolina at chapel hill\dorothy\00 sources of strength data w1-w4 -

     Beginning Time:  14:16:46
        Ending Time:  14:16:47
       Elapsed Time:  00:00:01



MUTHEN & MUTHEN
3463 Stoner Ave.
Los Angeles, CA  90066

Tel: (310) 391-9971
Fax: (310) 391-8971
Web: www.StatModel.com
Support: Support@StatModel.com

Copyright (c) 1998-2019 Muthen & Muthen
