Mplus VERSION 8.4
MUTHEN & MUTHEN
09/28/2021   2:17 PM

INPUT INSTRUCTIONS

  TITLE: No Contact Perpetration - Scale Scores - LGM

  DATA: FILE = mpluswide.csv;

  VARIABLE:
  NAMES = ID School Tx srvy_1 srvy_2 srvy_3 srvy_4
  Grade TransG Gender Race SexOr
  Female Male OtherG
  White Latinx Black Asian MultiR Indigen POC
  Straight Bisexual GL Quest OtherSO LGBQ
  FGxTx MGxTx OGxTx
  WRxTx LRxTx BRxTx ARxTx MRxTx IRxTx POCxTx
  SSxTx BSxTx GLxTx QSxTx OSxTx LGBQxTx
  AGE_1 AGE_2 AGE_3 AGE_4
  SVP1_1 SVP1_2 SVP1_3 SVP1_4
  SVP10_1 SVP10_2 SVP10_3 SVP10_4
  SVP11_1 SVP11_2 SVP11_3 SVP11_4
  SVP12_1 SVP12_2 SVP12_3 SVP12_4
  SVP13_1 SVP13_2 SVP13_3 SVP13_4
  SVP2_1 SVP2_2 SVP2_3 SVP2_4
  SVP3_1 SVP3_2 SVP3_3 SVP3_4
  SVP4_1 SVP4_2 SVP4_3 SVP4_4
  SVP5_1 SVP5_2 SVP5_3 SVP5_4
  SVP6_1 SVP6_2 SVP6_3 SVP6_4
  SVP7_1 SVP7_2 SVP7_3 SVP7_4
  SVP8_1 SVP8_2 SVP8_3 SVP8_4
  SVP9_1 SVP9_2 SVP9_3 SVP9_4
  SVV1_1 SVV1_2 SVV1_3 SVV1_4
  SVV10_1 SVV10_2 SVV10_3 SVV10_4
  SVV11_1 SVV11_2 SVV11_3 SVV11_4
  SVV12_1 SVV12_2 SVV12_3 SVV12_4
  SVV13_1 SVV13_2 SVV13_3 SVV13_4
  SVV2_1 SVV2_2 SVV2_3 SVV2_4
  SVV3_1 SVV3_2 SVV3_3 SVV3_4
  SVV4_1 SVV4_2 SVV4_3 SVV4_4
  SVV5_1 SVV5_2 SVV5_3 SVV5_4
  SVV6_1 SVV6_2 SVV6_3 SVV6_4
  SVV7_1 SVV7_2 SVV7_3 SVV7_4
  SVV8_1 SVV8_2 SVV8_3 SVV8_4
  SVV9_1 SVV9_2 SVV9_3 SVV9_4
  CYP1_1 CYP1_2 CYP1_3 CYP1_4
  CYP2_1 CYP2_2 CYP2_3 CYP2_4
  CYP3_1 CYP3_2 CYP3_3 CYP3_4
  DSV1_1 DSV1_2 DSV1_3 DSV1_4
  DSV2_1 DSV2_2 DSV2_3 DSV2_4
  DSV3_1 DSV3_2 DSV3_3 DSV3_4
  DSV4_1 DSV4_2 DSV4_3 DSV4_4
  DSV5_1 DSV5_2 DSV5_3 DSV5_4
  DSV6_1 DSV6_2 DSV6_3 DSV6_4
  HOP1_1 HOP1_2 HOP1_3 HOP1_4
  HOP2_1 HOP2_2 HOP2_3 HOP2_4
  HOP3_1 HOP3_2 HOP3_3 HOP3_4
  HOP4_1 HOP4_2 HOP4_3 HOP4_4
  HOP5_1 HOP5_2 HOP5_3 HOP5_4
  HOV1_1 HOV1_2 HOV1_3 HOV1_4
  HOV2_1 HOV2_2 HOV2_3 HOV2_4
  HOV3_1 HOV3_2 HOV3_3 HOV3_4
  HOV4_1 HOV4_2 HOV4_3 HOV4_4
  HOV5_1 HOV5_2 HOV5_3 HOV5_4
  GWB1_1 GWB1_2 GWB1_3 GWB1_4
  GWB2_1 GWB2_2 GWB2_3 GWB2_4
  GWB3_1 GWB3_2 GWB3_3 GWB3_4
  GWB4_1 GWB4_2 GWB4_3 GWB4_4
  GWB5_1 GWB5_2 GWB5_3 GWB5_4
  GWB6_1 GWB6_2 GWB6_3 GWB6_4
  GWB7_1 GWB7_2 GWB7_3 GWB7_4
  GWB8_1 GWB8_2 GWB8_3 GWB8_4
  SHA1_1 SHA1_2 SHA1_3 SHA1_4
  SHA2_1 SHA2_2 SHA2_3 SHA2_4
  SHA3_1 SHA3_2 SHA3_3 SHA3_4
  SHA4_1 SHA4_2 SHA4_3 SHA4_4
  SHI1_1 SHI1_2 SHI1_3 SHI1_4
  SHI2_1 SHI2_2 SHI2_3 SHI2_4
  SHI3_1 SHI3_2 SHI3_3 SHI3_4
  SHI4_1 SHI4_2 SHI4_3 SHI4_4
  AEXS_1 AEXS_2 AEXS_3 AEXS_4
  PEXS_1 PEXS_2 PEXS_3 PEXS_4
  NCPS_1 NCPS_2 NCPS_3 NCPS_4
  NCVS_1 NCVS_2 NCVS_3 NCVS_4
  CPS_1 CPS_2 CPS_3 CPS_4
  CVS_1 CVS_2 CVS_3 CVS_4
  HOPS_1 HOPS_2 HOPS_3 HOPS_4
  HOVS_1 HOVS_2 HOVS_3 HOVS_4
  CYPS_1 CYPS_2 CYPS_3 CYPS_4
  DSVS_1 DSVS_2 DSVS_3 DSVS_4
  GWBS_1 GWBS_2 GWBS_3 GWBS_4
  SHAS_1 SHAS_2 SHAS_3 SHAS_4
  SHIS_1 SHIS_2 SHIS_3 SHIS_4
  NCPerp1 NCPerp2 NCPerp3 NCPerp4
  NCVict1 NCVict2 NCVict3 NCVict4
  ConPerp1 ConPerp2 ConPerp3 ConPerp4
  ConVict1 ConVict2 ConVict3 ConVict4
  HNCPerp1 HNCPerp2 HNCPerp3 HNCPerp4
  CSPerp1 CSPerp2 CSPerp3 CSPerp4
  Dismiss1 Dismiss2 Dismiss3 Dismiss4
  GenWB1 GenWB2 GenWB3 GenWB4
  SHHAtt1 SHHAtt2 SHHAtt3 SHHAtt4
  SHHSeek1 SHHSeek2 SHHSeek3 SHHSeek4
  Active2 Active3 Active4
  Passive2 Passive3 Passive4
  Funding Rural Teas_Per MHT_Per;

  USEVARIABLES = NCPS_1-NCPS_4;

  IDVARIABLE = ID;
  CLUSTER = School;

  MISSING = ALL(-999);

  ANALYSIS:
  TYPE = COMPLEX;

  MODEL:
  i s | NCPS_1@0 NCPS_2@1 NCPS_3@2 NCPS_4@3;

  OUTPUT:
  STANDARDIZED CINTERVAL RESIDUAL TECH1 TECH4;



*** WARNING
  Data set contains cases with missing on all variables.
  These cases were not included in the analysis.
  Number of cases with missing on all variables:  115
   1 WARNING(S) FOUND IN THE INPUT INSTRUCTIONS



No Contact Perpetration - Scale Scores - LGM

SUMMARY OF ANALYSIS

Number of groups                                                 1
Number of observations                                        6350

Number of dependent variables                                    4
Number of independent variables                                  0
Number of continuous latent variables                            2

Observed dependent variables

  Continuous
   NCPS_1      NCPS_2      NCPS_3      NCPS_4

Continuous latent variables
   I           S

Variables with special functions

  Cluster variable      SCHOOL
  ID variable           ID

Estimator                                                      MLR
Information matrix                                        OBSERVED
Maximum number of iterations                                  1000
Convergence criterion                                    0.500D-04
Maximum number of steepest descent iterations                   20
Maximum number of iterations for H1                           2000
Convergence criterion for H1                             0.100D-03

Input data file(s)
  mpluswide.csv

Input data format  FREE


SUMMARY OF DATA

     Number of missing data patterns            15
     Number of clusters                         20



COVARIANCE COVERAGE OF DATA

Minimum covariance coverage value   0.100


     PROPORTION OF DATA PRESENT


           Covariance Coverage
              NCPS_1        NCPS_2        NCPS_3        NCPS_4
              ________      ________      ________      ________
 NCPS_1         0.733
 NCPS_2         0.544         0.672
 NCPS_3         0.467         0.468         0.639
 NCPS_4         0.381         0.383         0.411         0.524



UNIVARIATE SAMPLE STATISTICS


     UNIVARIATE HIGHER-ORDER MOMENT DESCRIPTIVE STATISTICS

         Variable/         Mean/     Skewness/   Minimum/ % with                Percentiles
        Sample Size      Variance    Kurtosis    Maximum  Min/Max      20%/60%    40%/80%    Median

     NCPS_1                0.137       5.112       0.000   79.21%       0.000      0.000      0.000
            4657.000       0.164      34.531       4.000    0.30%       0.000      0.250
     NCPS_2                0.152       5.190       0.000   80.50%       0.000      0.000      0.000
            4267.000       0.229      32.719       4.000    0.68%       0.000      0.000
     NCPS_3                0.132       5.771       0.000   83.45%       0.000      0.000      0.000
            4055.000       0.226      38.844       4.000    0.81%       0.000      0.000
     NCPS_4                0.168       4.936       0.000   82.10%       0.000      0.000      0.000
            3329.000       0.312      27.430       4.000    1.14%       0.000      0.000


THE MODEL ESTIMATION TERMINATED NORMALLY



MODEL FIT INFORMATION

Number of Free Parameters                        9

Loglikelihood

          H0 Value                      -10205.613
          H0 Scaling Correction Factor     23.4033
            for MLR
          H1 Value                      -10190.997
          H1 Scaling Correction Factor     16.5045
            for MLR

Information Criteria

          Akaike (AIC)                   20429.226
          Bayesian (BIC)                 20490.032
          Sample-Size Adjusted BIC       20461.433
            (n* = (n + 2) / 24)

Chi-Square Test of Model Fit

          Value                              7.154*
          Degrees of Freedom                     5
          P-Value                           0.2095
          Scaling Correction Factor         4.0865
            for MLR

*   The chi-square value for MLM, MLMV, MLR, ULSMV, WLSM and WLSMV cannot be used
    for chi-square difference testing in the regular way.  MLM, MLR and WLSM
    chi-square difference testing is described on the Mplus website.  MLMV, WLSMV,
    and ULSMV difference testing is done using the DIFFTEST option.

RMSEA (Root Mean Square Error Of Approximation)

          Estimate                           0.008
          90 Percent C.I.                    0.000  0.021
          Probability RMSEA <= .05           1.000

CFI/TLI

          CFI                                0.990
          TLI                                0.988

Chi-Square Test of Model Fit for the Baseline Model

          Value                            225.106
          Degrees of Freedom                     6
          P-Value                           0.0000

SRMR (Standardized Root Mean Square Residual)

          Value                              0.023



MODEL RESULTS

                                                    Two-Tailed
                    Estimate       S.E.  Est./S.E.    P-Value

 I        |
    NCPS_1             1.000      0.000    999.000    999.000
    NCPS_2             1.000      0.000    999.000    999.000
    NCPS_3             1.000      0.000    999.000    999.000
    NCPS_4             1.000      0.000    999.000    999.000

 S        |
    NCPS_1             0.000      0.000    999.000    999.000
    NCPS_2             1.000      0.000    999.000    999.000
    NCPS_3             2.000      0.000    999.000    999.000
    NCPS_4             3.000      0.000    999.000    999.000

 S        WITH
    I                 -0.014      0.006     -2.301      0.021

 Means
    I                  0.136      0.011     11.929      0.000
    S                  0.008      0.006      1.278      0.201

 Intercepts
    NCPS_1             0.000      0.000    999.000    999.000
    NCPS_2             0.000      0.000    999.000    999.000
    NCPS_3             0.000      0.000    999.000    999.000
    NCPS_4             0.000      0.000    999.000    999.000

 Variances
    I                  0.084      0.018      4.688      0.000
    S                  0.013      0.004      3.350      0.001

 Residual Variances
    NCPS_1             0.080      0.015      5.223      0.000
    NCPS_2             0.153      0.025      6.147      0.000
    NCPS_3             0.154      0.028      5.550      0.000
    NCPS_4             0.202      0.035      5.737      0.000


STANDARDIZED MODEL RESULTS


STDYX Standardization

                                                    Two-Tailed
                    Estimate       S.E.  Est./S.E.    P-Value

 I        |
    NCPS_1             0.715      0.043     16.809      0.000
    NCPS_2             0.615      0.048     12.884      0.000
    NCPS_3             0.600      0.057     10.559      0.000
    NCPS_4             0.515      0.061      8.444      0.000

 S        |
    NCPS_1             0.000      0.000    999.000    999.000
    NCPS_2             0.239      0.030      8.013      0.000
    NCPS_3             0.465      0.046     10.087      0.000
    NCPS_4             0.600      0.083      7.228      0.000

 S        WITH
    I                 -0.424      0.112     -3.768      0.000

 Means
    I                  0.470      0.028     17.080      0.000
    S                  0.071      0.050      1.410      0.158

 Intercepts
    NCPS_1             0.000      0.000    999.000    999.000
    NCPS_2             0.000      0.000    999.000    999.000
    NCPS_3             0.000      0.000    999.000    999.000
    NCPS_4             0.000      0.000    999.000    999.000

 Variances
    I                  1.000      0.000    999.000    999.000
    S                  1.000      0.000    999.000    999.000

 Residual Variances
    NCPS_1             0.489      0.061      8.038      0.000
    NCPS_2             0.690      0.029     23.950      0.000
    NCPS_3             0.660      0.031     21.213      0.000
    NCPS_4             0.636      0.072      8.840      0.000


STDY Standardization

                                                    Two-Tailed
                    Estimate       S.E.  Est./S.E.    P-Value

 I        |
    NCPS_1             0.715      0.043     16.809      0.000
    NCPS_2             0.615      0.048     12.884      0.000
    NCPS_3             0.600      0.057     10.559      0.000
    NCPS_4             0.515      0.061      8.444      0.000

 S        |
    NCPS_1             0.000      0.000    999.000    999.000
    NCPS_2             0.239      0.030      8.013      0.000
    NCPS_3             0.465      0.046     10.087      0.000
    NCPS_4             0.600      0.083      7.228      0.000

 S        WITH
    I                 -0.424      0.112     -3.768      0.000

 Means
    I                  0.470      0.028     17.080      0.000
    S                  0.071      0.050      1.410      0.158

 Intercepts
    NCPS_1             0.000      0.000    999.000    999.000
    NCPS_2             0.000      0.000    999.000    999.000
    NCPS_3             0.000      0.000    999.000    999.000
    NCPS_4             0.000      0.000    999.000    999.000

 Variances
    I                  1.000      0.000    999.000    999.000
    S                  1.000      0.000    999.000    999.000

 Residual Variances
    NCPS_1             0.489      0.061      8.038      0.000
    NCPS_2             0.690      0.029     23.950      0.000
    NCPS_3             0.660      0.031     21.213      0.000
    NCPS_4             0.636      0.072      8.840      0.000


STD Standardization

                                                    Two-Tailed
                    Estimate       S.E.  Est./S.E.    P-Value

 I        |
    NCPS_1             0.290      0.031      9.375      0.000
    NCPS_2             0.290      0.031      9.375      0.000
    NCPS_3             0.290      0.031      9.375      0.000
    NCPS_4             0.290      0.031      9.375      0.000

 S        |
    NCPS_1             0.000      0.000    999.000    999.000
    NCPS_2             0.113      0.017      6.699      0.000
    NCPS_3             0.225      0.034      6.699      0.000
    NCPS_4             0.338      0.050      6.699      0.000

 S        WITH
    I                 -0.424      0.112     -3.768      0.000

 Means
    I                  0.470      0.028     17.080      0.000
    S                  0.071      0.050      1.410      0.158

 Intercepts
    NCPS_1             0.000      0.000    999.000    999.000
    NCPS_2             0.000      0.000    999.000    999.000
    NCPS_3             0.000      0.000    999.000    999.000
    NCPS_4             0.000      0.000    999.000    999.000

 Variances
    I                  1.000      0.000    999.000    999.000
    S                  1.000      0.000    999.000    999.000

 Residual Variances
    NCPS_1             0.080      0.015      5.223      0.000
    NCPS_2             0.153      0.025      6.147      0.000
    NCPS_3             0.154      0.028      5.550      0.000
    NCPS_4             0.202      0.035      5.737      0.000


R-SQUARE

    Observed                                        Two-Tailed
    Variable        Estimate       S.E.  Est./S.E.    P-Value

    NCPS_1             0.511      0.061      8.404      0.000
    NCPS_2             0.310      0.029     10.780      0.000
    NCPS_3             0.340      0.031     10.913      0.000
    NCPS_4             0.364      0.072      5.049      0.000


QUALITY OF NUMERICAL RESULTS

     Condition Number for the Information Matrix              0.377E-02
       (ratio of smallest to largest eigenvalue)


CONFIDENCE INTERVALS OF MODEL RESULTS

                  Lower .5%  Lower 2.5%    Lower 5%    Estimate    Upper 5%  Upper 2.5%   Upper .5%

 I        |
    NCPS_1           1.000       1.000       1.000       1.000       1.000       1.000       1.000
    NCPS_2           1.000       1.000       1.000       1.000       1.000       1.000       1.000
    NCPS_3           1.000       1.000       1.000       1.000       1.000       1.000       1.000
    NCPS_4           1.000       1.000       1.000       1.000       1.000       1.000       1.000

 S        |
    NCPS_1           0.000       0.000       0.000       0.000       0.000       0.000       0.000
    NCPS_2           1.000       1.000       1.000       1.000       1.000       1.000       1.000
    NCPS_3           2.000       2.000       2.000       2.000       2.000       2.000       2.000
    NCPS_4           3.000       3.000       3.000       3.000       3.000       3.000       3.000

 S        WITH
    I               -0.029      -0.026      -0.024      -0.014      -0.004      -0.002       0.002

 Means
    I                0.107       0.114       0.118       0.136       0.155       0.159       0.166
    S               -0.008      -0.004      -0.002       0.008       0.018       0.020       0.024

 Intercepts
    NCPS_1           0.000       0.000       0.000       0.000       0.000       0.000       0.000
    NCPS_2           0.000       0.000       0.000       0.000       0.000       0.000       0.000
    NCPS_3           0.000       0.000       0.000       0.000       0.000       0.000       0.000
    NCPS_4           0.000       0.000       0.000       0.000       0.000       0.000       0.000

 Variances
    I                0.038       0.049       0.055       0.084       0.114       0.119       0.130
    S                0.003       0.005       0.006       0.013       0.019       0.020       0.022

 Residual Variances
    NCPS_1           0.041       0.050       0.055       0.080       0.106       0.111       0.120
    NCPS_2           0.089       0.105       0.112       0.153       0.195       0.202       0.218
    NCPS_3           0.083       0.100       0.109       0.154       0.200       0.209       0.226
    NCPS_4           0.111       0.133       0.144       0.202       0.259       0.270       0.292


CONFIDENCE INTERVALS OF STANDARDIZED MODEL RESULTS


STDYX Standardization

                  Lower .5%  Lower 2.5%    Lower 5%    Estimate    Upper 5%  Upper 2.5%   Upper .5%

 I        |
    NCPS_1           0.605       0.632       0.645       0.715       0.785       0.798       0.824
    NCPS_2           0.492       0.521       0.536       0.615       0.693       0.708       0.737
    NCPS_3           0.453       0.488       0.506       0.600       0.693       0.711       0.746
    NCPS_4           0.358       0.396       0.415       0.515       0.616       0.635       0.672

 S        |
    NCPS_1           0.000       0.000       0.000       0.000       0.000       0.000       0.000
    NCPS_2           0.162       0.180       0.190       0.239       0.288       0.297       0.315
    NCPS_3           0.347       0.375       0.390       0.465       0.541       0.556       0.584
    NCPS_4           0.386       0.437       0.463       0.600       0.736       0.763       0.814

 S        WITH
    I               -0.713      -0.644      -0.609      -0.424      -0.239      -0.203      -0.134

 Means
    I                0.399       0.416       0.425       0.470       0.515       0.524       0.541
    S               -0.059      -0.028      -0.012       0.071       0.153       0.169       0.200

 Intercepts
    NCPS_1           0.000       0.000       0.000       0.000       0.000       0.000       0.000
    NCPS_2           0.000       0.000       0.000       0.000       0.000       0.000       0.000
    NCPS_3           0.000       0.000       0.000       0.000       0.000       0.000       0.000
    NCPS_4           0.000       0.000       0.000       0.000       0.000       0.000       0.000

 Variances
    I                1.000       1.000       1.000       1.000       1.000       1.000       1.000
    S                1.000       1.000       1.000       1.000       1.000       1.000       1.000

 Residual Variances
    NCPS_1           0.332       0.370       0.389       0.489       0.589       0.608       0.646
    NCPS_2           0.615       0.633       0.642       0.690       0.737       0.746       0.764
    NCPS_3           0.580       0.599       0.609       0.660       0.712       0.721       0.740
    NCPS_4           0.451       0.495       0.518       0.636       0.755       0.778       0.822


STDY Standardization

                  Lower .5%  Lower 2.5%    Lower 5%    Estimate    Upper 5%  Upper 2.5%   Upper .5%

 I        |
    NCPS_1           0.605       0.632       0.645       0.715       0.785       0.798       0.824
    NCPS_2           0.492       0.521       0.536       0.615       0.693       0.708       0.737
    NCPS_3           0.453       0.488       0.506       0.600       0.693       0.711       0.746
    NCPS_4           0.358       0.396       0.415       0.515       0.616       0.635       0.672

 S        |
    NCPS_1           0.000       0.000       0.000       0.000       0.000       0.000       0.000
    NCPS_2           0.162       0.180       0.190       0.239       0.288       0.297       0.315
    NCPS_3           0.347       0.375       0.390       0.465       0.541       0.556       0.584
    NCPS_4           0.386       0.437       0.463       0.600       0.736       0.763       0.814

 S        WITH
    I               -0.713      -0.644      -0.609      -0.424      -0.239      -0.203      -0.134

 Means
    I                0.399       0.416       0.425       0.470       0.515       0.524       0.541
    S               -0.059      -0.028      -0.012       0.071       0.153       0.169       0.200

 Intercepts
    NCPS_1           0.000       0.000       0.000       0.000       0.000       0.000       0.000
    NCPS_2           0.000       0.000       0.000       0.000       0.000       0.000       0.000
    NCPS_3           0.000       0.000       0.000       0.000       0.000       0.000       0.000
    NCPS_4           0.000       0.000       0.000       0.000       0.000       0.000       0.000

 Variances
    I                1.000       1.000       1.000       1.000       1.000       1.000       1.000
    S                1.000       1.000       1.000       1.000       1.000       1.000       1.000

 Residual Variances
    NCPS_1           0.332       0.370       0.389       0.489       0.589       0.608       0.646
    NCPS_2           0.615       0.633       0.642       0.690       0.737       0.746       0.764
    NCPS_3           0.580       0.599       0.609       0.660       0.712       0.721       0.740
    NCPS_4           0.451       0.495       0.518       0.636       0.755       0.778       0.822


STD Standardization

                  Lower .5%  Lower 2.5%    Lower 5%    Estimate    Upper 5%  Upper 2.5%   Upper .5%

 I        |
    NCPS_1           0.210       0.229       0.239       0.290       0.341       0.350       0.370
    NCPS_2           0.210       0.229       0.239       0.290       0.341       0.350       0.370
    NCPS_3           0.210       0.229       0.239       0.290       0.341       0.350       0.370
    NCPS_4           0.210       0.229       0.239       0.290       0.341       0.350       0.370

 S        |
    NCPS_1           0.000       0.000       0.000       0.000       0.000       0.000       0.000
    NCPS_2           0.069       0.080       0.085       0.113       0.140       0.145       0.156
    NCPS_3           0.139       0.159       0.170       0.225       0.280       0.291       0.312
    NCPS_4           0.208       0.239       0.255       0.338       0.420       0.436       0.467

 S        WITH
    I               -0.713      -0.644      -0.609      -0.424      -0.239      -0.203      -0.134

 Means
    I                0.399       0.416       0.425       0.470       0.515       0.524       0.541
    S               -0.059      -0.028      -0.012       0.071       0.153       0.169       0.200

 Intercepts
    NCPS_1           0.000       0.000       0.000       0.000       0.000       0.000       0.000
    NCPS_2           0.000       0.000       0.000       0.000       0.000       0.000       0.000
    NCPS_3           0.000       0.000       0.000       0.000       0.000       0.000       0.000
    NCPS_4           0.000       0.000       0.000       0.000       0.000       0.000       0.000

 Variances
    I                1.000       1.000       1.000       1.000       1.000       1.000       1.000
    S                1.000       1.000       1.000       1.000       1.000       1.000       1.000

 Residual Variances
    NCPS_1           0.041       0.050       0.055       0.080       0.106       0.111       0.120
    NCPS_2           0.089       0.105       0.112       0.153       0.195       0.202       0.218
    NCPS_3           0.083       0.100       0.109       0.154       0.200       0.209       0.226
    NCPS_4           0.111       0.133       0.144       0.202       0.259       0.270       0.292


RESIDUAL OUTPUT


     ESTIMATED MODEL AND RESIDUALS (OBSERVED - ESTIMATED)


           Model Estimated Means
              NCPS_1        NCPS_2        NCPS_3        NCPS_4
              ________      ________      ________      ________
                0.136         0.144         0.152         0.160


           Residuals for Means
              NCPS_1        NCPS_2        NCPS_3        NCPS_4
              ________      ________      ________      ________
                0.000         0.007        -0.016         0.013


           Standardized Residuals (z-scores) for Means
              NCPS_1        NCPS_2        NCPS_3        NCPS_4
              ________      ________      ________      ________
              999.000         0.695        -5.581       999.000


           Normalized Residuals for Means
              NCPS_1        NCPS_2        NCPS_3        NCPS_4
              ________      ________      ________      ________
                0.014         0.478        -1.160         0.788


           Model Estimated Covariances
              NCPS_1        NCPS_2        NCPS_3        NCPS_4
              ________      ________      ________      ________
 NCPS_1         0.164
 NCPS_2         0.070         0.222
 NCPS_3         0.056         0.068         0.234
 NCPS_4         0.043         0.067         0.091         0.317


           Model Estimated Correlations
              NCPS_1        NCPS_2        NCPS_3        NCPS_4
              ________      ________      ________      ________
 NCPS_1         1.000
 NCPS_2         0.367         1.000
 NCPS_3         0.288         0.298         1.000
 NCPS_4         0.187         0.252         0.334         1.000


           Residuals for Covariances
              NCPS_1        NCPS_2        NCPS_3        NCPS_4
              ________      ________      ________      ________
 NCPS_1        -0.001
 NCPS_2         0.002         0.006
 NCPS_3        -0.007         0.004        -0.005
 NCPS_4         0.000         0.014        -0.010        -0.001


           Residuals for Correlations
              NCPS_1        NCPS_2        NCPS_3        NCPS_4
              ________      ________      ________      ________
 NCPS_1         0.000
 NCPS_2         0.009         0.000
 NCPS_3        -0.033         0.016         0.000
 NCPS_4        -0.001         0.051        -0.032         0.000


           Standardized Residuals (z-scores) for Covariances
              NCPS_1        NCPS_2        NCPS_3        NCPS_4
              ________      ________      ________      ________
 NCPS_1       999.000
 NCPS_2         0.294         0.387
 NCPS_3        -1.793         2.708       999.000
 NCPS_4        -0.102         0.913       999.000        -0.089


           Normalized Residuals for Covariances
              NCPS_1        NCPS_2        NCPS_3        NCPS_4
              ________      ________      ________      ________
 NCPS_1        -0.037
 NCPS_2         0.163         0.161
 NCPS_3        -0.848         0.467        -0.148
 NCPS_4        -0.067         0.787        -0.610        -0.016


TECHNICAL 1 OUTPUT


     PARAMETER SPECIFICATION


           NU
              NCPS_1        NCPS_2        NCPS_3        NCPS_4
              ________      ________      ________      ________
                  0             0             0             0


           LAMBDA
              I             S
              ________      ________
 NCPS_1             0             0
 NCPS_2             0             0
 NCPS_3             0             0
 NCPS_4             0             0


           THETA
              NCPS_1        NCPS_2        NCPS_3        NCPS_4
              ________      ________      ________      ________
 NCPS_1             1
 NCPS_2             0             2
 NCPS_3             0             0             3
 NCPS_4             0             0             0             4


           ALPHA
              I             S
              ________      ________
                  5             6


           BETA
              I             S
              ________      ________
 I                  0             0
 S                  0             0


           PSI
              I             S
              ________      ________
 I                  7
 S                  8             9


     STARTING VALUES


           NU
              NCPS_1        NCPS_2        NCPS_3        NCPS_4
              ________      ________      ________      ________
                0.000         0.000         0.000         0.000


           LAMBDA
              I             S
              ________      ________
 NCPS_1         1.000         0.000
 NCPS_2         1.000         1.000
 NCPS_3         1.000         2.000
 NCPS_4         1.000         3.000


           THETA
              NCPS_1        NCPS_2        NCPS_3        NCPS_4
              ________      ________      ________      ________
 NCPS_1         0.082
 NCPS_2         0.000         0.115
 NCPS_3         0.000         0.000         0.113
 NCPS_4         0.000         0.000         0.000         0.156


           ALPHA
              I             S
              ________      ________
                0.138         0.009


           BETA
              I             S
              ________      ________
 I              0.000         0.000
 S              0.000         0.000


           PSI
              I             S
              ________      ________
 I              0.182
 S              0.000         0.103


TECHNICAL 4 OUTPUT


     ESTIMATES DERIVED FROM THE MODEL


           ESTIMATED MEANS FOR THE LATENT VARIABLES
              I             S
              ________      ________
                0.136         0.008


           S.E. FOR ESTIMATED MEANS FOR THE LATENT VARIABLES
              I             S
              ________      ________
                0.011         0.006


           EST./S.E. FOR ESTIMATED MEANS FOR THE LATENT VARIABLES
              I             S
              ________      ________
               11.929         1.278


           TWO-TAILED P-VALUE FOR ESTIMATED MEANS FOR THE LATENT VARIABLES
              I             S
              ________      ________
                0.000         0.201


           ESTIMATED COVARIANCE MATRIX FOR THE LATENT VARIABLES
              I             S
              ________      ________
 I              0.084
 S             -0.014         0.013


           S.E. FOR ESTIMATED COVARIANCE MATRIX FOR THE LATENT VARIABLES
              I             S
              ________      ________
 I              0.018
 S              0.006         0.004


           EST./S.E. FOR ESTIMATED COVARIANCE MATRIX FOR THE LATENT VARIABLES
              I             S
              ________      ________
 I              4.688
 S             -2.301         3.350


           TWO-TAILED P-VALUE FOR ESTIMATED COVARIANCE MATRIX FOR THE LATENT VARIABLES
              I             S
              ________      ________
 I              0.000
 S              0.021         0.001


           ESTIMATED CORRELATION MATRIX FOR THE LATENT VARIABLES
              I             S
              ________      ________
 I              1.000
 S             -0.424         1.000


           S.E. FOR ESTIMATED CORRELATION MATRIX FOR THE LATENT VARIABLES
              I             S
              ________      ________
 I              0.000
 S              0.112         0.000


           EST./S.E. FOR ESTIMATED CORRELATION MATRIX FOR THE LATENT VARIABLES
              I             S
              ________      ________
 I            999.000
 S             -3.768       999.000


           TWO-TAILED P-VALUE FOR ESTIMATED CORRELATION MATRIX FOR THE LATENT VARIABLES
              I             S
              ________      ________
 I              0.000
 S              0.000         0.000


DIAGRAM INFORMATION

  Use View Diagram under the Diagram menu in the Mplus Editor to view the diagram.
  If running Mplus from the Mplus Diagrammer, the diagram opens automatically.

  Diagram output
    c:\users\kylenick\onedrive - university of north carolina at chapel hill\dorothy\00 sources of strength data w1-w4 -

     Beginning Time:  14:17:06
        Ending Time:  14:17:06
       Elapsed Time:  00:00:00



MUTHEN & MUTHEN
3463 Stoner Ave.
Los Angeles, CA  90066

Tel: (310) 391-9971
Fax: (310) 391-8971
Web: www.StatModel.com
Support: Support@StatModel.com

Copyright (c) 1998-2019 Muthen & Muthen
