Mplus VERSION 8.4
MUTHEN & MUTHEN
09/28/2021   2:17 PM

INPUT INSTRUCTIONS

  TITLE: SH Attitudes - Scale Scores - LGM

  DATA: FILE = mpluswide.csv;

  VARIABLE:
  NAMES = ID School Tx srvy_1 srvy_2 srvy_3 srvy_4
  Grade TransG Gender Race SexOr
  Female Male OtherG
  White Latinx Black Asian MultiR Indigen POC
  Straight Bisexual GL Quest OtherSO LGBQ
  FGxTx MGxTx OGxTx
  WRxTx LRxTx BRxTx ARxTx MRxTx IRxTx POCxTx
  SSxTx BSxTx GLxTx QSxTx OSxTx LGBQxTx
  AGE_1 AGE_2 AGE_3 AGE_4
  SVP1_1 SVP1_2 SVP1_3 SVP1_4
  SVP10_1 SVP10_2 SVP10_3 SVP10_4
  SVP11_1 SVP11_2 SVP11_3 SVP11_4
  SVP12_1 SVP12_2 SVP12_3 SVP12_4
  SVP13_1 SVP13_2 SVP13_3 SVP13_4
  SVP2_1 SVP2_2 SVP2_3 SVP2_4
  SVP3_1 SVP3_2 SVP3_3 SVP3_4
  SVP4_1 SVP4_2 SVP4_3 SVP4_4
  SVP5_1 SVP5_2 SVP5_3 SVP5_4
  SVP6_1 SVP6_2 SVP6_3 SVP6_4
  SVP7_1 SVP7_2 SVP7_3 SVP7_4
  SVP8_1 SVP8_2 SVP8_3 SVP8_4
  SVP9_1 SVP9_2 SVP9_3 SVP9_4
  SVV1_1 SVV1_2 SVV1_3 SVV1_4
  SVV10_1 SVV10_2 SVV10_3 SVV10_4
  SVV11_1 SVV11_2 SVV11_3 SVV11_4
  SVV12_1 SVV12_2 SVV12_3 SVV12_4
  SVV13_1 SVV13_2 SVV13_3 SVV13_4
  SVV2_1 SVV2_2 SVV2_3 SVV2_4
  SVV3_1 SVV3_2 SVV3_3 SVV3_4
  SVV4_1 SVV4_2 SVV4_3 SVV4_4
  SVV5_1 SVV5_2 SVV5_3 SVV5_4
  SVV6_1 SVV6_2 SVV6_3 SVV6_4
  SVV7_1 SVV7_2 SVV7_3 SVV7_4
  SVV8_1 SVV8_2 SVV8_3 SVV8_4
  SVV9_1 SVV9_2 SVV9_3 SVV9_4
  CYP1_1 CYP1_2 CYP1_3 CYP1_4
  CYP2_1 CYP2_2 CYP2_3 CYP2_4
  CYP3_1 CYP3_2 CYP3_3 CYP3_4
  DSV1_1 DSV1_2 DSV1_3 DSV1_4
  DSV2_1 DSV2_2 DSV2_3 DSV2_4
  DSV3_1 DSV3_2 DSV3_3 DSV3_4
  DSV4_1 DSV4_2 DSV4_3 DSV4_4
  DSV5_1 DSV5_2 DSV5_3 DSV5_4
  DSV6_1 DSV6_2 DSV6_3 DSV6_4
  HOP1_1 HOP1_2 HOP1_3 HOP1_4
  HOP2_1 HOP2_2 HOP2_3 HOP2_4
  HOP3_1 HOP3_2 HOP3_3 HOP3_4
  HOP4_1 HOP4_2 HOP4_3 HOP4_4
  HOP5_1 HOP5_2 HOP5_3 HOP5_4
  HOV1_1 HOV1_2 HOV1_3 HOV1_4
  HOV2_1 HOV2_2 HOV2_3 HOV2_4
  HOV3_1 HOV3_2 HOV3_3 HOV3_4
  HOV4_1 HOV4_2 HOV4_3 HOV4_4
  HOV5_1 HOV5_2 HOV5_3 HOV5_4
  GWB1_1 GWB1_2 GWB1_3 GWB1_4
  GWB2_1 GWB2_2 GWB2_3 GWB2_4
  GWB3_1 GWB3_2 GWB3_3 GWB3_4
  GWB4_1 GWB4_2 GWB4_3 GWB4_4
  GWB5_1 GWB5_2 GWB5_3 GWB5_4
  GWB6_1 GWB6_2 GWB6_3 GWB6_4
  GWB7_1 GWB7_2 GWB7_3 GWB7_4
  GWB8_1 GWB8_2 GWB8_3 GWB8_4
  SHA1_1 SHA1_2 SHA1_3 SHA1_4
  SHA2_1 SHA2_2 SHA2_3 SHA2_4
  SHA3_1 SHA3_2 SHA3_3 SHA3_4
  SHA4_1 SHA4_2 SHA4_3 SHA4_4
  SHI1_1 SHI1_2 SHI1_3 SHI1_4
  SHI2_1 SHI2_2 SHI2_3 SHI2_4
  SHI3_1 SHI3_2 SHI3_3 SHI3_4
  SHI4_1 SHI4_2 SHI4_3 SHI4_4
  AEXS_1 AEXS_2 AEXS_3 AEXS_4
  PEXS_1 PEXS_2 PEXS_3 PEXS_4
  NCPS_1 NCPS_2 NCPS_3 NCPS_4
  NCVS_1 NCVS_2 NCVS_3 NCVS_4
  CPS_1 CPS_2 CPS_3 CPS_4
  CVS_1 CVS_2 CVS_3 CVS_4
  HOPS_1 HOPS_2 HOPS_3 HOPS_4
  HOVS_1 HOVS_2 HOVS_3 HOVS_4
  CYPS_1 CYPS_2 CYPS_3 CYPS_4
  DSVS_1 DSVS_2 DSVS_3 DSVS_4
  GWBS_1 GWBS_2 GWBS_3 GWBS_4
  SHAS_1 SHAS_2 SHAS_3 SHAS_4
  SHIS_1 SHIS_2 SHIS_3 SHIS_4
  NCPerp1 NCPerp2 NCPerp3 NCPerp4
  NCVict1 NCVict2 NCVict3 NCVict4
  ConPerp1 ConPerp2 ConPerp3 ConPerp4
  ConVict1 ConVict2 ConVict3 ConVict4
  HNCPerp1 HNCPerp2 HNCPerp3 HNCPerp4
  CSPerp1 CSPerp2 CSPerp3 CSPerp4
  Dismiss1 Dismiss2 Dismiss3 Dismiss4
  GenWB1 GenWB2 GenWB3 GenWB4
  SHHAtt1 SHHAtt2 SHHAtt3 SHHAtt4
  SHHSeek1 SHHSeek2 SHHSeek3 SHHSeek4
  Active2 Active3 Active4
  Passive2 Passive3 Passive4
  Funding Rural Teas_Per MHT_Per;

  USEVARIABLES = SHAS_1-SHAS_4;

  IDVARIABLE = ID;
  CLUSTER = School;

  MISSING = ALL(-999);

  ANALYSIS:
  TYPE = COMPLEX;

  MODEL:
  i s | SHAS_1@0 SHAS_2@1 SHAS_3@2 SHAS_4@3;

  OUTPUT:
  STANDARDIZED CINTERVAL RESIDUAL TECH1 TECH4;



*** WARNING
  Data set contains cases with missing on all variables.
  These cases were not included in the analysis.
  Number of cases with missing on all variables:  178
   1 WARNING(S) FOUND IN THE INPUT INSTRUCTIONS



SH Attitudes - Scale Scores - LGM

SUMMARY OF ANALYSIS

Number of groups                                                 1
Number of observations                                        6287

Number of dependent variables                                    4
Number of independent variables                                  0
Number of continuous latent variables                            2

Observed dependent variables

  Continuous
   SHAS_1      SHAS_2      SHAS_3      SHAS_4

Continuous latent variables
   I           S

Variables with special functions

  Cluster variable      SCHOOL
  ID variable           ID

Estimator                                                      MLR
Information matrix                                        OBSERVED
Maximum number of iterations                                  1000
Convergence criterion                                    0.500D-04
Maximum number of steepest descent iterations                   20
Maximum number of iterations for H1                           2000
Convergence criterion for H1                             0.100D-03

Input data file(s)
  mpluswide.csv

Input data format  FREE


SUMMARY OF DATA

     Number of missing data patterns            15
     Number of clusters                         20



COVARIANCE COVERAGE OF DATA

Minimum covariance coverage value   0.100


     PROPORTION OF DATA PRESENT


           Covariance Coverage
              SHAS_1        SHAS_2        SHAS_3        SHAS_4
              ________      ________      ________      ________
 SHAS_1         0.714
 SHAS_2         0.516         0.658
 SHAS_3         0.452         0.454         0.633
 SHAS_4         0.371         0.373         0.407         0.526



UNIVARIATE SAMPLE STATISTICS


     UNIVARIATE HIGHER-ORDER MOMENT DESCRIPTIVE STATISTICS

         Variable/         Mean/     Skewness/   Minimum/ % with                Percentiles
        Sample Size      Variance    Kurtosis    Maximum  Min/Max      20%/60%    40%/80%    Median

     SHAS_1                2.101      -0.742       0.000    2.70%       1.500      2.000      2.000
            4489.000       0.508       0.575       3.000   21.32%       2.250      3.000
     SHAS_2                2.065      -0.736       0.000    3.39%       1.500      2.000      2.000
            4135.000       0.533       0.553       3.000   20.65%       2.250      3.000
     SHAS_3                2.058      -0.737       0.000    3.69%       1.500      2.000      2.000
            3979.000       0.542       0.581       3.000   21.29%       2.000      3.000
     SHAS_4                2.030      -0.765       0.000    4.66%       1.500      2.000      2.000
            3306.000       0.581       0.535       3.000   21.39%       2.000      3.000


THE MODEL ESTIMATION TERMINATED NORMALLY



MODEL FIT INFORMATION

Number of Free Parameters                        9

Loglikelihood

          H0 Value                      -16457.343
          H0 Scaling Correction Factor      4.0068
            for MLR
          H1 Value                      -16442.676
          H1 Scaling Correction Factor      3.2642
            for MLR

Information Criteria

          Akaike (AIC)                   32932.686
          Bayesian (BIC)                 32993.402
          Sample-Size Adjusted BIC       32964.803
            (n* = (n + 2) / 24)

Chi-Square Test of Model Fit

          Value                             15.218*
          Degrees of Freedom                     5
          P-Value                           0.0095
          Scaling Correction Factor         1.9275
            for MLR

*   The chi-square value for MLM, MLMV, MLR, ULSMV, WLSM and WLSMV cannot be used
    for chi-square difference testing in the regular way.  MLM, MLR and WLSM
    chi-square difference testing is described on the Mplus website.  MLMV, WLSMV,
    and ULSMV difference testing is done using the DIFFTEST option.

RMSEA (Root Mean Square Error Of Approximation)

          Estimate                           0.018
          90 Percent C.I.                    0.008  0.029
          Probability RMSEA <= .05           1.000

CFI/TLI

          CFI                                0.993
          TLI                                0.992

Chi-Square Test of Model Fit for the Baseline Model

          Value                           1563.083
          Degrees of Freedom                     6
          P-Value                           0.0000

SRMR (Standardized Root Mean Square Residual)

          Value                              0.030



MODEL RESULTS

                                                    Two-Tailed
                    Estimate       S.E.  Est./S.E.    P-Value

 I        |
    SHAS_1             1.000      0.000    999.000    999.000
    SHAS_2             1.000      0.000    999.000    999.000
    SHAS_3             1.000      0.000    999.000    999.000
    SHAS_4             1.000      0.000    999.000    999.000

 S        |
    SHAS_1             0.000      0.000    999.000    999.000
    SHAS_2             1.000      0.000    999.000    999.000
    SHAS_3             2.000      0.000    999.000    999.000
    SHAS_4             3.000      0.000    999.000    999.000

 S        WITH
    I                 -0.007      0.008     -0.885      0.376

 Means
    I                  2.095      0.025     83.767      0.000
    S                 -0.033      0.010     -3.287      0.001

 Intercepts
    SHAS_1             0.000      0.000    999.000    999.000
    SHAS_2             0.000      0.000    999.000    999.000
    SHAS_3             0.000      0.000    999.000    999.000
    SHAS_4             0.000      0.000    999.000    999.000

 Variances
    I                  0.223      0.018     12.373      0.000
    S                  0.016      0.004      3.894      0.000

 Residual Variances
    SHAS_1             0.298      0.015     20.443      0.000
    SHAS_2             0.291      0.012     23.896      0.000
    SHAS_3             0.289      0.012     23.394      0.000
    SHAS_4             0.277      0.025     11.069      0.000


STANDARDIZED MODEL RESULTS


STDYX Standardization

                                                    Two-Tailed
                    Estimate       S.E.  Est./S.E.    P-Value

 I        |
    SHAS_1             0.654      0.019     33.877      0.000
    SHAS_2             0.657      0.022     30.195      0.000
    SHAS_3             0.637      0.025     25.842      0.000
    SHAS_4             0.608      0.030     19.941      0.000

 S        |
    SHAS_1             0.000      0.000    999.000    999.000
    SHAS_2             0.176      0.023      7.735      0.000
    SHAS_3             0.341      0.043      7.984      0.000
    SHAS_4             0.488      0.060      8.183      0.000

 S        WITH
    I                 -0.113      0.113     -0.997      0.319

 Means
    I                  4.439      0.216     20.513      0.000
    S                 -0.261      0.078     -3.368      0.001

 Intercepts
    SHAS_1             0.000      0.000    999.000    999.000
    SHAS_2             0.000      0.000    999.000    999.000
    SHAS_3             0.000      0.000    999.000    999.000
    SHAS_4             0.000      0.000    999.000    999.000

 Variances
    I                  1.000      0.000    999.000    999.000
    S                  1.000      0.000    999.000    999.000

 Residual Variances
    SHAS_1             0.573      0.025     22.686      0.000
    SHAS_2             0.563      0.013     43.087      0.000
    SHAS_3             0.527      0.016     32.821      0.000
    SHAS_4             0.459      0.025     18.512      0.000


STDY Standardization

                                                    Two-Tailed
                    Estimate       S.E.  Est./S.E.    P-Value

 I        |
    SHAS_1             0.654      0.019     33.877      0.000
    SHAS_2             0.657      0.022     30.195      0.000
    SHAS_3             0.637      0.025     25.842      0.000
    SHAS_4             0.608      0.030     19.941      0.000

 S        |
    SHAS_1             0.000      0.000    999.000    999.000
    SHAS_2             0.176      0.023      7.735      0.000
    SHAS_3             0.341      0.043      7.984      0.000
    SHAS_4             0.488      0.060      8.183      0.000

 S        WITH
    I                 -0.113      0.113     -0.997      0.319

 Means
    I                  4.439      0.216     20.513      0.000
    S                 -0.261      0.078     -3.368      0.001

 Intercepts
    SHAS_1             0.000      0.000    999.000    999.000
    SHAS_2             0.000      0.000    999.000    999.000
    SHAS_3             0.000      0.000    999.000    999.000
    SHAS_4             0.000      0.000    999.000    999.000

 Variances
    I                  1.000      0.000    999.000    999.000
    S                  1.000      0.000    999.000    999.000

 Residual Variances
    SHAS_1             0.573      0.025     22.686      0.000
    SHAS_2             0.563      0.013     43.087      0.000
    SHAS_3             0.527      0.016     32.821      0.000
    SHAS_4             0.459      0.025     18.512      0.000


STD Standardization

                                                    Two-Tailed
                    Estimate       S.E.  Est./S.E.    P-Value

 I        |
    SHAS_1             0.472      0.019     24.745      0.000
    SHAS_2             0.472      0.019     24.745      0.000
    SHAS_3             0.472      0.019     24.745      0.000
    SHAS_4             0.472      0.019     24.745      0.000

 S        |
    SHAS_1             0.000      0.000    999.000    999.000
    SHAS_2             0.126      0.016      7.787      0.000
    SHAS_3             0.252      0.032      7.787      0.000
    SHAS_4             0.379      0.049      7.787      0.000

 S        WITH
    I                 -0.113      0.113     -0.997      0.319

 Means
    I                  4.439      0.216     20.513      0.000
    S                 -0.261      0.078     -3.368      0.001

 Intercepts
    SHAS_1             0.000      0.000    999.000    999.000
    SHAS_2             0.000      0.000    999.000    999.000
    SHAS_3             0.000      0.000    999.000    999.000
    SHAS_4             0.000      0.000    999.000    999.000

 Variances
    I                  1.000      0.000    999.000    999.000
    S                  1.000      0.000    999.000    999.000

 Residual Variances
    SHAS_1             0.298      0.015     20.443      0.000
    SHAS_2             0.291      0.012     23.896      0.000
    SHAS_3             0.289      0.012     23.394      0.000
    SHAS_4             0.277      0.025     11.069      0.000


R-SQUARE

    Observed                                        Two-Tailed
    Variable        Estimate       S.E.  Est./S.E.    P-Value

    SHAS_1             0.427      0.025     16.939      0.000
    SHAS_2             0.437      0.013     33.383      0.000
    SHAS_3             0.473      0.016     29.450      0.000
    SHAS_4             0.541      0.025     21.790      0.000


QUALITY OF NUMERICAL RESULTS

     Condition Number for the Information Matrix              0.408E-02
       (ratio of smallest to largest eigenvalue)


CONFIDENCE INTERVALS OF MODEL RESULTS

                  Lower .5%  Lower 2.5%    Lower 5%    Estimate    Upper 5%  Upper 2.5%   Upper .5%

 I        |
    SHAS_1           1.000       1.000       1.000       1.000       1.000       1.000       1.000
    SHAS_2           1.000       1.000       1.000       1.000       1.000       1.000       1.000
    SHAS_3           1.000       1.000       1.000       1.000       1.000       1.000       1.000
    SHAS_4           1.000       1.000       1.000       1.000       1.000       1.000       1.000

 S        |
    SHAS_1           0.000       0.000       0.000       0.000       0.000       0.000       0.000
    SHAS_2           1.000       1.000       1.000       1.000       1.000       1.000       1.000
    SHAS_3           2.000       2.000       2.000       2.000       2.000       2.000       2.000
    SHAS_4           3.000       3.000       3.000       3.000       3.000       3.000       3.000

 S        WITH
    I               -0.026      -0.022      -0.019      -0.007       0.006       0.008       0.013

 Means
    I                2.031       2.046       2.054       2.095       2.136       2.144       2.159
    S               -0.059      -0.053      -0.049      -0.033      -0.016      -0.013      -0.007

 Intercepts
    SHAS_1           0.000       0.000       0.000       0.000       0.000       0.000       0.000
    SHAS_2           0.000       0.000       0.000       0.000       0.000       0.000       0.000
    SHAS_3           0.000       0.000       0.000       0.000       0.000       0.000       0.000
    SHAS_4           0.000       0.000       0.000       0.000       0.000       0.000       0.000

 Variances
    I                0.176       0.187       0.193       0.223       0.252       0.258       0.269
    S                0.005       0.008       0.009       0.016       0.023       0.024       0.026

 Residual Variances
    SHAS_1           0.261       0.270       0.274       0.298       0.322       0.327       0.336
    SHAS_2           0.259       0.267       0.271       0.291       0.311       0.315       0.322
    SHAS_3           0.257       0.265       0.269       0.289       0.310       0.313       0.321
    SHAS_4           0.212       0.228       0.236       0.277       0.318       0.326       0.341


CONFIDENCE INTERVALS OF STANDARDIZED MODEL RESULTS


STDYX Standardization

                  Lower .5%  Lower 2.5%    Lower 5%    Estimate    Upper 5%  Upper 2.5%   Upper .5%

 I        |
    SHAS_1           0.604       0.616       0.622       0.654       0.686       0.692       0.704
    SHAS_2           0.601       0.614       0.621       0.657       0.693       0.700       0.713
    SHAS_3           0.574       0.589       0.597       0.637       0.678       0.685       0.701
    SHAS_4           0.529       0.548       0.558       0.608       0.658       0.668       0.687

 S        |
    SHAS_1           0.000       0.000       0.000       0.000       0.000       0.000       0.000
    SHAS_2           0.117       0.131       0.138       0.176       0.213       0.220       0.234
    SHAS_3           0.231       0.257       0.271       0.341       0.411       0.424       0.451
    SHAS_4           0.334       0.371       0.390       0.488       0.586       0.605       0.641

 S        WITH
    I               -0.405      -0.335      -0.299      -0.113       0.073       0.109       0.179

 Means
    I                3.882       4.015       4.083       4.439       4.795       4.863       4.997
    S               -0.461      -0.413      -0.389      -0.261      -0.134      -0.109      -0.061

 Intercepts
    SHAS_1           0.000       0.000       0.000       0.000       0.000       0.000       0.000
    SHAS_2           0.000       0.000       0.000       0.000       0.000       0.000       0.000
    SHAS_3           0.000       0.000       0.000       0.000       0.000       0.000       0.000
    SHAS_4           0.000       0.000       0.000       0.000       0.000       0.000       0.000

 Variances
    I                1.000       1.000       1.000       1.000       1.000       1.000       1.000
    S                1.000       1.000       1.000       1.000       1.000       1.000       1.000

 Residual Variances
    SHAS_1           0.508       0.523       0.531       0.573       0.614       0.622       0.638
    SHAS_2           0.530       0.538       0.542       0.563       0.585       0.589       0.597
    SHAS_3           0.486       0.496       0.501       0.527       0.553       0.559       0.568
    SHAS_4           0.395       0.411       0.419       0.459       0.500       0.508       0.523


STDY Standardization

                  Lower .5%  Lower 2.5%    Lower 5%    Estimate    Upper 5%  Upper 2.5%   Upper .5%

 I        |
    SHAS_1           0.604       0.616       0.622       0.654       0.686       0.692       0.704
    SHAS_2           0.601       0.614       0.621       0.657       0.693       0.700       0.713
    SHAS_3           0.574       0.589       0.597       0.637       0.678       0.685       0.701
    SHAS_4           0.529       0.548       0.558       0.608       0.658       0.668       0.687

 S        |
    SHAS_1           0.000       0.000       0.000       0.000       0.000       0.000       0.000
    SHAS_2           0.117       0.131       0.138       0.176       0.213       0.220       0.234
    SHAS_3           0.231       0.257       0.271       0.341       0.411       0.424       0.451
    SHAS_4           0.334       0.371       0.390       0.488       0.586       0.605       0.641

 S        WITH
    I               -0.405      -0.335      -0.299      -0.113       0.073       0.109       0.179

 Means
    I                3.882       4.015       4.083       4.439       4.795       4.863       4.997
    S               -0.461      -0.413      -0.389      -0.261      -0.134      -0.109      -0.061

 Intercepts
    SHAS_1           0.000       0.000       0.000       0.000       0.000       0.000       0.000
    SHAS_2           0.000       0.000       0.000       0.000       0.000       0.000       0.000
    SHAS_3           0.000       0.000       0.000       0.000       0.000       0.000       0.000
    SHAS_4           0.000       0.000       0.000       0.000       0.000       0.000       0.000

 Variances
    I                1.000       1.000       1.000       1.000       1.000       1.000       1.000
    S                1.000       1.000       1.000       1.000       1.000       1.000       1.000

 Residual Variances
    SHAS_1           0.508       0.523       0.531       0.573       0.614       0.622       0.638
    SHAS_2           0.530       0.538       0.542       0.563       0.585       0.589       0.597
    SHAS_3           0.486       0.496       0.501       0.527       0.553       0.559       0.568
    SHAS_4           0.395       0.411       0.419       0.459       0.500       0.508       0.523


STD Standardization

                  Lower .5%  Lower 2.5%    Lower 5%    Estimate    Upper 5%  Upper 2.5%   Upper .5%

 I        |
    SHAS_1           0.423       0.435       0.441       0.472       0.503       0.509       0.521
    SHAS_2           0.423       0.435       0.441       0.472       0.503       0.509       0.521
    SHAS_3           0.423       0.435       0.441       0.472       0.503       0.509       0.521
    SHAS_4           0.423       0.435       0.441       0.472       0.503       0.509       0.521

 S        |
    SHAS_1           0.000       0.000       0.000       0.000       0.000       0.000       0.000
    SHAS_2           0.084       0.094       0.100       0.126       0.153       0.158       0.168
    SHAS_3           0.169       0.189       0.199       0.252       0.306       0.316       0.336
    SHAS_4           0.253       0.283       0.299       0.379       0.459       0.474       0.504

 S        WITH
    I               -0.405      -0.335      -0.299      -0.113       0.073       0.109       0.179

 Means
    I                3.882       4.015       4.083       4.439       4.795       4.863       4.997
    S               -0.461      -0.413      -0.389      -0.261      -0.134      -0.109      -0.061

 Intercepts
    SHAS_1           0.000       0.000       0.000       0.000       0.000       0.000       0.000
    SHAS_2           0.000       0.000       0.000       0.000       0.000       0.000       0.000
    SHAS_3           0.000       0.000       0.000       0.000       0.000       0.000       0.000
    SHAS_4           0.000       0.000       0.000       0.000       0.000       0.000       0.000

 Variances
    I                1.000       1.000       1.000       1.000       1.000       1.000       1.000
    S                1.000       1.000       1.000       1.000       1.000       1.000       1.000

 Residual Variances
    SHAS_1           0.261       0.270       0.274       0.298       0.322       0.327       0.336
    SHAS_2           0.259       0.267       0.271       0.291       0.311       0.315       0.322
    SHAS_3           0.257       0.265       0.269       0.289       0.310       0.313       0.321
    SHAS_4           0.212       0.228       0.236       0.277       0.318       0.326       0.341


RESIDUAL OUTPUT


     ESTIMATED MODEL AND RESIDUALS (OBSERVED - ESTIMATED)


           Model Estimated Means
              SHAS_1        SHAS_2        SHAS_3        SHAS_4
              ________      ________      ________      ________
                2.095         2.062         2.029         1.996


           Residuals for Means
              SHAS_1        SHAS_2        SHAS_3        SHAS_4
              ________      ________      ________      ________
                0.004        -0.007         0.003         0.002


           Standardized Residuals (z-scores) for Means
              SHAS_1        SHAS_2        SHAS_3        SHAS_4
              ________      ________      ________      ________
                0.288        -0.653       999.000         0.199


           Normalized Residuals for Means
              SHAS_1        SHAS_2        SHAS_3        SHAS_4
              ________      ________      ________      ________
                0.127        -0.283         0.137         0.062


           Model Estimated Covariances
              SHAS_1        SHAS_2        SHAS_3        SHAS_4
              ________      ________      ________      ________
 SHAS_1         0.521
 SHAS_2         0.216         0.516
 SHAS_3         0.209         0.234         0.549
 SHAS_4         0.203         0.244         0.285         0.603


           Model Estimated Correlations
              SHAS_1        SHAS_2        SHAS_3        SHAS_4
              ________      ________      ________      ________
 SHAS_1         1.000
 SHAS_2         0.417         1.000
 SHAS_3         0.391         0.441         1.000
 SHAS_4         0.361         0.437         0.495         1.000


           Residuals for Covariances
              SHAS_1        SHAS_2        SHAS_3        SHAS_4
              ________      ________      ________      ________
 SHAS_1        -0.011
 SHAS_2         0.001         0.018
 SHAS_3        -0.020         0.033         0.003
 SHAS_4        -0.015         0.002        -0.011        -0.013


           Residuals for Correlations
              SHAS_1        SHAS_2        SHAS_3        SHAS_4
              ________      ________      ________      ________
 SHAS_1         0.000
 SHAS_2        -0.001         0.000
 SHAS_3        -0.035         0.053         0.000
 SHAS_4        -0.019         0.001        -0.016         0.000


           Standardized Residuals (z-scores) for Covariances
              SHAS_1        SHAS_2        SHAS_3        SHAS_4
              ________      ________      ________      ________
 SHAS_1       999.000
 SHAS_2         0.128         1.418
 SHAS_3        -1.504         4.230       999.000
 SHAS_4       999.000         0.172        -3.790       999.000


           Normalized Residuals for Covariances
              SHAS_1        SHAS_2        SHAS_3        SHAS_4
              ________      ________      ________      ________
 SHAS_1        -0.551
 SHAS_2         0.055         0.795
 SHAS_3        -1.123         2.582         0.208
 SHAS_4        -1.143         0.126        -0.797        -0.402


TECHNICAL 1 OUTPUT


     PARAMETER SPECIFICATION


           NU
              SHAS_1        SHAS_2        SHAS_3        SHAS_4
              ________      ________      ________      ________
                  0             0             0             0


           LAMBDA
              I             S
              ________      ________
 SHAS_1             0             0
 SHAS_2             0             0
 SHAS_3             0             0
 SHAS_4             0             0


           THETA
              SHAS_1        SHAS_2        SHAS_3        SHAS_4
              ________      ________      ________      ________
 SHAS_1             1
 SHAS_2             0             2
 SHAS_3             0             0             3
 SHAS_4             0             0             0             4


           ALPHA
              I             S
              ________      ________
                  5             6


           BETA
              I             S
              ________      ________
 I                  0             0
 S                  0             0


           PSI
              I             S
              ________      ________
 I                  7
 S                  8             9


     STARTING VALUES


           NU
              SHAS_1        SHAS_2        SHAS_3        SHAS_4
              ________      ________      ________      ________
                0.000         0.000         0.000         0.000


           LAMBDA
              I             S
              ________      ________
 SHAS_1         1.000         0.000
 SHAS_2         1.000         1.000
 SHAS_3         1.000         2.000
 SHAS_4         1.000         3.000


           THETA
              SHAS_1        SHAS_2        SHAS_3        SHAS_4
              ________      ________      ________      ________
 SHAS_1         0.254
 SHAS_2         0.000         0.267
 SHAS_3         0.000         0.000         0.271
 SHAS_4         0.000         0.000         0.000         0.291


           ALPHA
              I             S
              ________      ________
                2.107        -0.048


           BETA
              I             S
              ________      ________
 I              0.000         0.000
 S              0.000         0.000


           PSI
              I             S
              ________      ________
 I              0.507
 S              0.000         0.270


TECHNICAL 4 OUTPUT


     ESTIMATES DERIVED FROM THE MODEL


           ESTIMATED MEANS FOR THE LATENT VARIABLES
              I             S
              ________      ________
                2.095        -0.033


           S.E. FOR ESTIMATED MEANS FOR THE LATENT VARIABLES
              I             S
              ________      ________
                0.025         0.010


           EST./S.E. FOR ESTIMATED MEANS FOR THE LATENT VARIABLES
              I             S
              ________      ________
               83.767        -3.287


           TWO-TAILED P-VALUE FOR ESTIMATED MEANS FOR THE LATENT VARIABLES
              I             S
              ________      ________
                0.000         0.001


           ESTIMATED COVARIANCE MATRIX FOR THE LATENT VARIABLES
              I             S
              ________      ________
 I              0.223
 S             -0.007         0.016


           S.E. FOR ESTIMATED COVARIANCE MATRIX FOR THE LATENT VARIABLES
              I             S
              ________      ________
 I              0.018
 S              0.008         0.004


           EST./S.E. FOR ESTIMATED COVARIANCE MATRIX FOR THE LATENT VARIABLES
              I             S
              ________      ________
 I             12.373
 S             -0.885         3.894


           TWO-TAILED P-VALUE FOR ESTIMATED COVARIANCE MATRIX FOR THE LATENT VARIABLES
              I             S
              ________      ________
 I              0.000
 S              0.376         0.000


           ESTIMATED CORRELATION MATRIX FOR THE LATENT VARIABLES
              I             S
              ________      ________
 I              1.000
 S             -0.113         1.000


           S.E. FOR ESTIMATED CORRELATION MATRIX FOR THE LATENT VARIABLES
              I             S
              ________      ________
 I              0.000
 S              0.113         0.000


           EST./S.E. FOR ESTIMATED CORRELATION MATRIX FOR THE LATENT VARIABLES
              I             S
              ________      ________
 I            999.000
 S             -0.997       999.000


           TWO-TAILED P-VALUE FOR ESTIMATED CORRELATION MATRIX FOR THE LATENT VARIABLES
              I             S
              ________      ________
 I              0.000
 S              0.319         0.000


DIAGRAM INFORMATION

  Use View Diagram under the Diagram menu in the Mplus Editor to view the diagram.
  If running Mplus from the Mplus Diagrammer, the diagram opens automatically.

  Diagram output
    c:\users\kylenick\onedrive - university of north carolina at chapel hill\dorothy\00 sources of strength data w1-w4 -

     Beginning Time:  14:17:58
        Ending Time:  14:17:59
       Elapsed Time:  00:00:01



MUTHEN & MUTHEN
3463 Stoner Ave.
Los Angeles, CA  90066

Tel: (310) 391-9971
Fax: (310) 391-8971
Web: www.StatModel.com
Support: Support@StatModel.com

Copyright (c) 1998-2019 Muthen & Muthen
