Mplus VERSION 8.4
MUTHEN & MUTHEN
09/28/2021   2:18 PM

INPUT INSTRUCTIONS

  TITLE: SH Help Intentions - Scale Scores - LGM

  DATA: FILE = mpluswide.csv;

  VARIABLE:
  NAMES = ID School Tx srvy_1 srvy_2 srvy_3 srvy_4
  Grade TransG Gender Race SexOr
  Female Male OtherG
  White Latinx Black Asian MultiR Indigen POC
  Straight Bisexual GL Quest OtherSO LGBQ
  FGxTx MGxTx OGxTx
  WRxTx LRxTx BRxTx ARxTx MRxTx IRxTx POCxTx
  SSxTx BSxTx GLxTx QSxTx OSxTx LGBQxTx
  AGE_1 AGE_2 AGE_3 AGE_4
  SVP1_1 SVP1_2 SVP1_3 SVP1_4
  SVP10_1 SVP10_2 SVP10_3 SVP10_4
  SVP11_1 SVP11_2 SVP11_3 SVP11_4
  SVP12_1 SVP12_2 SVP12_3 SVP12_4
  SVP13_1 SVP13_2 SVP13_3 SVP13_4
  SVP2_1 SVP2_2 SVP2_3 SVP2_4
  SVP3_1 SVP3_2 SVP3_3 SVP3_4
  SVP4_1 SVP4_2 SVP4_3 SVP4_4
  SVP5_1 SVP5_2 SVP5_3 SVP5_4
  SVP6_1 SVP6_2 SVP6_3 SVP6_4
  SVP7_1 SVP7_2 SVP7_3 SVP7_4
  SVP8_1 SVP8_2 SVP8_3 SVP8_4
  SVP9_1 SVP9_2 SVP9_3 SVP9_4
  SVV1_1 SVV1_2 SVV1_3 SVV1_4
  SVV10_1 SVV10_2 SVV10_3 SVV10_4
  SVV11_1 SVV11_2 SVV11_3 SVV11_4
  SVV12_1 SVV12_2 SVV12_3 SVV12_4
  SVV13_1 SVV13_2 SVV13_3 SVV13_4
  SVV2_1 SVV2_2 SVV2_3 SVV2_4
  SVV3_1 SVV3_2 SVV3_3 SVV3_4
  SVV4_1 SVV4_2 SVV4_3 SVV4_4
  SVV5_1 SVV5_2 SVV5_3 SVV5_4
  SVV6_1 SVV6_2 SVV6_3 SVV6_4
  SVV7_1 SVV7_2 SVV7_3 SVV7_4
  SVV8_1 SVV8_2 SVV8_3 SVV8_4
  SVV9_1 SVV9_2 SVV9_3 SVV9_4
  CYP1_1 CYP1_2 CYP1_3 CYP1_4
  CYP2_1 CYP2_2 CYP2_3 CYP2_4
  CYP3_1 CYP3_2 CYP3_3 CYP3_4
  DSV1_1 DSV1_2 DSV1_3 DSV1_4
  DSV2_1 DSV2_2 DSV2_3 DSV2_4
  DSV3_1 DSV3_2 DSV3_3 DSV3_4
  DSV4_1 DSV4_2 DSV4_3 DSV4_4
  DSV5_1 DSV5_2 DSV5_3 DSV5_4
  DSV6_1 DSV6_2 DSV6_3 DSV6_4
  HOP1_1 HOP1_2 HOP1_3 HOP1_4
  HOP2_1 HOP2_2 HOP2_3 HOP2_4
  HOP3_1 HOP3_2 HOP3_3 HOP3_4
  HOP4_1 HOP4_2 HOP4_3 HOP4_4
  HOP5_1 HOP5_2 HOP5_3 HOP5_4
  HOV1_1 HOV1_2 HOV1_3 HOV1_4
  HOV2_1 HOV2_2 HOV2_3 HOV2_4
  HOV3_1 HOV3_2 HOV3_3 HOV3_4
  HOV4_1 HOV4_2 HOV4_3 HOV4_4
  HOV5_1 HOV5_2 HOV5_3 HOV5_4
  GWB1_1 GWB1_2 GWB1_3 GWB1_4
  GWB2_1 GWB2_2 GWB2_3 GWB2_4
  GWB3_1 GWB3_2 GWB3_3 GWB3_4
  GWB4_1 GWB4_2 GWB4_3 GWB4_4
  GWB5_1 GWB5_2 GWB5_3 GWB5_4
  GWB6_1 GWB6_2 GWB6_3 GWB6_4
  GWB7_1 GWB7_2 GWB7_3 GWB7_4
  GWB8_1 GWB8_2 GWB8_3 GWB8_4
  SHA1_1 SHA1_2 SHA1_3 SHA1_4
  SHA2_1 SHA2_2 SHA2_3 SHA2_4
  SHA3_1 SHA3_2 SHA3_3 SHA3_4
  SHA4_1 SHA4_2 SHA4_3 SHA4_4
  SHI1_1 SHI1_2 SHI1_3 SHI1_4
  SHI2_1 SHI2_2 SHI2_3 SHI2_4
  SHI3_1 SHI3_2 SHI3_3 SHI3_4
  SHI4_1 SHI4_2 SHI4_3 SHI4_4
  AEXS_1 AEXS_2 AEXS_3 AEXS_4
  PEXS_1 PEXS_2 PEXS_3 PEXS_4
  NCPS_1 NCPS_2 NCPS_3 NCPS_4
  NCVS_1 NCVS_2 NCVS_3 NCVS_4
  CPS_1 CPS_2 CPS_3 CPS_4
  CVS_1 CVS_2 CVS_3 CVS_4
  HOPS_1 HOPS_2 HOPS_3 HOPS_4
  HOVS_1 HOVS_2 HOVS_3 HOVS_4
  CYPS_1 CYPS_2 CYPS_3 CYPS_4
  DSVS_1 DSVS_2 DSVS_3 DSVS_4
  GWBS_1 GWBS_2 GWBS_3 GWBS_4
  SHAS_1 SHAS_2 SHAS_3 SHAS_4
  SHIS_1 SHIS_2 SHIS_3 SHIS_4
  NCPerp1 NCPerp2 NCPerp3 NCPerp4
  NCVict1 NCVict2 NCVict3 NCVict4
  ConPerp1 ConPerp2 ConPerp3 ConPerp4
  ConVict1 ConVict2 ConVict3 ConVict4
  HNCPerp1 HNCPerp2 HNCPerp3 HNCPerp4
  CSPerp1 CSPerp2 CSPerp3 CSPerp4
  Dismiss1 Dismiss2 Dismiss3 Dismiss4
  GenWB1 GenWB2 GenWB3 GenWB4
  SHHAtt1 SHHAtt2 SHHAtt3 SHHAtt4
  SHHSeek1 SHHSeek2 SHHSeek3 SHHSeek4
  Active2 Active3 Active4
  Passive2 Passive3 Passive4
  Funding Rural Teas_Per MHT_Per;

  USEVARIABLES = SHIS_1-SHIS_4;

  IDVARIABLE = ID;
  CLUSTER = School;

  MISSING = ALL(-999);

  ANALYSIS:
  TYPE = COMPLEX;

  MODEL:
  i s | SHIS_1@0 SHIS_2@1 SHIS_3@2 SHIS_4@3;
  OUTPUT:
  STANDARDIZED CINTERVAL RESIDUAL TECH1 TECH4;



*** WARNING
  Data set contains cases with missing on all variables.
  These cases were not included in the analysis.
  Number of cases with missing on all variables:  151
   1 WARNING(S) FOUND IN THE INPUT INSTRUCTIONS



SH Help Intentions - Scale Scores - LGM

SUMMARY OF ANALYSIS

Number of groups                                                 1
Number of observations                                        6314

Number of dependent variables                                    4
Number of independent variables                                  0
Number of continuous latent variables                            2

Observed dependent variables

  Continuous
   SHIS_1      SHIS_2      SHIS_3      SHIS_4

Continuous latent variables
   I           S

Variables with special functions

  Cluster variable      SCHOOL
  ID variable           ID

Estimator                                                      MLR
Information matrix                                        OBSERVED
Maximum number of iterations                                  1000
Convergence criterion                                    0.500D-04
Maximum number of steepest descent iterations                   20
Maximum number of iterations for H1                           2000
Convergence criterion for H1                             0.100D-03

Input data file(s)
  mpluswide.csv

Input data format  FREE


SUMMARY OF DATA

     Number of missing data patterns            15
     Number of clusters                         20



COVARIANCE COVERAGE OF DATA

Minimum covariance coverage value   0.100


     PROPORTION OF DATA PRESENT


           Covariance Coverage
              SHIS_1        SHIS_2        SHIS_3        SHIS_4
              ________      ________      ________      ________
 SHIS_1         0.717
 SHIS_2         0.519         0.658
 SHIS_3         0.454         0.456         0.635
 SHIS_4         0.372         0.374         0.407         0.523



UNIVARIATE SAMPLE STATISTICS


     UNIVARIATE HIGHER-ORDER MOMENT DESCRIPTIVE STATISTICS

         Variable/         Mean/     Skewness/   Minimum/ % with                Percentiles
        Sample Size      Variance    Kurtosis    Maximum  Min/Max      20%/60%    40%/80%    Median

     SHIS_1                1.827      -0.539       0.000    6.12%       1.250      1.750      2.000
            4528.000       0.630      -0.116       3.000   12.52%       2.000      2.500
     SHIS_2                1.747      -0.410       0.000    7.10%       1.000      1.750      2.000
            4155.000       0.654      -0.268       3.000   12.30%       2.000      2.250
     SHIS_3                1.744      -0.434       0.000    8.00%       1.000      1.750      2.000
            4011.000       0.682      -0.299       3.000   13.04%       2.000      2.250
     SHIS_4                1.678      -0.343       0.000    9.92%       1.000      1.500      2.000
            3305.000       0.734      -0.469       3.000   13.74%       2.000      2.250


THE MODEL ESTIMATION TERMINATED NORMALLY



MODEL FIT INFORMATION

Number of Free Parameters                        9

Loglikelihood

          H0 Value                      -18313.168
          H0 Scaling Correction Factor      2.3632
            for MLR
          H1 Value                      -18303.362
          H1 Scaling Correction Factor      1.9351
            for MLR

Information Criteria

          Akaike (AIC)                   36644.335
          Bayesian (BIC)                 36705.090
          Sample-Size Adjusted BIC       36676.490
            (n* = (n + 2) / 24)

Chi-Square Test of Model Fit

          Value                             16.839*
          Degrees of Freedom                     5
          P-Value                           0.0048
          Scaling Correction Factor         1.1646
            for MLR

*   The chi-square value for MLM, MLMV, MLR, ULSMV, WLSM and WLSMV cannot be used
    for chi-square difference testing in the regular way.  MLM, MLR and WLSM
    chi-square difference testing is described on the Mplus website.  MLMV, WLSMV,
    and ULSMV difference testing is done using the DIFFTEST option.

RMSEA (Root Mean Square Error Of Approximation)

          Estimate                           0.019
          90 Percent C.I.                    0.010  0.030
          Probability RMSEA <= .05           1.000

CFI/TLI

          CFI                                0.992
          TLI                                0.991

Chi-Square Test of Model Fit for the Baseline Model

          Value                           1524.181
          Degrees of Freedom                     6
          P-Value                           0.0000

SRMR (Standardized Root Mean Square Residual)

          Value                              0.019



MODEL RESULTS

                                                    Two-Tailed
                    Estimate       S.E.  Est./S.E.    P-Value

 I        |
    SHIS_1             1.000      0.000    999.000    999.000
    SHIS_2             1.000      0.000    999.000    999.000
    SHIS_3             1.000      0.000    999.000    999.000
    SHIS_4             1.000      0.000    999.000    999.000

 S        |
    SHIS_1             0.000      0.000    999.000    999.000
    SHIS_2             1.000      0.000    999.000    999.000
    SHIS_3             2.000      0.000    999.000    999.000
    SHIS_4             3.000      0.000    999.000    999.000

 S        WITH
    I                 -0.023      0.008     -2.734      0.006

 Means
    I                  1.816      0.024     74.681      0.000
    S                 -0.056      0.010     -5.513      0.000

 Intercepts
    SHIS_1             0.000      0.000    999.000    999.000
    SHIS_2             0.000      0.000    999.000    999.000
    SHIS_3             0.000      0.000    999.000    999.000
    SHIS_4             0.000      0.000    999.000    999.000

 Variances
    I                  0.314      0.018     17.892      0.000
    S                  0.022      0.005      4.355      0.000

 Residual Variances
    SHIS_1             0.328      0.017     18.758      0.000
    SHIS_2             0.360      0.014     26.547      0.000
    SHIS_3             0.371      0.015     24.571      0.000
    SHIS_4             0.381      0.021     18.183      0.000


STANDARDIZED MODEL RESULTS


STDYX Standardization

                                                    Two-Tailed
                    Estimate       S.E.  Est./S.E.    P-Value

 I        |
    SHIS_1             0.700      0.017     41.104      0.000
    SHIS_2             0.695      0.014     48.994      0.000
    SHIS_3             0.680      0.020     33.822      0.000
    SHIS_4             0.646      0.021     31.239      0.000

 S        |
    SHIS_1             0.000      0.000    999.000    999.000
    SHIS_2             0.182      0.021      8.732      0.000
    SHIS_3             0.356      0.040      8.810      0.000
    SHIS_4             0.508      0.059      8.600      0.000

 S        WITH
    I                 -0.278      0.071     -3.891      0.000

 Means
    I                  3.240      0.120     26.979      0.000
    S                 -0.378      0.075     -5.012      0.000

 Intercepts
    SHIS_1             0.000      0.000    999.000    999.000
    SHIS_2             0.000      0.000    999.000    999.000
    SHIS_3             0.000      0.000    999.000    999.000
    SHIS_4             0.000      0.000    999.000    999.000

 Variances
    I                  1.000      0.000    999.000    999.000
    S                  1.000      0.000    999.000    999.000

 Residual Variances
    SHIS_1             0.511      0.024     21.438      0.000
    SHIS_2             0.554      0.013     41.611      0.000
    SHIS_3             0.546      0.016     33.888      0.000
    SHIS_4             0.507      0.023     22.485      0.000


STDY Standardization

                                                    Two-Tailed
                    Estimate       S.E.  Est./S.E.    P-Value

 I        |
    SHIS_1             0.700      0.017     41.104      0.000
    SHIS_2             0.695      0.014     48.994      0.000
    SHIS_3             0.680      0.020     33.822      0.000
    SHIS_4             0.646      0.021     31.239      0.000

 S        |
    SHIS_1             0.000      0.000    999.000    999.000
    SHIS_2             0.182      0.021      8.732      0.000
    SHIS_3             0.356      0.040      8.810      0.000
    SHIS_4             0.508      0.059      8.600      0.000

 S        WITH
    I                 -0.278      0.071     -3.891      0.000

 Means
    I                  3.240      0.120     26.979      0.000
    S                 -0.378      0.075     -5.012      0.000

 Intercepts
    SHIS_1             0.000      0.000    999.000    999.000
    SHIS_2             0.000      0.000    999.000    999.000
    SHIS_3             0.000      0.000    999.000    999.000
    SHIS_4             0.000      0.000    999.000    999.000

 Variances
    I                  1.000      0.000    999.000    999.000
    S                  1.000      0.000    999.000    999.000

 Residual Variances
    SHIS_1             0.511      0.024     21.438      0.000
    SHIS_2             0.554      0.013     41.611      0.000
    SHIS_3             0.546      0.016     33.888      0.000
    SHIS_4             0.507      0.023     22.485      0.000


STD Standardization

                                                    Two-Tailed
                    Estimate       S.E.  Est./S.E.    P-Value

 I        |
    SHIS_1             0.560      0.016     35.783      0.000
    SHIS_2             0.560      0.016     35.783      0.000
    SHIS_3             0.560      0.016     35.783      0.000
    SHIS_4             0.560      0.016     35.783      0.000

 S        |
    SHIS_1             0.000      0.000    999.000    999.000
    SHIS_2             0.147      0.017      8.711      0.000
    SHIS_3             0.294      0.034      8.711      0.000
    SHIS_4             0.441      0.051      8.711      0.000

 S        WITH
    I                 -0.278      0.071     -3.891      0.000

 Means
    I                  3.240      0.120     26.979      0.000
    S                 -0.378      0.075     -5.012      0.000

 Intercepts
    SHIS_1             0.000      0.000    999.000    999.000
    SHIS_2             0.000      0.000    999.000    999.000
    SHIS_3             0.000      0.000    999.000    999.000
    SHIS_4             0.000      0.000    999.000    999.000

 Variances
    I                  1.000      0.000    999.000    999.000
    S                  1.000      0.000    999.000    999.000

 Residual Variances
    SHIS_1             0.328      0.017     18.758      0.000
    SHIS_2             0.360      0.014     26.547      0.000
    SHIS_3             0.371      0.015     24.571      0.000
    SHIS_4             0.381      0.021     18.183      0.000


R-SQUARE

    Observed                                        Two-Tailed
    Variable        Estimate       S.E.  Est./S.E.    P-Value

    SHIS_1             0.489      0.024     20.552      0.000
    SHIS_2             0.446      0.013     33.497      0.000
    SHIS_3             0.454      0.016     28.195      0.000
    SHIS_4             0.493      0.023     21.895      0.000


QUALITY OF NUMERICAL RESULTS

     Condition Number for the Information Matrix              0.396E-02
       (ratio of smallest to largest eigenvalue)


CONFIDENCE INTERVALS OF MODEL RESULTS

                  Lower .5%  Lower 2.5%    Lower 5%    Estimate    Upper 5%  Upper 2.5%   Upper .5%

 I        |
    SHIS_1           1.000       1.000       1.000       1.000       1.000       1.000       1.000
    SHIS_2           1.000       1.000       1.000       1.000       1.000       1.000       1.000
    SHIS_3           1.000       1.000       1.000       1.000       1.000       1.000       1.000
    SHIS_4           1.000       1.000       1.000       1.000       1.000       1.000       1.000

 S        |
    SHIS_1           0.000       0.000       0.000       0.000       0.000       0.000       0.000
    SHIS_2           1.000       1.000       1.000       1.000       1.000       1.000       1.000
    SHIS_3           2.000       2.000       2.000       2.000       2.000       2.000       2.000
    SHIS_4           3.000       3.000       3.000       3.000       3.000       3.000       3.000

 S        WITH
    I               -0.045      -0.039      -0.037      -0.023      -0.009      -0.006      -0.001

 Means
    I                1.753       1.768       1.776       1.816       1.856       1.864       1.879
    S               -0.081      -0.075      -0.072      -0.056      -0.039      -0.036      -0.030

 Intercepts
    SHIS_1           0.000       0.000       0.000       0.000       0.000       0.000       0.000
    SHIS_2           0.000       0.000       0.000       0.000       0.000       0.000       0.000
    SHIS_3           0.000       0.000       0.000       0.000       0.000       0.000       0.000
    SHIS_4           0.000       0.000       0.000       0.000       0.000       0.000       0.000

 Variances
    I                0.269       0.280       0.285       0.314       0.343       0.349       0.359
    S                0.009       0.012       0.013       0.022       0.030       0.031       0.034

 Residual Variances
    SHIS_1           0.283       0.293       0.299       0.328       0.356       0.362       0.373
    SHIS_2           0.325       0.334       0.338       0.360       0.382       0.387       0.395
    SHIS_3           0.332       0.342       0.346       0.371       0.396       0.401       0.410
    SHIS_4           0.327       0.340       0.347       0.381       0.416       0.422       0.435


CONFIDENCE INTERVALS OF STANDARDIZED MODEL RESULTS


STDYX Standardization

                  Lower .5%  Lower 2.5%    Lower 5%    Estimate    Upper 5%  Upper 2.5%   Upper .5%

 I        |
    SHIS_1           0.656       0.666       0.672       0.700       0.728       0.733       0.743
    SHIS_2           0.659       0.667       0.672       0.695       0.719       0.723       0.732
    SHIS_3           0.628       0.640       0.647       0.680       0.713       0.719       0.731
    SHIS_4           0.593       0.606       0.612       0.646       0.680       0.687       0.700

 S        |
    SHIS_1           0.000       0.000       0.000       0.000       0.000       0.000       0.000
    SHIS_2           0.129       0.141       0.148       0.182       0.217       0.223       0.236
    SHIS_3           0.252       0.277       0.290       0.356       0.423       0.436       0.461
    SHIS_4           0.356       0.393       0.411       0.508       0.606       0.624       0.661

 S        WITH
    I               -0.462      -0.418      -0.396      -0.278      -0.161      -0.138      -0.094

 Means
    I                2.931       3.004       3.042       3.240       3.437       3.475       3.549
    S               -0.572      -0.526      -0.502      -0.378      -0.254      -0.230      -0.184

 Intercepts
    SHIS_1           0.000       0.000       0.000       0.000       0.000       0.000       0.000
    SHIS_2           0.000       0.000       0.000       0.000       0.000       0.000       0.000
    SHIS_3           0.000       0.000       0.000       0.000       0.000       0.000       0.000
    SHIS_4           0.000       0.000       0.000       0.000       0.000       0.000       0.000

 Variances
    I                1.000       1.000       1.000       1.000       1.000       1.000       1.000
    S                1.000       1.000       1.000       1.000       1.000       1.000       1.000

 Residual Variances
    SHIS_1           0.449       0.464       0.471       0.511       0.550       0.557       0.572
    SHIS_2           0.520       0.528       0.532       0.554       0.576       0.580       0.588
    SHIS_3           0.504       0.514       0.519       0.546       0.572       0.577       0.587
    SHIS_4           0.449       0.462       0.470       0.507       0.544       0.551       0.565


STDY Standardization

                  Lower .5%  Lower 2.5%    Lower 5%    Estimate    Upper 5%  Upper 2.5%   Upper .5%

 I        |
    SHIS_1           0.656       0.666       0.672       0.700       0.728       0.733       0.743
    SHIS_2           0.659       0.667       0.672       0.695       0.719       0.723       0.732
    SHIS_3           0.628       0.640       0.647       0.680       0.713       0.719       0.731
    SHIS_4           0.593       0.606       0.612       0.646       0.680       0.687       0.700

 S        |
    SHIS_1           0.000       0.000       0.000       0.000       0.000       0.000       0.000
    SHIS_2           0.129       0.141       0.148       0.182       0.217       0.223       0.236
    SHIS_3           0.252       0.277       0.290       0.356       0.423       0.436       0.461
    SHIS_4           0.356       0.393       0.411       0.508       0.606       0.624       0.661

 S        WITH
    I               -0.462      -0.418      -0.396      -0.278      -0.161      -0.138      -0.094

 Means
    I                2.931       3.004       3.042       3.240       3.437       3.475       3.549
    S               -0.572      -0.526      -0.502      -0.378      -0.254      -0.230      -0.184

 Intercepts
    SHIS_1           0.000       0.000       0.000       0.000       0.000       0.000       0.000
    SHIS_2           0.000       0.000       0.000       0.000       0.000       0.000       0.000
    SHIS_3           0.000       0.000       0.000       0.000       0.000       0.000       0.000
    SHIS_4           0.000       0.000       0.000       0.000       0.000       0.000       0.000

 Variances
    I                1.000       1.000       1.000       1.000       1.000       1.000       1.000
    S                1.000       1.000       1.000       1.000       1.000       1.000       1.000

 Residual Variances
    SHIS_1           0.449       0.464       0.471       0.511       0.550       0.557       0.572
    SHIS_2           0.520       0.528       0.532       0.554       0.576       0.580       0.588
    SHIS_3           0.504       0.514       0.519       0.546       0.572       0.577       0.587
    SHIS_4           0.449       0.462       0.470       0.507       0.544       0.551       0.565


STD Standardization

                  Lower .5%  Lower 2.5%    Lower 5%    Estimate    Upper 5%  Upper 2.5%   Upper .5%

 I        |
    SHIS_1           0.520       0.530       0.535       0.560       0.586       0.591       0.601
    SHIS_2           0.520       0.530       0.535       0.560       0.586       0.591       0.601
    SHIS_3           0.520       0.530       0.535       0.560       0.586       0.591       0.601
    SHIS_4           0.520       0.530       0.535       0.560       0.586       0.591       0.601

 S        |
    SHIS_1           0.000       0.000       0.000       0.000       0.000       0.000       0.000
    SHIS_2           0.104       0.114       0.119       0.147       0.175       0.180       0.190
    SHIS_3           0.207       0.228       0.238       0.294       0.349       0.360       0.381
    SHIS_4           0.311       0.342       0.358       0.441       0.524       0.540       0.571

 S        WITH
    I               -0.462      -0.418      -0.396      -0.278      -0.161      -0.138      -0.094

 Means
    I                2.931       3.004       3.042       3.240       3.437       3.475       3.549
    S               -0.572      -0.526      -0.502      -0.378      -0.254      -0.230      -0.184

 Intercepts
    SHIS_1           0.000       0.000       0.000       0.000       0.000       0.000       0.000
    SHIS_2           0.000       0.000       0.000       0.000       0.000       0.000       0.000
    SHIS_3           0.000       0.000       0.000       0.000       0.000       0.000       0.000
    SHIS_4           0.000       0.000       0.000       0.000       0.000       0.000       0.000

 Variances
    I                1.000       1.000       1.000       1.000       1.000       1.000       1.000
    S                1.000       1.000       1.000       1.000       1.000       1.000       1.000

 Residual Variances
    SHIS_1           0.283       0.293       0.299       0.328       0.356       0.362       0.373
    SHIS_2           0.325       0.334       0.338       0.360       0.382       0.387       0.395
    SHIS_3           0.332       0.342       0.346       0.371       0.396       0.401       0.410
    SHIS_4           0.327       0.340       0.347       0.381       0.416       0.422       0.435


RESIDUAL OUTPUT


     ESTIMATED MODEL AND RESIDUALS (OBSERVED - ESTIMATED)


           Model Estimated Means
              SHIS_1        SHIS_2        SHIS_3        SHIS_4
              ________      ________      ________      ________
                1.816         1.760         1.705         1.649


           Residuals for Means
              SHIS_1        SHIS_2        SHIS_3        SHIS_4
              ________      ________      ________      ________
                0.009        -0.023         0.015         0.000


           Standardized Residuals (z-scores) for Means
              SHIS_1        SHIS_2        SHIS_3        SHIS_4
              ________      ________      ________      ________
                1.681        -3.297         1.238        -0.044


           Normalized Residuals for Means
              SHIS_1        SHIS_2        SHIS_3        SHIS_4
              ________      ________      ________      ________
                0.354        -1.166         0.686        -0.011


           Model Estimated Covariances
              SHIS_1        SHIS_2        SHIS_3        SHIS_4
              ________      ________      ________      ________
 SHIS_1         0.642
 SHIS_2         0.291         0.650
 SHIS_3         0.268         0.289         0.680
 SHIS_4         0.245         0.287         0.329         0.752


           Model Estimated Correlations
              SHIS_1        SHIS_2        SHIS_3        SHIS_4
              ________      ________      ________      ________
 SHIS_1         1.000
 SHIS_2         0.451         1.000
 SHIS_3         0.406         0.434         1.000
 SHIS_4         0.353         0.411         0.460         1.000


           Residuals for Covariances
              SHIS_1        SHIS_2        SHIS_3        SHIS_4
              ________      ________      ________      ________
 SHIS_1        -0.007
 SHIS_2         0.000         0.009
 SHIS_3        -0.009         0.026         0.007
 SHIS_4        -0.009        -0.009        -0.006        -0.012


           Residuals for Correlations
              SHIS_1        SHIS_2        SHIS_3        SHIS_4
              ________      ________      ________      ________
 SHIS_1         0.000
 SHIS_2        -0.001         0.000
 SHIS_3        -0.013         0.034         0.000
 SHIS_4        -0.009        -0.013        -0.007         0.000


           Standardized Residuals (z-scores) for Covariances
              SHIS_1        SHIS_2        SHIS_3        SHIS_4
              ________      ________      ________      ________
 SHIS_1        -1.093
 SHIS_2       999.000       999.000
 SHIS_3        -0.560         3.184         1.779
 SHIS_4       999.000        -0.988        -0.944        -2.141


           Normalized Residuals for Covariances
              SHIS_1        SHIS_2        SHIS_3        SHIS_4
              ________      ________      ________      ________
 SHIS_1        -0.385
 SHIS_2        -0.032         0.561
 SHIS_3        -0.410         1.809         0.441
 SHIS_4        -0.652        -0.554        -0.394        -0.597


TECHNICAL 1 OUTPUT


     PARAMETER SPECIFICATION


           NU
              SHIS_1        SHIS_2        SHIS_3        SHIS_4
              ________      ________      ________      ________
                  0             0             0             0


           LAMBDA
              I             S
              ________      ________
 SHIS_1             0             0
 SHIS_2             0             0
 SHIS_3             0             0
 SHIS_4             0             0


           THETA
              SHIS_1        SHIS_2        SHIS_3        SHIS_4
              ________      ________      ________      ________
 SHIS_1             1
 SHIS_2             0             2
 SHIS_3             0             0             3
 SHIS_4             0             0             0             4


           ALPHA
              I             S
              ________      ________
                  5             6


           BETA
              I             S
              ________      ________
 I                  0             0
 S                  0             0


           PSI
              I             S
              ________      ________
 I                  7
 S                  8             9


     STARTING VALUES


           NU
              SHIS_1        SHIS_2        SHIS_3        SHIS_4
              ________      ________      ________      ________
                0.000         0.000         0.000         0.000


           LAMBDA
              I             S
              ________      ________
 SHIS_1         1.000         0.000
 SHIS_2         1.000         1.000
 SHIS_3         1.000         2.000
 SHIS_4         1.000         3.000


           THETA
              SHIS_1        SHIS_2        SHIS_3        SHIS_4
              ________      ________      ________      ________
 SHIS_1         0.315
 SHIS_2         0.000         0.327
 SHIS_3         0.000         0.000         0.341
 SHIS_4         0.000         0.000         0.000         0.367


           ALPHA
              I             S
              ________      ________
                1.827        -0.063


           BETA
              I             S
              ________      ________
 I              0.000         0.000
 S              0.000         0.000


           PSI
              I             S
              ________      ________
 I              0.633
 S              0.000         0.309


TECHNICAL 4 OUTPUT


     ESTIMATES DERIVED FROM THE MODEL


           ESTIMATED MEANS FOR THE LATENT VARIABLES
              I             S
              ________      ________
                1.816        -0.056


           S.E. FOR ESTIMATED MEANS FOR THE LATENT VARIABLES
              I             S
              ________      ________
                0.024         0.010


           EST./S.E. FOR ESTIMATED MEANS FOR THE LATENT VARIABLES
              I             S
              ________      ________
               74.681        -5.513


           TWO-TAILED P-VALUE FOR ESTIMATED MEANS FOR THE LATENT VARIABLES
              I             S
              ________      ________
                0.000         0.000


           ESTIMATED COVARIANCE MATRIX FOR THE LATENT VARIABLES
              I             S
              ________      ________
 I              0.314
 S             -0.023         0.022


           S.E. FOR ESTIMATED COVARIANCE MATRIX FOR THE LATENT VARIABLES
              I             S
              ________      ________
 I              0.018
 S              0.008         0.005


           EST./S.E. FOR ESTIMATED COVARIANCE MATRIX FOR THE LATENT VARIABLES
              I             S
              ________      ________
 I             17.892
 S             -2.734         4.355


           TWO-TAILED P-VALUE FOR ESTIMATED COVARIANCE MATRIX FOR THE LATENT VARIABLES
              I             S
              ________      ________
 I              0.000
 S              0.006         0.000


           ESTIMATED CORRELATION MATRIX FOR THE LATENT VARIABLES
              I             S
              ________      ________
 I              1.000
 S             -0.278         1.000


           S.E. FOR ESTIMATED CORRELATION MATRIX FOR THE LATENT VARIABLES
              I             S
              ________      ________
 I              0.000
 S              0.071         0.000


           EST./S.E. FOR ESTIMATED CORRELATION MATRIX FOR THE LATENT VARIABLES
              I             S
              ________      ________
 I            999.000
 S             -3.891       999.000


           TWO-TAILED P-VALUE FOR ESTIMATED CORRELATION MATRIX FOR THE LATENT VARIABLES
              I             S
              ________      ________
 I              0.000
 S              0.000         0.000


DIAGRAM INFORMATION

  Use View Diagram under the Diagram menu in the Mplus Editor to view the diagram.
  If running Mplus from the Mplus Diagrammer, the diagram opens automatically.

  Diagram output
    c:\users\kylenick\onedrive - university of north carolina at chapel hill\dorothy\00 sources of strength data w1-w4 -

     Beginning Time:  14:18:09
        Ending Time:  14:18:10
       Elapsed Time:  00:00:01



MUTHEN & MUTHEN
3463 Stoner Ave.
Los Angeles, CA  90066

Tel: (310) 391-9971
Fax: (310) 391-8971
Web: www.StatModel.com
Support: Support@StatModel.com

Copyright (c) 1998-2019 Muthen & Muthen
