Mplus VERSION 8.4
MUTHEN & MUTHEN
10/15/2021   3:07 PM

INPUT INSTRUCTIONS

  TITLE: Nominated a Trusted Adult - LGM

  DATA: FILE = mpluswide_wTANoms.csv;

  VARIABLE:
  NAMES = ID School Tx srvy_1 srvy_2 srvy_3 srvy_4
  Grade TransG Gender Race SexOr
  Female Male OtherG
  White Latinx Black Asian MultiR Indigen POC
  Straight Bisexual GL Quest OtherSO LGBQ
  FGxTx MGxTx OGxTx
  WRxTx LRxTx BRxTx ARxTx MRxTx IRxTx POCxTx
  SSxTx BSxTx GLxTx QSxTx OSxTx LGBQxTx
  AGE_1 AGE_2 AGE_3 AGE_4
  SVP1_1 SVP1_2 SVP1_3 SVP1_4
  SVP10_1 SVP10_2 SVP10_3 SVP10_4
  SVP11_1 SVP11_2 SVP11_3 SVP11_4
  SVP12_1 SVP12_2 SVP12_3 SVP12_4
  SVP13_1 SVP13_2 SVP13_3 SVP13_4
  SVP2_1 SVP2_2 SVP2_3 SVP2_4
  SVP3_1 SVP3_2 SVP3_3 SVP3_4
  SVP4_1 SVP4_2 SVP4_3 SVP4_4
  SVP5_1 SVP5_2 SVP5_3 SVP5_4
  SVP6_1 SVP6_2 SVP6_3 SVP6_4
  SVP7_1 SVP7_2 SVP7_3 SVP7_4
  SVP8_1 SVP8_2 SVP8_3 SVP8_4
  SVP9_1 SVP9_2 SVP9_3 SVP9_4
  SVV1_1 SVV1_2 SVV1_3 SVV1_4
  SVV10_1 SVV10_2 SVV10_3 SVV10_4
  SVV11_1 SVV11_2 SVV11_3 SVV11_4
  SVV12_1 SVV12_2 SVV12_3 SVV12_4
  SVV13_1 SVV13_2 SVV13_3 SVV13_4
  SVV2_1 SVV2_2 SVV2_3 SVV2_4
  SVV3_1 SVV3_2 SVV3_3 SVV3_4
  SVV4_1 SVV4_2 SVV4_3 SVV4_4
  SVV5_1 SVV5_2 SVV5_3 SVV5_4
  SVV6_1 SVV6_2 SVV6_3 SVV6_4
  SVV7_1 SVV7_2 SVV7_3 SVV7_4
  SVV8_1 SVV8_2 SVV8_3 SVV8_4
  SVV9_1 SVV9_2 SVV9_3 SVV9_4
  CYP1_1 CYP1_2 CYP1_3 CYP1_4
  CYP2_1 CYP2_2 CYP2_3 CYP2_4
  CYP3_1 CYP3_2 CYP3_3 CYP3_4
  DSV1_1 DSV1_2 DSV1_3 DSV1_4
  DSV2_1 DSV2_2 DSV2_3 DSV2_4
  DSV3_1 DSV3_2 DSV3_3 DSV3_4
  DSV4_1 DSV4_2 DSV4_3 DSV4_4
  DSV5_1 DSV5_2 DSV5_3 DSV5_4
  DSV6_1 DSV6_2 DSV6_3 DSV6_4
  HOP1_1 HOP1_2 HOP1_3 HOP1_4
  HOP2_1 HOP2_2 HOP2_3 HOP2_4
  HOP3_1 HOP3_2 HOP3_3 HOP3_4
  HOP4_1 HOP4_2 HOP4_3 HOP4_4
  HOP5_1 HOP5_2 HOP5_3 HOP5_4
  HOV1_1 HOV1_2 HOV1_3 HOV1_4
  HOV2_1 HOV2_2 HOV2_3 HOV2_4
  HOV3_1 HOV3_2 HOV3_3 HOV3_4
  HOV4_1 HOV4_2 HOV4_3 HOV4_4
  HOV5_1 HOV5_2 HOV5_3 HOV5_4
  GWB1_1 GWB1_2 GWB1_3 GWB1_4
  GWB2_1 GWB2_2 GWB2_3 GWB2_4
  GWB3_1 GWB3_2 GWB3_3 GWB3_4
  GWB4_1 GWB4_2 GWB4_3 GWB4_4
  GWB5_1 GWB5_2 GWB5_3 GWB5_4
  GWB6_1 GWB6_2 GWB6_3 GWB6_4
  GWB7_1 GWB7_2 GWB7_3 GWB7_4
  GWB8_1 GWB8_2 GWB8_3 GWB8_4
  SHA1_1 SHA1_2 SHA1_3 SHA1_4
  SHA2_1 SHA2_2 SHA2_3 SHA2_4
  SHA3_1 SHA3_2 SHA3_3 SHA3_4
  SHA4_1 SHA4_2 SHA4_3 SHA4_4
  SHI1_1 SHI1_2 SHI1_3 SHI1_4
  SHI2_1 SHI2_2 SHI2_3 SHI2_4
  SHI3_1 SHI3_2 SHI3_3 SHI3_4
  SHI4_1 SHI4_2 SHI4_3 SHI4_4
  TotAN_1 TotAN_2	TotAN_3	TotAN_4
  TA_1 TA_2 TA_3 TA_4	
  AEXS_1 AEXS_2 AEXS_3 AEXS_4
  PEXS_1 PEXS_2 PEXS_3 PEXS_4
  NCPS_1 NCPS_2 NCPS_3 NCPS_4
  NCVS_1 NCVS_2 NCVS_3 NCVS_4
  CPS_1 CPS_2 CPS_3 CPS_4
  CVS_1 CVS_2 CVS_3 CVS_4
  HOPS_1 HOPS_2 HOPS_3 HOPS_4
  HOVS_1 HOVS_2 HOVS_3 HOVS_4
  CYPS_1 CYPS_2 CYPS_3 CYPS_4
  DSVS_1 DSVS_2 DSVS_3 DSVS_4
  GWBS_1 GWBS_2 GWBS_3 GWBS_4
  SHAS_1 SHAS_2 SHAS_3 SHAS_4
  SHIS_1 SHIS_2 SHIS_3 SHIS_4
  NCPerp1 NCPerp2 NCPerp3 NCPerp4
  NCVict1 NCVict2 NCVict3 NCVict4
  ConPerp1 ConPerp2 ConPerp3 ConPerp4
  ConVict1 ConVict2 ConVict3 ConVict4
  HNCPerp1 HNCPerp2 HNCPerp3 HNCPerp4
  CSPerp1 CSPerp2 CSPerp3 CSPerp4
  Dismiss1 Dismiss2 Dismiss3 Dismiss4
  GenWB1 GenWB2 GenWB3 GenWB4
  SHHAtt1 SHHAtt2 SHHAtt3 SHHAtt4
  SHHSeek1 SHHSeek2 SHHSeek3 SHHSeek4
  Active2 Active3 Active4
  Passive2 Passive3 Passive4
  Funding Rural Teas_Per MHT_Per;

  USEVARIABLES = TA_1-TA_4;
  CATEGORICAL = TA_1-TA_4;

  IDVARIABLE = ID;
  CLUSTER = School;

  MISSING = ALL(-999);

  ANALYSIS:
  TYPE = COMPLEX;
  ESTIMATOR = MLR;
  LINK = LOGIT;
  !PARAMETERIZATION = THETA; ! only available for probit


  MODEL:
  i s | TA_1@0 TA_2@1 TA_3@2 TA_4@3;
  ! must constrian threshold or intercept mean to 0 for identification (Lee et. al, 2018)
  [TA_1$1-TA_4$1@0]; ! constrain threshold at each time to 0
  [I]; ! estimate intercept mean

  OUTPUT:
  STANDARDIZED CINTERVAL RESIDUAL TECH1 TECH4 TECH10;



INPUT READING TERMINATED NORMALLY



Nominated a Trusted Adult - LGM

SUMMARY OF ANALYSIS

Number of groups                                                 1
Number of observations                                        6465

Number of dependent variables                                    4
Number of independent variables                                  0
Number of continuous latent variables                            2

Observed dependent variables

  Binary and ordered categorical (ordinal)
   TA_1        TA_2        TA_3        TA_4

Continuous latent variables
   I           S

Variables with special functions

  Cluster variable      SCHOOL
  ID variable           ID

Estimator                                                      MLR
Information matrix                                        OBSERVED
Optimization Specifications for the Quasi-Newton Algorithm for
Continuous Outcomes
  Maximum number of iterations                                 100
  Convergence criterion                                  0.100D-05
Optimization Specifications for the EM Algorithm
  Maximum number of iterations                                 500
  Convergence criteria
    Loglikelihood change                                 0.100D-02
    Relative loglikelihood change                        0.100D-05
    Derivative                                           0.100D-02
Optimization Specifications for the M step of the EM Algorithm for
Categorical Latent variables
  Number of M step iterations                                    1
  M step convergence criterion                           0.100D-02
  Basis for M step termination                           ITERATION
Optimization Specifications for the M step of the EM Algorithm for
Censored, Binary or Ordered Categorical (Ordinal), Unordered
Categorical (Nominal) and Count Outcomes
  Number of M step iterations                                    1
  M step convergence criterion                           0.100D-02
  Basis for M step termination                           ITERATION
  Maximum value for logit thresholds                            15
  Minimum value for logit thresholds                           -15
  Minimum expected cell size for chi-square              0.100D-01
Maximum number of iterations for H1                           2000
Convergence criterion for H1                             0.100D-03
Optimization algorithm                                         EMA
Integration Specifications
  Type                                                    STANDARD
  Number of integration points                                  15
  Dimensions of numerical integration                            2
  Adaptive quadrature                                           ON
Link                                                         LOGIT
Cholesky                                                        ON

Input data file(s)
  mpluswide_wTANoms.csv
Input data format  FREE


SUMMARY OF DATA

     Number of missing data patterns            15
     Number of y missing data patterns           0
     Number of u missing data patterns          15
     Number of clusters                         20



COVARIANCE COVERAGE OF DATA

Minimum covariance coverage value   0.100


     PROPORTION OF DATA PRESENT FOR U


           Covariance Coverage
              TA_1          TA_2          TA_3          TA_4
              ________      ________      ________      ________
 TA_1           0.748
 TA_2           0.569         0.687
 TA_3           0.496         0.495         0.662
 TA_4           0.405         0.404         0.440         0.541


UNIVARIATE PROPORTIONS AND COUNTS FOR CATEGORICAL VARIABLES

    TA_1
      Category 1    0.564         2729.000
      Category 2    0.436         2107.000
    TA_2
      Category 1    0.496         2202.000
      Category 2    0.504         2239.000
    TA_3
      Category 1    0.545         2329.000
      Category 2    0.455         1948.000
    TA_4
      Category 1    0.522         1825.000
      Category 2    0.478         1673.000



THE MODEL ESTIMATION TERMINATED NORMALLY



MODEL FIT INFORMATION

Number of Free Parameters                        5

Loglikelihood

          H0 Value                      -10767.973
          H0 Scaling Correction Factor      4.6326
            for MLR

Information Criteria

          Akaike (AIC)                   21545.947
          Bayesian (BIC)                 21579.818
          Sample-Size Adjusted BIC       21563.929
            (n* = (n + 2) / 24)

Chi-Square Test of Model Fit for the Binary and Ordered Categorical
(Ordinal) Outcomes

          Pearson Chi-Square

          Value                             12.069
          Degrees of Freedom                    10
          P-Value                           0.2805

          Likelihood Ratio Chi-Square

          Value                             12.027
          Degrees of Freedom                    10
          P-Value                           0.2833

Chi-Square Test for MCAR under the Unrestricted Latent Class Indicator Model

          Pearson Chi-Square

          Value                             33.104
          Degrees of Freedom                    50
          P-Value                           0.9686

          Likelihood Ratio Chi-Square

          Value                             33.009
          Degrees of Freedom                    50
          P-Value                           0.9695



MODEL RESULTS

                                                    Two-Tailed
                    Estimate       S.E.  Est./S.E.    P-Value

 I        |
    TA_1               1.000      0.000    999.000    999.000
    TA_2               1.000      0.000    999.000    999.000
    TA_3               1.000      0.000    999.000    999.000
    TA_4               1.000      0.000    999.000    999.000

 S        |
    TA_1               0.000      0.000    999.000    999.000
    TA_2               1.000      0.000    999.000    999.000
    TA_3               2.000      0.000    999.000    999.000
    TA_4               3.000      0.000    999.000    999.000

 S        WITH
    I                  0.074      0.144      0.513      0.608

 Means
    I                 -0.319      0.124     -2.580      0.010
    S                  0.025      0.033      0.757      0.449

 Thresholds
    TA_1$1             0.000      0.000    999.000    999.000
    TA_2$1             0.000      0.000    999.000    999.000
    TA_3$1             0.000      0.000    999.000    999.000
    TA_4$1             0.000      0.000    999.000    999.000

 Variances
    I                  3.237      0.560      5.780      0.000
    S                  0.404      0.046      8.792      0.000


RESULTS IN PROBABILITY SCALE

                    Estimate

 TA_1
    Category 1         0.551
    Category 2         0.449
 TA_2
    Category 1         0.545
    Category 2         0.455
 TA_3
    Category 1         0.538
    Category 2         0.462
 TA_4
    Category 1         0.530
    Category 2         0.470


STANDARDIZED MODEL RESULTS


STDYX Standardization

                                                    Two-Tailed
                    Estimate       S.E.  Est./S.E.    P-Value

 I        |
    TA_1               0.704      0.031     22.934      0.000
    TA_2               0.676      0.044     15.283      0.000
    TA_3               0.619      0.053     11.618      0.000
    TA_4               0.552      0.056      9.887      0.000

 S        |
    TA_1               0.000      0.000    999.000    999.000
    TA_2               0.239      0.014     16.891      0.000
    TA_3               0.438      0.021     21.197      0.000
    TA_4               0.585      0.024     24.835      0.000

 S        WITH
    I                  0.065      0.130      0.497      0.619

 Means
    I                 -0.177      0.065     -2.718      0.007
    S                  0.039      0.051      0.752      0.452

 Thresholds
    TA_1$1             0.000      0.000    999.000    999.000
    TA_2$1             0.000      0.000    999.000    999.000
    TA_3$1             0.000      0.000    999.000    999.000
    TA_4$1             0.000      0.000    999.000    999.000

 Variances
    I                  1.000      0.000    999.000    999.000
    S                  1.000      0.000    999.000    999.000


STDY Standardization

                                                    Two-Tailed
                    Estimate       S.E.  Est./S.E.    P-Value

 I        |
    TA_1               0.704      0.031     22.934      0.000
    TA_2               0.676      0.044     15.283      0.000
    TA_3               0.619      0.053     11.618      0.000
    TA_4               0.552      0.056      9.887      0.000

 S        |
    TA_1               0.000      0.000    999.000    999.000
    TA_2               0.239      0.014     16.891      0.000
    TA_3               0.438      0.021     21.197      0.000
    TA_4               0.585      0.024     24.835      0.000

 S        WITH
    I                  0.065      0.130      0.497      0.619

 Means
    I                 -0.177      0.065     -2.718      0.007
    S                  0.039      0.051      0.752      0.452

 Thresholds
    TA_1$1             0.000      0.000    999.000    999.000
    TA_2$1             0.000      0.000    999.000    999.000
    TA_3$1             0.000      0.000    999.000    999.000
    TA_4$1             0.000      0.000    999.000    999.000

 Variances
    I                  1.000      0.000    999.000    999.000
    S                  1.000      0.000    999.000    999.000


STD Standardization

                                                    Two-Tailed
                    Estimate       S.E.  Est./S.E.    P-Value

 I        |
    TA_1               1.799      0.156     11.560      0.000
    TA_2               1.799      0.156     11.560      0.000
    TA_3               1.799      0.156     11.560      0.000
    TA_4               1.799      0.156     11.560      0.000

 S        |
    TA_1               0.000      0.000    999.000    999.000
    TA_2               0.636      0.036     17.583      0.000
    TA_3               1.271      0.072     17.583      0.000
    TA_4               1.907      0.108     17.583      0.000

 S        WITH
    I                  0.065      0.130      0.497      0.619

 Means
    I                 -0.177      0.065     -2.718      0.007
    S                  0.039      0.051      0.752      0.452

 Thresholds
    TA_1$1             0.000      0.000    999.000    999.000
    TA_2$1             0.000      0.000    999.000    999.000
    TA_3$1             0.000      0.000    999.000    999.000
    TA_4$1             0.000      0.000    999.000    999.000

 Variances
    I                  1.000      0.000    999.000    999.000
    S                  1.000      0.000    999.000    999.000


R-SQUARE

    Observed                                        Two-Tailed
    Variable        Estimate       S.E.  Est./S.E.    P-Value

    TA_1               0.496      0.043     11.467      0.000
    TA_2               0.535      0.024     22.741      0.000
    TA_3               0.610      0.018     33.297      0.000
    TA_4               0.690      0.021     33.284      0.000


QUALITY OF NUMERICAL RESULTS

     Condition Number for the Information Matrix              0.210E-01
       (ratio of smallest to largest eigenvalue)


CONFIDENCE INTERVALS OF MODEL RESULTS

                  Lower .5%  Lower 2.5%    Lower 5%    Estimate    Upper 5%  Upper 2.5%   Upper .5%

 I        |
    TA_1             1.000       1.000       1.000       1.000       1.000       1.000       1.000
    TA_2             1.000       1.000       1.000       1.000       1.000       1.000       1.000
    TA_3             1.000       1.000       1.000       1.000       1.000       1.000       1.000
    TA_4             1.000       1.000       1.000       1.000       1.000       1.000       1.000

 S        |
    TA_1             0.000       0.000       0.000       0.000       0.000       0.000       0.000
    TA_2             1.000       1.000       1.000       1.000       1.000       1.000       1.000
    TA_3             2.000       2.000       2.000       2.000       2.000       2.000       2.000
    TA_4             3.000       3.000       3.000       3.000       3.000       3.000       3.000

 S        WITH
    I               -0.298      -0.209      -0.163       0.074       0.312       0.357       0.446

 Means
    I               -0.637      -0.561      -0.522      -0.319      -0.115      -0.077       0.000
    S               -0.059      -0.039      -0.029       0.025       0.078       0.088       0.108

 Thresholds
    TA_1$1           0.000       0.000       0.000       0.000       0.000       0.000       0.000
    TA_2$1           0.000       0.000       0.000       0.000       0.000       0.000       0.000
    TA_3$1           0.000       0.000       0.000       0.000       0.000       0.000       0.000
    TA_4$1           0.000       0.000       0.000       0.000       0.000       0.000       0.000

 Variances
    I                1.794       2.139       2.316       3.237       4.158       4.335       4.679
    S                0.286       0.314       0.328       0.404       0.480       0.494       0.522


CONFIDENCE INTERVALS OF STANDARDIZED MODEL RESULTS


STDYX Standardization

                  Lower .5%  Lower 2.5%    Lower 5%    Estimate    Upper 5%  Upper 2.5%   Upper .5%

 I        |
    TA_1             0.625       0.644       0.654       0.704       0.755       0.764       0.783
    TA_2             0.562       0.589       0.603       0.676       0.749       0.763       0.790
    TA_3             0.482       0.515       0.532       0.619       0.707       0.724       0.757
    TA_4             0.409       0.443       0.461       0.552       0.644       0.662       0.696

 S        |
    TA_1             0.000       0.000       0.000       0.000       0.000       0.000       0.000
    TA_2             0.202       0.211       0.216       0.239       0.262       0.267       0.275
    TA_3             0.384       0.397       0.404       0.438       0.472       0.478       0.491
    TA_4             0.525       0.539       0.547       0.585       0.624       0.632       0.646

 S        WITH
    I               -0.271      -0.191      -0.150       0.065       0.279       0.320       0.401

 Means
    I               -0.345      -0.305      -0.284      -0.177      -0.070      -0.049      -0.009
    S               -0.094      -0.062      -0.046       0.039       0.123       0.140       0.171

 Thresholds
    TA_1$1           0.000       0.000       0.000       0.000       0.000       0.000       0.000
    TA_2$1           0.000       0.000       0.000       0.000       0.000       0.000       0.000
    TA_3$1           0.000       0.000       0.000       0.000       0.000       0.000       0.000
    TA_4$1           0.000       0.000       0.000       0.000       0.000       0.000       0.000

 Variances
    I                1.000       1.000       1.000       1.000       1.000       1.000       1.000
    S                1.000       1.000       1.000       1.000       1.000       1.000       1.000


STDY Standardization

                  Lower .5%  Lower 2.5%    Lower 5%    Estimate    Upper 5%  Upper 2.5%   Upper .5%

 I        |
    TA_1             0.625       0.644       0.654       0.704       0.755       0.764       0.783
    TA_2             0.562       0.589       0.603       0.676       0.749       0.763       0.790
    TA_3             0.482       0.515       0.532       0.619       0.707       0.724       0.757
    TA_4             0.409       0.443       0.461       0.552       0.644       0.662       0.696

 S        |
    TA_1             0.000       0.000       0.000       0.000       0.000       0.000       0.000
    TA_2             0.202       0.211       0.216       0.239       0.262       0.267       0.275
    TA_3             0.384       0.397       0.404       0.438       0.472       0.478       0.491
    TA_4             0.525       0.539       0.547       0.585       0.624       0.632       0.646

 S        WITH
    I               -0.271      -0.191      -0.150       0.065       0.279       0.320       0.401

 Means
    I               -0.345      -0.305      -0.284      -0.177      -0.070      -0.049      -0.009
    S               -0.094      -0.062      -0.046       0.039       0.123       0.140       0.171

 Thresholds
    TA_1$1           0.000       0.000       0.000       0.000       0.000       0.000       0.000
    TA_2$1           0.000       0.000       0.000       0.000       0.000       0.000       0.000
    TA_3$1           0.000       0.000       0.000       0.000       0.000       0.000       0.000
    TA_4$1           0.000       0.000       0.000       0.000       0.000       0.000       0.000

 Variances
    I                1.000       1.000       1.000       1.000       1.000       1.000       1.000
    S                1.000       1.000       1.000       1.000       1.000       1.000       1.000


STD Standardization

                  Lower .5%  Lower 2.5%    Lower 5%    Estimate    Upper 5%  Upper 2.5%   Upper .5%

 I        |
    TA_1             1.398       1.494       1.543       1.799       2.055       2.104       2.200
    TA_2             1.398       1.494       1.543       1.799       2.055       2.104       2.200
    TA_3             1.398       1.494       1.543       1.799       2.055       2.104       2.200
    TA_4             1.398       1.494       1.543       1.799       2.055       2.104       2.200

 S        |
    TA_1             0.000       0.000       0.000       0.000       0.000       0.000       0.000
    TA_2             0.542       0.565       0.576       0.636       0.695       0.706       0.729
    TA_3             1.085       1.129       1.152       1.271       1.390       1.413       1.457
    TA_4             1.627       1.694       1.728       1.907       2.085       2.119       2.186

 S        WITH
    I               -0.271      -0.191      -0.150       0.065       0.279       0.320       0.401

 Means
    I               -0.345      -0.305      -0.284      -0.177      -0.070      -0.049      -0.009
    S               -0.094      -0.062      -0.046       0.039       0.123       0.140       0.171

 Thresholds
    TA_1$1           0.000       0.000       0.000       0.000       0.000       0.000       0.000
    TA_2$1           0.000       0.000       0.000       0.000       0.000       0.000       0.000
    TA_3$1           0.000       0.000       0.000       0.000       0.000       0.000       0.000
    TA_4$1           0.000       0.000       0.000       0.000       0.000       0.000       0.000

 Variances
    I                1.000       1.000       1.000       1.000       1.000       1.000       1.000
    S                1.000       1.000       1.000       1.000       1.000       1.000       1.000


RESIDUAL OUTPUT


     UNIVARIATE DISTRIBUTION FIT

     Variable          Observed      Estimated      Residual (Obs.-Est.)    Stand. Residual
     TA_1
       Category 1        0.564          0.551                  0.013                2.130
       Category 2        0.436          0.449                 -0.013               -2.130
     TA_2
       Category 1        0.496          0.545                 -0.049               -7.961
       Category 2        0.504          0.455                  0.049                7.961
     TA_3
       Category 1        0.545          0.538                  0.007                1.115
       Category 2        0.455          0.462                 -0.007               -1.115
     TA_4
       Category 1        0.522          0.530                 -0.009               -1.383
       Category 2        0.478          0.470                  0.009                1.383


     BIVARIATE DISTRIBUTIONS FIT

     Variable       Variable          Observed     Estimated    Residual (Obs.-Est.)  Stand. Residual
     TA_1           TA_2
       Category 1     Category 1        0.355       0.386            -0.031           -5.085
       Category 1     Category 2        0.191       0.165             0.026            5.625
       Category 2     Category 1        0.132       0.159            -0.027           -5.873
       Category 2     Category 2        0.321       0.290             0.032            5.588
     TA_1           TA_3
       Category 1     Category 1        0.362       0.375            -0.014           -2.257
       Category 1     Category 2        0.177       0.176             0.002            0.335
       Category 2     Category 1        0.167       0.162             0.004            0.912
       Category 2     Category 2        0.294       0.287             0.008            1.391
     TA_1           TA_4
       Category 1     Category 1        0.353       0.363            -0.010           -1.731
       Category 1     Category 2        0.191       0.188             0.003            0.575
       Category 2     Category 1        0.160       0.167            -0.007           -1.501
       Category 2     Category 2        0.296       0.282             0.015            2.596
     TA_2           TA_3
       Category 1     Category 1        0.354       0.391            -0.037           -6.151
       Category 1     Category 2        0.126       0.154            -0.029           -6.366
       Category 2     Category 1        0.170       0.147             0.024            5.366
       Category 2     Category 2        0.350       0.308             0.042            7.368
     TA_2           TA_4
       Category 1     Category 1        0.340       0.385            -0.045           -7.392
       Category 1     Category 2        0.133       0.160            -0.027           -5.962
       Category 2     Category 1        0.165       0.145             0.020            4.604
       Category 2     Category 2        0.362       0.310             0.052            8.999
     TA_3           TA_4
       Category 1     Category 1        0.388       0.400            -0.012           -1.899
       Category 1     Category 2        0.139       0.138             0.001            0.198
       Category 2     Category 1        0.130       0.131            -0.001           -0.150
       Category 2     Category 2        0.343       0.332             0.011            1.938


TECHNICAL 1 OUTPUT


     PARAMETER SPECIFICATION


           TAU
              TA_1$1        TA_2$1        TA_3$1        TA_4$1
              ________      ________      ________      ________
                    0             0             0             0


           NU
              TA_1          TA_2          TA_3          TA_4
              ________      ________      ________      ________
                    0             0             0             0


           LAMBDA
              I             S
              ________      ________
 TA_1               0             0
 TA_2               0             0
 TA_3               0             0
 TA_4               0             0


           THETA
              TA_1          TA_2          TA_3          TA_4
              ________      ________      ________      ________
 TA_1               0
 TA_2               0             0
 TA_3               0             0             0
 TA_4               0             0             0             0


           ALPHA
              I             S
              ________      ________
                    1             2


           BETA
              I             S
              ________      ________
 I                  0             0
 S                  0             0


           PSI
              I             S
              ________      ________
 I                  3
 S                  4             5


     STARTING VALUES


           TAU
              TA_1$1        TA_2$1        TA_3$1        TA_4$1
              ________      ________      ________      ________
                0.000         0.000         0.000         0.000


           NU
              TA_1          TA_2          TA_3          TA_4
              ________      ________      ________      ________
                0.000         0.000         0.000         0.000


           LAMBDA
              I             S
              ________      ________
 TA_1           1.000         0.000
 TA_2           1.000         1.000
 TA_3           1.000         2.000
 TA_4           1.000         3.000


           THETA
              TA_1          TA_2          TA_3          TA_4
              ________      ________      ________      ________
 TA_1           1.000
 TA_2           0.000         1.000
 TA_3           0.000         0.000         1.000
 TA_4           0.000         0.000         0.000         1.000


           ALPHA
              I             S
              ________      ________
                0.000         0.000


           BETA
              I             S
              ________      ________
 I              0.000         0.000
 S              0.000         0.000


           PSI
              I             S
              ________      ________
 I              0.050
 S              0.000         0.050


TECHNICAL 4 OUTPUT


     ESTIMATES DERIVED FROM THE MODEL


           ESTIMATED MEANS FOR THE LATENT VARIABLES
              I             S
              ________      ________
               -0.319         0.025


           S.E. FOR ESTIMATED MEANS FOR THE LATENT VARIABLES
              I             S
              ________      ________
                0.124         0.033


           EST./S.E. FOR ESTIMATED MEANS FOR THE LATENT VARIABLES
              I             S
              ________      ________
               -2.580         0.757


           TWO-TAILED P-VALUE FOR ESTIMATED MEANS FOR THE LATENT VARIABLES
              I             S
              ________      ________
                0.010         0.449


           ESTIMATED COVARIANCE MATRIX FOR THE LATENT VARIABLES
              I             S
              ________      ________
 I              3.237
 S              0.074         0.404


           S.E. FOR ESTIMATED COVARIANCE MATRIX FOR THE LATENT VARIABLES
              I             S
              ________      ________
 I              0.560
 S              0.144         0.046


           EST./S.E. FOR ESTIMATED COVARIANCE MATRIX FOR THE LATENT VARIABLES
              I             S
              ________      ________
 I              5.780
 S              0.513         8.792


           TWO-TAILED P-VALUE FOR ESTIMATED COVARIANCE MATRIX FOR THE LATENT VARIABLES
              I             S
              ________      ________
 I              0.000
 S              0.608         0.000


           ESTIMATED CORRELATION MATRIX FOR THE LATENT VARIABLES
              I             S
              ________      ________
 I              1.000
 S              0.065         1.000


           S.E. FOR ESTIMATED CORRELATION MATRIX FOR THE LATENT VARIABLES
              I             S
              ________      ________
 I              0.000
 S              0.130         0.000


           EST./S.E. FOR ESTIMATED CORRELATION MATRIX FOR THE LATENT VARIABLES
              I             S
              ________      ________
 I            999.000
 S              0.497       999.000


           TWO-TAILED P-VALUE FOR ESTIMATED CORRELATION MATRIX FOR THE LATENT VARIABLES
              I             S
              ________      ________
 I              0.000
 S              0.619         0.000


TECHNICAL 10 OUTPUT


     MODEL FIT INFORMATION FOR THE CATEGORICAL VARIABLES


     RESPONSE PATTERNS

     No.  Pattern    No.  Pattern    No.  Pattern    No.  Pattern
       1  0000         2  0001         3  0010         4  0011
       5  0100         6  0101         7  0110         8  0111
       9  1000        10  1001        11  1010        12  1011
      13  1100        14  1101        15  1110        16  1111
      17  0*00        18  0*01        19  0*10        20  0*11
      21  1*00        22  1*01        23  1*10        24  1*11
      25  00**        26  01**        27  10**        28  11**
      29  0***        30  1***        31  *00*        32  *01*
      33  *10*        34  *11*        35  00*0        36  00*1
      37  01*0        38  01*1        39  10*0        40  10*1
      41  11*0        42  11*1        43  *000        44  *001
      45  *010        46  *011        47  *100        48  *101
      49  *110        50  *111        51  000*        52  001*
      53  010*        54  011*        55  100*        56  101*
      57  110*        58  111*        59  *0**        60  *1**
      61  *0*0        62  *0*1        63  *1*0        64  *1*1
      65  **00        66  **01        67  **10        68  **11
      69  0*0*        70  0*1*        71  1*0*        72  1*1*
      73  ***0        74  ***1        75  **0*        76  **1*
      77  0**0        78  0**1        79  1**0        80  1**1



     RESPONSE PATTERN FREQUENCIES AND CHI-SQUARE CONTRIBUTIONS

    Response          Frequency     Standardized  Chi-square Contribution
     Pattern    Observed  Estimated   Residual    Pearson   Loglikelihood  Deleted
                                     (z-score)
         1       455.00     500.77      -1.04      -0.33         3.35
         2        82.00     100.18      -0.82       0.70        -3.67
         3        83.00      84.82      -0.09      -0.22         5.66
         4        61.00      87.26      -1.26       7.67       -36.14
         5        98.00      92.98       0.23      -1.07        33.23
         6        63.00      57.43       0.33       0.12        21.91
         7        57.00      48.53       0.54       0.94         7.31
         8       169.00     131.41       1.49       9.66        57.88
         9       108.00     133.06      -0.99       4.58       -37.22
        10        49.00      48.53       0.03      -0.14         6.32
        11        35.00      52.56      -1.08       5.73       -24.16
        12        62.00      84.19      -1.09       5.82       -40.70
        13        84.00      73.07       0.57       0.83        39.88
        14        70.00      70.31      -0.02      -0.06         3.44
        15        91.00      75.90       0.78       0.92         5.54
        16       435.00     360.99       1.89      -1.39        -7.24
        17        88.00      75.92       0.73       0.73         5.55
        18        24.00      20.15       0.39       0.38         2.58
        19        14.00      17.05      -0.34      -0.28         1.26
        20        24.00      27.96      -0.35      -0.08         0.47
        21        25.00      26.36      -0.12       0.02        -0.36
        22        14.00      15.20      -0.14      -0.12         1.15
        23        18.00      16.43       0.18      -0.56        -3.84
        24        49.00      56.93      -0.52       0.72        -6.03
        25       260.00     245.58       0.52      -0.95       -13.49
        26       127.00     104.95       1.03       4.48        39.67
        27        88.00     101.13      -0.63       1.42       -34.54
        28       161.00     184.34      -0.90      -1.73        11.27
        29       409.00     349.97       2.07       3.69        26.29
        30       226.00     285.03      -2.07       3.94       -18.50
        31        58.00      66.84      -0.61       0.36        -2.73
        32        30.00      26.38       0.34      -2.96       -12.56
        33        30.00      25.09       0.47       0.94         9.33
        34        53.00      52.69       0.02      -0.07         4.56
        35        78.00      83.36      -0.31      -0.09         1.27
        36        25.00      26.68      -0.15      -0.04        -7.03
        37        22.00      20.15       0.19       0.12         5.92
        38        33.00      26.88       0.54       1.36        11.36
        39        22.00      26.42      -0.40       0.71        -9.60
        40        16.00      18.89      -0.30       0.44        -5.32
        41        25.00      21.21       0.38       0.66         6.86
        42        64.00      61.40       0.16      -0.02        -0.37
        43        77.00      84.85      -0.45       0.39        -4.74
        44        26.00      19.91       0.62       0.09         0.36
        45        16.00      18.39      -0.25       0.28        -3.03
        46        20.00      22.95      -0.28      -0.23       -12.47
        47        32.00      22.23       0.95       3.43        12.80
        48        16.00      17.10      -0.12      -0.34         3.02
        49        11.00      16.66      -0.63      -0.43         0.96
        50        70.00      65.92       0.25       0.23         6.00
        51       210.00     227.53      -0.61       0.02        -0.26
        52        54.00      65.15      -0.63       1.66       -12.94
        53        66.00      56.95       0.55       1.40        22.60
        54        68.00      68.13      -0.01      -1.44        19.51
        55        66.00      68.76      -0.15      -0.15       -13.64
        56        41.00      51.78      -0.68       1.82       -27.44
        57        86.00      54.29       1.96       9.56        23.85
        58       167.00     165.42       0.06      -0.01        -0.50
        59       158.00     142.83       0.83      -3.16       -22.97
        60       104.00     119.17      -0.83      -2.98        16.78
        61        16.00      22.73      -0.79       0.45        -1.34
        62         6.00       9.44      -0.54       0.70        -1.81
        63        12.00       8.56       0.56       0.89         3.26
        64        25.00      18.28       0.83       0.78         2.68
        65       136.00     126.65       0.47       0.36         5.90
        66        51.00      43.77       0.52       0.64         4.93
        67        45.00      41.46       0.26      -0.23        -2.38
        68        85.00     105.12      -1.05       1.24        -6.36
        69        74.00      71.68       0.15       0.07         5.36
        70        39.00      33.59       0.45       0.25         1.82
        71        32.00      31.00       0.09       0.02         0.69
        72        46.00      54.73      -0.61       0.91        -6.57
        73       138.00     126.22       0.67       0.23         2.77
        74       100.00     111.78      -0.67       0.24        -2.29
        75       209.00     168.82       2.00       2.40        11.95
        76       105.00     145.18      -2.00       2.25        -7.20
        77        28.00      26.51       0.16       0.07         1.91
        78        18.00      13.72       0.56       0.27         1.02
        79        11.00      12.20      -0.17       0.08        -0.97
        80        16.00      20.57      -0.52       0.29        -1.25

     THE TOTAL PEARSON CHI-SQUARE CONTRIBUTION FROM EMPTY CELLS IS         0.00


     UNIVARIATE MODEL FIT INFORMATION

                               Estimated Probabilities
                                                  Standardized
     Variable              H1            H0         Residual
                                                   (z-score)
     TA_1
       Category 1        0.569        0.551           1.278
       Category 2        0.431        0.449          -1.278
       Univariate Pearson Chi-Square                  8.471
       Univariate Log-Likelihood Chi-Square           8.494
     TA_2
       Category 1        0.507        0.545          -2.710
       Category 2        0.493        0.455           2.710
       Univariate Pearson Chi-Square                 38.092
       Univariate Log-Likelihood Chi-Square          37.954
     TA_3
       Category 1        0.553        0.538           1.104
       Category 2        0.447        0.462          -1.104
       Univariate Pearson Chi-Square                  6.324
       Univariate Log-Likelihood Chi-Square           6.335
     TA_4
       Category 1        0.536        0.530           0.378
       Category 2        0.464        0.470          -0.378
       Univariate Pearson Chi-Square                  0.741
       Univariate Log-Likelihood Chi-Square           0.741

       Overall Univariate Pearson Chi-Square                        53.629
       Overall Univariate Log-Likelihood Chi-Square                 53.524


     BIVARIATE MODEL FIT INFORMATION

                                              Estimated Probabilities
                                                                 Standardized
     Variable       Variable              H1           H0          Residual
                                                                  (z-score)
     TA_1           TA_2
       Category 1     Category 1        0.376        0.386          -0.717
       Category 1     Category 2        0.193        0.165           2.653
       Category 2     Category 1        0.131        0.159          -2.735
       Category 2     Category 2        0.300        0.290           0.804
       Bivariate Pearson Chi-Square                                 67.139
       Bivariate Log-Likelihood Chi-Square                          67.672
     TA_1           TA_3
       Category 1     Category 1        0.389        0.375           1.010
       Category 1     Category 2        0.180        0.176           0.386
       Category 2     Category 1        0.164        0.162           0.167
       Category 2     Category 2        0.267        0.287          -1.542
       Bivariate Pearson Chi-Square                                 12.863
       Bivariate Log-Likelihood Chi-Square                          13.027
     TA_1           TA_4
       Category 1     Category 1        0.376        0.363           0.923
       Category 1     Category 2        0.193        0.188           0.491
       Category 2     Category 1        0.160        0.167          -0.684
       Category 2     Category 2        0.271        0.282          -0.845
       Bivariate Pearson Chi-Square                                  8.515
       Bivariate Log-Likelihood Chi-Square                           8.538
     TA_2           TA_3
       Category 1     Category 1        0.382        0.391          -0.658
       Category 1     Category 2        0.125        0.154          -2.848
       Category 2     Category 1        0.171        0.147           2.463
       Category 2     Category 2        0.322        0.308           1.035
       Bivariate Pearson Chi-Square                                 67.626
       Bivariate Log-Likelihood Chi-Square                          68.670
     TA_2           TA_4
       Category 1     Category 1        0.369        0.385          -1.146
       Category 1     Category 2        0.137        0.160          -2.161
       Category 2     Category 1        0.166        0.145           2.119
       Category 2     Category 2        0.327        0.310           1.305
       Bivariate Pearson Chi-Square                                 50.524
       Bivariate Log-Likelihood Chi-Square                          50.595
     TA_3           TA_4
       Category 1     Category 1        0.408        0.400           0.632
       Category 1     Category 2        0.145        0.138           0.699
       Category 2     Category 1        0.127        0.131          -0.358
       Category 2     Category 2        0.319        0.332          -0.913
       Bivariate Pearson Chi-Square                                  6.895
       Bivariate Log-Likelihood Chi-Square                           6.892

       Overall Bivariate Pearson Chi-Square                        213.562
       Overall Bivariate Log-Likelihood Chi-Square                 215.394


DIAGRAM INFORMATION

  Use View Diagram under the Diagram menu in the Mplus Editor to view the diagram.
  If running Mplus from the Mplus Diagrammer, the diagram opens automatically.

  Diagram output
    c:\users\kylenick\onedrive - university of north carolina at chapel hill\dorothy\00 sources of strength data w1-w4 -

     Beginning Time:  15:07:18
        Ending Time:  15:07:19
       Elapsed Time:  00:00:01



MUTHEN & MUTHEN
3463 Stoner Ave.
Los Angeles, CA  90066

Tel: (310) 391-9971
Fax: (310) 391-8971
Web: www.StatModel.com
Support: Support@StatModel.com

Copyright (c) 1998-2019 Muthen & Muthen
