Mplus VERSION 8.4
MUTHEN & MUTHEN
07/05/2022   2:26 PM

INPUT INSTRUCTIONS

  TITLE:
  FSC Perpetration - LGM;
  DATA:
  FILE = "Mplus/Automatr/LGM/CPS_LGM_7a02acca8b7fa3e4c7bc3e996e87711e.dat";

  VARIABLE:
  NAMES = ID School CPS_1 CPS_2 CPS_3 CPS_4;
   MISSING=.;
   IDVARIABLE = ID;
                                      CLUSTER = School;
  ANALYSIS:
  TYPE = COMPLEX;
  MODEL:
  i s | CPS_1@0 CPS_2@1 CPS_3@2 CPS_4@3;
  OUTPUT:
  STANDARDIZED CINTERVAL RESIDUAL TECH1 TECH4;



*** WARNING
  Data set contains cases with missing on all variables.
  These cases were not included in the analysis.
  Number of cases with missing on all variables:  132
   1 WARNING(S) FOUND IN THE INPUT INSTRUCTIONS




FSC Perpetration - LGM;

SUMMARY OF ANALYSIS

Number of groups                                                 1
Number of observations                                        6329

Number of dependent variables                                    4
Number of independent variables                                  0
Number of continuous latent variables                            2

Observed dependent variables

  Continuous
   CPS_1       CPS_2       CPS_3       CPS_4

Continuous latent variables
   I           S

Variables with special functions

  Cluster variable      SCHOOL
  ID variable           ID

Estimator                                                      MLR
Information matrix                                        OBSERVED
Maximum number of iterations                                  1000
Convergence criterion                                    0.500D-04
Maximum number of steepest descent iterations                   20
Maximum number of iterations for H1                           2000
Convergence criterion for H1                             0.100D-03

Input data file(s)
  Mplus/Automatr/LGM/CPS_LGM_7a02acca8b7fa3e4c7bc3e996e87711e.dat

Input data format  FREE


SUMMARY OF DATA

     Number of missing data patterns            15
     Number of clusters                         20



COVARIANCE COVERAGE OF DATA

Minimum covariance coverage value   0.100


     PROPORTION OF DATA PRESENT


           Covariance Coverage
              CPS_1         CPS_2         CPS_3         CPS_4
              ________      ________      ________      ________
 CPS_1          0.730
 CPS_2          0.540         0.670
 CPS_3          0.462         0.464         0.636
 CPS_4          0.378         0.381         0.408         0.523



UNIVARIATE SAMPLE STATISTICS


     UNIVARIATE HIGHER-ORDER MOMENT DESCRIPTIVE STATISTICS

         Variable/         Mean/     Skewness/   Minimum/ % with                Percentiles
        Sample Size      Variance    Kurtosis    Maximum  Min/Max      20%/60%    40%/80%    Median

     CPS_1                 0.034      11.493       0.000   93.81%       0.000      0.000      0.000
            4623.000       0.062     153.067       4.000    0.15%       0.000      0.000
     CPS_2                 0.055       8.785       0.000   93.25%       0.000      0.000      0.000
            4238.000       0.116      86.002       4.000    0.35%       0.000      0.000
     CPS_3                 0.059       8.446       0.000   94.49%       0.000      0.000      0.000
            4026.000       0.154      75.513       4.000    0.67%       0.000      0.000
     CPS_4                 0.089       6.765       0.000   92.41%       0.000      0.000      0.000
            3308.000       0.229      48.213       4.000    1.00%       0.000      0.000


THE MODEL ESTIMATION TERMINATED NORMALLY



MODEL FIT INFORMATION

Number of Free Parameters                        9

Loglikelihood

          H0 Value                       -5390.032
          H0 Scaling Correction Factor     48.2242
            for MLR
          H1 Value                       -5382.870
          H1 Scaling Correction Factor     33.7172
            for MLR

Information Criteria

          Akaike (AIC)                   10798.064
          Bayesian (BIC)                 10858.840
          Sample-Size Adjusted BIC       10830.240
            (n* = (n + 2) / 24)

Chi-Square Test of Model Fit

          Value                              1.884*
          Degrees of Freedom                     5
          P-Value                           0.8650
          Scaling Correction Factor         7.6046
            for MLR

*   The chi-square value for MLM, MLMV, MLR, ULSMV, WLSM and WLSMV cannot be used
    for chi-square difference testing in the regular way.  MLM, MLR and WLSM
    chi-square difference testing is described on the Mplus website.  MLMV, WLSMV,
    and ULSMV difference testing is done using the DIFFTEST option.

RMSEA (Root Mean Square Error Of Approximation)

          Estimate                           0.000
          90 Percent C.I.                    0.000  0.009
          Probability RMSEA <= .05           1.000

CFI/TLI

          CFI                                1.000
          TLI                                1.000

Chi-Square Test of Model Fit for the Baseline Model

          Value                             60.654
          Degrees of Freedom                     6
          P-Value                           0.0000

SRMR (Standardized Root Mean Square Residual)

          Value                              0.015



MODEL RESULTS

                                                    Two-Tailed
                    Estimate       S.E.  Est./S.E.    P-Value

 I        |
    CPS_1              1.000      0.000    999.000    999.000
    CPS_2              1.000      0.000    999.000    999.000
    CPS_3              1.000      0.000    999.000    999.000
    CPS_4              1.000      0.000    999.000    999.000

 S        |
    CPS_1              0.000      0.000    999.000    999.000
    CPS_2              1.000      0.000    999.000    999.000
    CPS_3              2.000      0.000    999.000    999.000
    CPS_4              3.000      0.000    999.000    999.000

 S        WITH
    I                 -0.007      0.007     -0.969      0.332

 Means
    I                  0.034      0.007      5.114      0.000
    S                  0.017      0.005      3.532      0.000

 Intercepts
    CPS_1              0.000      0.000    999.000    999.000
    CPS_2              0.000      0.000    999.000    999.000
    CPS_3              0.000      0.000    999.000    999.000
    CPS_4              0.000      0.000    999.000    999.000

 Variances
    I                  0.034      0.018      1.877      0.061
    S                  0.009      0.004      2.252      0.024

 Residual Variances
    CPS_1              0.028      0.009      3.122      0.002
    CPS_2              0.089      0.019      4.555      0.000
    CPS_3              0.115      0.024      4.829      0.000
    CPS_4              0.157      0.031      4.985      0.000


STANDARDIZED MODEL RESULTS


STDYX Standardization

                                                    Two-Tailed
                    Estimate       S.E.  Est./S.E.    P-Value

 I        |
    CPS_1              0.740      0.119      6.226      0.000
    CPS_2              0.535      0.129      4.160      0.000
    CPS_3              0.464      0.114      4.051      0.000
    CPS_4              0.383      0.110      3.473      0.001

 S        |
    CPS_1              0.000      0.000    999.000    999.000
    CPS_2              0.275      0.045      6.088      0.000
    CPS_3              0.477      0.073      6.565      0.000
    CPS_4              0.591      0.129      4.591      0.000

 S        WITH
    I                 -0.400      0.261     -1.532      0.126

 Means
    I                  0.187      0.031      6.084      0.000
    S                  0.182      0.048      3.762      0.000

 Intercepts
    CPS_1              0.000      0.000    999.000    999.000
    CPS_2              0.000      0.000    999.000    999.000
    CPS_3              0.000      0.000    999.000    999.000
    CPS_4              0.000      0.000    999.000    999.000

 Variances
    I                  1.000      0.000    999.000    999.000
    S                  1.000      0.000    999.000    999.000

 Residual Variances
    CPS_1              0.453      0.176      2.576      0.010
    CPS_2              0.756      0.051     14.931      0.000
    CPS_3              0.734      0.048     15.151      0.000
    CPS_4              0.685      0.099      6.939      0.000


STDY Standardization

                                                    Two-Tailed
                    Estimate       S.E.  Est./S.E.    P-Value

 I        |
    CPS_1              0.740      0.119      6.226      0.000
    CPS_2              0.535      0.129      4.160      0.000
    CPS_3              0.464      0.114      4.051      0.000
    CPS_4              0.383      0.110      3.473      0.001

 S        |
    CPS_1              0.000      0.000    999.000    999.000
    CPS_2              0.275      0.045      6.088      0.000
    CPS_3              0.477      0.073      6.565      0.000
    CPS_4              0.591      0.129      4.591      0.000

 S        WITH
    I                 -0.400      0.261     -1.532      0.126

 Means
    I                  0.187      0.031      6.084      0.000
    S                  0.182      0.048      3.762      0.000

 Intercepts
    CPS_1              0.000      0.000    999.000    999.000
    CPS_2              0.000      0.000    999.000    999.000
    CPS_3              0.000      0.000    999.000    999.000
    CPS_4              0.000      0.000    999.000    999.000

 Variances
    I                  1.000      0.000    999.000    999.000
    S                  1.000      0.000    999.000    999.000

 Residual Variances
    CPS_1              0.453      0.176      2.576      0.010
    CPS_2              0.756      0.051     14.931      0.000
    CPS_3              0.734      0.048     15.151      0.000
    CPS_4              0.685      0.099      6.939      0.000


STD Standardization

                                                    Two-Tailed
                    Estimate       S.E.  Est./S.E.    P-Value

 I        |
    CPS_1              0.183      0.049      3.754      0.000
    CPS_2              0.183      0.049      3.754      0.000
    CPS_3              0.183      0.049      3.754      0.000
    CPS_4              0.183      0.049      3.754      0.000

 S        |
    CPS_1              0.000      0.000    999.000    999.000
    CPS_2              0.094      0.021      4.503      0.000
    CPS_3              0.189      0.042      4.503      0.000
    CPS_4              0.283      0.063      4.503      0.000

 S        WITH
    I                 -0.400      0.261     -1.532      0.126

 Means
    I                  0.187      0.031      6.084      0.000
    S                  0.182      0.048      3.762      0.000

 Intercepts
    CPS_1              0.000      0.000    999.000    999.000
    CPS_2              0.000      0.000    999.000    999.000
    CPS_3              0.000      0.000    999.000    999.000
    CPS_4              0.000      0.000    999.000    999.000

 Variances
    I                  1.000      0.000    999.000    999.000
    S                  1.000      0.000    999.000    999.000

 Residual Variances
    CPS_1              0.028      0.009      3.122      0.002
    CPS_2              0.089      0.019      4.555      0.000
    CPS_3              0.115      0.024      4.829      0.000
    CPS_4              0.157      0.031      4.985      0.000


R-SQUARE

    Observed                                        Two-Tailed
    Variable        Estimate       S.E.  Est./S.E.    P-Value

    CPS_1              0.547      0.176      3.113      0.002
    CPS_2              0.244      0.051      4.826      0.000
    CPS_3              0.266      0.048      5.485      0.000
    CPS_4              0.315      0.099      3.192      0.001


QUALITY OF NUMERICAL RESULTS

     Condition Number for the Information Matrix              0.290E-02
       (ratio of smallest to largest eigenvalue)


CONFIDENCE INTERVALS OF MODEL RESULTS

                  Lower .5%  Lower 2.5%    Lower 5%    Estimate    Upper 5%  Upper 2.5%   Upper .5%

 I        |
    CPS_1            1.000       1.000       1.000       1.000       1.000       1.000       1.000
    CPS_2            1.000       1.000       1.000       1.000       1.000       1.000       1.000
    CPS_3            1.000       1.000       1.000       1.000       1.000       1.000       1.000
    CPS_4            1.000       1.000       1.000       1.000       1.000       1.000       1.000

 S        |
    CPS_1            0.000       0.000       0.000       0.000       0.000       0.000       0.000
    CPS_2            1.000       1.000       1.000       1.000       1.000       1.000       1.000
    CPS_3            2.000       2.000       2.000       2.000       2.000       2.000       2.000
    CPS_4            3.000       3.000       3.000       3.000       3.000       3.000       3.000

 S        WITH
    I               -0.025      -0.021      -0.019      -0.007       0.005       0.007       0.011

 Means
    I                0.017       0.021       0.023       0.034       0.045       0.047       0.052
    S                0.005       0.008       0.009       0.017       0.025       0.027       0.030

 Intercepts
    CPS_1            0.000       0.000       0.000       0.000       0.000       0.000       0.000
    CPS_2            0.000       0.000       0.000       0.000       0.000       0.000       0.000
    CPS_3            0.000       0.000       0.000       0.000       0.000       0.000       0.000
    CPS_4            0.000       0.000       0.000       0.000       0.000       0.000       0.000

 Variances
    I               -0.013      -0.001       0.004       0.034       0.063       0.069       0.080
    S               -0.001       0.001       0.002       0.009       0.015       0.017       0.019

 Residual Variances
    CPS_1            0.005       0.010       0.013       0.028       0.042       0.045       0.051
    CPS_2            0.039       0.051       0.057       0.089       0.121       0.127       0.139
    CPS_3            0.054       0.068       0.076       0.115       0.154       0.161       0.176
    CPS_4            0.076       0.095       0.105       0.157       0.209       0.219       0.238


CONFIDENCE INTERVALS OF STANDARDIZED MODEL RESULTS


STDYX Standardization

                  Lower .5%  Lower 2.5%    Lower 5%    Estimate    Upper 5%  Upper 2.5%   Upper .5%

 I        |
    CPS_1            0.434       0.507       0.544       0.740       0.935       0.973       1.046
    CPS_2            0.204       0.283       0.323       0.535       0.747       0.787       0.866
    CPS_3            0.169       0.239       0.275       0.464       0.652       0.688       0.758
    CPS_4            0.099       0.167       0.201       0.383       0.564       0.599       0.667

 S        |
    CPS_1            0.000       0.000       0.000       0.000       0.000       0.000       0.000
    CPS_2            0.159       0.187       0.201       0.275       0.350       0.364       0.392
    CPS_3            0.290       0.335       0.358       0.477       0.597       0.620       0.664
    CPS_4            0.259       0.339       0.379       0.591       0.803       0.843       0.923

 S        WITH
    I               -1.072      -0.911      -0.829      -0.400       0.030       0.112       0.272

 Means
    I                0.108       0.127       0.137       0.187       0.238       0.248       0.267
    S                0.058       0.087       0.103       0.182       0.262       0.277       0.307

 Intercepts
    CPS_1            0.000       0.000       0.000       0.000       0.000       0.000       0.000
    CPS_2            0.000       0.000       0.000       0.000       0.000       0.000       0.000
    CPS_3            0.000       0.000       0.000       0.000       0.000       0.000       0.000
    CPS_4            0.000       0.000       0.000       0.000       0.000       0.000       0.000

 Variances
    I                1.000       1.000       1.000       1.000       1.000       1.000       1.000
    S                1.000       1.000       1.000       1.000       1.000       1.000       1.000

 Residual Variances
    CPS_1            0.000       0.108       0.164       0.453       0.742       0.797       0.906
    CPS_2            0.625       0.657       0.672       0.756       0.839       0.855       0.886
    CPS_3            0.609       0.639       0.654       0.734       0.814       0.829       0.859
    CPS_4            0.431       0.491       0.523       0.685       0.847       0.878       0.939


STDY Standardization

                  Lower .5%  Lower 2.5%    Lower 5%    Estimate    Upper 5%  Upper 2.5%   Upper .5%

 I        |
    CPS_1            0.434       0.507       0.544       0.740       0.935       0.973       1.046
    CPS_2            0.204       0.283       0.323       0.535       0.747       0.787       0.866
    CPS_3            0.169       0.239       0.275       0.464       0.652       0.688       0.758
    CPS_4            0.099       0.167       0.201       0.383       0.564       0.599       0.667

 S        |
    CPS_1            0.000       0.000       0.000       0.000       0.000       0.000       0.000
    CPS_2            0.159       0.187       0.201       0.275       0.350       0.364       0.392
    CPS_3            0.290       0.335       0.358       0.477       0.597       0.620       0.664
    CPS_4            0.259       0.339       0.379       0.591       0.803       0.843       0.923

 S        WITH
    I               -1.072      -0.911      -0.829      -0.400       0.030       0.112       0.272

 Means
    I                0.108       0.127       0.137       0.187       0.238       0.248       0.267
    S                0.058       0.087       0.103       0.182       0.262       0.277       0.307

 Intercepts
    CPS_1            0.000       0.000       0.000       0.000       0.000       0.000       0.000
    CPS_2            0.000       0.000       0.000       0.000       0.000       0.000       0.000
    CPS_3            0.000       0.000       0.000       0.000       0.000       0.000       0.000
    CPS_4            0.000       0.000       0.000       0.000       0.000       0.000       0.000

 Variances
    I                1.000       1.000       1.000       1.000       1.000       1.000       1.000
    S                1.000       1.000       1.000       1.000       1.000       1.000       1.000

 Residual Variances
    CPS_1            0.000       0.108       0.164       0.453       0.742       0.797       0.906
    CPS_2            0.625       0.657       0.672       0.756       0.839       0.855       0.886
    CPS_3            0.609       0.639       0.654       0.734       0.814       0.829       0.859
    CPS_4            0.431       0.491       0.523       0.685       0.847       0.878       0.939


STD Standardization

                  Lower .5%  Lower 2.5%    Lower 5%    Estimate    Upper 5%  Upper 2.5%   Upper .5%

 I        |
    CPS_1            0.058       0.088       0.103       0.183       0.264       0.279       0.309
    CPS_2            0.058       0.088       0.103       0.183       0.264       0.279       0.309
    CPS_3            0.058       0.088       0.103       0.183       0.264       0.279       0.309
    CPS_4            0.058       0.088       0.103       0.183       0.264       0.279       0.309

 S        |
    CPS_1            0.000       0.000       0.000       0.000       0.000       0.000       0.000
    CPS_2            0.040       0.053       0.060       0.094       0.129       0.135       0.148
    CPS_3            0.081       0.107       0.120       0.189       0.258       0.271       0.297
    CPS_4            0.121       0.160       0.180       0.283       0.386       0.406       0.445

 S        WITH
    I               -1.072      -0.911      -0.829      -0.400       0.030       0.112       0.272

 Means
    I                0.108       0.127       0.137       0.187       0.238       0.248       0.267
    S                0.058       0.087       0.103       0.182       0.262       0.277       0.307

 Intercepts
    CPS_1            0.000       0.000       0.000       0.000       0.000       0.000       0.000
    CPS_2            0.000       0.000       0.000       0.000       0.000       0.000       0.000
    CPS_3            0.000       0.000       0.000       0.000       0.000       0.000       0.000
    CPS_4            0.000       0.000       0.000       0.000       0.000       0.000       0.000

 Variances
    I                1.000       1.000       1.000       1.000       1.000       1.000       1.000
    S                1.000       1.000       1.000       1.000       1.000       1.000       1.000

 Residual Variances
    CPS_1            0.005       0.010       0.013       0.028       0.042       0.045       0.051
    CPS_2            0.039       0.051       0.057       0.089       0.121       0.127       0.139
    CPS_3            0.054       0.068       0.076       0.115       0.154       0.161       0.176
    CPS_4            0.076       0.095       0.105       0.157       0.209       0.219       0.238


RESIDUAL OUTPUT


     ESTIMATED MODEL AND RESIDUALS (OBSERVED - ESTIMATED)


           Model Estimated Means
              CPS_1         CPS_2         CPS_3         CPS_4
              ________      ________      ________      ________
                0.034         0.052         0.069         0.086


           Residuals for Means
              CPS_1         CPS_2         CPS_3         CPS_4
              ________      ________      ________      ________
                0.000         0.003        -0.007         0.006


           Standardized Residuals (z-scores) for Means
              CPS_1         CPS_2         CPS_3         CPS_4
              ________      ________      ________      ________
              999.000         0.534        -1.342       999.000


           Normalized Residuals for Means
              CPS_1         CPS_2         CPS_3         CPS_4
              ________      ________      ________      ________
               -0.011         0.375        -0.668         0.469


           Model Estimated Covariances
              CPS_1         CPS_2         CPS_3         CPS_4
              ________      ________      ________      ________
 CPS_1          0.061
 CPS_2          0.027         0.117
 CPS_3          0.020         0.031         0.156
 CPS_4          0.013         0.033         0.052         0.229


           Model Estimated Correlations
              CPS_1         CPS_2         CPS_3         CPS_4
              ________      ________      ________      ________
 CPS_1          1.000
 CPS_2          0.314         1.000
 CPS_3          0.202         0.226         1.000
 CPS_4          0.108         0.199         0.277         1.000


           Residuals for Covariances
              CPS_1         CPS_2         CPS_3         CPS_4
              ________      ________      ________      ________
 CPS_1          0.000
 CPS_2         -0.001        -0.001
 CPS_3          0.003        -0.005         0.000
 CPS_4          0.000         0.003         0.003         0.002


           Residuals for Correlations
              CPS_1         CPS_2         CPS_3         CPS_4
              ________      ________      ________      ________
 CPS_1          0.000
 CPS_2         -0.006         0.000
 CPS_3          0.028        -0.037         0.000
 CPS_4         -0.001         0.017         0.014         0.000


           Standardized Residuals (z-scores) for Covariances
              CPS_1         CPS_2         CPS_3         CPS_4
              ________      ________      ________      ________
 CPS_1          0.372
 CPS_2         -0.159        -0.149
 CPS_3          0.667       999.000         0.000
 CPS_4        999.000         0.147       999.000         0.281


           Normalized Residuals for Covariances
              CPS_1         CPS_2         CPS_3         CPS_4
              ________      ________      ________      ________
 CPS_1          0.012
 CPS_2         -0.049        -0.049
 CPS_3          0.422        -1.040         0.000
 CPS_4         -0.025         0.132         0.205         0.064


TECHNICAL 1 OUTPUT


     PARAMETER SPECIFICATION


           NU
              CPS_1         CPS_2         CPS_3         CPS_4
              ________      ________      ________      ________
                  0             0             0             0


           LAMBDA
              I             S
              ________      ________
 CPS_1              0             0
 CPS_2              0             0
 CPS_3              0             0
 CPS_4              0             0


           THETA
              CPS_1         CPS_2         CPS_3         CPS_4
              ________      ________      ________      ________
 CPS_1              1
 CPS_2              0             2
 CPS_3              0             0             3
 CPS_4              0             0             0             4


           ALPHA
              I             S
              ________      ________
                  5             6


           BETA
              I             S
              ________      ________
 I                  0             0
 S                  0             0


           PSI
              I             S
              ________      ________
 I                  7
 S                  8             9


     STARTING VALUES


           NU
              CPS_1         CPS_2         CPS_3         CPS_4
              ________      ________      ________      ________
                0.000         0.000         0.000         0.000


           LAMBDA
              I             S
              ________      ________
 CPS_1          1.000         0.000
 CPS_2          1.000         1.000
 CPS_3          1.000         2.000
 CPS_4          1.000         3.000


           THETA
              CPS_1         CPS_2         CPS_3         CPS_4
              ________      ________      ________      ________
 CPS_1          0.031
 CPS_2          0.000         0.058
 CPS_3          0.000         0.000         0.077
 CPS_4          0.000         0.000         0.000         0.114


           ALPHA
              I             S
              ________      ________
                0.034         0.020


           BETA
              I             S
              ________      ________
 I              0.000         0.000
 S              0.000         0.000


           PSI
              I             S
              ________      ________
 I              0.075
 S              0.000         0.063


TECHNICAL 4 OUTPUT


     ESTIMATES DERIVED FROM THE MODEL


           ESTIMATED MEANS FOR THE LATENT VARIABLES
              I             S
              ________      ________
                0.034         0.017


           S.E. FOR ESTIMATED MEANS FOR THE LATENT VARIABLES
              I             S
              ________      ________
                0.007         0.005


           EST./S.E. FOR ESTIMATED MEANS FOR THE LATENT VARIABLES
              I             S
              ________      ________
                5.114         3.532


           TWO-TAILED P-VALUE FOR ESTIMATED MEANS FOR THE LATENT VARIABLES
              I             S
              ________      ________
                0.000         0.000


           ESTIMATED COVARIANCE MATRIX FOR THE LATENT VARIABLES
              I             S
              ________      ________
 I              0.034
 S             -0.007         0.009


           S.E. FOR ESTIMATED COVARIANCE MATRIX FOR THE LATENT VARIABLES
              I             S
              ________      ________
 I              0.018
 S              0.007         0.004


           EST./S.E. FOR ESTIMATED COVARIANCE MATRIX FOR THE LATENT VARIABLES
              I             S
              ________      ________
 I              1.877
 S             -0.969         2.252


           TWO-TAILED P-VALUE FOR ESTIMATED COVARIANCE MATRIX FOR THE LATENT VARIABLES
              I             S
              ________      ________
 I              0.061
 S              0.332         0.024


           ESTIMATED CORRELATION MATRIX FOR THE LATENT VARIABLES
              I             S
              ________      ________
 I              1.000
 S             -0.400         1.000


           S.E. FOR ESTIMATED CORRELATION MATRIX FOR THE LATENT VARIABLES
              I             S
              ________      ________
 I              0.000
 S              0.261         0.000


           EST./S.E. FOR ESTIMATED CORRELATION MATRIX FOR THE LATENT VARIABLES
              I             S
              ________      ________
 I            999.000
 S             -1.532       999.000


           TWO-TAILED P-VALUE FOR ESTIMATED CORRELATION MATRIX FOR THE LATENT VARIABLES
              I             S
              ________      ________
 I              0.000
 S              0.126         0.000


     Beginning Time:  14:26:55
        Ending Time:  14:26:55
       Elapsed Time:  00:00:00



MUTHEN & MUTHEN
3463 Stoner Ave.
Los Angeles, CA  90066

Tel: (310) 391-9971
Fax: (310) 391-8971
Web: www.StatModel.com
Support: Support@StatModel.com

Copyright (c) 1998-2019 Muthen & Muthen
