Mplus VERSION 8.4
MUTHEN & MUTHEN
07/05/2022   2:26 PM

INPUT INSTRUCTIONS

  TITLE:
  FCS Victimization - LGM;
  DATA:
  FILE = "Mplus/Automatr/LGM/CVS_LGM_278f0836cd06dfc919c465d4d84ca8c7.dat";

  VARIABLE:
  NAMES = ID School CVS_1 CVS_2 CVS_3 CVS_4;
   MISSING=.;
   IDVARIABLE = ID;
                                      CLUSTER = School;
  ANALYSIS:
  TYPE = COMPLEX;
  MODEL:
  i s | CVS_1@0 CVS_2@1 CVS_3@2 CVS_4@3;
  OUTPUT:
  STANDARDIZED CINTERVAL RESIDUAL TECH1 TECH4;



*** WARNING
  Data set contains cases with missing on all variables.
  These cases were not included in the analysis.
  Number of cases with missing on all variables:  151
   1 WARNING(S) FOUND IN THE INPUT INSTRUCTIONS




FCS Victimization - LGM;

SUMMARY OF ANALYSIS

Number of groups                                                 1
Number of observations                                        6310

Number of dependent variables                                    4
Number of independent variables                                  0
Number of continuous latent variables                            2

Observed dependent variables

  Continuous
   CVS_1       CVS_2       CVS_3       CVS_4

Continuous latent variables
   I           S

Variables with special functions

  Cluster variable      SCHOOL
  ID variable           ID

Estimator                                                      MLR
Information matrix                                        OBSERVED
Maximum number of iterations                                  1000
Convergence criterion                                    0.500D-04
Maximum number of steepest descent iterations                   20
Maximum number of iterations for H1                           2000
Convergence criterion for H1                             0.100D-03

Input data file(s)
  Mplus/Automatr/LGM/CVS_LGM_278f0836cd06dfc919c465d4d84ca8c7.dat

Input data format  FREE


SUMMARY OF DATA

     Number of missing data patterns            15
     Number of clusters                         20



COVARIANCE COVERAGE OF DATA

Minimum covariance coverage value   0.100


     PROPORTION OF DATA PRESENT


           Covariance Coverage
              CVS_1         CVS_2         CVS_3         CVS_4
              ________      ________      ________      ________
 CVS_1          0.730
 CVS_2          0.538         0.667
 CVS_3          0.463         0.463         0.638
 CVS_4          0.378         0.381         0.408         0.522



UNIVARIATE SAMPLE STATISTICS


     UNIVARIATE HIGHER-ORDER MOMENT DESCRIPTIVE STATISTICS

         Variable/         Mean/     Skewness/   Minimum/ % with                Percentiles
        Sample Size      Variance    Kurtosis    Maximum  Min/Max      20%/60%    40%/80%    Median

     CVS_1                 0.078       7.830       0.000   84.31%       0.000      0.000      0.000
            4609.000       0.108      76.231       4.000    0.30%       0.000      0.000
     CVS_2                 0.098       6.646       0.000   83.98%       0.000      0.000      0.000
            4208.000       0.163      51.571       4.000    0.45%       0.000      0.000
     CVS_3                 0.091       7.135       0.000   86.58%       0.000      0.000      0.000
            4023.000       0.182      56.386       4.000    0.72%       0.000      0.000
     CVS_4                 0.116       6.127       0.000   86.81%       0.000      0.000      0.000
            3291.000       0.258      40.104       4.000    1.00%       0.000      0.000


THE MODEL ESTIMATION TERMINATED NORMALLY



MODEL FIT INFORMATION

Number of Free Parameters                        9

Loglikelihood

          H0 Value                       -7897.036
          H0 Scaling Correction Factor     34.3579
            for MLR
          H1 Value                       -7888.207
          H1 Scaling Correction Factor     24.5997
            for MLR

Information Criteria

          Akaike (AIC)                   15812.073
          Bayesian (BIC)                 15872.822
          Sample-Size Adjusted BIC       15844.222
            (n* = (n + 2) / 24)

Chi-Square Test of Model Fit

          Value                              2.510*
          Degrees of Freedom                     5
          P-Value                           0.7750
          Scaling Correction Factor         7.0349
            for MLR

*   The chi-square value for MLM, MLMV, MLR, ULSMV, WLSM and WLSMV cannot be used
    for chi-square difference testing in the regular way.  MLM, MLR and WLSM
    chi-square difference testing is described on the Mplus website.  MLMV, WLSMV,
    and ULSMV difference testing is done using the DIFFTEST option.

RMSEA (Root Mean Square Error Of Approximation)

          Estimate                           0.000
          90 Percent C.I.                    0.000  0.012
          Probability RMSEA <= .05           1.000

CFI/TLI

          CFI                                1.000
          TLI                                1.000

Chi-Square Test of Model Fit for the Baseline Model

          Value                             67.061
          Degrees of Freedom                     6
          P-Value                           0.0000

SRMR (Standardized Root Mean Square Residual)

          Value                              0.019



MODEL RESULTS

                                                    Two-Tailed
                    Estimate       S.E.  Est./S.E.    P-Value

 I        |
    CVS_1              1.000      0.000    999.000    999.000
    CVS_2              1.000      0.000    999.000    999.000
    CVS_3              1.000      0.000    999.000    999.000
    CVS_4              1.000      0.000    999.000    999.000

 S        |
    CVS_1              0.000      0.000    999.000    999.000
    CVS_2              1.000      0.000    999.000    999.000
    CVS_3              2.000      0.000    999.000    999.000
    CVS_4              3.000      0.000    999.000    999.000

 S        WITH
    I                 -0.013      0.007     -1.818      0.069

 Means
    I                  0.079      0.008      9.385      0.000
    S                  0.012      0.006      1.928      0.054

 Intercepts
    CVS_1              0.000      0.000    999.000    999.000
    CVS_2              0.000      0.000    999.000    999.000
    CVS_3              0.000      0.000    999.000    999.000
    CVS_4              0.000      0.000    999.000    999.000

 Variances
    I                  0.055      0.016      3.487      0.000
    S                  0.012      0.004      3.016      0.003

 Residual Variances
    CVS_1              0.052      0.022      2.368      0.018
    CVS_2              0.126      0.019      6.551      0.000
    CVS_3              0.131      0.019      6.747      0.000
    CVS_4              0.168      0.027      6.128      0.000


STANDARDIZED MODEL RESULTS


STDYX Standardization

                                                    Two-Tailed
                    Estimate       S.E.  Est./S.E.    P-Value

 I        |
    CVS_1              0.716      0.098      7.334      0.000
    CVS_2              0.572      0.079      7.222      0.000
    CVS_3              0.547      0.079      6.889      0.000
    CVS_4              0.462      0.085      5.425      0.000

 S        |
    CVS_1              0.000      0.000    999.000    999.000
    CVS_2              0.271      0.037      7.286      0.000
    CVS_3              0.518      0.073      7.069      0.000
    CVS_4              0.657      0.102      6.430      0.000

 S        WITH
    I                 -0.493      0.166     -2.967      0.003

 Means
    I                  0.337      0.049      6.826      0.000
    S                  0.105      0.051      2.073      0.038

 Intercepts
    CVS_1              0.000      0.000    999.000    999.000
    CVS_2              0.000      0.000    999.000    999.000
    CVS_3              0.000      0.000    999.000    999.000
    CVS_4              0.000      0.000    999.000    999.000

 Variances
    I                  1.000      0.000    999.000    999.000
    S                  1.000      0.000    999.000    999.000

 Residual Variances
    CVS_1              0.488      0.140      3.491      0.000
    CVS_2              0.752      0.032     23.286      0.000
    CVS_3              0.712      0.048     14.831      0.000
    CVS_4              0.654      0.069      9.550      0.000


STDY Standardization

                                                    Two-Tailed
                    Estimate       S.E.  Est./S.E.    P-Value

 I        |
    CVS_1              0.716      0.098      7.334      0.000
    CVS_2              0.572      0.079      7.222      0.000
    CVS_3              0.547      0.079      6.889      0.000
    CVS_4              0.462      0.085      5.425      0.000

 S        |
    CVS_1              0.000      0.000    999.000    999.000
    CVS_2              0.271      0.037      7.286      0.000
    CVS_3              0.518      0.073      7.069      0.000
    CVS_4              0.657      0.102      6.430      0.000

 S        WITH
    I                 -0.493      0.166     -2.967      0.003

 Means
    I                  0.337      0.049      6.826      0.000
    S                  0.105      0.051      2.073      0.038

 Intercepts
    CVS_1              0.000      0.000    999.000    999.000
    CVS_2              0.000      0.000    999.000    999.000
    CVS_3              0.000      0.000    999.000    999.000
    CVS_4              0.000      0.000    999.000    999.000

 Variances
    I                  1.000      0.000    999.000    999.000
    S                  1.000      0.000    999.000    999.000

 Residual Variances
    CVS_1              0.488      0.140      3.491      0.000
    CVS_2              0.752      0.032     23.286      0.000
    CVS_3              0.712      0.048     14.831      0.000
    CVS_4              0.654      0.069      9.550      0.000


STD Standardization

                                                    Two-Tailed
                    Estimate       S.E.  Est./S.E.    P-Value

 I        |
    CVS_1              0.234      0.034      6.975      0.000
    CVS_2              0.234      0.034      6.975      0.000
    CVS_3              0.234      0.034      6.975      0.000
    CVS_4              0.234      0.034      6.975      0.000

 S        |
    CVS_1              0.000      0.000    999.000    999.000
    CVS_2              0.111      0.018      6.032      0.000
    CVS_3              0.222      0.037      6.032      0.000
    CVS_4              0.333      0.055      6.032      0.000

 S        WITH
    I                 -0.493      0.166     -2.967      0.003

 Means
    I                  0.337      0.049      6.826      0.000
    S                  0.105      0.051      2.073      0.038

 Intercepts
    CVS_1              0.000      0.000    999.000    999.000
    CVS_2              0.000      0.000    999.000    999.000
    CVS_3              0.000      0.000    999.000    999.000
    CVS_4              0.000      0.000    999.000    999.000

 Variances
    I                  1.000      0.000    999.000    999.000
    S                  1.000      0.000    999.000    999.000

 Residual Variances
    CVS_1              0.052      0.022      2.368      0.018
    CVS_2              0.126      0.019      6.551      0.000
    CVS_3              0.131      0.019      6.747      0.000
    CVS_4              0.168      0.027      6.128      0.000


R-SQUARE

    Observed                                        Two-Tailed
    Variable        Estimate       S.E.  Est./S.E.    P-Value

    CVS_1              0.512      0.140      3.667      0.000
    CVS_2              0.248      0.032      7.683      0.000
    CVS_3              0.288      0.048      6.001      0.000
    CVS_4              0.346      0.069      5.042      0.000


QUALITY OF NUMERICAL RESULTS

     Condition Number for the Information Matrix              0.310E-02
       (ratio of smallest to largest eigenvalue)


CONFIDENCE INTERVALS OF MODEL RESULTS

                  Lower .5%  Lower 2.5%    Lower 5%    Estimate    Upper 5%  Upper 2.5%   Upper .5%

 I        |
    CVS_1            1.000       1.000       1.000       1.000       1.000       1.000       1.000
    CVS_2            1.000       1.000       1.000       1.000       1.000       1.000       1.000
    CVS_3            1.000       1.000       1.000       1.000       1.000       1.000       1.000
    CVS_4            1.000       1.000       1.000       1.000       1.000       1.000       1.000

 S        |
    CVS_1            0.000       0.000       0.000       0.000       0.000       0.000       0.000
    CVS_2            1.000       1.000       1.000       1.000       1.000       1.000       1.000
    CVS_3            2.000       2.000       2.000       2.000       2.000       2.000       2.000
    CVS_4            3.000       3.000       3.000       3.000       3.000       3.000       3.000

 S        WITH
    I               -0.031      -0.027      -0.024      -0.013      -0.001       0.001       0.005

 Means
    I                0.057       0.063       0.065       0.079       0.093       0.096       0.101
    S               -0.004       0.000       0.002       0.012       0.022       0.023       0.027

 Intercepts
    CVS_1            0.000       0.000       0.000       0.000       0.000       0.000       0.000
    CVS_2            0.000       0.000       0.000       0.000       0.000       0.000       0.000
    CVS_3            0.000       0.000       0.000       0.000       0.000       0.000       0.000
    CVS_4            0.000       0.000       0.000       0.000       0.000       0.000       0.000

 Variances
    I                0.014       0.024       0.029       0.055       0.081       0.086       0.095
    S                0.002       0.004       0.006       0.012       0.019       0.020       0.023

 Residual Variances
    CVS_1           -0.005       0.009       0.016       0.052       0.089       0.096       0.109
    CVS_2            0.076       0.088       0.094       0.126       0.158       0.164       0.176
    CVS_3            0.081       0.093       0.099       0.131       0.163       0.169       0.181
    CVS_4            0.098       0.114       0.123       0.168       0.213       0.222       0.239


CONFIDENCE INTERVALS OF STANDARDIZED MODEL RESULTS


STDYX Standardization

                  Lower .5%  Lower 2.5%    Lower 5%    Estimate    Upper 5%  Upper 2.5%   Upper .5%

 I        |
    CVS_1            0.464       0.524       0.555       0.716       0.876       0.907       0.967
    CVS_2            0.368       0.417       0.442       0.572       0.703       0.728       0.777
    CVS_3            0.342       0.391       0.416       0.547       0.677       0.702       0.751
    CVS_4            0.243       0.295       0.322       0.462       0.602       0.629       0.681

 S        |
    CVS_1            0.000       0.000       0.000       0.000       0.000       0.000       0.000
    CVS_2            0.175       0.198       0.210       0.271       0.332       0.344       0.367
    CVS_3            0.329       0.374       0.398       0.518       0.639       0.662       0.707
    CVS_4            0.394       0.457       0.489       0.657       0.825       0.857       0.920

 S        WITH
    I               -0.921      -0.819      -0.766      -0.493      -0.220      -0.167      -0.065

 Means
    I                0.210       0.240       0.256       0.337       0.419       0.434       0.465
    S               -0.025       0.006       0.022       0.105       0.188       0.204       0.235

 Intercepts
    CVS_1            0.000       0.000       0.000       0.000       0.000       0.000       0.000
    CVS_2            0.000       0.000       0.000       0.000       0.000       0.000       0.000
    CVS_3            0.000       0.000       0.000       0.000       0.000       0.000       0.000
    CVS_4            0.000       0.000       0.000       0.000       0.000       0.000       0.000

 Variances
    I                1.000       1.000       1.000       1.000       1.000       1.000       1.000
    S                1.000       1.000       1.000       1.000       1.000       1.000       1.000

 Residual Variances
    CVS_1            0.128       0.214       0.258       0.488       0.718       0.762       0.848
    CVS_2            0.669       0.689       0.699       0.752       0.805       0.815       0.835
    CVS_3            0.588       0.618       0.633       0.712       0.791       0.806       0.836
    CVS_4            0.478       0.520       0.542       0.654       0.767       0.789       0.831


STDY Standardization

                  Lower .5%  Lower 2.5%    Lower 5%    Estimate    Upper 5%  Upper 2.5%   Upper .5%

 I        |
    CVS_1            0.464       0.524       0.555       0.716       0.876       0.907       0.967
    CVS_2            0.368       0.417       0.442       0.572       0.703       0.728       0.777
    CVS_3            0.342       0.391       0.416       0.547       0.677       0.702       0.751
    CVS_4            0.243       0.295       0.322       0.462       0.602       0.629       0.681

 S        |
    CVS_1            0.000       0.000       0.000       0.000       0.000       0.000       0.000
    CVS_2            0.175       0.198       0.210       0.271       0.332       0.344       0.367
    CVS_3            0.329       0.374       0.398       0.518       0.639       0.662       0.707
    CVS_4            0.394       0.457       0.489       0.657       0.825       0.857       0.920

 S        WITH
    I               -0.921      -0.819      -0.766      -0.493      -0.220      -0.167      -0.065

 Means
    I                0.210       0.240       0.256       0.337       0.419       0.434       0.465
    S               -0.025       0.006       0.022       0.105       0.188       0.204       0.235

 Intercepts
    CVS_1            0.000       0.000       0.000       0.000       0.000       0.000       0.000
    CVS_2            0.000       0.000       0.000       0.000       0.000       0.000       0.000
    CVS_3            0.000       0.000       0.000       0.000       0.000       0.000       0.000
    CVS_4            0.000       0.000       0.000       0.000       0.000       0.000       0.000

 Variances
    I                1.000       1.000       1.000       1.000       1.000       1.000       1.000
    S                1.000       1.000       1.000       1.000       1.000       1.000       1.000

 Residual Variances
    CVS_1            0.128       0.214       0.258       0.488       0.718       0.762       0.848
    CVS_2            0.669       0.689       0.699       0.752       0.805       0.815       0.835
    CVS_3            0.588       0.618       0.633       0.712       0.791       0.806       0.836
    CVS_4            0.478       0.520       0.542       0.654       0.767       0.789       0.831


STD Standardization

                  Lower .5%  Lower 2.5%    Lower 5%    Estimate    Upper 5%  Upper 2.5%   Upper .5%

 I        |
    CVS_1            0.148       0.168       0.179       0.234       0.290       0.300       0.321
    CVS_2            0.148       0.168       0.179       0.234       0.290       0.300       0.321
    CVS_3            0.148       0.168       0.179       0.234       0.290       0.300       0.321
    CVS_4            0.148       0.168       0.179       0.234       0.290       0.300       0.321

 S        |
    CVS_1            0.000       0.000       0.000       0.000       0.000       0.000       0.000
    CVS_2            0.064       0.075       0.081       0.111       0.141       0.147       0.158
    CVS_3            0.127       0.150       0.161       0.222       0.283       0.294       0.317
    CVS_4            0.191       0.225       0.242       0.333       0.424       0.441       0.475

 S        WITH
    I               -0.921      -0.819      -0.766      -0.493      -0.220      -0.167      -0.065

 Means
    I                0.210       0.240       0.256       0.337       0.419       0.434       0.465
    S               -0.025       0.006       0.022       0.105       0.188       0.204       0.235

 Intercepts
    CVS_1            0.000       0.000       0.000       0.000       0.000       0.000       0.000
    CVS_2            0.000       0.000       0.000       0.000       0.000       0.000       0.000
    CVS_3            0.000       0.000       0.000       0.000       0.000       0.000       0.000
    CVS_4            0.000       0.000       0.000       0.000       0.000       0.000       0.000

 Variances
    I                1.000       1.000       1.000       1.000       1.000       1.000       1.000
    S                1.000       1.000       1.000       1.000       1.000       1.000       1.000

 Residual Variances
    CVS_1           -0.005       0.009       0.016       0.052       0.089       0.096       0.109
    CVS_2            0.076       0.088       0.094       0.126       0.158       0.164       0.176
    CVS_3            0.081       0.093       0.099       0.131       0.163       0.169       0.181
    CVS_4            0.098       0.114       0.123       0.168       0.213       0.222       0.239


RESIDUAL OUTPUT


     ESTIMATED MODEL AND RESIDUALS (OBSERVED - ESTIMATED)


           Model Estimated Means
              CVS_1         CVS_2         CVS_3         CVS_4
              ________      ________      ________      ________
                0.079         0.091         0.102         0.114


           Residuals for Means
              CVS_1         CVS_2         CVS_3         CVS_4
              ________      ________      ________      ________
               -0.002         0.010        -0.008         0.003


           Standardized Residuals (z-scores) for Means
              CVS_1         CVS_2         CVS_3         CVS_4
              ________      ________      ________      ________
              999.000         1.604        -9.010         0.575


           Normalized Residuals for Means
              CVS_1         CVS_2         CVS_3         CVS_4
              ________      ________      ________      ________
               -0.195         1.033        -0.809         0.204


           Model Estimated Covariances
              CVS_1         CVS_2         CVS_3         CVS_4
              ________      ________      ________      ________
 CVS_1          0.107
 CVS_2          0.042         0.168
 CVS_3          0.029         0.041         0.184
 CVS_4          0.016         0.041         0.065         0.257


           Model Estimated Correlations
              CVS_1         CVS_2         CVS_3         CVS_4
              ________      ________      ________      ________
 CVS_1          1.000
 CVS_2          0.314         1.000
 CVS_3          0.209         0.234         1.000
 CVS_4          0.099         0.195         0.298         1.000


           Residuals for Covariances
              CVS_1         CVS_2         CVS_3         CVS_4
              ________      ________      ________      ________
 CVS_1          0.000
 CVS_2          0.000        -0.002
 CVS_3          0.001        -0.008         0.000
 CVS_4          0.004        -0.006         0.006         0.002


           Residuals for Correlations
              CVS_1         CVS_2         CVS_3         CVS_4
              ________      ________      ________      ________
 CVS_1          0.000
 CVS_2          0.004         0.000
 CVS_3          0.009        -0.043         0.000
 CVS_4          0.021        -0.028         0.027         0.000


           Standardized Residuals (z-scores) for Covariances
              CVS_1         CVS_2         CVS_3         CVS_4
              ________      ________      ________      ________
 CVS_1          0.149
 CVS_2          0.072       999.000
 CVS_3          0.716        -1.181       999.000
 CVS_4        999.000        -0.355         0.647         0.154


           Normalized Residuals for Covariances
              CVS_1         CVS_2         CVS_3         CVS_4
              ________      ________      ________      ________
 CVS_1          0.020
 CVS_2          0.026        -0.108
 CVS_3          0.242        -0.756         0.003
 CVS_4          0.543        -0.290         0.282         0.048


TECHNICAL 1 OUTPUT


     PARAMETER SPECIFICATION


           NU
              CVS_1         CVS_2         CVS_3         CVS_4
              ________      ________      ________      ________
                  0             0             0             0


           LAMBDA
              I             S
              ________      ________
 CVS_1              0             0
 CVS_2              0             0
 CVS_3              0             0
 CVS_4              0             0


           THETA
              CVS_1         CVS_2         CVS_3         CVS_4
              ________      ________      ________      ________
 CVS_1              1
 CVS_2              0             2
 CVS_3              0             0             3
 CVS_4              0             0             0             4


           ALPHA
              I             S
              ________      ________
                  5             6


           BETA
              I             S
              ________      ________
 I                  0             0
 S                  0             0


           PSI
              I             S
              ________      ________
 I                  7
 S                  8             9


     STARTING VALUES


           NU
              CVS_1         CVS_2         CVS_3         CVS_4
              ________      ________      ________      ________
                0.000         0.000         0.000         0.000


           LAMBDA
              I             S
              ________      ________
 CVS_1          1.000         0.000
 CVS_2          1.000         1.000
 CVS_3          1.000         2.000
 CVS_4          1.000         3.000


           THETA
              CVS_1         CVS_2         CVS_3         CVS_4
              ________      ________      ________      ________
 CVS_1          0.054
 CVS_2          0.000         0.082
 CVS_3          0.000         0.000         0.091
 CVS_4          0.000         0.000         0.000         0.129


           ALPHA
              I             S
              ________      ________
                0.077         0.016


           BETA
              I             S
              ________      ________
 I              0.000         0.000
 S              0.000         0.000


           PSI
              I             S
              ________      ________
 I              0.119
 S              0.000         0.105


TECHNICAL 4 OUTPUT


     ESTIMATES DERIVED FROM THE MODEL


           ESTIMATED MEANS FOR THE LATENT VARIABLES
              I             S
              ________      ________
                0.079         0.012


           S.E. FOR ESTIMATED MEANS FOR THE LATENT VARIABLES
              I             S
              ________      ________
                0.008         0.006


           EST./S.E. FOR ESTIMATED MEANS FOR THE LATENT VARIABLES
              I             S
              ________      ________
                9.385         1.928


           TWO-TAILED P-VALUE FOR ESTIMATED MEANS FOR THE LATENT VARIABLES
              I             S
              ________      ________
                0.000         0.054


           ESTIMATED COVARIANCE MATRIX FOR THE LATENT VARIABLES
              I             S
              ________      ________
 I              0.055
 S             -0.013         0.012


           S.E. FOR ESTIMATED COVARIANCE MATRIX FOR THE LATENT VARIABLES
              I             S
              ________      ________
 I              0.016
 S              0.007         0.004


           EST./S.E. FOR ESTIMATED COVARIANCE MATRIX FOR THE LATENT VARIABLES
              I             S
              ________      ________
 I              3.487
 S             -1.818         3.016


           TWO-TAILED P-VALUE FOR ESTIMATED COVARIANCE MATRIX FOR THE LATENT VARIABLES
              I             S
              ________      ________
 I              0.000
 S              0.069         0.003


           ESTIMATED CORRELATION MATRIX FOR THE LATENT VARIABLES
              I             S
              ________      ________
 I              1.000
 S             -0.493         1.000


           S.E. FOR ESTIMATED CORRELATION MATRIX FOR THE LATENT VARIABLES
              I             S
              ________      ________
 I              0.000
 S              0.166         0.000


           EST./S.E. FOR ESTIMATED CORRELATION MATRIX FOR THE LATENT VARIABLES
              I             S
              ________      ________
 I            999.000
 S             -2.967       999.000


           TWO-TAILED P-VALUE FOR ESTIMATED CORRELATION MATRIX FOR THE LATENT VARIABLES
              I             S
              ________      ________
 I              0.000
 S              0.003         0.000


     Beginning Time:  14:26:56
        Ending Time:  14:26:57
       Elapsed Time:  00:00:01



MUTHEN & MUTHEN
3463 Stoner Ave.
Los Angeles, CA  90066

Tel: (310) 391-9971
Fax: (310) 391-8971
Web: www.StatModel.com
Support: Support@StatModel.com

Copyright (c) 1998-2019 Muthen & Muthen
