Mplus VERSION 8.4
MUTHEN & MUTHEN
07/05/2022   2:27 PM

INPUT INSTRUCTIONS

  TITLE:
  SV Dismissiveness - LGM;
  DATA:
  FILE = "Mplus/Automatr/LGM/DSVS_LGM_f4faf947661203f119e108c88ab0b40c.dat";

  VARIABLE:
  NAMES = ID School DSVS_1 DSVS_2 DSVS_3 DSVS_4;
   MISSING=.;
   IDVARIABLE = ID;
                                      CLUSTER = School;
  ANALYSIS:
  TYPE = COMPLEX;
  MODEL:
  i s | DSVS_1@0 DSVS_2@1 DSVS_3@2 DSVS_4@3;
  OUTPUT:
  STANDARDIZED CINTERVAL RESIDUAL TECH1 TECH4;



*** WARNING
  Data set contains cases with missing on all variables.
  These cases were not included in the analysis.
  Number of cases with missing on all variables:  144
   1 WARNING(S) FOUND IN THE INPUT INSTRUCTIONS




SV Dismissiveness - LGM;

SUMMARY OF ANALYSIS

Number of groups                                                 1
Number of observations                                        6317

Number of dependent variables                                    4
Number of independent variables                                  0
Number of continuous latent variables                            2

Observed dependent variables

  Continuous
   DSVS_1      DSVS_2      DSVS_3      DSVS_4

Continuous latent variables
   I           S

Variables with special functions

  Cluster variable      SCHOOL
  ID variable           ID

Estimator                                                      MLR
Information matrix                                        OBSERVED
Maximum number of iterations                                  1000
Convergence criterion                                    0.500D-04
Maximum number of steepest descent iterations                   20
Maximum number of iterations for H1                           2000
Convergence criterion for H1                             0.100D-03

Input data file(s)
  Mplus/Automatr/LGM/DSVS_LGM_f4faf947661203f119e108c88ab0b40c.dat

Input data format  FREE


SUMMARY OF DATA

     Number of missing data patterns            15
     Number of clusters                         20



COVARIANCE COVERAGE OF DATA

Minimum covariance coverage value   0.100


     PROPORTION OF DATA PRESENT


           Covariance Coverage
              DSVS_1        DSVS_2        DSVS_3        DSVS_4
              ________      ________      ________      ________
 DSVS_1         0.729
 DSVS_2         0.537         0.670
 DSVS_3         0.461         0.463         0.636
 DSVS_4         0.374         0.379         0.406         0.521



UNIVARIATE SAMPLE STATISTICS


     UNIVARIATE HIGHER-ORDER MOMENT DESCRIPTIVE STATISTICS

         Variable/         Mean/     Skewness/   Minimum/ % with                Percentiles
        Sample Size      Variance    Kurtosis    Maximum  Min/Max      20%/60%    40%/80%    Median

     DSVS_1                0.609       0.796       0.000   17.18%       0.167      0.333      0.500
            4605.000       0.238       0.925       3.000    0.26%       0.667      1.000
     DSVS_2                0.582       1.170       0.000   20.38%       0.000      0.333      0.500
            4230.000       0.266       2.374       3.000    0.59%       0.667      1.000
     DSVS_3                0.562       1.321       0.000   23.35%       0.000      0.333      0.500
            4017.000       0.279       3.053       3.000    0.85%       0.667      1.000
     DSVS_4                0.545       1.522       0.000   25.80%       0.000      0.333      0.333
            3291.000       0.314       3.381       3.000    1.19%       0.500      1.000


THE MODEL ESTIMATION TERMINATED NORMALLY



MODEL FIT INFORMATION

Number of Free Parameters                        9

Loglikelihood

          H0 Value                      -10773.519
          H0 Scaling Correction Factor      5.3750
            for MLR
          H1 Value                      -10768.331
          H1 Scaling Correction Factor      4.1484
            for MLR

Information Criteria

          Akaike (AIC)                   21565.038
          Bayesian (BIC)                 21625.797
          Sample-Size Adjusted BIC       21597.197
            (n* = (n + 2) / 24)

Chi-Square Test of Model Fit

          Value                              5.347*
          Degrees of Freedom                     5
          P-Value                           0.3750
          Scaling Correction Factor         1.9405
            for MLR

*   The chi-square value for MLM, MLMV, MLR, ULSMV, WLSM and WLSMV cannot be used
    for chi-square difference testing in the regular way.  MLM, MLR and WLSM
    chi-square difference testing is described on the Mplus website.  MLMV, WLSMV,
    and ULSMV difference testing is done using the DIFFTEST option.

RMSEA (Root Mean Square Error Of Approximation)

          Estimate                           0.003
          90 Percent C.I.                    0.000  0.018
          Probability RMSEA <= .05           1.000

CFI/TLI

          CFI                                1.000
          TLI                                1.000

Chi-Square Test of Model Fit for the Baseline Model

          Value                            929.149
          Degrees of Freedom                     6
          P-Value                           0.0000

SRMR (Standardized Root Mean Square Residual)

          Value                              0.015



MODEL RESULTS

                                                    Two-Tailed
                    Estimate       S.E.  Est./S.E.    P-Value

 I        |
    DSVS_1             1.000      0.000    999.000    999.000
    DSVS_2             1.000      0.000    999.000    999.000
    DSVS_3             1.000      0.000    999.000    999.000
    DSVS_4             1.000      0.000    999.000    999.000

 S        |
    DSVS_1             0.000      0.000    999.000    999.000
    DSVS_2             1.000      0.000    999.000    999.000
    DSVS_3             2.000      0.000    999.000    999.000
    DSVS_4             3.000      0.000    999.000    999.000

 S        WITH
    I                 -0.003      0.003     -1.105      0.269

 Means
    I                  0.613      0.017     36.778      0.000
    S                 -0.022      0.004     -5.169      0.000

 Intercepts
    DSVS_1             0.000      0.000    999.000    999.000
    DSVS_2             0.000      0.000    999.000    999.000
    DSVS_3             0.000      0.000    999.000    999.000
    DSVS_4             0.000      0.000    999.000    999.000

 Variances
    I                  0.125      0.007     17.707      0.000
    S                  0.007      0.002      3.376      0.001

 Residual Variances
    DSVS_1             0.114      0.007     15.269      0.000
    DSVS_2             0.132      0.011     12.336      0.000
    DSVS_3             0.142      0.014      9.807      0.000
    DSVS_4             0.148      0.016      9.209      0.000


STANDARDIZED MODEL RESULTS


STDYX Standardization

                                                    Two-Tailed
                    Estimate       S.E.  Est./S.E.    P-Value

 I        |
    DSVS_1             0.722      0.010     72.640      0.000
    DSVS_2             0.695      0.014     48.331      0.000
    DSVS_3             0.663      0.021     32.072      0.000
    DSVS_4             0.624      0.021     29.779      0.000

 S        |
    DSVS_1             0.000      0.000    999.000    999.000
    DSVS_2             0.169      0.024      6.922      0.000
    DSVS_3             0.322      0.044      7.254      0.000
    DSVS_4             0.455      0.068      6.722      0.000

 S        WITH
    I                 -0.099      0.079     -1.260      0.208

 Means
    I                  1.734      0.051     33.937      0.000
    S                 -0.254      0.068     -3.757      0.000

 Intercepts
    DSVS_1             0.000      0.000    999.000    999.000
    DSVS_2             0.000      0.000    999.000    999.000
    DSVS_3             0.000      0.000    999.000    999.000
    DSVS_4             0.000      0.000    999.000    999.000

 Variances
    I                  1.000      0.000    999.000    999.000
    S                  1.000      0.000    999.000    999.000

 Residual Variances
    DSVS_1             0.478      0.014     33.264      0.000
    DSVS_2             0.511      0.016     31.217      0.000
    DSVS_3             0.500      0.026     19.422      0.000
    DSVS_4             0.460      0.041     11.149      0.000


STDY Standardization

                                                    Two-Tailed
                    Estimate       S.E.  Est./S.E.    P-Value

 I        |
    DSVS_1             0.722      0.010     72.640      0.000
    DSVS_2             0.695      0.014     48.331      0.000
    DSVS_3             0.663      0.021     32.072      0.000
    DSVS_4             0.624      0.021     29.779      0.000

 S        |
    DSVS_1             0.000      0.000    999.000    999.000
    DSVS_2             0.169      0.024      6.922      0.000
    DSVS_3             0.322      0.044      7.254      0.000
    DSVS_4             0.455      0.068      6.722      0.000

 S        WITH
    I                 -0.099      0.079     -1.260      0.208

 Means
    I                  1.734      0.051     33.937      0.000
    S                 -0.254      0.068     -3.757      0.000

 Intercepts
    DSVS_1             0.000      0.000    999.000    999.000
    DSVS_2             0.000      0.000    999.000    999.000
    DSVS_3             0.000      0.000    999.000    999.000
    DSVS_4             0.000      0.000    999.000    999.000

 Variances
    I                  1.000      0.000    999.000    999.000
    S                  1.000      0.000    999.000    999.000

 Residual Variances
    DSVS_1             0.478      0.014     33.264      0.000
    DSVS_2             0.511      0.016     31.217      0.000
    DSVS_3             0.500      0.026     19.422      0.000
    DSVS_4             0.460      0.041     11.149      0.000


STD Standardization

                                                    Two-Tailed
                    Estimate       S.E.  Est./S.E.    P-Value

 I        |
    DSVS_1             0.353      0.010     35.414      0.000
    DSVS_2             0.353      0.010     35.414      0.000
    DSVS_3             0.353      0.010     35.414      0.000
    DSVS_4             0.353      0.010     35.414      0.000

 S        |
    DSVS_1             0.000      0.000    999.000    999.000
    DSVS_2             0.086      0.013      6.752      0.000
    DSVS_3             0.172      0.025      6.752      0.000
    DSVS_4             0.258      0.038      6.752      0.000

 S        WITH
    I                 -0.099      0.079     -1.260      0.208

 Means
    I                  1.734      0.051     33.937      0.000
    S                 -0.254      0.068     -3.757      0.000

 Intercepts
    DSVS_1             0.000      0.000    999.000    999.000
    DSVS_2             0.000      0.000    999.000    999.000
    DSVS_3             0.000      0.000    999.000    999.000
    DSVS_4             0.000      0.000    999.000    999.000

 Variances
    I                  1.000      0.000    999.000    999.000
    S                  1.000      0.000    999.000    999.000

 Residual Variances
    DSVS_1             0.114      0.007     15.269      0.000
    DSVS_2             0.132      0.011     12.336      0.000
    DSVS_3             0.142      0.014      9.807      0.000
    DSVS_4             0.148      0.016      9.209      0.000


R-SQUARE

    Observed                                        Two-Tailed
    Variable        Estimate       S.E.  Est./S.E.    P-Value

    DSVS_1             0.522      0.014     36.320      0.000
    DSVS_2             0.489      0.016     29.827      0.000
    DSVS_3             0.500      0.026     19.452      0.000
    DSVS_4             0.540      0.041     13.065      0.000


QUALITY OF NUMERICAL RESULTS

     Condition Number for the Information Matrix              0.504E-02
       (ratio of smallest to largest eigenvalue)


CONFIDENCE INTERVALS OF MODEL RESULTS

                  Lower .5%  Lower 2.5%    Lower 5%    Estimate    Upper 5%  Upper 2.5%   Upper .5%

 I        |
    DSVS_1           1.000       1.000       1.000       1.000       1.000       1.000       1.000
    DSVS_2           1.000       1.000       1.000       1.000       1.000       1.000       1.000
    DSVS_3           1.000       1.000       1.000       1.000       1.000       1.000       1.000
    DSVS_4           1.000       1.000       1.000       1.000       1.000       1.000       1.000

 S        |
    DSVS_1           0.000       0.000       0.000       0.000       0.000       0.000       0.000
    DSVS_2           1.000       1.000       1.000       1.000       1.000       1.000       1.000
    DSVS_3           2.000       2.000       2.000       2.000       2.000       2.000       2.000
    DSVS_4           3.000       3.000       3.000       3.000       3.000       3.000       3.000

 S        WITH
    I               -0.010      -0.008      -0.007      -0.003       0.001       0.002       0.004

 Means
    I                0.570       0.580       0.585       0.613       0.640       0.646       0.656
    S               -0.033      -0.030      -0.029      -0.022      -0.015      -0.014      -0.011

 Intercepts
    DSVS_1           0.000       0.000       0.000       0.000       0.000       0.000       0.000
    DSVS_2           0.000       0.000       0.000       0.000       0.000       0.000       0.000
    DSVS_3           0.000       0.000       0.000       0.000       0.000       0.000       0.000
    DSVS_4           0.000       0.000       0.000       0.000       0.000       0.000       0.000

 Variances
    I                0.107       0.111       0.113       0.125       0.137       0.139       0.143
    S                0.002       0.003       0.004       0.007       0.011       0.012       0.013

 Residual Variances
    DSVS_1           0.095       0.100       0.102       0.114       0.127       0.129       0.134
    DSVS_2           0.105       0.111       0.115       0.132       0.150       0.153       0.160
    DSVS_3           0.105       0.114       0.118       0.142       0.166       0.171       0.180
    DSVS_4           0.107       0.116       0.121       0.148       0.174       0.179       0.189


CONFIDENCE INTERVALS OF STANDARDIZED MODEL RESULTS


STDYX Standardization

                  Lower .5%  Lower 2.5%    Lower 5%    Estimate    Upper 5%  Upper 2.5%   Upper .5%

 I        |
    DSVS_1           0.697       0.703       0.706       0.722       0.739       0.742       0.748
    DSVS_2           0.658       0.667       0.672       0.695       0.719       0.723       0.732
    DSVS_3           0.609       0.622       0.629       0.663       0.697       0.703       0.716
    DSVS_4           0.570       0.583       0.589       0.624       0.658       0.665       0.678

 S        |
    DSVS_1           0.000       0.000       0.000       0.000       0.000       0.000       0.000
    DSVS_2           0.106       0.121       0.129       0.169       0.209       0.217       0.232
    DSVS_3           0.208       0.235       0.249       0.322       0.395       0.409       0.436
    DSVS_4           0.280       0.322       0.343       0.455       0.566       0.587       0.629

 S        WITH
    I               -0.302      -0.253      -0.229      -0.099       0.030       0.055       0.104

 Means
    I                1.602       1.634       1.650       1.734       1.818       1.834       1.866
    S               -0.429      -0.387      -0.366      -0.254      -0.143      -0.122      -0.080

 Intercepts
    DSVS_1           0.000       0.000       0.000       0.000       0.000       0.000       0.000
    DSVS_2           0.000       0.000       0.000       0.000       0.000       0.000       0.000
    DSVS_3           0.000       0.000       0.000       0.000       0.000       0.000       0.000
    DSVS_4           0.000       0.000       0.000       0.000       0.000       0.000       0.000

 Variances
    I                1.000       1.000       1.000       1.000       1.000       1.000       1.000
    S                1.000       1.000       1.000       1.000       1.000       1.000       1.000

 Residual Variances
    DSVS_1           0.441       0.450       0.454       0.478       0.502       0.506       0.515
    DSVS_2           0.469       0.479       0.484       0.511       0.538       0.543       0.554
    DSVS_3           0.433       0.449       0.457       0.500       0.542       0.550       0.566
    DSVS_4           0.354       0.379       0.393       0.460       0.528       0.541       0.567


STDY Standardization

                  Lower .5%  Lower 2.5%    Lower 5%    Estimate    Upper 5%  Upper 2.5%   Upper .5%

 I        |
    DSVS_1           0.697       0.703       0.706       0.722       0.739       0.742       0.748
    DSVS_2           0.658       0.667       0.672       0.695       0.719       0.723       0.732
    DSVS_3           0.609       0.622       0.629       0.663       0.697       0.703       0.716
    DSVS_4           0.570       0.583       0.589       0.624       0.658       0.665       0.678

 S        |
    DSVS_1           0.000       0.000       0.000       0.000       0.000       0.000       0.000
    DSVS_2           0.106       0.121       0.129       0.169       0.209       0.217       0.232
    DSVS_3           0.208       0.235       0.249       0.322       0.395       0.409       0.436
    DSVS_4           0.280       0.322       0.343       0.455       0.566       0.587       0.629

 S        WITH
    I               -0.302      -0.253      -0.229      -0.099       0.030       0.055       0.104

 Means
    I                1.602       1.634       1.650       1.734       1.818       1.834       1.866
    S               -0.429      -0.387      -0.366      -0.254      -0.143      -0.122      -0.080

 Intercepts
    DSVS_1           0.000       0.000       0.000       0.000       0.000       0.000       0.000
    DSVS_2           0.000       0.000       0.000       0.000       0.000       0.000       0.000
    DSVS_3           0.000       0.000       0.000       0.000       0.000       0.000       0.000
    DSVS_4           0.000       0.000       0.000       0.000       0.000       0.000       0.000

 Variances
    I                1.000       1.000       1.000       1.000       1.000       1.000       1.000
    S                1.000       1.000       1.000       1.000       1.000       1.000       1.000

 Residual Variances
    DSVS_1           0.441       0.450       0.454       0.478       0.502       0.506       0.515
    DSVS_2           0.469       0.479       0.484       0.511       0.538       0.543       0.554
    DSVS_3           0.433       0.449       0.457       0.500       0.542       0.550       0.566
    DSVS_4           0.354       0.379       0.393       0.460       0.528       0.541       0.567


STD Standardization

                  Lower .5%  Lower 2.5%    Lower 5%    Estimate    Upper 5%  Upper 2.5%   Upper .5%

 I        |
    DSVS_1           0.328       0.334       0.337       0.353       0.370       0.373       0.379
    DSVS_2           0.328       0.334       0.337       0.353       0.370       0.373       0.379
    DSVS_3           0.328       0.334       0.337       0.353       0.370       0.373       0.379
    DSVS_4           0.328       0.334       0.337       0.353       0.370       0.373       0.379

 S        |
    DSVS_1           0.000       0.000       0.000       0.000       0.000       0.000       0.000
    DSVS_2           0.053       0.061       0.065       0.086       0.107       0.111       0.119
    DSVS_3           0.106       0.122       0.130       0.172       0.214       0.222       0.237
    DSVS_4           0.159       0.183       0.195       0.258       0.320       0.332       0.356

 S        WITH
    I               -0.302      -0.253      -0.229      -0.099       0.030       0.055       0.104

 Means
    I                1.602       1.634       1.650       1.734       1.818       1.834       1.866
    S               -0.429      -0.387      -0.366      -0.254      -0.143      -0.122      -0.080

 Intercepts
    DSVS_1           0.000       0.000       0.000       0.000       0.000       0.000       0.000
    DSVS_2           0.000       0.000       0.000       0.000       0.000       0.000       0.000
    DSVS_3           0.000       0.000       0.000       0.000       0.000       0.000       0.000
    DSVS_4           0.000       0.000       0.000       0.000       0.000       0.000       0.000

 Variances
    I                1.000       1.000       1.000       1.000       1.000       1.000       1.000
    S                1.000       1.000       1.000       1.000       1.000       1.000       1.000

 Residual Variances
    DSVS_1           0.095       0.100       0.102       0.114       0.127       0.129       0.134
    DSVS_2           0.105       0.111       0.115       0.132       0.150       0.153       0.160
    DSVS_3           0.105       0.114       0.118       0.142       0.166       0.171       0.180
    DSVS_4           0.107       0.116       0.121       0.148       0.174       0.179       0.189


RESIDUAL OUTPUT


     ESTIMATED MODEL AND RESIDUALS (OBSERVED - ESTIMATED)


           Model Estimated Means
              DSVS_1        DSVS_2        DSVS_3        DSVS_4
              ________      ________      ________      ________
                0.613         0.591         0.569         0.547


           Residuals for Means
              DSVS_1        DSVS_2        DSVS_3        DSVS_4
              ________      ________      ________      ________
                0.002        -0.004         0.000         0.001


           Standardized Residuals (z-scores) for Means
              DSVS_1        DSVS_2        DSVS_3        DSVS_4
              ________      ________      ________      ________
                0.412        -0.550         0.163         0.128


           Normalized Residuals for Means
              DSVS_1        DSVS_2        DSVS_3        DSVS_4
              ________      ________      ________      ________
                0.099        -0.230         0.036         0.072


           Model Estimated Covariances
              DSVS_1        DSVS_2        DSVS_3        DSVS_4
              ________      ________      ________      ________
 DSVS_1         0.239
 DSVS_2         0.122         0.258
 DSVS_3         0.119         0.131         0.285
 DSVS_4         0.116         0.135         0.154         0.321


           Model Estimated Correlations
              DSVS_1        DSVS_2        DSVS_3        DSVS_4
              ________      ________      ________      ________
 DSVS_1         1.000
 DSVS_2         0.490         1.000
 DSVS_3         0.456         0.482         1.000
 DSVS_4         0.418         0.469         0.510         1.000


           Residuals for Covariances
              DSVS_1        DSVS_2        DSVS_3        DSVS_4
              ________      ________      ________      ________
 DSVS_1        -0.003
 DSVS_2         0.001         0.007
 DSVS_3        -0.005         0.007        -0.002
 DSVS_4        -0.006         0.006        -0.006        -0.003


           Residuals for Correlations
              DSVS_1        DSVS_2        DSVS_3        DSVS_4
              ________      ________      ________      ________
 DSVS_1         0.000
 DSVS_2         0.003         0.000
 DSVS_3        -0.014         0.021         0.000
 DSVS_4        -0.016         0.017        -0.016         0.000


           Standardized Residuals (z-scores) for Covariances
              DSVS_1        DSVS_2        DSVS_3        DSVS_4
              ________      ________      ________      ________
 DSVS_1        -0.668
 DSVS_2         0.511         5.888
 DSVS_3        -2.502       999.000       999.000
 DSVS_4        -1.622         0.688       999.000        -0.494


           Normalized Residuals for Covariances
              DSVS_1        DSVS_2        DSVS_3        DSVS_4
              ________      ________      ________      ________
 DSVS_1        -0.213
 DSVS_2         0.230         0.481
 DSVS_3        -0.805         1.510        -0.115
 DSVS_4        -0.737         0.583        -0.717        -0.228


TECHNICAL 1 OUTPUT


     PARAMETER SPECIFICATION


           NU
              DSVS_1        DSVS_2        DSVS_3        DSVS_4
              ________      ________      ________      ________
                  0             0             0             0


           LAMBDA
              I             S
              ________      ________
 DSVS_1             0             0
 DSVS_2             0             0
 DSVS_3             0             0
 DSVS_4             0             0


           THETA
              DSVS_1        DSVS_2        DSVS_3        DSVS_4
              ________      ________      ________      ________
 DSVS_1             1
 DSVS_2             0             2
 DSVS_3             0             0             3
 DSVS_4             0             0             0             4


           ALPHA
              I             S
              ________      ________
                  5             6


           BETA
              I             S
              ________      ________
 I                  0             0
 S                  0             0


           PSI
              I             S
              ________      ________
 I                  7
 S                  8             9


     STARTING VALUES


           NU
              DSVS_1        DSVS_2        DSVS_3        DSVS_4
              ________      ________      ________      ________
                0.000         0.000         0.000         0.000


           LAMBDA
              I             S
              ________      ________
 DSVS_1         1.000         0.000
 DSVS_2         1.000         1.000
 DSVS_3         1.000         2.000
 DSVS_4         1.000         3.000


           THETA
              DSVS_1        DSVS_2        DSVS_3        DSVS_4
              ________      ________      ________      ________
 DSVS_1         0.119
 DSVS_2         0.000         0.133
 DSVS_3         0.000         0.000         0.139
 DSVS_4         0.000         0.000         0.000         0.157


           ALPHA
              I             S
              ________      ________
                0.615        -0.032


           BETA
              I             S
              ________      ________
 I              0.000         0.000
 S              0.000         0.000


           PSI
              I             S
              ________      ________
 I              0.249
 S              0.000         0.120


TECHNICAL 4 OUTPUT


     ESTIMATES DERIVED FROM THE MODEL


           ESTIMATED MEANS FOR THE LATENT VARIABLES
              I             S
              ________      ________
                0.613        -0.022


           S.E. FOR ESTIMATED MEANS FOR THE LATENT VARIABLES
              I             S
              ________      ________
                0.017         0.004


           EST./S.E. FOR ESTIMATED MEANS FOR THE LATENT VARIABLES
              I             S
              ________      ________
               36.778        -5.169


           TWO-TAILED P-VALUE FOR ESTIMATED MEANS FOR THE LATENT VARIABLES
              I             S
              ________      ________
                0.000         0.000


           ESTIMATED COVARIANCE MATRIX FOR THE LATENT VARIABLES
              I             S
              ________      ________
 I              0.125
 S             -0.003         0.007


           S.E. FOR ESTIMATED COVARIANCE MATRIX FOR THE LATENT VARIABLES
              I             S
              ________      ________
 I              0.007
 S              0.003         0.002


           EST./S.E. FOR ESTIMATED COVARIANCE MATRIX FOR THE LATENT VARIABLES
              I             S
              ________      ________
 I             17.707
 S             -1.105         3.376


           TWO-TAILED P-VALUE FOR ESTIMATED COVARIANCE MATRIX FOR THE LATENT VARIABLES
              I             S
              ________      ________
 I              0.000
 S              0.269         0.001


           ESTIMATED CORRELATION MATRIX FOR THE LATENT VARIABLES
              I             S
              ________      ________
 I              1.000
 S             -0.099         1.000


           S.E. FOR ESTIMATED CORRELATION MATRIX FOR THE LATENT VARIABLES
              I             S
              ________      ________
 I              0.000
 S              0.079         0.000


           EST./S.E. FOR ESTIMATED CORRELATION MATRIX FOR THE LATENT VARIABLES
              I             S
              ________      ________
 I            999.000
 S             -1.260       999.000


           TWO-TAILED P-VALUE FOR ESTIMATED CORRELATION MATRIX FOR THE LATENT VARIABLES
              I             S
              ________      ________
 I              0.000
 S              0.208         0.000


     Beginning Time:  14:27:02
        Ending Time:  14:27:02
       Elapsed Time:  00:00:00



MUTHEN & MUTHEN
3463 Stoner Ave.
Los Angeles, CA  90066

Tel: (310) 391-9971
Fax: (310) 391-8971
Web: www.StatModel.com
Support: Support@StatModel.com

Copyright (c) 1998-2019 Muthen & Muthen
