Mplus VERSION 8.4
MUTHEN & MUTHEN
07/05/2022   2:26 PM

INPUT INSTRUCTIONS

  TITLE:
  HNC Victimization - LGM;
  DATA:
  FILE = "Mplus/Automatr/LGM/HOVS_LGM_e30468adb24cd75727ebaacf9caf84f6.dat";

  VARIABLE:
  NAMES = ID School HOVS_1 HOVS_2 HOVS_3 HOVS_4;
   MISSING=.;
   IDVARIABLE = ID;
                                      CLUSTER = School;
  ANALYSIS:
  TYPE = COMPLEX;
  MODEL:
  i s | HOVS_1@0 HOVS_2@1 HOVS_3@2 HOVS_4@3;
  OUTPUT:
  STANDARDIZED CINTERVAL RESIDUAL TECH1 TECH4;



*** WARNING
  Data set contains cases with missing on all variables.
  These cases were not included in the analysis.
  Number of cases with missing on all variables:  120
   1 WARNING(S) FOUND IN THE INPUT INSTRUCTIONS




HNC Victimization - LGM;

SUMMARY OF ANALYSIS

Number of groups                                                 1
Number of observations                                        6341

Number of dependent variables                                    4
Number of independent variables                                  0
Number of continuous latent variables                            2

Observed dependent variables

  Continuous
   HOVS_1      HOVS_2      HOVS_3      HOVS_4

Continuous latent variables
   I           S

Variables with special functions

  Cluster variable      SCHOOL
  ID variable           ID

Estimator                                                      MLR
Information matrix                                        OBSERVED
Maximum number of iterations                                  1000
Convergence criterion                                    0.500D-04
Maximum number of steepest descent iterations                   20
Maximum number of iterations for H1                           2000
Convergence criterion for H1                             0.100D-03

Input data file(s)
  Mplus/Automatr/LGM/HOVS_LGM_e30468adb24cd75727ebaacf9caf84f6.dat

Input data format  FREE


SUMMARY OF DATA

     Number of missing data patterns            15
     Number of clusters                         20



COVARIANCE COVERAGE OF DATA

Minimum covariance coverage value   0.100


     PROPORTION OF DATA PRESENT


           Covariance Coverage
              HOVS_1        HOVS_2        HOVS_3        HOVS_4
              ________      ________      ________      ________
 HOVS_1         0.730
 HOVS_2         0.538         0.668
 HOVS_3         0.467         0.467         0.641
 HOVS_4         0.379         0.383         0.412         0.526



UNIVARIATE SAMPLE STATISTICS


     UNIVARIATE HIGHER-ORDER MOMENT DESCRIPTIVE STATISTICS

         Variable/         Mean/     Skewness/   Minimum/ % with                Percentiles
        Sample Size      Variance    Kurtosis    Maximum  Min/Max      20%/60%    40%/80%    Median

     HOVS_1                0.383       2.932       0.000   50.69%       0.000      0.000      0.000
            4628.000       0.456      10.343       4.000    1.08%       0.200      0.800
     HOVS_2                0.422       2.876       0.000   50.20%       0.000      0.000      0.000
            4237.000       0.536       9.667       4.000    1.70%       0.200      0.800
     HOVS_3                0.393       2.961       0.000   54.42%       0.000      0.000      0.000
            4063.000       0.522      10.172       4.000    1.65%       0.200      0.800
     HOVS_4                0.440       2.767       0.000   52.29%       0.000      0.000      0.000
            3337.000       0.616       8.435       4.000    2.13%       0.200      0.800


THE MODEL ESTIMATION TERMINATED NORMALLY



MODEL FIT INFORMATION

Number of Free Parameters                        9

Loglikelihood

          H0 Value                      -16492.726
          H0 Scaling Correction Factor     10.1758
            for MLR
          H1 Value                      -16486.341
          H1 Scaling Correction Factor      8.0211
            for MLR

Information Criteria

          Akaike (AIC)                   33003.453
          Bayesian (BIC)                 33064.246
          Sample-Size Adjusted BIC       33035.646
            (n* = (n + 2) / 24)

Chi-Square Test of Model Fit

          Value                              3.083*
          Degrees of Freedom                     5
          P-Value                           0.6872
          Scaling Correction Factor         4.1427
            for MLR

*   The chi-square value for MLM, MLMV, MLR, ULSMV, WLSM and WLSMV cannot be used
    for chi-square difference testing in the regular way.  MLM, MLR and WLSM
    chi-square difference testing is described on the Mplus website.  MLMV, WLSMV,
    and ULSMV difference testing is done using the DIFFTEST option.

RMSEA (Root Mean Square Error Of Approximation)

          Estimate                           0.000
          90 Percent C.I.                    0.000  0.013
          Probability RMSEA <= .05           1.000

CFI/TLI

          CFI                                1.000
          TLI                                1.000

Chi-Square Test of Model Fit for the Baseline Model

          Value                            357.781
          Degrees of Freedom                     6
          P-Value                           0.0000

SRMR (Standardized Root Mean Square Residual)

          Value                              0.011



MODEL RESULTS

                                                    Two-Tailed
                    Estimate       S.E.  Est./S.E.    P-Value

 I        |
    HOVS_1             1.000      0.000    999.000    999.000
    HOVS_2             1.000      0.000    999.000    999.000
    HOVS_3             1.000      0.000    999.000    999.000
    HOVS_4             1.000      0.000    999.000    999.000

 S        |
    HOVS_1             0.000      0.000    999.000    999.000
    HOVS_2             1.000      0.000    999.000    999.000
    HOVS_3             2.000      0.000    999.000    999.000
    HOVS_4             3.000      0.000    999.000    999.000

 S        WITH
    I                 -0.018      0.009     -2.026      0.043

 Means
    I                  0.391      0.021     18.603      0.000
    S                  0.018      0.010      1.853      0.064

 Intercepts
    HOVS_1             0.000      0.000    999.000    999.000
    HOVS_2             0.000      0.000    999.000    999.000
    HOVS_3             0.000      0.000    999.000    999.000
    HOVS_4             0.000      0.000    999.000    999.000

 Variances
    I                  0.243      0.024      9.941      0.000
    S                  0.024      0.008      3.158      0.002

 Residual Variances
    HOVS_1             0.217      0.029      7.407      0.000
    HOVS_2             0.301      0.029     10.325      0.000
    HOVS_3             0.265      0.031      8.401      0.000
    HOVS_4             0.277      0.037      7.541      0.000


STANDARDIZED MODEL RESULTS


STDYX Standardization

                                                    Two-Tailed
                    Estimate       S.E.  Est./S.E.    P-Value

 I        |
    HOVS_1             0.727      0.025     29.306      0.000
    HOVS_2             0.676      0.028     24.485      0.000
    HOVS_3             0.676      0.031     21.676      0.000
    HOVS_4             0.622      0.035     17.880      0.000

 S        |
    HOVS_1             0.000      0.000    999.000    999.000
    HOVS_2             0.213      0.031      6.785      0.000
    HOVS_3             0.426      0.056      7.652      0.000
    HOVS_4             0.588      0.083      7.102      0.000

 S        WITH
    I                 -0.237      0.081     -2.920      0.003

 Means
    I                  0.792      0.033     24.082      0.000
    S                  0.115      0.057      2.016      0.044

 Intercepts
    HOVS_1             0.000      0.000    999.000    999.000
    HOVS_2             0.000      0.000    999.000    999.000
    HOVS_3             0.000      0.000    999.000    999.000
    HOVS_4             0.000      0.000    999.000    999.000

 Variances
    I                  1.000      0.000    999.000    999.000
    S                  1.000      0.000    999.000    999.000

 Residual Variances
    HOVS_1             0.471      0.036     13.050      0.000
    HOVS_2             0.565      0.025     22.649      0.000
    HOVS_3             0.497      0.027     18.149      0.000
    HOVS_4             0.440      0.050      8.768      0.000


STDY Standardization

                                                    Two-Tailed
                    Estimate       S.E.  Est./S.E.    P-Value

 I        |
    HOVS_1             0.727      0.025     29.306      0.000
    HOVS_2             0.676      0.028     24.485      0.000
    HOVS_3             0.676      0.031     21.676      0.000
    HOVS_4             0.622      0.035     17.880      0.000

 S        |
    HOVS_1             0.000      0.000    999.000    999.000
    HOVS_2             0.213      0.031      6.785      0.000
    HOVS_3             0.426      0.056      7.652      0.000
    HOVS_4             0.588      0.083      7.102      0.000

 S        WITH
    I                 -0.237      0.081     -2.920      0.003

 Means
    I                  0.792      0.033     24.082      0.000
    S                  0.115      0.057      2.016      0.044

 Intercepts
    HOVS_1             0.000      0.000    999.000    999.000
    HOVS_2             0.000      0.000    999.000    999.000
    HOVS_3             0.000      0.000    999.000    999.000
    HOVS_4             0.000      0.000    999.000    999.000

 Variances
    I                  1.000      0.000    999.000    999.000
    S                  1.000      0.000    999.000    999.000

 Residual Variances
    HOVS_1             0.471      0.036     13.050      0.000
    HOVS_2             0.565      0.025     22.649      0.000
    HOVS_3             0.497      0.027     18.149      0.000
    HOVS_4             0.440      0.050      8.768      0.000


STD Standardization

                                                    Two-Tailed
                    Estimate       S.E.  Est./S.E.    P-Value

 I        |
    HOVS_1             0.493      0.025     19.882      0.000
    HOVS_2             0.493      0.025     19.882      0.000
    HOVS_3             0.493      0.025     19.882      0.000
    HOVS_4             0.493      0.025     19.882      0.000

 S        |
    HOVS_1             0.000      0.000    999.000    999.000
    HOVS_2             0.155      0.025      6.316      0.000
    HOVS_3             0.311      0.049      6.316      0.000
    HOVS_4             0.466      0.074      6.316      0.000

 S        WITH
    I                 -0.237      0.081     -2.920      0.003

 Means
    I                  0.792      0.033     24.082      0.000
    S                  0.115      0.057      2.016      0.044

 Intercepts
    HOVS_1             0.000      0.000    999.000    999.000
    HOVS_2             0.000      0.000    999.000    999.000
    HOVS_3             0.000      0.000    999.000    999.000
    HOVS_4             0.000      0.000    999.000    999.000

 Variances
    I                  1.000      0.000    999.000    999.000
    S                  1.000      0.000    999.000    999.000

 Residual Variances
    HOVS_1             0.217      0.029      7.407      0.000
    HOVS_2             0.301      0.029     10.325      0.000
    HOVS_3             0.265      0.031      8.401      0.000
    HOVS_4             0.277      0.037      7.541      0.000


R-SQUARE

    Observed                                        Two-Tailed
    Variable        Estimate       S.E.  Est./S.E.    P-Value

    HOVS_1             0.529      0.036     14.653      0.000
    HOVS_2             0.435      0.025     17.418      0.000
    HOVS_3             0.503      0.027     18.338      0.000
    HOVS_4             0.560      0.050     11.151      0.000


QUALITY OF NUMERICAL RESULTS

     Condition Number for the Information Matrix              0.486E-02
       (ratio of smallest to largest eigenvalue)


CONFIDENCE INTERVALS OF MODEL RESULTS

                  Lower .5%  Lower 2.5%    Lower 5%    Estimate    Upper 5%  Upper 2.5%   Upper .5%

 I        |
    HOVS_1           1.000       1.000       1.000       1.000       1.000       1.000       1.000
    HOVS_2           1.000       1.000       1.000       1.000       1.000       1.000       1.000
    HOVS_3           1.000       1.000       1.000       1.000       1.000       1.000       1.000
    HOVS_4           1.000       1.000       1.000       1.000       1.000       1.000       1.000

 S        |
    HOVS_1           0.000       0.000       0.000       0.000       0.000       0.000       0.000
    HOVS_2           1.000       1.000       1.000       1.000       1.000       1.000       1.000
    HOVS_3           2.000       2.000       2.000       2.000       2.000       2.000       2.000
    HOVS_4           3.000       3.000       3.000       3.000       3.000       3.000       3.000

 S        WITH
    I               -0.041      -0.036      -0.033      -0.018      -0.003      -0.001       0.005

 Means
    I                0.337       0.350       0.356       0.391       0.425       0.432       0.445
    S               -0.007      -0.001       0.002       0.018       0.034       0.037       0.043

 Intercepts
    HOVS_1           0.000       0.000       0.000       0.000       0.000       0.000       0.000
    HOVS_2           0.000       0.000       0.000       0.000       0.000       0.000       0.000
    HOVS_3           0.000       0.000       0.000       0.000       0.000       0.000       0.000
    HOVS_4           0.000       0.000       0.000       0.000       0.000       0.000       0.000

 Variances
    I                0.180       0.195       0.203       0.243       0.284       0.291       0.306
    S                0.004       0.009       0.012       0.024       0.037       0.039       0.044

 Residual Variances
    HOVS_1           0.141       0.159       0.169       0.217       0.265       0.274       0.292
    HOVS_2           0.226       0.244       0.253       0.301       0.349       0.358       0.376
    HOVS_3           0.183       0.203       0.213       0.265       0.316       0.326       0.346
    HOVS_4           0.182       0.205       0.216       0.277       0.337       0.348       0.371


CONFIDENCE INTERVALS OF STANDARDIZED MODEL RESULTS


STDYX Standardization

                  Lower .5%  Lower 2.5%    Lower 5%    Estimate    Upper 5%  Upper 2.5%   Upper .5%

 I        |
    HOVS_1           0.663       0.679       0.686       0.727       0.768       0.776       0.791
    HOVS_2           0.605       0.622       0.631       0.676       0.722       0.731       0.748
    HOVS_3           0.596       0.615       0.625       0.676       0.728       0.738       0.757
    HOVS_4           0.533       0.554       0.565       0.622       0.680       0.690       0.712

 S        |
    HOVS_1           0.000       0.000       0.000       0.000       0.000       0.000       0.000
    HOVS_2           0.132       0.152       0.161       0.213       0.265       0.275       0.294
    HOVS_3           0.283       0.317       0.334       0.426       0.518       0.535       0.570
    HOVS_4           0.375       0.426       0.452       0.588       0.724       0.750       0.801

 S        WITH
    I               -0.445      -0.396      -0.370      -0.237      -0.103      -0.078      -0.028

 Means
    I                0.707       0.728       0.738       0.792       0.846       0.856       0.877
    S               -0.032       0.003       0.021       0.115       0.208       0.226       0.261

 Intercepts
    HOVS_1           0.000       0.000       0.000       0.000       0.000       0.000       0.000
    HOVS_2           0.000       0.000       0.000       0.000       0.000       0.000       0.000
    HOVS_3           0.000       0.000       0.000       0.000       0.000       0.000       0.000
    HOVS_4           0.000       0.000       0.000       0.000       0.000       0.000       0.000

 Variances
    I                1.000       1.000       1.000       1.000       1.000       1.000       1.000
    S                1.000       1.000       1.000       1.000       1.000       1.000       1.000

 Residual Variances
    HOVS_1           0.378       0.400       0.412       0.471       0.530       0.542       0.564
    HOVS_2           0.501       0.516       0.524       0.565       0.606       0.614       0.630
    HOVS_3           0.427       0.444       0.452       0.497       0.542       0.551       0.568
    HOVS_4           0.311       0.342       0.358       0.440       0.523       0.539       0.570


STDY Standardization

                  Lower .5%  Lower 2.5%    Lower 5%    Estimate    Upper 5%  Upper 2.5%   Upper .5%

 I        |
    HOVS_1           0.663       0.679       0.686       0.727       0.768       0.776       0.791
    HOVS_2           0.605       0.622       0.631       0.676       0.722       0.731       0.748
    HOVS_3           0.596       0.615       0.625       0.676       0.728       0.738       0.757
    HOVS_4           0.533       0.554       0.565       0.622       0.680       0.690       0.712

 S        |
    HOVS_1           0.000       0.000       0.000       0.000       0.000       0.000       0.000
    HOVS_2           0.132       0.152       0.161       0.213       0.265       0.275       0.294
    HOVS_3           0.283       0.317       0.334       0.426       0.518       0.535       0.570
    HOVS_4           0.375       0.426       0.452       0.588       0.724       0.750       0.801

 S        WITH
    I               -0.445      -0.396      -0.370      -0.237      -0.103      -0.078      -0.028

 Means
    I                0.707       0.728       0.738       0.792       0.846       0.856       0.877
    S               -0.032       0.003       0.021       0.115       0.208       0.226       0.261

 Intercepts
    HOVS_1           0.000       0.000       0.000       0.000       0.000       0.000       0.000
    HOVS_2           0.000       0.000       0.000       0.000       0.000       0.000       0.000
    HOVS_3           0.000       0.000       0.000       0.000       0.000       0.000       0.000
    HOVS_4           0.000       0.000       0.000       0.000       0.000       0.000       0.000

 Variances
    I                1.000       1.000       1.000       1.000       1.000       1.000       1.000
    S                1.000       1.000       1.000       1.000       1.000       1.000       1.000

 Residual Variances
    HOVS_1           0.378       0.400       0.412       0.471       0.530       0.542       0.564
    HOVS_2           0.501       0.516       0.524       0.565       0.606       0.614       0.630
    HOVS_3           0.427       0.444       0.452       0.497       0.542       0.551       0.568
    HOVS_4           0.311       0.342       0.358       0.440       0.523       0.539       0.570


STD Standardization

                  Lower .5%  Lower 2.5%    Lower 5%    Estimate    Upper 5%  Upper 2.5%   Upper .5%

 I        |
    HOVS_1           0.429       0.445       0.452       0.493       0.534       0.542       0.557
    HOVS_2           0.429       0.445       0.452       0.493       0.534       0.542       0.557
    HOVS_3           0.429       0.445       0.452       0.493       0.534       0.542       0.557
    HOVS_4           0.429       0.445       0.452       0.493       0.534       0.542       0.557

 S        |
    HOVS_1           0.000       0.000       0.000       0.000       0.000       0.000       0.000
    HOVS_2           0.092       0.107       0.115       0.155       0.196       0.204       0.219
    HOVS_3           0.184       0.214       0.230       0.311       0.392       0.407       0.437
    HOVS_4           0.276       0.321       0.345       0.466       0.588       0.611       0.656

 S        WITH
    I               -0.445      -0.396      -0.370      -0.237      -0.103      -0.078      -0.028

 Means
    I                0.707       0.728       0.738       0.792       0.846       0.856       0.877
    S               -0.032       0.003       0.021       0.115       0.208       0.226       0.261

 Intercepts
    HOVS_1           0.000       0.000       0.000       0.000       0.000       0.000       0.000
    HOVS_2           0.000       0.000       0.000       0.000       0.000       0.000       0.000
    HOVS_3           0.000       0.000       0.000       0.000       0.000       0.000       0.000
    HOVS_4           0.000       0.000       0.000       0.000       0.000       0.000       0.000

 Variances
    I                1.000       1.000       1.000       1.000       1.000       1.000       1.000
    S                1.000       1.000       1.000       1.000       1.000       1.000       1.000

 Residual Variances
    HOVS_1           0.141       0.159       0.169       0.217       0.265       0.274       0.292
    HOVS_2           0.226       0.244       0.253       0.301       0.349       0.358       0.376
    HOVS_3           0.183       0.203       0.213       0.265       0.316       0.326       0.346
    HOVS_4           0.182       0.205       0.216       0.277       0.337       0.348       0.371


RESIDUAL OUTPUT


     ESTIMATED MODEL AND RESIDUALS (OBSERVED - ESTIMATED)


           Model Estimated Means
              HOVS_1        HOVS_2        HOVS_3        HOVS_4
              ________      ________      ________      ________
                0.391         0.409         0.426         0.444


           Residuals for Means
              HOVS_1        HOVS_2        HOVS_3        HOVS_4
              ________      ________      ________      ________
               -0.003         0.018        -0.020         0.010


           Standardized Residuals (z-scores) for Means
              HOVS_1        HOVS_2        HOVS_3        HOVS_4
              ________      ________      ________      ________
               -0.363       999.000        -2.036       999.000


           Normalized Residuals for Means
              HOVS_1        HOVS_2        HOVS_3        HOVS_4
              ________      ________      ________      ________
               -0.139         1.042        -0.904         0.410


           Model Estimated Covariances
              HOVS_1        HOVS_2        HOVS_3        HOVS_4
              ________      ________      ________      ________
 HOVS_1         0.460
 HOVS_2         0.225         0.532
 HOVS_3         0.207         0.237         0.532
 HOVS_4         0.189         0.243         0.297         0.628


           Model Estimated Correlations
              HOVS_1        HOVS_2        HOVS_3        HOVS_4
              ________      ________      ________      ________
 HOVS_1         1.000
 HOVS_2         0.455         1.000
 HOVS_3         0.419         0.446         1.000
 HOVS_4         0.351         0.421         0.515         1.000


           Residuals for Covariances
              HOVS_1        HOVS_2        HOVS_3        HOVS_4
              ________      ________      ________      ________
 HOVS_1        -0.001
 HOVS_2        -0.001         0.003
 HOVS_3         0.001         0.003        -0.001
 HOVS_4        -0.007         0.008        -0.004        -0.002


           Residuals for Correlations
              HOVS_1        HOVS_2        HOVS_3        HOVS_4
              ________      ________      ________      ________
 HOVS_1         0.000
 HOVS_2        -0.002         0.000
 HOVS_3         0.004         0.004         0.000
 HOVS_4        -0.012         0.013        -0.006         0.000


           Standardized Residuals (z-scores) for Covariances
              HOVS_1        HOVS_2        HOVS_3        HOVS_4
              ________      ________      ________      ________
 HOVS_1        -0.150
 HOVS_2        -0.080         0.338
 HOVS_3         0.068         0.150       999.000
 HOVS_4        -0.681         0.407       999.000        -0.103


           Normalized Residuals for Covariances
              HOVS_1        HOVS_2        HOVS_3        HOVS_4
              ________      ________      ________      ________
 HOVS_1        -0.032
 HOVS_2        -0.040         0.084
 HOVS_3         0.055         0.123        -0.029
 HOVS_4        -0.391         0.326        -0.153        -0.032


TECHNICAL 1 OUTPUT


     PARAMETER SPECIFICATION


           NU
              HOVS_1        HOVS_2        HOVS_3        HOVS_4
              ________      ________      ________      ________
                  0             0             0             0


           LAMBDA
              I             S
              ________      ________
 HOVS_1             0             0
 HOVS_2             0             0
 HOVS_3             0             0
 HOVS_4             0             0


           THETA
              HOVS_1        HOVS_2        HOVS_3        HOVS_4
              ________      ________      ________      ________
 HOVS_1             1
 HOVS_2             0             2
 HOVS_3             0             0             3
 HOVS_4             0             0             0             4


           ALPHA
              I             S
              ________      ________
                  5             6


           BETA
              I             S
              ________      ________
 I                  0             0
 S                  0             0


           PSI
              I             S
              ________      ________
 I                  7
 S                  8             9


     STARTING VALUES


           NU
              HOVS_1        HOVS_2        HOVS_3        HOVS_4
              ________      ________      ________      ________
                0.000         0.000         0.000         0.000


           LAMBDA
              I             S
              ________      ________
 HOVS_1         1.000         0.000
 HOVS_2         1.000         1.000
 HOVS_3         1.000         2.000
 HOVS_4         1.000         3.000


           THETA
              HOVS_1        HOVS_2        HOVS_3        HOVS_4
              ________      ________      ________      ________
 HOVS_1         0.228
 HOVS_2         0.000         0.268
 HOVS_3         0.000         0.000         0.261
 HOVS_4         0.000         0.000         0.000         0.308


           ALPHA
              I             S
              ________      ________
                0.386         0.016


           BETA
              I             S
              ________      ________
 I              0.000         0.000
 S              0.000         0.000


           PSI
              I             S
              ________      ________
 I              0.471
 S              0.000         0.232


TECHNICAL 4 OUTPUT


     ESTIMATES DERIVED FROM THE MODEL


           ESTIMATED MEANS FOR THE LATENT VARIABLES
              I             S
              ________      ________
                0.391         0.018


           S.E. FOR ESTIMATED MEANS FOR THE LATENT VARIABLES
              I             S
              ________      ________
                0.021         0.010


           EST./S.E. FOR ESTIMATED MEANS FOR THE LATENT VARIABLES
              I             S
              ________      ________
               18.603         1.853


           TWO-TAILED P-VALUE FOR ESTIMATED MEANS FOR THE LATENT VARIABLES
              I             S
              ________      ________
                0.000         0.064


           ESTIMATED COVARIANCE MATRIX FOR THE LATENT VARIABLES
              I             S
              ________      ________
 I              0.243
 S             -0.018         0.024


           S.E. FOR ESTIMATED COVARIANCE MATRIX FOR THE LATENT VARIABLES
              I             S
              ________      ________
 I              0.024
 S              0.009         0.008


           EST./S.E. FOR ESTIMATED COVARIANCE MATRIX FOR THE LATENT VARIABLES
              I             S
              ________      ________
 I              9.941
 S             -2.026         3.158


           TWO-TAILED P-VALUE FOR ESTIMATED COVARIANCE MATRIX FOR THE LATENT VARIABLES
              I             S
              ________      ________
 I              0.000
 S              0.043         0.002


           ESTIMATED CORRELATION MATRIX FOR THE LATENT VARIABLES
              I             S
              ________      ________
 I              1.000
 S             -0.237         1.000


           S.E. FOR ESTIMATED CORRELATION MATRIX FOR THE LATENT VARIABLES
              I             S
              ________      ________
 I              0.000
 S              0.081         0.000


           EST./S.E. FOR ESTIMATED CORRELATION MATRIX FOR THE LATENT VARIABLES
              I             S
              ________      ________
 I            999.000
 S             -2.920       999.000


           TWO-TAILED P-VALUE FOR ESTIMATED CORRELATION MATRIX FOR THE LATENT VARIABLES
              I             S
              ________      ________
 I              0.000
 S              0.003         0.000


     Beginning Time:  14:26:59
        Ending Time:  14:26:59
       Elapsed Time:  00:00:00



MUTHEN & MUTHEN
3463 Stoner Ave.
Los Angeles, CA  90066

Tel: (310) 391-9971
Fax: (310) 391-8971
Web: www.StatModel.com
Support: Support@StatModel.com

Copyright (c) 1998-2019 Muthen & Muthen
