Mplus VERSION 8.4
MUTHEN & MUTHEN
07/05/2022   2:26 PM

INPUT INSTRUCTIONS

  TITLE:
  SH Perpetration - LGM;
  DATA:
  FILE = "Mplus/Automatr/LGM/NCPS_LGM_7976acdb18368a64026f47c5d97bf031.dat";

  VARIABLE:
  NAMES = ID School NCPS_1 NCPS_2 NCPS_3 NCPS_4;
   MISSING=.;
   IDVARIABLE = ID;
                                      CLUSTER = School;
  ANALYSIS:
  TYPE = COMPLEX;
  MODEL:
  i s | NCPS_1@0 NCPS_2@1 NCPS_3@2 NCPS_4@3;
  OUTPUT:
  STANDARDIZED CINTERVAL RESIDUAL TECH1 TECH4;



*** WARNING
  Data set contains cases with missing on all variables.
  These cases were not included in the analysis.
  Number of cases with missing on all variables:  115
   1 WARNING(S) FOUND IN THE INPUT INSTRUCTIONS




SH Perpetration - LGM;

SUMMARY OF ANALYSIS

Number of groups                                                 1
Number of observations                                        6346

Number of dependent variables                                    4
Number of independent variables                                  0
Number of continuous latent variables                            2

Observed dependent variables

  Continuous
   NCPS_1      NCPS_2      NCPS_3      NCPS_4

Continuous latent variables
   I           S

Variables with special functions

  Cluster variable      SCHOOL
  ID variable           ID

Estimator                                                      MLR
Information matrix                                        OBSERVED
Maximum number of iterations                                  1000
Convergence criterion                                    0.500D-04
Maximum number of steepest descent iterations                   20
Maximum number of iterations for H1                           2000
Convergence criterion for H1                             0.100D-03

Input data file(s)
  Mplus/Automatr/LGM/NCPS_LGM_7976acdb18368a64026f47c5d97bf031.dat

Input data format  FREE


SUMMARY OF DATA

     Number of missing data patterns            15
     Number of clusters                         20



COVARIANCE COVERAGE OF DATA

Minimum covariance coverage value   0.100


     PROPORTION OF DATA PRESENT


           Covariance Coverage
              NCPS_1        NCPS_2        NCPS_3        NCPS_4
              ________      ________      ________      ________
 NCPS_1         0.734
 NCPS_2         0.545         0.672
 NCPS_3         0.467         0.469         0.639
 NCPS_4         0.381         0.384         0.412         0.525



UNIVARIATE SAMPLE STATISTICS


     UNIVARIATE HIGHER-ORDER MOMENT DESCRIPTIVE STATISTICS

         Variable/         Mean/     Skewness/   Minimum/ % with                Percentiles
        Sample Size      Variance    Kurtosis    Maximum  Min/Max      20%/60%    40%/80%    Median

     NCPS_1                0.137       5.112       0.000   79.21%       0.000      0.000      0.000
            4656.000       0.164      34.523       4.000    0.30%       0.000      0.250
     NCPS_2                0.152       5.190       0.000   80.52%       0.000      0.000      0.000
            4266.000       0.229      32.712       4.000    0.68%       0.000      0.000
     NCPS_3                0.132       5.772       0.000   83.46%       0.000      0.000      0.000
            4056.000       0.226      38.854       4.000    0.81%       0.000      0.000
     NCPS_4                0.168       4.938       0.000   82.08%       0.000      0.000      0.000
            3331.000       0.312      27.447       4.000    1.14%       0.000      0.000


THE MODEL ESTIMATION TERMINATED NORMALLY



MODEL FIT INFORMATION

Number of Free Parameters                        9

Loglikelihood

          H0 Value                      -10205.932
          H0 Scaling Correction Factor     23.3953
            for MLR
          H1 Value                      -10191.228
          H1 Scaling Correction Factor     16.4992
            for MLR

Information Criteria

          Akaike (AIC)                   20429.864
          Bayesian (BIC)                 20490.664
          Sample-Size Adjusted BIC       20462.064
            (n* = (n + 2) / 24)

Chi-Square Test of Model Fit

          Value                              7.197*
          Degrees of Freedom                     5
          P-Value                           0.2064
          Scaling Correction Factor         4.0861
            for MLR

*   The chi-square value for MLM, MLMV, MLR, ULSMV, WLSM and WLSMV cannot be used
    for chi-square difference testing in the regular way.  MLM, MLR and WLSM
    chi-square difference testing is described on the Mplus website.  MLMV, WLSMV,
    and ULSMV difference testing is done using the DIFFTEST option.

RMSEA (Root Mean Square Error Of Approximation)

          Estimate                           0.008
          90 Percent C.I.                    0.000  0.021
          Probability RMSEA <= .05           1.000

CFI/TLI

          CFI                                0.990
          TLI                                0.988

Chi-Square Test of Model Fit for the Baseline Model

          Value                            225.141
          Degrees of Freedom                     6
          P-Value                           0.0000

SRMR (Standardized Root Mean Square Residual)

          Value                              0.023



MODEL RESULTS

                                                    Two-Tailed
                    Estimate       S.E.  Est./S.E.    P-Value

 I        |
    NCPS_1             1.000      0.000    999.000    999.000
    NCPS_2             1.000      0.000    999.000    999.000
    NCPS_3             1.000      0.000    999.000    999.000
    NCPS_4             1.000      0.000    999.000    999.000

 S        |
    NCPS_1             0.000      0.000    999.000    999.000
    NCPS_2             1.000      0.000    999.000    999.000
    NCPS_3             2.000      0.000    999.000    999.000
    NCPS_4             3.000      0.000    999.000    999.000

 S        WITH
    I                 -0.014      0.006     -2.305      0.021

 Means
    I                  0.136      0.011     11.930      0.000
    S                  0.008      0.006      1.278      0.201

 Intercepts
    NCPS_1             0.000      0.000    999.000    999.000
    NCPS_2             0.000      0.000    999.000    999.000
    NCPS_3             0.000      0.000    999.000    999.000
    NCPS_4             0.000      0.000    999.000    999.000

 Variances
    I                  0.084      0.018      4.691      0.000
    S                  0.013      0.004      3.354      0.001

 Residual Variances
    NCPS_1             0.080      0.015      5.221      0.000
    NCPS_2             0.153      0.025      6.142      0.000
    NCPS_3             0.154      0.028      5.552      0.000
    NCPS_4             0.201      0.035      5.741      0.000


STANDARDIZED MODEL RESULTS


STDYX Standardization

                                                    Two-Tailed
                    Estimate       S.E.  Est./S.E.    P-Value

 I        |
    NCPS_1             0.715      0.043     16.828      0.000
    NCPS_2             0.615      0.048     12.888      0.000
    NCPS_3             0.600      0.057     10.567      0.000
    NCPS_4             0.516      0.061      8.451      0.000

 S        |
    NCPS_1             0.000      0.000    999.000    999.000
    NCPS_2             0.239      0.030      8.023      0.000
    NCPS_3             0.466      0.046     10.103      0.000
    NCPS_4             0.600      0.083      7.238      0.000

 S        WITH
    I                 -0.424      0.112     -3.775      0.000

 Means
    I                  0.470      0.027     17.107      0.000
    S                  0.071      0.050      1.409      0.159

 Intercepts
    NCPS_1             0.000      0.000    999.000    999.000
    NCPS_2             0.000      0.000    999.000    999.000
    NCPS_3             0.000      0.000    999.000    999.000
    NCPS_4             0.000      0.000    999.000    999.000

 Variances
    I                  1.000      0.000    999.000    999.000
    S                  1.000      0.000    999.000    999.000

 Residual Variances
    NCPS_1             0.489      0.061      8.036      0.000
    NCPS_2             0.689      0.029     23.914      0.000
    NCPS_3             0.660      0.031     21.223      0.000
    NCPS_4             0.636      0.072      8.837      0.000


STDY Standardization

                                                    Two-Tailed
                    Estimate       S.E.  Est./S.E.    P-Value

 I        |
    NCPS_1             0.715      0.043     16.828      0.000
    NCPS_2             0.615      0.048     12.888      0.000
    NCPS_3             0.600      0.057     10.567      0.000
    NCPS_4             0.516      0.061      8.451      0.000

 S        |
    NCPS_1             0.000      0.000    999.000    999.000
    NCPS_2             0.239      0.030      8.023      0.000
    NCPS_3             0.466      0.046     10.103      0.000
    NCPS_4             0.600      0.083      7.238      0.000

 S        WITH
    I                 -0.424      0.112     -3.775      0.000

 Means
    I                  0.470      0.027     17.107      0.000
    S                  0.071      0.050      1.409      0.159

 Intercepts
    NCPS_1             0.000      0.000    999.000    999.000
    NCPS_2             0.000      0.000    999.000    999.000
    NCPS_3             0.000      0.000    999.000    999.000
    NCPS_4             0.000      0.000    999.000    999.000

 Variances
    I                  1.000      0.000    999.000    999.000
    S                  1.000      0.000    999.000    999.000

 Residual Variances
    NCPS_1             0.489      0.061      8.036      0.000
    NCPS_2             0.689      0.029     23.914      0.000
    NCPS_3             0.660      0.031     21.223      0.000
    NCPS_4             0.636      0.072      8.837      0.000


STD Standardization

                                                    Two-Tailed
                    Estimate       S.E.  Est./S.E.    P-Value

 I        |
    NCPS_1             0.290      0.031      9.381      0.000
    NCPS_2             0.290      0.031      9.381      0.000
    NCPS_3             0.290      0.031      9.381      0.000
    NCPS_4             0.290      0.031      9.381      0.000

 S        |
    NCPS_1             0.000      0.000    999.000    999.000
    NCPS_2             0.113      0.017      6.708      0.000
    NCPS_3             0.225      0.034      6.708      0.000
    NCPS_4             0.338      0.050      6.708      0.000

 S        WITH
    I                 -0.424      0.112     -3.775      0.000

 Means
    I                  0.470      0.027     17.107      0.000
    S                  0.071      0.050      1.409      0.159

 Intercepts
    NCPS_1             0.000      0.000    999.000    999.000
    NCPS_2             0.000      0.000    999.000    999.000
    NCPS_3             0.000      0.000    999.000    999.000
    NCPS_4             0.000      0.000    999.000    999.000

 Variances
    I                  1.000      0.000    999.000    999.000
    S                  1.000      0.000    999.000    999.000

 Residual Variances
    NCPS_1             0.080      0.015      5.221      0.000
    NCPS_2             0.153      0.025      6.142      0.000
    NCPS_3             0.154      0.028      5.552      0.000
    NCPS_4             0.201      0.035      5.741      0.000


R-SQUARE

    Observed                                        Two-Tailed
    Variable        Estimate       S.E.  Est./S.E.    P-Value

    NCPS_1             0.511      0.061      8.414      0.000
    NCPS_2             0.311      0.029     10.770      0.000
    NCPS_3             0.340      0.031     10.923      0.000
    NCPS_4             0.364      0.072      5.051      0.000


QUALITY OF NUMERICAL RESULTS

     Condition Number for the Information Matrix              0.377E-02
       (ratio of smallest to largest eigenvalue)


CONFIDENCE INTERVALS OF MODEL RESULTS

                  Lower .5%  Lower 2.5%    Lower 5%    Estimate    Upper 5%  Upper 2.5%   Upper .5%

 I        |
    NCPS_1           1.000       1.000       1.000       1.000       1.000       1.000       1.000
    NCPS_2           1.000       1.000       1.000       1.000       1.000       1.000       1.000
    NCPS_3           1.000       1.000       1.000       1.000       1.000       1.000       1.000
    NCPS_4           1.000       1.000       1.000       1.000       1.000       1.000       1.000

 S        |
    NCPS_1           0.000       0.000       0.000       0.000       0.000       0.000       0.000
    NCPS_2           1.000       1.000       1.000       1.000       1.000       1.000       1.000
    NCPS_3           2.000       2.000       2.000       2.000       2.000       2.000       2.000
    NCPS_4           3.000       3.000       3.000       3.000       3.000       3.000       3.000

 S        WITH
    I               -0.029      -0.026      -0.024      -0.014      -0.004      -0.002       0.002

 Means
    I                0.107       0.114       0.118       0.136       0.155       0.159       0.166
    S               -0.008      -0.004      -0.002       0.008       0.018       0.020       0.024

 Intercepts
    NCPS_1           0.000       0.000       0.000       0.000       0.000       0.000       0.000
    NCPS_2           0.000       0.000       0.000       0.000       0.000       0.000       0.000
    NCPS_3           0.000       0.000       0.000       0.000       0.000       0.000       0.000
    NCPS_4           0.000       0.000       0.000       0.000       0.000       0.000       0.000

 Variances
    I                0.038       0.049       0.055       0.084       0.114       0.119       0.130
    S                0.003       0.005       0.006       0.013       0.019       0.020       0.022

 Residual Variances
    NCPS_1           0.041       0.050       0.055       0.080       0.106       0.110       0.120
    NCPS_2           0.089       0.104       0.112       0.153       0.195       0.202       0.218
    NCPS_3           0.083       0.100       0.109       0.154       0.200       0.209       0.226
    NCPS_4           0.111       0.133       0.144       0.201       0.259       0.270       0.292


CONFIDENCE INTERVALS OF STANDARDIZED MODEL RESULTS


STDYX Standardization

                  Lower .5%  Lower 2.5%    Lower 5%    Estimate    Upper 5%  Upper 2.5%   Upper .5%

 I        |
    NCPS_1           0.606       0.632       0.645       0.715       0.785       0.798       0.825
    NCPS_2           0.492       0.521       0.536       0.615       0.693       0.708       0.738
    NCPS_3           0.454       0.489       0.506       0.600       0.693       0.711       0.746
    NCPS_4           0.358       0.396       0.415       0.516       0.616       0.635       0.673

 S        |
    NCPS_1           0.000       0.000       0.000       0.000       0.000       0.000       0.000
    NCPS_2           0.162       0.180       0.190       0.239       0.287       0.297       0.315
    NCPS_3           0.347       0.375       0.390       0.466       0.541       0.556       0.584
    NCPS_4           0.387       0.438       0.464       0.600       0.737       0.763       0.814

 S        WITH
    I               -0.713      -0.644      -0.609      -0.424      -0.239      -0.204      -0.135

 Means
    I                0.399       0.416       0.425       0.470       0.515       0.524       0.541
    S               -0.059      -0.028      -0.012       0.071       0.153       0.169       0.200

 Intercepts
    NCPS_1           0.000       0.000       0.000       0.000       0.000       0.000       0.000
    NCPS_2           0.000       0.000       0.000       0.000       0.000       0.000       0.000
    NCPS_3           0.000       0.000       0.000       0.000       0.000       0.000       0.000
    NCPS_4           0.000       0.000       0.000       0.000       0.000       0.000       0.000

 Variances
    I                1.000       1.000       1.000       1.000       1.000       1.000       1.000
    S                1.000       1.000       1.000       1.000       1.000       1.000       1.000

 Residual Variances
    NCPS_1           0.332       0.369       0.389       0.489       0.589       0.608       0.645
    NCPS_2           0.615       0.633       0.642       0.689       0.737       0.746       0.764
    NCPS_3           0.580       0.599       0.609       0.660       0.711       0.721       0.740
    NCPS_4           0.451       0.495       0.518       0.636       0.755       0.777       0.822


STDY Standardization

                  Lower .5%  Lower 2.5%    Lower 5%    Estimate    Upper 5%  Upper 2.5%   Upper .5%

 I        |
    NCPS_1           0.606       0.632       0.645       0.715       0.785       0.798       0.825
    NCPS_2           0.492       0.521       0.536       0.615       0.693       0.708       0.738
    NCPS_3           0.454       0.489       0.506       0.600       0.693       0.711       0.746
    NCPS_4           0.358       0.396       0.415       0.516       0.616       0.635       0.673

 S        |
    NCPS_1           0.000       0.000       0.000       0.000       0.000       0.000       0.000
    NCPS_2           0.162       0.180       0.190       0.239       0.287       0.297       0.315
    NCPS_3           0.347       0.375       0.390       0.466       0.541       0.556       0.584
    NCPS_4           0.387       0.438       0.464       0.600       0.737       0.763       0.814

 S        WITH
    I               -0.713      -0.644      -0.609      -0.424      -0.239      -0.204      -0.135

 Means
    I                0.399       0.416       0.425       0.470       0.515       0.524       0.541
    S               -0.059      -0.028      -0.012       0.071       0.153       0.169       0.200

 Intercepts
    NCPS_1           0.000       0.000       0.000       0.000       0.000       0.000       0.000
    NCPS_2           0.000       0.000       0.000       0.000       0.000       0.000       0.000
    NCPS_3           0.000       0.000       0.000       0.000       0.000       0.000       0.000
    NCPS_4           0.000       0.000       0.000       0.000       0.000       0.000       0.000

 Variances
    I                1.000       1.000       1.000       1.000       1.000       1.000       1.000
    S                1.000       1.000       1.000       1.000       1.000       1.000       1.000

 Residual Variances
    NCPS_1           0.332       0.369       0.389       0.489       0.589       0.608       0.645
    NCPS_2           0.615       0.633       0.642       0.689       0.737       0.746       0.764
    NCPS_3           0.580       0.599       0.609       0.660       0.711       0.721       0.740
    NCPS_4           0.451       0.495       0.518       0.636       0.755       0.777       0.822


STD Standardization

                  Lower .5%  Lower 2.5%    Lower 5%    Estimate    Upper 5%  Upper 2.5%   Upper .5%

 I        |
    NCPS_1           0.210       0.229       0.239       0.290       0.341       0.351       0.370
    NCPS_2           0.210       0.229       0.239       0.290       0.341       0.351       0.370
    NCPS_3           0.210       0.229       0.239       0.290       0.341       0.351       0.370
    NCPS_4           0.210       0.229       0.239       0.290       0.341       0.351       0.370

 S        |
    NCPS_1           0.000       0.000       0.000       0.000       0.000       0.000       0.000
    NCPS_2           0.069       0.080       0.085       0.113       0.140       0.145       0.156
    NCPS_3           0.139       0.159       0.170       0.225       0.280       0.291       0.312
    NCPS_4           0.208       0.239       0.255       0.338       0.420       0.436       0.467

 S        WITH
    I               -0.713      -0.644      -0.609      -0.424      -0.239      -0.204      -0.135

 Means
    I                0.399       0.416       0.425       0.470       0.515       0.524       0.541
    S               -0.059      -0.028      -0.012       0.071       0.153       0.169       0.200

 Intercepts
    NCPS_1           0.000       0.000       0.000       0.000       0.000       0.000       0.000
    NCPS_2           0.000       0.000       0.000       0.000       0.000       0.000       0.000
    NCPS_3           0.000       0.000       0.000       0.000       0.000       0.000       0.000
    NCPS_4           0.000       0.000       0.000       0.000       0.000       0.000       0.000

 Variances
    I                1.000       1.000       1.000       1.000       1.000       1.000       1.000
    S                1.000       1.000       1.000       1.000       1.000       1.000       1.000

 Residual Variances
    NCPS_1           0.041       0.050       0.055       0.080       0.106       0.110       0.120
    NCPS_2           0.089       0.104       0.112       0.153       0.195       0.202       0.218
    NCPS_3           0.083       0.100       0.109       0.154       0.200       0.209       0.226
    NCPS_4           0.111       0.133       0.144       0.201       0.259       0.270       0.292


RESIDUAL OUTPUT


     ESTIMATED MODEL AND RESIDUALS (OBSERVED - ESTIMATED)


           Model Estimated Means
              NCPS_1        NCPS_2        NCPS_3        NCPS_4
              ________      ________      ________      ________
                0.136         0.144         0.152         0.160


           Residuals for Means
              NCPS_1        NCPS_2        NCPS_3        NCPS_4
              ________      ________      ________      ________
                0.000         0.007        -0.016         0.013


           Standardized Residuals (z-scores) for Means
              NCPS_1        NCPS_2        NCPS_3        NCPS_4
              ________      ________      ________      ________
              999.000         0.695        -5.710       999.000


           Normalized Residuals for Means
              NCPS_1        NCPS_2        NCPS_3        NCPS_4
              ________      ________      ________      ________
                0.015         0.478        -1.163         0.790


           Model Estimated Covariances
              NCPS_1        NCPS_2        NCPS_3        NCPS_4
              ________      ________      ________      ________
 NCPS_1         0.164
 NCPS_2         0.070         0.223
 NCPS_3         0.056         0.068         0.234
 NCPS_4         0.043         0.067         0.091         0.316


           Model Estimated Correlations
              NCPS_1        NCPS_2        NCPS_3        NCPS_4
              ________      ________      ________      ________
 NCPS_1         1.000
 NCPS_2         0.367         1.000
 NCPS_3         0.288         0.298         1.000
 NCPS_4         0.187         0.252         0.334         1.000


           Residuals for Covariances
              NCPS_1        NCPS_2        NCPS_3        NCPS_4
              ________      ________      ________      ________
 NCPS_1        -0.001
 NCPS_2         0.002         0.006
 NCPS_3        -0.007         0.004        -0.005
 NCPS_4         0.000         0.014        -0.010        -0.001


           Residuals for Correlations
              NCPS_1        NCPS_2        NCPS_3        NCPS_4
              ________      ________      ________      ________
 NCPS_1         0.000
 NCPS_2         0.009         0.000
 NCPS_3        -0.033         0.016         0.000
 NCPS_4        -0.001         0.051        -0.032         0.000


           Standardized Residuals (z-scores) for Covariances
              NCPS_1        NCPS_2        NCPS_3        NCPS_4
              ________      ________      ________      ________
 NCPS_1       999.000
 NCPS_2         0.295         0.388
 NCPS_3        -1.806         2.709       999.000
 NCPS_4        -0.102         0.915       999.000        -0.089


           Normalized Residuals for Covariances
              NCPS_1        NCPS_2        NCPS_3        NCPS_4
              ________      ________      ________      ________
 NCPS_1        -0.037
 NCPS_2         0.163         0.162
 NCPS_3        -0.851         0.470        -0.148
 NCPS_4        -0.067         0.789        -0.612        -0.016


TECHNICAL 1 OUTPUT


     PARAMETER SPECIFICATION


           NU
              NCPS_1        NCPS_2        NCPS_3        NCPS_4
              ________      ________      ________      ________
                  0             0             0             0


           LAMBDA
              I             S
              ________      ________
 NCPS_1             0             0
 NCPS_2             0             0
 NCPS_3             0             0
 NCPS_4             0             0


           THETA
              NCPS_1        NCPS_2        NCPS_3        NCPS_4
              ________      ________      ________      ________
 NCPS_1             1
 NCPS_2             0             2
 NCPS_3             0             0             3
 NCPS_4             0             0             0             4


           ALPHA
              I             S
              ________      ________
                  5             6


           BETA
              I             S
              ________      ________
 I                  0             0
 S                  0             0


           PSI
              I             S
              ________      ________
 I                  7
 S                  8             9


     STARTING VALUES


           NU
              NCPS_1        NCPS_2        NCPS_3        NCPS_4
              ________      ________      ________      ________
                0.000         0.000         0.000         0.000


           LAMBDA
              I             S
              ________      ________
 NCPS_1         1.000         0.000
 NCPS_2         1.000         1.000
 NCPS_3         1.000         2.000
 NCPS_4         1.000         3.000


           THETA
              NCPS_1        NCPS_2        NCPS_3        NCPS_4
              ________      ________      ________      ________
 NCPS_1         0.082
 NCPS_2         0.000         0.115
 NCPS_3         0.000         0.000         0.113
 NCPS_4         0.000         0.000         0.000         0.156


           ALPHA
              I             S
              ________      ________
                0.138         0.009


           BETA
              I             S
              ________      ________
 I              0.000         0.000
 S              0.000         0.000


           PSI
              I             S
              ________      ________
 I              0.182
 S              0.000         0.103


TECHNICAL 4 OUTPUT


     ESTIMATES DERIVED FROM THE MODEL


           ESTIMATED MEANS FOR THE LATENT VARIABLES
              I             S
              ________      ________
                0.136         0.008


           S.E. FOR ESTIMATED MEANS FOR THE LATENT VARIABLES
              I             S
              ________      ________
                0.011         0.006


           EST./S.E. FOR ESTIMATED MEANS FOR THE LATENT VARIABLES
              I             S
              ________      ________
               11.930         1.278


           TWO-TAILED P-VALUE FOR ESTIMATED MEANS FOR THE LATENT VARIABLES
              I             S
              ________      ________
                0.000         0.201


           ESTIMATED COVARIANCE MATRIX FOR THE LATENT VARIABLES
              I             S
              ________      ________
 I              0.084
 S             -0.014         0.013


           S.E. FOR ESTIMATED COVARIANCE MATRIX FOR THE LATENT VARIABLES
              I             S
              ________      ________
 I              0.018
 S              0.006         0.004


           EST./S.E. FOR ESTIMATED COVARIANCE MATRIX FOR THE LATENT VARIABLES
              I             S
              ________      ________
 I              4.691
 S             -2.305         3.354


           TWO-TAILED P-VALUE FOR ESTIMATED COVARIANCE MATRIX FOR THE LATENT VARIABLES
              I             S
              ________      ________
 I              0.000
 S              0.021         0.001


           ESTIMATED CORRELATION MATRIX FOR THE LATENT VARIABLES
              I             S
              ________      ________
 I              1.000
 S             -0.424         1.000


           S.E. FOR ESTIMATED CORRELATION MATRIX FOR THE LATENT VARIABLES
              I             S
              ________      ________
 I              0.000
 S              0.112         0.000


           EST./S.E. FOR ESTIMATED CORRELATION MATRIX FOR THE LATENT VARIABLES
              I             S
              ________      ________
 I            999.000
 S             -3.775       999.000


           TWO-TAILED P-VALUE FOR ESTIMATED CORRELATION MATRIX FOR THE LATENT VARIABLES
              I             S
              ________      ________
 I              0.000
 S              0.000         0.000


     Beginning Time:  14:26:51
        Ending Time:  14:26:51
       Elapsed Time:  00:00:00



MUTHEN & MUTHEN
3463 Stoner Ave.
Los Angeles, CA  90066

Tel: (310) 391-9971
Fax: (310) 391-8971
Web: www.StatModel.com
Support: Support@StatModel.com

Copyright (c) 1998-2019 Muthen & Muthen
